LOG - Sat, 06 Apr 2019 11:50:35

JOIN: (0)	192.168.178.65 (NAME=Krzem, ID=0)
PRIVAT: (0)	Default name & id setup (ID=0, DEFAULT-NAME=Krzem)
PUBLIC: (ALL)	Player data (ID=0, NAME=Krzem, X=5000, Y=5000, ROT=0)
PUBLIC: (ALL)	Server join notification (ID=0)
JOIN: (1)	192.168.178.64 (NAME=iPad, ID=1)
PRIVAT: (1)	Default name & id setup (ID=1, DEFAULT-NAME=iPad)
PRIVAT: (1)	Player data (ID=0, NAME=Krzem, X=6020, Y=4965, ROT=292)
PUBLIC: (ALL)	Player data (ID=1, NAME=iPad, X=5000, Y=5000, ROT=0)
PUBLIC: (ALL)	Server join notification (ID=1)
PUBLIC: (ALL)	Server leave notification (ID=1)
PUBLIC: (ALL)	Player delete (ID=1)
JOIN: (1)	192.168.178.64 (NAME=iPad, ID=1)
PRIVAT: (1)	Default name & id setup (ID=1, DEFAULT-NAME=iPad)
PRIVAT: (1)	Player data (ID=0, NAME=Krzem, X=6020, Y=4965, ROT=292)
PUBLIC: (ALL)	Player data (ID=1, NAME=iPad, X=5000, Y=5000, ROT=0)
PUBLIC: (ALL)	Server join notification (ID=1)
PUBLIC: (ALL)	Server leave notification (ID=1)
PUBLIC: (ALL)	Player delete (ID=1)
JOIN: (1)	192.168.178.64 (NAME=iPad, ID=1)
PRIVAT: (1)	Default name & id setup (ID=1, DEFAULT-NAME=iPad)
PRIVAT: (1)	Player data (ID=0, NAME=Krzem, X=6020, Y=4965, ROT=292)
PUBLIC: (ALL)	Player data (ID=1, NAME=iPad, X=5000, Y=5000, ROT=0)
PUBLIC: (ALL)	Server join notification (ID=1)
PUBLIC: (ALL)	Server leave notification (ID=1)
PUBLIC: (ALL)	Player delete (ID=1)
JOIN: (1)	192.168.178.64 (NAME=iPad, ID=1)
PRIVAT: (1)	Default name & id setup (ID=1, DEFAULT-NAME=iPad)
PRIVAT: (1)	Player data (ID=0, NAME=Krzem, X=6020, Y=4965, ROT=292)
PUBLIC: (ALL)	Player data (ID=1, NAME=iPad, X=5000, Y=5000, ROT=0)
PUBLIC: (ALL)	Server join notification (ID=1)
PUBLIC: (ALL)	Server leave notification (ID=1)
PUBLIC: (ALL)	Player delete (ID=1)
JOIN: (1)	192.168.178.64 (NAME=iPad, ID=1)
PRIVAT: (1)	Default name & id setup (ID=1, DEFAULT-NAME=iPad)
PRIVAT: (1)	Player data (ID=0, NAME=Krzem, X=6020, Y=4965, ROT=292)
PUBLIC: (ALL)	Player data (ID=1, NAME=iPad, X=5000, Y=5000, ROT=0)
PUBLIC: (ALL)	Server join notification (ID=1)
PUBLIC: (ALL)	Server leave notification (ID=1)
PUBLIC: (ALL)	Player delete (ID=1)
PUBLIC: (ALL)	Server leave notification (ID=0)
PUBLIC: (ALL)	Player delete (ID=0)
JOIN: (0)	192.168.178.65 (NAME=Krzem, ID=0)
PRIVAT: (0)	Default name & id setup (ID=0, DEFAULT-NAME=Krzem)
PUBLIC: (ALL)	Player data (ID=0, NAME=Krzem, X=5000, Y=5000, ROT=0)
PUBLIC: (ALL)	Server join notification (ID=0)
PUBLIC: (ALL)	Server leave notification (ID=0)
PUBLIC: (ALL)	Player delete (ID=0)
JOIN: (0)	192.168.178.65 (NAME=Krzem, ID=0)
PRIVAT: (0)	Default name & id setup (ID=0, DEFAULT-NAME=Krzem)
PUBLIC: (ALL)	Player data (ID=0, NAME=Krzem, X=5000, Y=5000, ROT=0)
PUBLIC: (ALL)	Server join notification (ID=0)
PUBLIC: (ALL)	Server leave notification (ID=0)
PUBLIC: (ALL)	Player delete (ID=0)

LOG - Sat, 06 Apr 2019 11:56:26

JOIN: (0)	192.168.178.65 (NAME=Krzem, ID=0)
PRIVAT: (0)	Default name & id setup (ID=0, DEFAULT-NAME=Krzem)
PUBLIC: (ALL)	Player data (ID=0, NAME=Krzem, X=5000, Y=5000, ROT=0)
PUBLIC: (ALL)	Server join notification (ID=0)
RECIVE: (0)	Name change request (NEW-NAME=Agrafka!^;)
PRIVAT: (0)	Name change approved (NEW-NAME=Agrafka!^)
PUBLIC: (ALL)	Player name change (ID=0, NEW-NAME=Agrafka!^)
PUBLIC: (ALL)	Server leave notification (ID=0)
PUBLIC: (ALL)	Player delete (ID=0)
JOIN: (0)	192.168.178.65 (NAME=Agrafka!^, ID=0)
PRIVAT: (0)	Default name & id setup (ID=0, DEFAULT-NAME=Agrafka!^)
PUBLIC: (ALL)	Player data (ID=0, NAME=Agrafka!^, X=5000, Y=5000, ROT=0)
PUBLIC: (ALL)	Server join notification (ID=0)
PRIVAT: (0)	Name change approved (NEW-NAME=Krzem)
PUBLIC: (ALL)	Player name change (ID=0, NEW-NAME=Krzem)
PUBLIC: (ALL)	Server leave notification (ID=0)
PUBLIC: (ALL)	Player delete (ID=0)
JOIN: (0)	192.168.178.65 (NAME=Krzem, ID=0)
PRIVAT: (0)	Default name & id setup (ID=0, DEFAULT-NAME=Krzem)
PUBLIC: (ALL)	Player data (ID=0, NAME=Krzem, X=5000, Y=5000, ROT=0)
PUBLIC: (ALL)	Server join notification (ID=0)
PRIVAT: (0)	Name change approved (NEW-NAME=LO!)
PUBLIC: (ALL)	Player name change (ID=0, NEW-NAME=LO!)
PRIVAT: (0)	Name change approved (NEW-NAME=Krzem)
PUBLIC: (ALL)	Player name change (ID=0, NEW-NAME=Krzem)
JOIN: (1)	192.168.178.64 (NAME=iPad, ID=1)
PRIVAT: (1)	Default name & id setup (ID=1, DEFAULT-NAME=iPad)
PRIVAT: (1)	Player data (ID=0, NAME=Krzem, X=5106, Y=5148, ROT=60)
PUBLIC: (ALL)	Player data (ID=1, NAME=iPad, X=5000, Y=5000, ROT=0)
PUBLIC: (ALL)	Server join notification (ID=1)
PUBLIC: (ALL)	Server leave notification (ID=1)
PUBLIC: (ALL)	Player delete (ID=1)
JOIN: (1)	192.168.178.64 (NAME=iPad, ID=1)
PRIVAT: (1)	Default name & id setup (ID=1, DEFAULT-NAME=iPad)
PRIVAT: (1)	Player data (ID=0, NAME=Krzem, X=5106, Y=5148, ROT=60)
PUBLIC: (ALL)	Player data (ID=1, NAME=iPad, X=5000, Y=5000, ROT=0)
PUBLIC: (ALL)	Server join notification (ID=1)
PRIVAT: (1)	Name change approved (NEW-NAME=iPad_K)
PUBLIC: (ALL)	Player name change (ID=1, NEW-NAME=iPad_K)
PUBLIC: (ALL)	Server leave notification (ID=1)
PUBLIC: (ALL)	Player delete (ID=1)
PUBLIC: (ALL)	Server leave notification (ID=0)
PUBLIC: (ALL)	Player delete (ID=0)
JOIN: (0)	192.168.178.65 (NAME=Krzem, ID=0)
PRIVAT: (0)	Default name & id setup (ID=0, DEFAULT-NAME=Krzem)
PUBLIC: (ALL)	Player data (ID=0, NAME=Krzem, X=5000, Y=5000, ROT=0)
PUBLIC: (ALL)	Server join notification (ID=0)
PUBLIC: (ALL)	Server leave notification (ID=0)
PUBLIC: (ALL)	Player delete (ID=0)
JOIN: (0)	192.168.178.65 (NAME=Krzem, ID=0)
PRIVAT: (0)	Default name & id setup (ID=0, DEFAULT-NAME=Krzem)
PUBLIC: (ALL)	Player data (ID=0, NAME=Krzem, X=5000, Y=5000, ROT=0)
PUBLIC: (ALL)	Server join notification (ID=0)
PUBLIC: (ALL)	Server leave notification (ID=0)
PUBLIC: (ALL)	Player delete (ID=0)
JOIN: (0)	192.168.178.65 (NAME=Krzem, ID=0)
PRIVAT: (0)	Default name & id setup (ID=0, DEFAULT-NAME=Krzem)
PUBLIC: (ALL)	Player data (ID=0, NAME=Krzem, X=5000, Y=5000, ROT=0)
PUBLIC: (ALL)	Server join notification (ID=0)
PUBLIC: (ALL)	Server leave notification (ID=0)
PUBLIC: (ALL)	Player delete (ID=0)
JOIN: (0)	192.168.178.65 (NAME=Krzem, ID=0)
PRIVAT: (0)	Default name & id setup (ID=0, DEFAULT-NAME=Krzem)
PUBLIC: (ALL)	Player data (ID=0, NAME=Krzem, X=5000, Y=5000, ROT=0)
PUBLIC: (ALL)	Server join notification (ID=0)
PUBLIC: (ALL)	Server leave notification (ID=0)
PUBLIC: (ALL)	Player delete (ID=0)
JOIN: (0)	192.168.178.65 (NAME=Krzem, ID=0)
PRIVAT: (0)	Default name & id setup (ID=0, DEFAULT-NAME=Krzem)
PUBLIC: (ALL)	Player data (ID=0, NAME=Krzem, X=5000, Y=5000, ROT=0)
PUBLIC: (ALL)	Server join notification (ID=0)
PUBLIC: (ALL)	Server leave notification (ID=0)
PUBLIC: (ALL)	Player delete (ID=0)
JOIN: (0)	192.168.178.65 (NAME=Krzem, ID=0)
PRIVAT: (0)	Default name & id setup (ID=0, DEFAULT-NAME=Krzem)
PUBLIC: (ALL)	Player data (ID=0, NAME=Krzem, X=5000, Y=5000, ROT=0)
PUBLIC: (ALL)	Server join notification (ID=0)
PUBLIC: (ALL)	Server leave notification (ID=0)
PUBLIC: (ALL)	Player delete (ID=0)
JOIN: (0)	192.168.178.65 (NAME=Krzem, ID=0)
PRIVAT: (0)	Default name & id setup (ID=0, DEFAULT-NAME=Krzem)
PUBLIC: (ALL)	Player data (ID=0, NAME=Krzem, X=5000, Y=5000, ROT=0)
PUBLIC: (ALL)	Server join notification (ID=0)
PUBLIC: (ALL)	Server leave notification (ID=0)
PUBLIC: (ALL)	Player delete (ID=0)
JOIN: (0)	192.168.178.65 (NAME=Krzem, ID=0)
PRIVAT: (0)	Default name & id setup (ID=0, DEFAULT-NAME=Krzem)
PUBLIC: (ALL)	Player data (ID=0, NAME=Krzem, X=5000, Y=5000, ROT=0)
PUBLIC: (ALL)	Server join notification (ID=0)
PUBLIC: (ALL)	Server leave notification (ID=0)
PUBLIC: (ALL)	Player delete (ID=0)
JOIN: (0)	192.168.178.65 (NAME=Krzem, ID=0)
PRIVAT: (0)	Default name & id setup (ID=0, DEFAULT-NAME=Krzem)
PUBLIC: (ALL)	Player data (ID=0, NAME=Krzem, X=5000, Y=5000, ROT=0)
PUBLIC: (ALL)	Server join notification (ID=0)
PUBLIC: (ALL)	Server leave notification (ID=0)
PUBLIC: (ALL)	Player delete (ID=0)
JOIN: (0)	192.168.178.65 (NAME=Krzem, ID=0)
PRIVAT: (0)	Default name & id setup (ID=0, DEFAULT-NAME=Krzem)
PUBLIC: (ALL)	Player data (ID=0, NAME=Krzem, X=5000, Y=5000, ROT=0)
PUBLIC: (ALL)	Server join notification (ID=0)
PUBLIC: (ALL)	Server leave notification (ID=0)
PUBLIC: (ALL)	Player delete (ID=0)
JOIN: (0)	192.168.178.65 (NAME=Krzem, ID=0)
PRIVAT: (0)	Default name & id setup (ID=0, DEFAULT-NAME=Krzem)
PUBLIC: (ALL)	Player data (ID=0, NAME=Krzem, X=5000, Y=5000, ROT=0)
PUBLIC: (ALL)	Server join notification (ID=0)
JOIN: (1)	192.168.178.64 (NAME=iPad_K, ID=1)
PRIVAT: (1)	Default name & id setup (ID=1, DEFAULT-NAME=iPad_K)
PRIVAT: (1)	Player data (ID=0, NAME=Krzem, X=5315, Y=4389, ROT=246)
PUBLIC: (ALL)	Player data (ID=1, NAME=iPad_K, X=5000, Y=5000, ROT=0)
PUBLIC: (ALL)	Server join notification (ID=1)
PUBLIC: (ALL)	Server leave notification (ID=1)
PUBLIC: (ALL)	Player delete (ID=1)
JOIN: (1)	192.168.178.64 (NAME=iPad_K, ID=1)
PRIVAT: (1)	Default name & id setup (ID=1, DEFAULT-NAME=iPad_K)
PRIVAT: (1)	Player data (ID=0, NAME=Krzem, X=5312, Y=4374, ROT=261)
PUBLIC: (ALL)	Player data (ID=1, NAME=iPad_K, X=5000, Y=5000, ROT=0)
PUBLIC: (ALL)	Server join notification (ID=1)
PRIVAT: (1)	Name change approved (NEW-NAME=Maks)
PUBLIC: (ALL)	Player name change (ID=1, NEW-NAME=Maks)
PUBLIC: (ALL)	Server leave notification (ID=1)
PUBLIC: (ALL)	Player delete (ID=1)
JOIN: (1)	192.168.178.64 (NAME=Maks, ID=1)
PRIVAT: (1)	Default name & id setup (ID=1, DEFAULT-NAME=Maks)
PRIVAT: (1)	Player data (ID=0, NAME=Krzem, X=5312, Y=4374, ROT=261)
PUBLIC: (ALL)	Player data (ID=1, NAME=Maks, X=5000, Y=5000, ROT=0)
PUBLIC: (ALL)	Server join notification (ID=1)
PUBLIC: (ALL)	Server leave notification (ID=1)
PUBLIC: (ALL)	Player delete (ID=1)
JOIN: (1)	192.168.178.64 (NAME=Maks, ID=1)
PRIVAT: (1)	Default name & id setup (ID=1, DEFAULT-NAME=Maks)
PRIVAT: (1)	Player data (ID=0, NAME=Krzem, X=5312, Y=4374, ROT=261)
PUBLIC: (ALL)	Player data (ID=1, NAME=Maks, X=5000, Y=5000, ROT=0)
PUBLIC: (ALL)	Server join notification (ID=1)
PUBLIC: (ALL)	Server leave notification (ID=1)
PUBLIC: (ALL)	Player delete (ID=1)
JOIN: (1)	192.168.178.64 (NAME=Maks, ID=1)
PRIVAT: (1)	Default name & id setup (ID=1, DEFAULT-NAME=Maks)
PRIVAT: (1)	Player data (ID=0, NAME=Krzem, X=5312, Y=4374, ROT=261)
PUBLIC: (ALL)	Player data (ID=1, NAME=Maks, X=5000, Y=5000, ROT=0)
PUBLIC: (ALL)	Server join notification (ID=1)
PUBLIC: (ALL)	Server leave notification (ID=1)
PUBLIC: (ALL)	Player delete (ID=1)
JOIN: (1)	192.168.178.64 (NAME=Maks, ID=1)
PRIVAT: (1)	Default name & id setup (ID=1, DEFAULT-NAME=Maks)
PRIVAT: (1)	Player data (ID=0, NAME=Krzem, X=5312, Y=4374, ROT=261)
PUBLIC: (ALL)	Player data (ID=1, NAME=Maks, X=5000, Y=5000, ROT=0)
PUBLIC: (ALL)	Server join notification (ID=1)
PUBLIC: (ALL)	Server leave notification (ID=1)
PUBLIC: (ALL)	Player delete (ID=1)
JOIN: (1)	192.168.178.64 (NAME=Maks, ID=1)
PRIVAT: (1)	Default name & id setup (ID=1, DEFAULT-NAME=Maks)
PRIVAT: (1)	Player data (ID=0, NAME=Krzem, X=5312, Y=4374, ROT=261)
PUBLIC: (ALL)	Player data (ID=1, NAME=Maks, X=5000, Y=5000, ROT=0)
PUBLIC: (ALL)	Server join notification (ID=1)
RECIVE: (0)	Player disconnect request
PUBLIC: (ALL)	Server leave notification (ID=0)
PUBLIC: (ALL)	Player delete (ID=0)
JOIN: (0)	192.168.178.65 (NAME=Krzem, ID=0)
PRIVAT: (0)	Default name & id setup (ID=0, DEFAULT-NAME=Krzem)
PRIVAT: (0)	Player data (ID=1, NAME=Maks, X=5121, Y=4368, ROT=36)
PUBLIC: (ALL)	Player data (ID=0, NAME=Krzem, X=5000, Y=5000, ROT=0)
PUBLIC: (ALL)	Server join notification (ID=0)
PUBLIC: (ALL)	Server leave notification (ID=0)
PUBLIC: (ALL)	Player delete (ID=0)
JOIN: (0)	192.168.178.65 (NAME=Krzem, ID=0)
PRIVAT: (0)	Default name & id setup (ID=0, DEFAULT-NAME=Krzem)
PRIVAT: (0)	Player data (ID=1, NAME=Maks, X=5121, Y=4368, ROT=36)
PUBLIC: (ALL)	Player data (ID=0, NAME=Krzem, X=5000, Y=5000, ROT=0)
PUBLIC: (ALL)	Server join notification (ID=0)
PUBLIC: (ALL)	Server leave notification (ID=1)
PUBLIC: (ALL)	Player delete (ID=1)
JOIN: (1)	192.168.178.64 (NAME=Maks, ID=1)
PRIVAT: (1)	Default name & id setup (ID=1, DEFAULT-NAME=Maks)
PRIVAT: (1)	Player data (ID=0, NAME=Krzem, X=5332, Y=4327, ROT=159)
PUBLIC: (ALL)	Player data (ID=1, NAME=Maks, X=5000, Y=5000, ROT=0)
PUBLIC: (ALL)	Server join notification (ID=1)
PUBLIC: (ALL)	Server leave notification (ID=1)
PUBLIC: (ALL)	Player delete (ID=1)
JOIN: (1)	192.168.178.64 (NAME=Maks, ID=1)
PRIVAT: (1)	Default name & id setup (ID=1, DEFAULT-NAME=Maks)
PRIVAT: (1)	Player data (ID=0, NAME=Krzem, X=5332, Y=4327, ROT=159)
PUBLIC: (ALL)	Player data (ID=1, NAME=Maks, X=5000, Y=5000, ROT=0)
PUBLIC: (ALL)	Server join notification (ID=1)
PRIVAT: (1)	Name change approved (NEW-NAME=iPad_K)
PUBLIC: (ALL)	Player name change (ID=1, NEW-NAME=iPad_K)
PUBLIC: (ALL)	Server leave notification (ID=1)
PUBLIC: (ALL)	Player delete (ID=1)
JOIN: (1)	192.168.178.64 (NAME=iPad_K, ID=1)
PRIVAT: (1)	Default name & id setup (ID=1, DEFAULT-NAME=iPad_K)
PRIVAT: (1)	Player data (ID=0, NAME=Krzem, X=5316, Y=4367, ROT=69)
PUBLIC: (ALL)	Player data (ID=1, NAME=iPad_K, X=5000, Y=5000, ROT=0)
PUBLIC: (ALL)	Server join notification (ID=1)
PUBLIC: (ALL)	Server leave notification (ID=1)
PUBLIC: (ALL)	Player delete (ID=1)
JOIN: (1)	192.168.178.64 (NAME=iPad_K, ID=1)
PRIVAT: (1)	Default name & id setup (ID=1, DEFAULT-NAME=iPad_K)
PRIVAT: (1)	Player data (ID=0, NAME=Krzem, X=5316, Y=4367, ROT=69)
PUBLIC: (ALL)	Player data (ID=1, NAME=iPad_K, X=5000, Y=5000, ROT=0)
PUBLIC: (ALL)	Server join notification (ID=1)
PUBLIC: (ALL)	Server leave notification (ID=1)
PUBLIC: (ALL)	Player delete (ID=1)
JOIN: (1)	192.168.178.64 (NAME=iPad_K, ID=1)
PRIVAT: (1)	Default name & id setup (ID=1, DEFAULT-NAME=iPad_K)
PRIVAT: (1)	Player data (ID=0, NAME=Krzem, X=5316, Y=4367, ROT=69)
PUBLIC: (ALL)	Player data (ID=1, NAME=iPad_K, X=5000, Y=5000, ROT=0)
PUBLIC: (ALL)	Server join notification (ID=1)
PUBLIC: (ALL)	Server leave notification (ID=1)
PUBLIC: (ALL)	Player delete (ID=1)
JOIN: (1)	192.168.178.64 (NAME=iPad_K, ID=1)
PRIVAT: (1)	Default name & id setup (ID=1, DEFAULT-NAME=iPad_K)
PRIVAT: (1)	Player data (ID=0, NAME=Krzem, X=5316, Y=4367, ROT=69)
PUBLIC: (ALL)	Player data (ID=1, NAME=iPad_K, X=5000, Y=5000, ROT=0)
PUBLIC: (ALL)	Server join notification (ID=1)
PRIVAT: (1)	Name change approved (NEW-NAME=Maks)
PUBLIC: (ALL)	Player name change (ID=1, NEW-NAME=Maks)
PRIVAT: (1)	Name change approved (NEW-NAME=iPad)
PUBLIC: (ALL)	Player name change (ID=1, NEW-NAME=iPad)
JOIN: (2)	192.168.178.43 (NAME=iPhone, ID=2)
PRIVAT: (2)	Default name & id setup (ID=2, DEFAULT-NAME=iPhone)
PRIVAT: (2)	Player data (ID=0, NAME=Krzem, X=2946, Y=4868, ROT=145)
PRIVAT: (2)	Player data (ID=1, NAME=iPad, X=2750, Y=4936, ROT=350)
PUBLIC: (ALL)	Player data (ID=2, NAME=iPhone, X=5000, Y=5000, ROT=0)
PUBLIC: (ALL)	Server join notification (ID=2)
PUBLIC: (ALL)	Server leave notification (ID=2)
PUBLIC: (ALL)	Player delete (ID=2)
JOIN: (2)	192.168.178.43 (NAME=iPhone, ID=2)
PRIVAT: (2)	Default name & id setup (ID=2, DEFAULT-NAME=iPhone)
PRIVAT: (2)	Player data (ID=0, NAME=Krzem, X=2946, Y=4868, ROT=145)
PRIVAT: (2)	Player data (ID=1, NAME=iPad, X=2750, Y=4936, ROT=350)
PUBLIC: (ALL)	Player data (ID=2, NAME=iPhone, X=5000, Y=5000, ROT=0)
PUBLIC: (ALL)	Server join notification (ID=2)
PUBLIC: (ALL)	Server leave notification (ID=2)
PUBLIC: (ALL)	Player delete (ID=2)
JOIN: (2)	192.168.178.43 (NAME=iPhone, ID=2)
PRIVAT: (2)	Default name & id setup (ID=2, DEFAULT-NAME=iPhone)
PRIVAT: (2)	Player data (ID=0, NAME=Krzem, X=2946, Y=4868, ROT=145)
PRIVAT: (2)	Player data (ID=1, NAME=iPad, X=2750, Y=4936, ROT=350)
PUBLIC: (ALL)	Player data (ID=2, NAME=iPhone, X=5000, Y=5000, ROT=0)
PUBLIC: (ALL)	Server join notification (ID=2)
PUBLIC: (ALL)	Server leave notification (ID=2)
PUBLIC: (ALL)	Player delete (ID=2)
PUBLIC: (ALL)	Server closed (REASON=)
RECIVE: (0)	Player disconnect request
PUBLIC: (ALL)	Server leave notification (ID=0)
PUBLIC: (ALL)	Player delete (ID=0)
RECIVE: (1)	Player disconnect request
PUBLIC: (ALL)	Server leave notification (ID=1)
PUBLIC: (ALL)	Player delete (ID=1)

LOG - Sat, 06 Apr 2019 13:07:29

JOIN: (0)	192.168.178.65 (NAME=Krzem, ID=0)
PRIVAT: (0)	Default name & id setup (ID=0, DEFAULT-NAME=Krzem)
PUBLIC: (ALL)	Player data (ID=0, NAME=Krzem, X=5000, Y=5000, ROT=0)
PUBLIC: (ALL)	Server join notification (ID=0)

LOG - Sat, 06 Apr 2019 13:18:50


LOG - Sat, 06 Apr 2019 13:20:01


LOG - Sat, 06 Apr 2019 13:20:28


LOG - Sat, 06 Apr 2019 13:21:43


LOG - Sat, 06 Apr 2019 13:23:47


LOG - Sat, 06 Apr 2019 13:25:46

JOIN: (1)	192.168.178.64 (NAME=iPad, ID=1)
PRIVAT: (1)	Default name & id setup (ID=1, DEFAULT-NAME=iPad)
PUBLIC: (ALL)	Player data (ID=1, NAME=iPad, X=5000, Y=5000, ROT=0)
PUBLIC: (ALL)	Server join notification (ID=1)
PRIVATE: (192.168.178.64)	IPv4 already connected (IPv4=192.168.178.64)
RECIVE: (192.168.178.64)	Player disconnect request
PRIVATE: (192.168.178.64)	IPv4 already connected (IPv4=192.168.178.64)
RECIVE: (192.168.178.64)	Player disconnect request
PRIVATE: (192.168.178.64)	IPv4 already connected (IPv4=192.168.178.64)
RECIVE: (192.168.178.64)	Player disconnect request
PRIVATE: (192.168.178.64)	IPv4 already connected (IPv4=192.168.178.64)
RECIVE: (192.168.178.64)	Player disconnect request
PUBLIC: (ALL)	Server leave notification (ID=1)
PUBLIC: (ALL)	Player delete (ID=1)
JOIN: (1)	192.168.178.64 (NAME=iPad, ID=1)
PRIVAT: (1)	Default name & id setup (ID=1, DEFAULT-NAME=iPad)
PUBLIC: (ALL)	Player data (ID=1, NAME=iPad, X=5000, Y=5000, ROT=0)
PUBLIC: (ALL)	Server join notification (ID=1)
PUBLIC: (ALL)	Server leave notification (ID=1)
PUBLIC: (ALL)	Player delete (ID=1)
JOIN: (1)	192.168.178.64 (NAME=iPad, ID=1)
PRIVAT: (1)	Default name & id setup (ID=1, DEFAULT-NAME=iPad)
PUBLIC: (ALL)	Player data (ID=1, NAME=iPad, X=5000, Y=5000, ROT=0)
PUBLIC: (ALL)	Server join notification (ID=1)
PRIVATE: (192.168.178.64)	IPv4 already connected (IPv4=192.168.178.64)
RECIVE: (192.168.178.64)	Player disconnect request
PUBLIC: (ALL)	Server leave notification (ID=1)
PUBLIC: (ALL)	Player delete (ID=1)

LOG - Sat, 06 Apr 2019 13:49:08


LOG - Sat, 06 Apr 2019 13:50:03

JOIN: (1)	192.168.178.64 (NAME=iPad, ID=1)
PRIVAT: (1)	Default name & id setup (ID=1, DEFAULT-NAME=iPad)
PUBLIC: (ALL)	Player data (ID=1, NAME=iPad, X=5000, Y=5000, ROT=0)
PUBLIC: (ALL)	Server join notification (ID=1)
PUBLIC: (ALL)	Server leave notification (ID=1)
PUBLIC: (ALL)	Player delete (ID=1)
JOIN: (1)	192.168.178.64 (NAME=iPad, ID=1)
PRIVAT: (1)	Default name & id setup (ID=1, DEFAULT-NAME=iPad)
PUBLIC: (ALL)	Player data (ID=1, NAME=iPad, X=5000, Y=5000, ROT=0)
PUBLIC: (ALL)	Server join notification (ID=1)
PUBLIC: (ALL)	Player got kicked from the server (ID=1)
PRIVAT: (1)	Player got kicked from the server (ID=)
RECIVE: (1)	Player disconnect request
PUBLIC: (ALL)	Server leave notification (ID=1)
PUBLIC: (ALL)	Player delete (ID=1)

LOG - Sat, 06 Apr 2019 14:02:09

PRIVATE: (192.168.178.65)	IPv4 already connected (IPv4=192.168.178.65)
RECIVE: (192.168.178.65)	Player disconnect request
PRIVATE: (192.168.178.65)	IPv4 already connected (IPv4=192.168.178.65)
RECIVE: (192.168.178.65)	Player disconnect request
PRIVATE: (192.168.178.65)	IPv4 already connected (IPv4=192.168.178.65)
RECIVE: (192.168.178.65)	Player disconnect request

LOG - Sat, 06 Apr 2019 14:07:09

JOIN: (1)	192.168.178.64 (NAME=iPad, ID=1)
PRIVAT: (1)	Default name & id setup (ID=1, DEFAULT-NAME=iPad)
PUBLIC: (ALL)	Player data (ID=1, NAME=iPad, X=5000, Y=5000, ROT=0)
PUBLIC: (ALL)	Server join notification (ID=1)
PRIVATE: (192.168.178.65)	IPv4 already connected (IPv4=192.168.178.65)
RECIVE: (192.168.178.65)	Player disconnect request
PUBLIC: (ALL)	Server closed (REASON=)
PUBLIC: (ALL)	Server leave notification (ID=1)
PUBLIC: (ALL)	Player delete (ID=1)

LOG - Sat, 06 Apr 2019 14:13:28

JOIN: (1)	192.168.178.64 (NAME=iPad, ID=1)
PRIVAT: (1)	Default name & id setup (ID=1, DEFAULT-NAME=iPad)
PUBLIC: (ALL)	Player data (ID=1, NAME=iPad, X=5000, Y=5000, ROT=0)
PUBLIC: (ALL)	Server join notification (ID=1)
JOIN: (0)	192.168.178.65 (NAME=Krzem, ID=0)
PRIVAT: (0)	Default name & id setup (ID=0, DEFAULT-NAME=Krzem)
PRIVAT: (0)	Player data (ID=1, NAME=iPad, X=5000, Y=5000, ROT=0)
PUBLIC: (ALL)	Player data (ID=0, NAME=Krzem, X=5000, Y=5000, ROT=0)
PUBLIC: (ALL)	Server join notification (ID=0)
PUBLIC: (ALL)	Server leave notification (ID=0)
PUBLIC: (ALL)	Player delete (ID=0)
JOIN: (0)	192.168.178.65 (NAME=Krzem, ID=0)
PRIVAT: (0)	Default name & id setup (ID=0, DEFAULT-NAME=Krzem)
PRIVAT: (0)	Player data (ID=1, NAME=iPad, X=5000, Y=5000, ROT=0)
PUBLIC: (ALL)	Player data (ID=0, NAME=Krzem, X=5000, Y=5000, ROT=0)
PUBLIC: (ALL)	Server join notification (ID=0)
PUBLIC: (ALL)	Server leave notification (ID=0)
PUBLIC: (ALL)	Player delete (ID=0)
JOIN: (0)	192.168.178.65 (NAME=Krzem, ID=0)
PRIVAT: (0)	Default name & id setup (ID=0, DEFAULT-NAME=Krzem)
PRIVAT: (0)	Player data (ID=1, NAME=iPad, X=5000, Y=5000, ROT=0)
PUBLIC: (ALL)	Player data (ID=0, NAME=Krzem, X=5000, Y=5000, ROT=0)
PUBLIC: (ALL)	Server join notification (ID=0)
PUBLIC: (ALL)	Server leave notification (ID=0)
PUBLIC: (ALL)	Player delete (ID=0)
JOIN: (0)	192.168.178.65 (NAME=Krzem, ID=0)
PRIVAT: (0)	Default name & id setup (ID=0, DEFAULT-NAME=Krzem)
PRIVAT: (0)	Player data (ID=1, NAME=iPad, X=5000, Y=5000, ROT=0)
PUBLIC: (ALL)	Player data (ID=0, NAME=Krzem, X=5000, Y=5000, ROT=0)
PUBLIC: (ALL)	Server join notification (ID=0)
PUBLIC: (ALL)	Server leave notification (ID=1)
PUBLIC: (ALL)	Player delete (ID=1)
JOIN: (1)	192.168.178.64 (NAME=iPad, ID=1)
PRIVAT: (1)	Default name & id setup (ID=1, DEFAULT-NAME=iPad)
PRIVAT: (1)	Player data (ID=0, NAME=Krzem, X=5000, Y=5000, ROT=0)
PUBLIC: (ALL)	Player data (ID=1, NAME=iPad, X=5000, Y=5000, ROT=0)
PUBLIC: (ALL)	Server join notification (ID=1)
PUBLIC: (ALL)	Server leave notification (ID=0)
PUBLIC: (ALL)	Player delete (ID=0)
JOIN: (0)	192.168.178.65 (NAME=Krzem, ID=0)
PRIVAT: (0)	Default name & id setup (ID=0, DEFAULT-NAME=Krzem)
PRIVAT: (0)	Player data (ID=1, NAME=iPad, X=5000, Y=5000, ROT=0)
PUBLIC: (ALL)	Player data (ID=0, NAME=Krzem, X=5000, Y=5000, ROT=0)
PUBLIC: (ALL)	Server join notification (ID=0)
PUBLIC: (ALL)	Server leave notification (ID=0)
PUBLIC: (ALL)	Player delete (ID=0)
JOIN: (0)	192.168.178.65 (NAME=Krzem, ID=0)
PRIVAT: (0)	Default name & id setup (ID=0, DEFAULT-NAME=Krzem)
PRIVAT: (0)	Player data (ID=1, NAME=iPad, X=5000, Y=5000, ROT=0)
PUBLIC: (ALL)	Player data (ID=0, NAME=Krzem, X=5000, Y=5000, ROT=0)
PUBLIC: (ALL)	Server join notification (ID=0)
PUBLIC: (ALL)	Server leave notification (ID=0)
PUBLIC: (ALL)	Player delete (ID=0)
JOIN: (0)	192.168.178.65 (NAME=Krzem, ID=0)
PRIVAT: (0)	Default name & id setup (ID=0, DEFAULT-NAME=Krzem)
PRIVAT: (0)	Player data (ID=1, NAME=iPad, X=5000, Y=5000, ROT=0)
PUBLIC: (ALL)	Player data (ID=0, NAME=Krzem, X=5000, Y=5000, ROT=0)
PUBLIC: (ALL)	Server join notification (ID=0)
PUBLIC: (ALL)	Server leave notification (ID=0)
PUBLIC: (ALL)	Player delete (ID=0)
JOIN: (0)	192.168.178.65 (NAME=Krzem, ID=0)
PRIVAT: (0)	Default name & id setup (ID=0, DEFAULT-NAME=Krzem)
PRIVAT: (0)	Player data (ID=1, NAME=iPad, X=5000, Y=5000, ROT=0)
PUBLIC: (ALL)	Player data (ID=0, NAME=Krzem, X=5000, Y=5000, ROT=0)
PUBLIC: (ALL)	Server leave notification (ID=0)
PUBLIC: (ALL)	Player delete (ID=0)
PUBLIC: (ALL)	Server join notification (ID=0)
JOIN: (0)	192.168.178.65 (NAME=Krzem, ID=0)
PRIVAT: (0)	Default name & id setup (ID=0, DEFAULT-NAME=Krzem)
PRIVAT: (0)	Player data (ID=1, NAME=iPad, X=5000, Y=5000, ROT=0)
PUBLIC: (ALL)	Player data (ID=0, NAME=Krzem, X=5000, Y=5000, ROT=0)
PUBLIC: (ALL)	Server join notification (ID=0)
PUBLIC: (ALL)	Server leave notification (ID=0)
PUBLIC: (ALL)	Player delete (ID=0)
JOIN: (0)	192.168.178.65 (NAME=Krzem, ID=0)
PRIVAT: (0)	Default name & id setup (ID=0, DEFAULT-NAME=Krzem)
PRIVAT: (0)	Player data (ID=1, NAME=iPad, X=5000, Y=5000, ROT=0)
PUBLIC: (ALL)	Player data (ID=0, NAME=Krzem, X=5000, Y=5000, ROT=0)
PUBLIC: (ALL)	Server join notification (ID=0)
PUBLIC: (ALL)	Server closed (REASON=)
RECIVE: (0)	Player disconnect request
PUBLIC: (ALL)	Server leave notification (ID=0)
PUBLIC: (ALL)	Player delete (ID=0)
PUBLIC: (ALL)	Server leave notification (ID=1)
PUBLIC: (ALL)	Player delete (ID=1)

LOG - Sat, 06 Apr 2019 14:19:35

JOIN: (0)	192.168.178.65 (NAME=Krzem, ID=0)
PRIVAT: (0)	Default name & id setup (ID=0, DEFAULT-NAME=Krzem)
PUBLIC: (ALL)	Player data (ID=0, NAME=Krzem, X=5000, Y=5000, ROT=0)
PUBLIC: (ALL)	Server join notification (ID=0)
PUBLIC: (ALL)	Server leave notification (ID=0)
PUBLIC: (ALL)	Player delete (ID=0)
JOIN: (1)	192.168.178.64 (NAME=iPad, ID=1)
PRIVAT: (1)	Default name & id setup (ID=1, DEFAULT-NAME=iPad)
PUBLIC: (ALL)	Player data (ID=1, NAME=iPad, X=5000, Y=5000, ROT=0)
PUBLIC: (ALL)	Server join notification (ID=1)
JOIN: (0)	192.168.178.65 (NAME=Krzem, ID=0)
PRIVAT: (0)	Default name & id setup (ID=0, DEFAULT-NAME=Krzem)
PRIVAT: (0)	Player data (ID=1, NAME=iPad, X=5106, Y=4900, ROT=315)
PUBLIC: (ALL)	Player data (ID=0, NAME=Krzem, X=5000, Y=5000, ROT=0)
PUBLIC: (ALL)	Server join notification (ID=0)
PUBLIC: (ALL)	Server leave notification (ID=0)
PUBLIC: (ALL)	Player delete (ID=0)
JOIN: (0)	192.168.178.65 (NAME=Krzem, ID=0)
PRIVAT: (0)	Default name & id setup (ID=0, DEFAULT-NAME=Krzem)
PRIVAT: (0)	Player data (ID=1, NAME=iPad, X=5106, Y=4900, ROT=315)
PUBLIC: (ALL)	Player data (ID=0, NAME=Krzem, X=5000, Y=5000, ROT=0)
PUBLIC: (ALL)	Server join notification (ID=0)
PUBLIC: (ALL)	Server leave notification (ID=1)
PUBLIC: (ALL)	Player delete (ID=1)
PUBLIC: (ALL)	Server closed (REASON=)
RECIVE: (0)	Player disconnect request
PUBLIC: (ALL)	Server leave notification (ID=0)
PUBLIC: (ALL)	Player delete (ID=0)

LOG - Sat, 06 Apr 2019 14:55:28

JOIN: (0)	192.168.178.65 (NAME=Krzem, ID=0)
PRIVAT: (0)	Default name & id setup (ID=0, DEFAULT-NAME=Krzem)
PUBLIC: (ALL)	Player data (ID=0, NAME=Krzem, X=5000, Y=5000, ROT=0)
PUBLIC: (ALL)	Server join notification (ID=0)

LOG - Sat, 06 Apr 2019 14:58:31

RECIVE: (192.168.178.65)	Player disconnect request
PRIVATE: (192.168.178.65)	IPv4 already connected (IPv4=192.168.178.65)

LOG - Sat, 06 Apr 2019 15:04:40

JOIN: (0)	192.168.178.65 (NAME=Krzem, ID=0)
PRIVAT: (0)	Default name & id setup (ID=0, DEFAULT-NAME=Krzem)
PUBLIC: (ALL)	Player data (ID=0, NAME=Krzem, X=5000, Y=5000, ROT=0)
PUBLIC: (ALL)	Server join notification (ID=0)
JOIN: (1)	192.168.178.64 (NAME=iPad, ID=1)
PRIVAT: (1)	Default name & id setup (ID=1, DEFAULT-NAME=iPad)
PRIVAT: (1)	Player data (ID=0, NAME=Krzem, X=5000, Y=5000, ROT=0)
PUBLIC: (ALL)	Player data (ID=1, NAME=iPad, X=5000, Y=5000, ROT=0)
PUBLIC: (ALL)	Server join notification (ID=1)
PUBLIC: (ALL)	Server closed (REASON=)
RECIVE: (0)	Player disconnect request
PUBLIC: (ALL)	Server leave notification (ID=0)
PUBLIC: (ALL)	Player delete (ID=0)
PUBLIC: (ALL)	Server leave notification (ID=1)
PUBLIC: (ALL)	Player delete (ID=1)

LOG - Sat, 06 Apr 2019 15:12:26

JOIN: (0)	192.168.178.65 (NAME=Krzem, ID=0)
PRIVAT: (0)	Default name & id setup (ID=0, DEFAULT-NAME=Krzem)
PUBLIC: (ALL)	Player data (ID=0, NAME=Krzem, X=5000, Y=5000, ROT=0)
PUBLIC: (ALL)	Server join notification (ID=0)
PUBLIC: (ALL)	Server closed (REASON=)
RECIVE: (0)	Player disconnect request
PUBLIC: (ALL)	Server leave notification (ID=0)
PUBLIC: (ALL)	Player delete (ID=0)

LOG - Sat, 06 Apr 2019 15:20:02

JOIN: (0)	192.168.178.65 (NAME=Krzem, ID=0)
PRIVAT: (0)	Default name & id setup (ID=0, DEFAULT-NAME=Krzem)
PUBLIC: (ALL)	Player data (ID=0, NAME=Krzem, X=5000, Y=5000, ROT=0)
PUBLIC: (ALL)	Server join notification (ID=0)
PUBLIC: (ALL)	Server closed (REASON=)
RECIVE: (0)	Player disconnect request
PUBLIC: (ALL)	Server leave notification (ID=0)
PUBLIC: (ALL)	Player delete (ID=0)

LOG - Sat, 06 Apr 2019 15:22:21

JOIN: (0)	192.168.178.65 (NAME=Krzem, ID=0)
PRIVAT: (0)	Default name & id setup (ID=0, DEFAULT-NAME=Krzem)
PUBLIC: (ALL)	Player data (ID=0, NAME=Krzem, X=5000, Y=5000, ROT=0)
PUBLIC: (ALL)	Server join notification (ID=0)
PUBLIC: (ALL)	Player got kicked from the server (ID=0)
PRIVAT: (0)	Player got kicked from the server (ID=)
RECIVE: (0)	Player disconnect request
PUBLIC: (ALL)	Server leave notification (ID=0)
PUBLIC: (ALL)	Player delete (ID=0)
JOIN: (0)	192.168.178.65 (NAME=Krzem, ID=0)
PRIVAT: (0)	Default name & id setup (ID=0, DEFAULT-NAME=Krzem)
PUBLIC: (ALL)	Player data (ID=0, NAME=Krzem, X=5000, Y=5000, ROT=0)
PUBLIC: (ALL)	Server join notification (ID=0)
PUBLIC: (ALL)	Server closed (REASON=)
RECIVE: (0)	Player disconnect request
PUBLIC: (ALL)	Server leave notification (ID=0)
PUBLIC: (ALL)	Player delete (ID=0)

LOG - Sat, 06 Apr 2019 15:24:14

JOIN: (0)	192.168.178.65 (NAME=Krzem, ID=0)
PRIVAT: (0)	Default name & id setup (ID=0, DEFAULT-NAME=Krzem)
PUBLIC: (ALL)	Player data (ID=0, NAME=Krzem, X=5000, Y=5000, ROT=0)
PUBLIC: (ALL)	Server join notification (ID=0)
PUBLIC: (ALL)	Server leave notification (ID=0)
PUBLIC: (ALL)	Player delete (ID=0)
JOIN: (0)	192.168.178.65 (NAME=Krzem, ID=0)
PRIVAT: (0)	Default name & id setup (ID=0, DEFAULT-NAME=Krzem)
PUBLIC: (ALL)	Player data (ID=0, NAME=Krzem, X=5000, Y=5000, ROT=0)
PUBLIC: (ALL)	Server join notification (ID=0)
PUBLIC: (ALL)	Server closed (REASON=)
RECIVE: (0)	Player disconnect request
PUBLIC: (ALL)	Server leave notification (ID=0)
PUBLIC: (ALL)	Player delete (ID=0)

LOG - Sat, 06 Apr 2019 15:28:28

JOIN: (0)	192.168.178.65 (NAME=Krzem, ID=0)
PRIVAT: (0)	Default name & id setup (ID=0, DEFAULT-NAME=Krzem)
PUBLIC: (ALL)	Player data (ID=0, NAME=Krzem, X=5000, Y=5000, ROT=0)
PUBLIC: (ALL)	Server join notification (ID=0)
PUBLIC: (ALL)	Server closed (REASON=)
RECIVE: (0)	Player disconnect request
PUBLIC: (ALL)	Server leave notification (ID=0)
PUBLIC: (ALL)	Player delete (ID=0)

LOG - Sat, 06 Apr 2019 15:30:56

JOIN: (0)	192.168.178.65 (NAME=Krzem, ID=0)
PRIVAT: (0)	Default name & id setup (ID=0, DEFAULT-NAME=Krzem)
PUBLIC: (ALL)	Player data (ID=0, NAME=Krzem, X=5000, Y=5000, ROT=0)
PUBLIC: (ALL)	Server join notification (ID=0)
PUBLIC: (ALL)	Server leave notification (ID=0)
PUBLIC: (ALL)	Player delete (ID=0)
JOIN: (0)	192.168.178.65 (NAME=Krzem, ID=0)
PRIVAT: (0)	Default name & id setup (ID=0, DEFAULT-NAME=Krzem)
PUBLIC: (ALL)	Player data (ID=0, NAME=Krzem, X=5000, Y=5000, ROT=0)
PUBLIC: (ALL)	Server join notification (ID=0)
JOIN: (1)	192.168.178.64 (NAME=iPad, ID=1)
PRIVAT: (1)	Default name & id setup (ID=1, DEFAULT-NAME=iPad)
PRIVAT: (1)	Player data (ID=0, NAME=Krzem, X=5000, Y=5000, ROT=0)
PUBLIC: (ALL)	Player data (ID=1, NAME=iPad, X=5000, Y=5000, ROT=0)
PUBLIC: (ALL)	Server join notification (ID=1)
PRIVAT: (0)	Name change approved (NEW-NAME=Maks)
PUBLIC: (ALL)	Player name change (ID=0, NEW-NAME=Maks)
PRIVAT: (0)	Name change approved (NEW-NAME=Krzem)
PUBLIC: (ALL)	Player name change (ID=0, NEW-NAME=Krzem)
PRIVAT: (1)	Name change approved (NEW-NAME=Agrafka&)
PUBLIC: (ALL)	Player name change (ID=1, NEW-NAME=Agrafka&)
PRIVAT: (1)	Name change approved (NEW-NAME=iPad)
PUBLIC: (ALL)	Player name change (ID=1, NEW-NAME=iPad)
PUBLIC: (ALL)	Server leave notification (ID=0)
PUBLIC: (ALL)	Player delete (ID=0)
JOIN: (0)	192.168.178.65 (NAME=Krzem, ID=0)
PRIVAT: (0)	Default name & id setup (ID=0, DEFAULT-NAME=Krzem)
PRIVAT: (0)	Player data (ID=1, NAME=iPad, X=5171, Y=5129, ROT=98)
PUBLIC: (ALL)	Player data (ID=0, NAME=Krzem, X=5000, Y=5000, ROT=0)
PUBLIC: (ALL)	Server join notification (ID=0)
PRIVAT: (1)	Name change approved (NEW-NAME=krzem)
PUBLIC: (ALL)	Player name change (ID=1, NEW-NAME=krzem)
PRIVAT: (1)	Name change approved (NEW-NAME=iPad)
PUBLIC: (ALL)	Player name change (ID=1, NEW-NAME=iPad)
PUBLIC: (ALL)	Server leave notification (ID=1)
PUBLIC: (ALL)	Player delete (ID=1)
PUBLIC: (ALL)	Player got kicked from the server (ID=0)
PRIVAT: (0)	Player got kicked from the server (ID=)
RECIVE: (0)	Player disconnect request
PUBLIC: (ALL)	Server leave notification (ID=0)
PUBLIC: (ALL)	Player delete (ID=0)
JOIN: (0)	192.168.178.65 (NAME=Krzem, ID=0)
PRIVAT: (0)	Default name & id setup (ID=0, DEFAULT-NAME=Krzem)
PUBLIC: (ALL)	Player data (ID=0, NAME=Krzem, X=5000, Y=5000, ROT=0)
PUBLIC: (ALL)	Server join notification (ID=0)
PUBLIC: (ALL)	Server closed (REASON=)
RECIVE: (0)	Player disconnect request
PUBLIC: (ALL)	Server leave notification (ID=0)
PUBLIC: (ALL)	Player delete (ID=0)
