LOG - Sun, 07 Apr 2019 08:24:49

JOIN: (0)	192.168.178.65 (NAME=Krzem, ID=0)
PRIVAT: (0)	Default name & id setup (ID=0, DEFAULT-NAME=Krzem)
PUBLIC: (ALL)	Player data (ID=0, NAME=Krzem, X=5000, Y=5000, ROT=0)
PUBLIC: (ALL)	Server join notification (ID=0)
PUBLIC: (ALL)	Server closed (REASON=)
RECIVE: (0)	Player disconnect request
PUBLIC: (ALL)	Server leave notification (ID=0)
PUBLIC: (ALL)	Player delete (ID=0)

LOG - Sun, 07 Apr 2019 08:25:48


LOG - Sun, 07 Apr 2019 08:26:07


LOG - Sun, 07 Apr 2019 08:30:39


LOG - Sun, 07 Apr 2019 08:32:14

JOIN: (0)	192.168.178.65 (NAME=Krzem, ID=0)
PRIVAT: (0)	Default name & id setup (ID=0, DEFAULT-NAME=Krzem)
PUBLIC: (ALL)	Player data (ID=0, NAME=Krzem, X=5000, Y=5000, ROT=0)
PUBLIC: (ALL)	Server join notification (ID=0)
PUBLIC: (ALL)	Server leave notification (ID=0)
PUBLIC: (ALL)	Player delete (ID=0)
JOIN: (0)	192.168.178.65 (NAME=Krzem, ID=0)
PRIVAT: (0)	Default name & id setup (ID=0, DEFAULT-NAME=Krzem)
PUBLIC: (ALL)	Player data (ID=0, NAME=Krzem, X=5000, Y=5000, ROT=0)
PUBLIC: (ALL)	Server join notification (ID=0)
PUBLIC: (ALL)	Server closed (REASON=)
RECIVE: (0)	Player disconnect request
PUBLIC: (ALL)	Server leave notification (ID=0)
PUBLIC: (ALL)	Player delete (ID=0)

LOG - Sun, 07 Apr 2019 08:44:50

JOIN: (0)	192.168.178.65 (NAME=Krzem, ID=0)
PRIVAT: (0)	Default name & id setup (ID=0, DEFAULT-NAME=Krzem)
PUBLIC: (ALL)	Player data (ID=0, NAME=Krzem, X=5000, Y=5000, ROT=0)
PUBLIC: (ALL)	Server join notification (ID=0)
PUBLIC: (ALL)	Server closed (REASON=)
RECIVE: (0)	Player disconnect request
PUBLIC: (ALL)	Server leave notification (ID=0)
PUBLIC: (ALL)	Player delete (ID=0)

LOG - Sun, 07 Apr 2019 08:45:43

JOIN: (0)	192.168.178.65 (NAME=Krzem, ID=0)
PRIVAT: (0)	Default name & id setup (ID=0, DEFAULT-NAME=Krzem)
PUBLIC: (ALL)	Player data (ID=0, NAME=Krzem, X=5000, Y=5000, ROT=0)
PUBLIC: (ALL)	Server join notification (ID=0)
PUBLIC: (ALL)	Server closed (REASON=)
RECIVE: (0)	Player disconnect request
PUBLIC: (ALL)	Server leave notification (ID=0)
PUBLIC: (ALL)	Player delete (ID=0)

LOG - Sun, 07 Apr 2019 08:47:02

JOIN: (0)	192.168.178.65 (NAME=Krzem, ID=0)
PRIVAT: (0)	Default name & id setup (ID=0, DEFAULT-NAME=Krzem)
PUBLIC: (ALL)	Player data (ID=0, NAME=Krzem, X=5000, Y=5000, ROT=0)
PUBLIC: (ALL)	Server join notification (ID=0)
PUBLIC: (ALL)	Server closed (REASON=)
RECIVE: (0)	Player disconnect request
PUBLIC: (ALL)	Server leave notification (ID=0)
PUBLIC: (ALL)	Player delete (ID=0)

LOG - Sun, 07 Apr 2019 08:48:57


LOG - Sun, 07 Apr 2019 08:50:18


LOG - Sun, 07 Apr 2019 08:51:03

JOIN: (0)	192.168.178.65 (NAME=Krzem, ID=0)
PRIVAT: (0)	Default name & id setup (ID=0, DEFAULT-NAME=Krzem)
PUBLIC: (ALL)	Player data (ID=0, NAME=Krzem, X=5000, Y=5000, ROT=0)
PUBLIC: (ALL)	Server join notification (ID=0)
PUBLIC: (ALL)	Server closed (REASON=)
RECIVE: (0)	Player disconnect request
PUBLIC: (ALL)	Server leave notification (ID=0)
PUBLIC: (ALL)	Player delete (ID=0)

LOG - Sun, 07 Apr 2019 08:52:52

JOIN: (0)	192.168.178.65 (NAME=Krzem, ID=0)
PRIVAT: (0)	Default name & id setup (ID=0, DEFAULT-NAME=Krzem)
PUBLIC: (ALL)	Player data (ID=0, NAME=Krzem, X=5000, Y=5000, ROT=0)
PUBLIC: (ALL)	Server join notification (ID=0)
PUBLIC: (ALL)	Server leave notification (ID=0)
PUBLIC: (ALL)	Player delete (ID=0)
JOIN: (0)	192.168.178.65 (NAME=Krzem, ID=0)
PRIVAT: (0)	Default name & id setup (ID=0, DEFAULT-NAME=Krzem)
PUBLIC: (ALL)	Player data (ID=0, NAME=Krzem, X=5000, Y=5000, ROT=0)
PUBLIC: (ALL)	Server join notification (ID=0)
PUBLIC: (ALL)	Server closed (REASON=)
RECIVE: (0)	Player disconnect request
PUBLIC: (ALL)	Server leave notification (ID=0)
PUBLIC: (ALL)	Player delete (ID=0)

LOG - Sun, 07 Apr 2019 08:54:45


LOG - Sun, 07 Apr 2019 08:57:02

JOIN: (0)	192.168.178.65 (NAME=Krzem, ID=0)
PRIVAT: (0)	Default name & id setup (ID=0, DEFAULT-NAME=Krzem)
PUBLIC: (ALL)	Player data (ID=0, NAME=Krzem, X=5000, Y=5000, ROT=0)
PUBLIC: (ALL)	Server join notification (ID=0)
PUBLIC: (ALL)	Server leave notification (ID=0)
PUBLIC: (ALL)	Player delete (ID=0)
JOIN: (0)	192.168.178.65 (NAME=Krzem, ID=0)
PRIVAT: (0)	Default name & id setup (ID=0, DEFAULT-NAME=Krzem)
PUBLIC: (ALL)	Player data (ID=0, NAME=Krzem, X=5000, Y=5000, ROT=0)
PUBLIC: (ALL)	Server join notification (ID=0)
PUBLIC: (ALL)	Player got kicked from the server (ID=0)
PRIVAT: (0)	Player got kicked from the server (ID=)
RECIVE: (0)	Player disconnect request
PUBLIC: (ALL)	Server leave notification (ID=0)
PUBLIC: (ALL)	Player delete (ID=0)
JOIN: (0)	192.168.178.65 (NAME=Krzem, ID=0)
PRIVAT: (0)	Default name & id setup (ID=0, DEFAULT-NAME=Krzem)
PUBLIC: (ALL)	Player data (ID=0, NAME=Krzem, X=5000, Y=5000, ROT=0)
PUBLIC: (ALL)	Server join notification (ID=0)
PUBLIC: (ALL)	Player got kicked from the server (ID=0)
PRIVAT: (0)	Player got kicked from the server (ID=)
RECIVE: (0)	Player disconnect request
PUBLIC: (ALL)	Server leave notification (ID=0)
PUBLIC: (ALL)	Player delete (ID=0)
JOIN: (0)	192.168.178.65 (NAME=Krzem, ID=0)
PRIVAT: (0)	Default name & id setup (ID=0, DEFAULT-NAME=Krzem)
PUBLIC: (ALL)	Player data (ID=0, NAME=Krzem, X=5000, Y=5000, ROT=0)
PUBLIC: (ALL)	Server join notification (ID=0)
PUBLIC: (ALL)	Player got kicked from the server (ID=0)
PRIVAT: (0)	Player got kicked from the server (ID=)
RECIVE: (0)	Player disconnect request
PUBLIC: (ALL)	Server leave notification (ID=0)
PUBLIC: (ALL)	Player delete (ID=0)

LOG - Sun, 07 Apr 2019 09:35:11

JOIN: (0)	192.168.178.65 (NAME=Krzem, ID=0)
PRIVAT: (0)	Default name & id setup (ID=0, DEFAULT-NAME=Krzem)
PUBLIC: (ALL)	Player data (ID=0, NAME=Krzem, X=5000, Y=5000, ROT=0)
PUBLIC: (ALL)	Server join notification (ID=0)
PUBLIC: (ALL)	Player got kicked from the server (ID=0)
PRIVAT: (0)	Player got kicked from the server (ID=)
RECIVE: (0)	Player disconnect request
PUBLIC: (ALL)	Server leave notification (ID=0)
PUBLIC: (ALL)	Player delete (ID=0)
JOIN: (0)	192.168.178.65 (NAME=Krzem, ID=0)
PRIVAT: (0)	Default name & id setup (ID=0, DEFAULT-NAME=Krzem)
PUBLIC: (ALL)	Player data (ID=0, NAME=Krzem, X=5000, Y=5000, ROT=0)
PUBLIC: (ALL)	Server join notification (ID=0)
PRIVATE: (0)	bn1555493822:LOL!
RECIVE: (0)	dc
PUBLIC: (ALL)	lv0
PUBLIC: (ALL)	dl0

LOG - Sun, 07 Apr 2019 09:39:19


LOG - Sun, 07 Apr 2019 09:41:19

JOIN: (0)	192.168.178.65 (NAME=Krzem, ID=0)
PRIVAT: (0)	Default name & id setup (ID=0, DEFAULT-NAME=Krzem)
PUBLIC: (ALL)	Player data (ID=0, NAME=Krzem, X=5000, Y=5000, ROT=0)
PUBLIC: (ALL)	Server join notification (ID=0)
PUBLIC: (ALL)	Server closed (REASON=)
RECIVE: (0)	Player disconnect request
PUBLIC: (ALL)	Server leave notification (ID=0)
PUBLIC: (ALL)	Player delete (ID=0)

LOG - Sun, 07 Apr 2019 09:51:37


LOG - Sun, 07 Apr 2019 10:00:18


LOG - Sun, 07 Apr 2019 10:16:33

JOIN: (0)	192.168.178.65 (NAME=Krzem, ID=0)
PRIVAT: (0)	Default name & id setup (ID=0, DEFAULT-NAME=Krzem)
PUBLIC: (ALL)	Player data (ID=0, NAME=Krzem, X=5000, Y=5000, ROT=0)
PUBLIC: (ALL)	Server join notification (ID=0)
PUBLIC: (ALL)	Server closed (REASON=)
RECIVE: (0)	Player disconnect request
PUBLIC: (ALL)	Server leave notification (ID=0)
PUBLIC: (ALL)	Player delete (ID=0)

LOG - Sun, 07 Apr 2019 10:23:33


LOG - Sun, 07 Apr 2019 10:25:40


LOG - Sun, 07 Apr 2019 10:41:41


LOG - Sun, 07 Apr 2019 10:41:42


LOG - Sun, 07 Apr 2019 10:41:43


LOG - Sun, 07 Apr 2019 10:41:54


LOG - Sun, 07 Apr 2019 10:41:56


LOG - Sun, 07 Apr 2019 10:42:34


LOG - Sun, 07 Apr 2019 10:43:19


LOG - Sun, 07 Apr 2019 10:53:13


LOG - Sun, 07 Apr 2019 10:54:06


LOG - Sun, 07 Apr 2019 10:54:31


LOG - Sun, 07 Apr 2019 10:55:09


LOG - Sun, 07 Apr 2019 10:55:38


LOG - Sun, 07 Apr 2019 10:55:57


LOG - Sun, 07 Apr 2019 10:56:15


LOG - Sun, 07 Apr 2019 10:56:37


LOG - Sun, 07 Apr 2019 10:57:05


LOG - Sun, 07 Apr 2019 10:57:28


LOG - Sun, 07 Apr 2019 10:58:02


LOG - Sun, 07 Apr 2019 10:58:14


LOG - Sun, 07 Apr 2019 10:58:36


LOG - Sun, 07 Apr 2019 10:58:58


LOG - Sun, 07 Apr 2019 11:07:33


LOG - Sun, 07 Apr 2019 11:07:49


LOG - Sun, 07 Apr 2019 11:08:58


LOG - Sun, 07 Apr 2019 11:14:55


LOG - Sun, 07 Apr 2019 11:15:13


LOG - Sun, 07 Apr 2019 11:15:26


LOG - Sun, 07 Apr 2019 11:16:16


LOG - Sun, 07 Apr 2019 11:16:39


LOG - Sun, 07 Apr 2019 11:20:31


LOG - Sun, 07 Apr 2019 11:20:44


LOG - Sun, 07 Apr 2019 11:21:03


LOG - Sun, 07 Apr 2019 11:21:56


LOG - Sun, 07 Apr 2019 11:24:55


LOG - Sun, 07 Apr 2019 11:47:15


LOG - Sun, 07 Apr 2019 11:48:53


LOG - Sun, 07 Apr 2019 11:49:15


LOG - Sun, 07 Apr 2019 11:53:01


LOG - Sun, 07 Apr 2019 11:53:22


LOG - Sun, 07 Apr 2019 11:53:50


LOG - Sun, 07 Apr 2019 11:54:03


LOG - Sun, 07 Apr 2019 11:54:15


LOG - Sun, 07 Apr 2019 11:54:41


LOG - Sun, 07 Apr 2019 11:55:22


LOG - Sun, 07 Apr 2019 11:56:18


LOG - Sun, 07 Apr 2019 11:56:30


LOG - Sun, 07 Apr 2019 11:56:50


LOG - Sun, 07 Apr 2019 11:57:07


LOG - Sun, 07 Apr 2019 11:57:26


LOG - Sun, 07 Apr 2019 11:57:35


LOG - Sun, 07 Apr 2019 11:57:39


LOG - Sun, 07 Apr 2019 11:57:58


LOG - Sun, 07 Apr 2019 11:58:18


LOG - Sun, 07 Apr 2019 11:59:13


LOG - Sun, 07 Apr 2019 12:06:20

JOIN: (0)	192.168.178.65 (NAME=Krzem, ID=0)
PRIVAT: (0)	Default name & id setup (ID=0, DEFAULT-NAME=Krzem)
PUBLIC: (ALL)	Player data (ID=0, NAME=Krzem, X=5000, Y=5000, ROT=0)
PUBLIC: (ALL)	Server join notification (ID=0)
PUBLIC: (ALL)	Server leave notification (ID=0)
PUBLIC: (ALL)	Player delete (ID=0)
JOIN: (0)	192.168.178.65 (NAME=Krzem, ID=0)
PRIVAT: (0)	Default name & id setup (ID=0, DEFAULT-NAME=Krzem)
PUBLIC: (ALL)	Player data (ID=0, NAME=Krzem, X=5000, Y=5000, ROT=0)
PUBLIC: (ALL)	Server join notification (ID=0)
PUBLIC: (ALL)	Server closed (REASON=)
RECIVE: (0)	Player disconnect request
PUBLIC: (ALL)	Server leave notification (ID=0)
PUBLIC: (ALL)	Player delete (ID=0)

LOG - Sun, 07 Apr 2019 12:08:23

JOIN: (0)	192.168.178.65 (NAME=Krzem, ID=0)
PRIVAT: (0)	Default name & id setup (ID=0, DEFAULT-NAME=Krzem)
PUBLIC: (ALL)	Player data (ID=0, NAME=Krzem, X=5000, Y=5000, ROT=0)
PUBLIC: (ALL)	Server join notification (ID=0)
RECIVE: (0)	Name change request (NEW-NAME=kl)
PRIVAT: (0)	Name change rejected (REJECTED-NAME=kl, REASON=1)
RECIVE: (0)	Name change request (NEW-NAME=klk)
PRIVAT: (0)	Name change approved (NEW-NAME=klk)
PUBLIC: (ALL)	Player name change (ID=0, NEW-NAME=klk)
RECIVE: (0)	Name change request (NEW-NAME=)
PRIVAT: (0)	Name change rejected (REJECTED-NAME=, REASON=1)
PRIVAT: (0)	Name change approved (NEW-NAME=Krzem)
PUBLIC: (ALL)	Player name change (ID=0, NEW-NAME=Krzem)
PUBLIC: (ALL)	Server closed (REASON=)
RECIVE: (0)	Player disconnect request
PUBLIC: (ALL)	Server leave notification (ID=0)
PUBLIC: (ALL)	Player delete (ID=0)

LOG - Sun, 07 Apr 2019 12:11:07

JOIN: (0)	192.168.178.65 (NAME=Krzem, ID=0)
PRIVAT: (0)	Default name & id setup (ID=0, DEFAULT-NAME=Krzem)
PUBLIC: (ALL)	Player data (ID=0, NAME=Krzem, X=5000, Y=5000, ROT=0)
PUBLIC: (ALL)	Server join notification (ID=0)
PRIVATE: (192.168.178.65)	IPv4 already connected (IPv4=192.168.178.65)
RECIVE: (192.168.178.65)	Player disconnect request
PUBLIC: (ALL)	Server closed (REASON=)
RECIVE: (0)	Player disconnect request
PUBLIC: (ALL)	Server leave notification (ID=0)
PUBLIC: (ALL)	Player delete (ID=0)

LOG - Sun, 07 Apr 2019 12:13:45

JOIN: (0)	192.168.178.65 (NAME=Krzem, ID=0)
PRIVAT: (0)	Default name & id setup (ID=0, DEFAULT-NAME=Krzem)
PUBLIC: (ALL)	Player data (ID=0, NAME=Krzem, X=5000, Y=5000, ROT=0)
PUBLIC: (ALL)	Server join notification (ID=0)
RECIVE: (0)	Name change request (NEW-NAME=)
PRIVAT: (0)	Name change rejected (REJECTED-NAME=, REASON=1)
PUBLIC: (ALL)	Server closed (REASON=)
RECIVE: (0)	Player disconnect request
PUBLIC: (ALL)	Server leave notification (ID=0)
PUBLIC: (ALL)	Player delete (ID=0)

LOG - Sun, 07 Apr 2019 12:21:19

JOIN: (0)	192.168.178.65 (NAME=Krzem, ID=0)
PRIVAT: (0)	Default name & id setup (ID=0, DEFAULT-NAME=Krzem)
PUBLIC: (ALL)	Player data (ID=0, NAME=Krzem, X=5000, Y=5000, ROT=0)
PUBLIC: (ALL)	Server join notification (ID=0)

LOG - Sun, 07 Apr 2019 12:22:04

PRIVATE: (192.168.178.65)	IPv4 already connected (IP=192.168.178.65)
RECIVE: (192.168.178.65)	Player disconnect request

LOG - Sun, 07 Apr 2019 12:22:25

JOIN: (0)	192.168.178.65 (NAME=Krzem, ID=0)
PRIVAT: (0)	Default name & id setup (ID=0, DEFAULT-NAME=Krzem)
PUBLIC: (ALL)	Player data (ID=0, NAME=Krzem, X=5000, Y=5000, ROT=0)
PUBLIC: (ALL)	Server join notification (ID=0)
PUBLIC: (ALL)	Server closed (REASON=)
RECIVE: (0)	Player disconnect request
PUBLIC: (ALL)	Server leave notification (ID=0)
PUBLIC: (ALL)	Player delete (ID=0)

LOG - Sun, 07 Apr 2019 12:24:22

JOIN: (0)	192.168.178.65 (NAME=Krzem, ID=0)
PRIVAT: (0)	Default name & id setup (ID=0, DEFAULT-NAME=Krzem)
PUBLIC: (ALL)	Player data (ID=0, NAME=Krzem, X=5000, Y=5000, ROT=0)
PUBLIC: (ALL)	Server join notification (ID=0)

LOG - Sun, 07 Apr 2019 12:25:23

JOIN: (0)	192.168.178.65 (NAME=Krzem, ID=0)
PRIVAT: (0)	Default name & id setup (ID=0, DEFAULT-NAME=Krzem)
PUBLIC: (ALL)	Player data (ID=0, NAME=Krzem, X=5000, Y=5000, ROT=0)
PUBLIC: (ALL)	Server join notification (ID=0)
PUBLIC: (ALL)	Server closed (REASON=)
RECIVE: (0)	Player disconnect request
PUBLIC: (ALL)	Server leave notification (ID=0)
PUBLIC: (ALL)	Player delete (ID=0)

LOG - Sun, 07 Apr 2019 12:31:53

JOIN: (0)	192.168.178.65 (NAME=Krzem, ID=0)
PRIVAT: (0)	Default name & id setup (ID=0, DEFAULT-NAME=Krzem)
PUBLIC: (ALL)	Player data (ID=0, NAME=Krzem, X=5000, Y=5000, ROT=0)
PUBLIC: (ALL)	Server join notification (ID=0)
RECIVE: (0)	Name change request (NEW-NAME=klk)
PRIVAT: (0)	Name change approved (NEW-NAME=klk)
PUBLIC: (ALL)	Player name change (ID=0, NEW-NAME=klk)
RECIVE: (0)	Name change request (NEW-NAME=)
PRIVAT: (0)	Name change rejected (REJECTED-NAME=, REASON=1)
PRIVAT: (0)	Name change approved (NEW-NAME=Kzrem)
PUBLIC: (ALL)	Player name change (ID=0, NEW-NAME=Kzrem)
PRIVAT: (0)	Name change approved (NEW-NAME=Krzem)
PUBLIC: (ALL)	Player name change (ID=0, NEW-NAME=Krzem)
RECIVE: (0)	cn
PRIVAT: (0)	nf:1
RECIVE: (0)	Name change request (NEW-NAME=)
PRIVAT: (0)	Name change rejected (REJECTED-NAME=, REASON=1)
PUBLIC: (ALL)	Server closed (REASON=)
RECIVE: (0)	Player disconnect request
PUBLIC: (ALL)	Server leave notification (ID=0)
PUBLIC: (ALL)	Player delete (ID=0)

LOG - Sun, 07 Apr 2019 12:39:40

JOIN: (0)	192.168.178.65 (NAME=Krzem, ID=0)
PRIVAT: (0)	Default name & id setup (ID=0, DEFAULT-NAME=Krzem)
PUBLIC: (ALL)	Player data (ID=0, NAME=Krzem, X=5000, Y=5000, ROT=0)
PUBLIC: (ALL)	Server join notification (ID=0)
PUBLIC: (ALL)	Player got kicked from the server (ID=0)
PRIVAT: (0)	Player got kicked from the server (ID=LOL!)
RECIVE: (0)	Player disconnect request
PUBLIC: (ALL)	Server leave notification (ID=0)
PUBLIC: (ALL)	Player delete (ID=0)

LOG - Sun, 07 Apr 2019 12:41:01

JOIN: (0)	192.168.178.65 (NAME=Krzem, ID=0)
PRIVAT: (0)	Default name & id setup (ID=0, DEFAULT-NAME=Krzem)
PUBLIC: (ALL)	Player data (ID=0, NAME=Krzem, X=5000, Y=5000, ROT=0)
PUBLIC: (ALL)	Server join notification (ID=0)
PUBLIC: (ALL)	Player got kicked from the server (REASON=0)
PRIVAT: (0)	Player got kicked from the server (ID=LOL!)
RECIVE: (0)	Player disconnect request
PUBLIC: (ALL)	Server leave notification (ID=0)
PUBLIC: (ALL)	Player delete (ID=0)

LOG - Sun, 07 Apr 2019 12:41:24

JOIN: (0)	192.168.178.65 (NAME=Krzem, ID=0)
PRIVAT: (0)	Default name & id setup (ID=0, DEFAULT-NAME=Krzem)
PUBLIC: (ALL)	Player data (ID=0, NAME=Krzem, X=5000, Y=5000, ROT=0)
PUBLIC: (ALL)	Server join notification (ID=0)
PUBLIC: (ALL)	Player got kicked from the server (ID=0)
PRIVAT: (0)	Player got kicked from the server (REASON=LOL!)
RECIVE: (0)	Player disconnect request
PUBLIC: (ALL)	Server leave notification (ID=0)
PUBLIC: (ALL)	Player delete (ID=0)
JOIN: (0)	192.168.178.65 (NAME=Krzem, ID=0)
PRIVAT: (0)	Default name & id setup (ID=0, DEFAULT-NAME=Krzem)
PUBLIC: (ALL)	Player data (ID=0, NAME=Krzem, X=5000, Y=5000, ROT=0)
PUBLIC: (ALL)	Server join notification (ID=0)
PUBLIC: (ALL)	Server closed (REASON=all)
RECIVE: (0)	Player disconnect request
PUBLIC: (ALL)	Server leave notification (ID=0)
PUBLIC: (ALL)	Player delete (ID=0)

LOG - Sun, 07 Apr 2019 12:42:26

JOIN: (0)	192.168.178.65 (NAME=Krzem, ID=0)
PRIVAT: (0)	Default name & id setup (ID=0, DEFAULT-NAME=Krzem)
PUBLIC: (ALL)	Player data (ID=0, NAME=Krzem, X=5000, Y=5000, ROT=0)
PUBLIC: (ALL)	Server join notification (ID=0)
PUBLIC: (ALL)	Server closed (REASON=)
RECIVE: (0)	Player disconnect request
PUBLIC: (ALL)	Server leave notification (ID=0)
PUBLIC: (ALL)	Player delete (ID=0)

LOG - Sun, 07 Apr 2019 12:44:11

JOIN: (0)	192.168.178.65 (NAME=Krzem, ID=0)
PRIVAT: (0)	Default name & id setup (ID=0, DEFAULT-NAME=Krzem)
PUBLIC: (ALL)	Player data (ID=0, NAME=Krzem, X=5000, Y=5000, ROT=0)
PUBLIC: (ALL)	Server join notification (ID=0)
PUBLIC: (ALL)	Server closed (REASON=)
RECIVE: (0)	Player disconnect request
PUBLIC: (ALL)	Server leave notification (ID=0)
PUBLIC: (ALL)	Player delete (ID=0)

LOG - Sun, 07 Apr 2019 12:44:29

JOIN: (0)	192.168.178.65 (NAME=Krzem, ID=0)
PRIVAT: (0)	Default name & id setup (ID=0, DEFAULT-NAME=Krzem)
PUBLIC: (ALL)	Player data (ID=0, NAME=Krzem, X=5000, Y=5000, ROT=0)
PUBLIC: (ALL)	Server join notification (ID=0)
PUBLIC: (ALL)	Server closed (REASON=)
RECIVE: (0)	Player disconnect request
PUBLIC: (ALL)	Server leave notification (ID=0)
PUBLIC: (ALL)	Player delete (ID=0)

LOG - Sun, 07 Apr 2019 12:47:16


LOG - Sun, 07 Apr 2019 12:48:32


LOG - Sun, 07 Apr 2019 12:51:24

JOIN: (0)	192.168.178.65 (NAME=Krzem, ID=0)
PRIVAT: (0)	Default name & id setup (ID=0, DEFAULT-NAME=Krzem)
PUBLIC: (ALL)	Player data (ID=0, NAME=Krzem, X=5000, Y=5000, ROT=0)
PUBLIC: (ALL)	Server join notification (ID=0)
PRIVATE: (0)	Player got banned from the server (TIME=1870001499, REASON=LOL!)
RECIVE: (0)	Player disconnect request
PUBLIC: (ALL)	Server leave notification (ID=0)
PUBLIC: (ALL)	Player delete (ID=0)

LOG - Sun, 07 Apr 2019 12:57:02


LOG - Sun, 07 Apr 2019 13:00:30

JOIN: (0)	192.168.178.65 (NAME=Krzem, ID=0)
PRIVAT: (0)	Default name & id setup (ID=0, DEFAULT-NAME=Krzem)
PUBLIC: (ALL)	Player data (ID=0, NAME=Krzem, X=5000, Y=5000, ROT=0)
PUBLIC: (ALL)	Server join notification (ID=0)
PRIVATE: (0)	Player got banned from the server (TIME=1870002050, REASON=LOLO!)
RECIVE: (0)	Player disconnect request
PUBLIC: (ALL)	Server leave notification (ID=0)
PUBLIC: (ALL)	Player delete (ID=0)
JOIN: (0)	192.168.178.65 (NAME=Krzem, ID=0)
PRIVAT: (0)	Default name & id setup (ID=0, DEFAULT-NAME=Krzem)
PUBLIC: (ALL)	Player data (ID=0, NAME=Krzem, X=5000, Y=5000, ROT=0)
PUBLIC: (ALL)	Server join notification (ID=0)
PUBLIC: (ALL)	Server leave notification (ID=0)
PUBLIC: (ALL)	Player delete (ID=0)
JOIN: (0)	192.168.178.65 (NAME=Krzem, ID=0)
PRIVAT: (0)	Default name & id setup (ID=0, DEFAULT-NAME=Krzem)
PUBLIC: (ALL)	Player data (ID=0, NAME=Krzem, X=5000, Y=5000, ROT=0)
PUBLIC: (ALL)	Server join notification (ID=0)
PUBLIC: (ALL)	Server closed (REASON=)
RECIVE: (0)	Player disconnect request
PUBLIC: (ALL)	Server leave notification (ID=0)
PUBLIC: (ALL)	Player delete (ID=0)

LOG - Sun, 07 Apr 2019 13:02:13


LOG - Sun, 07 Apr 2019 13:02:46


LOG - Sun, 07 Apr 2019 13:10:17

JOIN: (0)	192.168.178.65 (NAME=Krzem, ID=0)
PRIVAT: (0)	Default name & id setup (ID=0, DEFAULT-NAME=Krzem)
PUBLIC: (ALL)	Player data (ID=0, NAME=Krzem, X=5000, Y=5000, ROT=0)
PUBLIC: (ALL)	Server join notification (ID=0)
PUBLIC: (ALL)	Server closed (REASON=)
RECIVE: (0)	Player disconnect request
PUBLIC: (ALL)	Server leave notification (ID=0)
PUBLIC: (ALL)	Player delete (ID=0)

LOG - Sun, 07 Apr 2019 13:11:11


LOG - Sun, 07 Apr 2019 13:15:11


LOG - Sun, 07 Apr 2019 13:16:22


LOG - Sun, 07 Apr 2019 13:18:33


LOG - Sun, 07 Apr 2019 13:20:04


LOG - Sun, 07 Apr 2019 13:23:16


LOG - Sun, 07 Apr 2019 13:23:30


LOG - Sun, 07 Apr 2019 13:24:30


LOG - Sun, 07 Apr 2019 13:26:52


LOG - Sun, 07 Apr 2019 13:27:15


LOG - Sun, 07 Apr 2019 13:28:46


LOG - Sun, 07 Apr 2019 13:32:05


LOG - Sun, 07 Apr 2019 13:32:39


LOG - Sun, 07 Apr 2019 13:33:05


LOG - Sun, 07 Apr 2019 13:35:12


LOG - Sun, 07 Apr 2019 13:37:01

JOIN: (0)	192.168.178.65 (NAME=Krzem, ID=0)
PRIVAT: (0)	Default name & id setup (ID=0, DEFAULT-NAME=Krzem)
PUBLIC: (ALL)	Player data (ID=0, NAME=Krzem, X=5000, Y=5000, ROT=0)
PUBLIC: (ALL)	Server join notification (ID=0)
PUBLIC: (ALL)	Server closed (REASON=)
RECIVE: (0)	Player disconnect request
PUBLIC: (ALL)	Server leave notification (ID=0)
PUBLIC: (ALL)	Player delete (ID=0)

LOG - Sun, 07 Apr 2019 13:37:35

JOIN: (0)	192.168.178.65 (NAME=Krzem, ID=0)
PRIVAT: (0)	Default name & id setup (ID=0, DEFAULT-NAME=Krzem)
PUBLIC: (ALL)	Player data (ID=0, NAME=Krzem, X=5000, Y=5000, ROT=0)
PUBLIC: (ALL)	Server join notification (ID=0)
PUBLIC: (ALL)	Server closed (REASON=)
RECIVE: (0)	Player disconnect request
PUBLIC: (ALL)	Server leave notification (ID=0)
PUBLIC: (ALL)	Player delete (ID=0)

LOG - Sun, 07 Apr 2019 13:42:26


LOG - Sun, 07 Apr 2019 13:42:49


LOG - Sun, 07 Apr 2019 13:45:53


LOG - Sun, 07 Apr 2019 13:48:57


LOG - Sun, 07 Apr 2019 13:58:20

JOIN: (0)	192.168.178.65 (NAME=Krzem, ID=0)
PRIVAT: (0)	Default name & id setup (ID=0, DEFAULT-NAME=Krzem)
PUBLIC: (ALL)	Player data (ID=0, NAME=Krzem, X=5000, Y=5000, ROT=0)
PUBLIC: (ALL)	Server join notification (ID=0)
PUBLIC: (ALL)	Server closed (REASON=)
RECIVE: (0)	Player disconnect request
PUBLIC: (ALL)	Server leave notification (ID=0)
PUBLIC: (ALL)	Player delete (ID=0)

LOG - Sun, 07 Apr 2019 14:17:30

JOIN: (0)	192.168.178.65 (NAME=Krzem, ID=0)
PRIVAT: (0)	Default name & id setup (ID=0, DEFAULT-NAME=Krzem)
PUBLIC: (ALL)	Player data (ID=0, NAME=Krzem, X=5000, Y=5000, ROT=0)
PUBLIC: (ALL)	Server join notification (ID=0)
PUBLIC: (ALL)	Server leave notification (ID=0)
PUBLIC: (ALL)	Player delete (ID=0)
JOIN: (0)	192.168.178.65 (NAME=Krzem, ID=0)
PRIVAT: (0)	Default name & id setup (ID=0, DEFAULT-NAME=Krzem)
PUBLIC: (ALL)	Player data (ID=0, NAME=Krzem, X=5000, Y=5000, ROT=0)
PUBLIC: (ALL)	Server join notification (ID=0)
PUBLIC: (ALL)	Server leave notification (ID=0)
PUBLIC: (ALL)	Player delete (ID=0)
JOIN: (0)	192.168.178.65 (NAME=Krzem, ID=0)
PRIVAT: (0)	Default name & id setup (ID=0, DEFAULT-NAME=Krzem)
PUBLIC: (ALL)	Player data (ID=0, NAME=Krzem, X=5000, Y=5000, ROT=0)
PUBLIC: (ALL)	Server join notification (ID=0)
PUBLIC: (ALL)	Server leave notification (ID=0)
PUBLIC: (ALL)	Player delete (ID=0)
JOIN: (0)	192.168.178.65 (NAME=Krzem, ID=0)
PRIVAT: (0)	Default name & id setup (ID=0, DEFAULT-NAME=Krzem)
PUBLIC: (ALL)	Player data (ID=0, NAME=Krzem, X=5000, Y=5000, ROT=0)
PUBLIC: (ALL)	Server join notification (ID=0)
PUBLIC: (ALL)	Server closed (REASON=)
PUBLIC: (ALL)	Server closed (REASON=)
RECIVE: (0)	Player disconnect request
RECIVE: (0)	Player disconnect request
PUBLIC: (ALL)	Server leave notification (ID=0)
PUBLIC: (ALL)	Player delete (ID=0)

LOG - Sun, 07 Apr 2019 14:20:18


LOG - Sun, 07 Apr 2019 14:20:42


LOG - Sun, 07 Apr 2019 14:23:23


LOG - Sun, 07 Apr 2019 14:24:18


LOG - Sun, 07 Apr 2019 14:25:08


LOG - Sun, 07 Apr 2019 14:32:53

JOIN: (0)	192.168.178.65 (NAME=\&\&RED\&\&LOLO\&\&RESET\&\&, ID=0)
PRIVAT: (0)	Default name & id setup (ID=0, DEFAULT-NAME=\&\&RED\&\&LOLO\&\&RESET\&\&)
PUBLIC: (ALL)	Player data (ID=0, NAME=\&\&RED\&\&LOLO\&\&RESET\&\&, X=5000, Y=5000, ROT=0)
PUBLIC: (ALL)	Server join notification (ID=0)
PUBLIC: (ALL)	Player name change (ID=0, NEW-NAME=$$RED$$BOSS$$RESET$$)
PUBLIC: (ALL)	Server leave notification (ID=0)
PUBLIC: (ALL)	Player delete (ID=0)
JOIN: (0)	192.168.178.65 (NAME=$$RED$$BOSS$$RESET$$, ID=0)
PRIVAT: (0)	Default name & id setup (ID=0, DEFAULT-NAME=$$RED$$BOSS$$RESET$$)
PUBLIC: (ALL)	Player data (ID=0, NAME=$$RED$$BOSS$$RESET$$, X=5000, Y=5000, ROT=0)
PUBLIC: (ALL)	Server join notification (ID=0)
PUBLIC: (ALL)	Server closed (REASON=)
RECIVE: (0)	Player disconnect request
PUBLIC: (ALL)	Server leave notification (ID=0)
PUBLIC: (ALL)	Player delete (ID=0)

LOG - Sun, 07 Apr 2019 14:36:29

JOIN: (0)	192.168.178.65 (NAME=$$RED$$BOSS$$RESET$$, ID=0)
PRIVAT: (0)	Default name & id setup (ID=0, DEFAULT-NAME=$$RED$$BOSS$$RESET$$)
PUBLIC: (ALL)	Player data (ID=0, NAME=$$RED$$BOSS$$RESET$$, X=5000, Y=5000, ROT=0)
PUBLIC: (ALL)	Server join notification (ID=0)
PUBLIC: (ALL)	Player name change (ID=0, NEW-NAME=Krzem)
PUBLIC: (ALL)	Server closed (REASON=)
RECIVE: (0)	Player disconnect request
PUBLIC: (ALL)	Server leave notification (ID=0)
PUBLIC: (ALL)	Player delete (ID=0)

LOG - Sun, 07 Apr 2019 14:38:05

JOIN: (0)	192.168.178.65 (NAME=Krzem, ID=0)
PRIVAT: (0)	Default name & id setup (ID=0, DEFAULT-NAME=Krzem)
PUBLIC: (ALL)	Player data (ID=0, NAME=Krzem, X=5000, Y=5000, ROT=0)
PUBLIC: (ALL)	Server join notification (ID=0)
PUBLIC: (ALL)	Player got kicked from the server (ID=0)
PRIVAT: (0)	Player got kicked from the server (REASON=)
RECIVE: (0)	Player disconnect request
PUBLIC: (ALL)	Server leave notification (ID=0)
PUBLIC: (ALL)	Player delete (ID=0)
JOIN: (0)	192.168.178.65 (NAME=asdf, ID=0)
PRIVAT: (0)	Default name & id setup (ID=0, DEFAULT-NAME=asdf)
PUBLIC: (ALL)	Player data (ID=0, NAME=asdf, X=5000, Y=5000, ROT=0)
PUBLIC: (ALL)	Server join notification (ID=0)
PUBLIC: (ALL)	Player name change (ID=0, NEW-NAME=Krzem)
PUBLIC: (ALL)	Player name change (ID=0, NEW-NAME=lolo)
PUBLIC: (ALL)	Server closed (REASON=)
RECIVE: (0)	Player disconnect request
PUBLIC: (ALL)	Server leave notification (ID=0)
PUBLIC: (ALL)	Player delete (ID=0)

LOG - Sun, 07 Apr 2019 14:46:39


LOG - Sun, 07 Apr 2019 14:47:13

JOIN: (0)	192.168.178.65 (NAME=lolo, ID=0)
PRIVAT: (0)	Default name & id setup (ID=0, DEFAULT-NAME=lolo)
PUBLIC: (ALL)	Player data (ID=0, NAME=lolo, X=5000, Y=5000, ROT=0)
PUBLIC: (ALL)	Server join notification (ID=0)
PUBLIC: (ALL)	Server closed (REASON=all)
RECIVE: (0)	Player disconnect request
PUBLIC: (ALL)	Server leave notification (ID=0)
PUBLIC: (ALL)	Player delete (ID=0)

LOG - Sun, 07 Apr 2019 14:51:02

JOIN: (0)	192.168.178.65 (NAME=BOSS, ID=0)
PRIVAT: (0)	Default name & id setup (ID=0, DEFAULT-NAME=BOSS)
PUBLIC: (ALL)	Player data (ID=0, NAME=BOSS, X=5000, Y=5000, ROT=0)
PUBLIC: (ALL)	Server join notification (ID=0)
PUBLIC: (ALL)	Player name change (ID=0, NEW-NAME=BOSS)
PUBLIC: (ALL)	Player name change (ID=0, NEW-NAME=BOSS)
PUBLIC: (ALL)	Player name change (ID=0, NEW-NAME=BOSS)
PUBLIC: (ALL)	Player name change (ID=0, NEW-NAME=$BOSS$)
PUBLIC: (ALL)	Player name change (ID=0, NEW-NAME=$BOSS$)
PUBLIC: (ALL)	Player name change (ID=0, NEW-NAME=$BOSS$)
PUBLIC: (ALL)	Player name change (ID=0, NEW-NAME=$BOSS$)
PUBLIC: (ALL)	Player name change (ID=0, NEW-NAME=$BOSS$)
PUBLIC: (ALL)	Player name change (ID=0, NEW-NAME=$BOSS$)
PUBLIC: (ALL)	Server closed (REASON=)
RECIVE: (0)	Player disconnect request
PUBLIC: (ALL)	Server leave notification (ID=0)
PUBLIC: (ALL)	Player delete (ID=0)

LOG - Sun, 07 Apr 2019 14:57:38

JOIN: (0)	192.168.178.65 (NAME=$BOSS$, ID=0)
PRIVAT: (0)	Default name & id setup (ID=0, DEFAULT-NAME=$BOSS$)
PUBLIC: (ALL)	Player data (ID=0, NAME=$BOSS$, X=5000, Y=5000, ROT=0)
PUBLIC: (ALL)	Server join notification (ID=0)
PUBLIC: (ALL)	Player name change (ID=0, NEW-NAME=$$BOSS$$)
PUBLIC: (ALL)	Player name change (ID=0, NEW-NAME=$$BOSS$$)
PUBLIC: (ALL)	Player name change (ID=0, NEW-NAME=$$BOSS$$)
PUBLIC: (ALL)	Player name change (ID=0, NEW-NAME=$$BOSS$$)
PUBLIC: (ALL)	Player name change (ID=0, NEW-NAME=$$BOSS$$)
PUBLIC: (ALL)	Player name change (ID=0, NEW-NAME=$$BOSS$$)
PUBLIC: (ALL)	Player name change (ID=0, NEW-NAME=$$BOSS$$)
PUBLIC: (ALL)	Player name change (ID=0, NEW-NAME=$$BOSS$$)
PUBLIC: (ALL)	Player name change (ID=0, NEW-NAME=$$BOSS$$)
PUBLIC: (ALL)	Player name change (ID=0, NEW-NAME=$$BOSS$$)
PUBLIC: (ALL)	Player name change (ID=0, NEW-NAME=$$BOSS$$)
PUBLIC: (ALL)	Server closed (REASON=)
RECIVE: (0)	Player disconnect request
PUBLIC: (ALL)	Server leave notification (ID=0)
PUBLIC: (ALL)	Player delete (ID=0)

LOG - Sun, 07 Apr 2019 15:05:29

JOIN: (0)	192.168.178.65 (NAME=YELLOW,bWHITE,BRIGHT$$NORMAL,YELLOWBOSSBRIGHT$$RESET_ALL, ID=0)
PRIVAT: (0)	Default name & id setup (ID=0, DEFAULT-NAME=YELLOW,bWHITE,BRIGHT$$NORMAL,YELLOWBOSSBRIGHT$$RESET_ALL)
PUBLIC: (ALL)	Player data (ID=0, NAME=YELLOW,bWHITE,BRIGHT$$NORMAL,YELLOWBOSSBRIGHT$$RESET_ALL, X=5000, Y=5000, ROT=0)
PUBLIC: (ALL)	Server join notification (ID=0)
PUBLIC: (ALL)	Player name change (ID=0, NEW-NAME=$$BOSS$$)
PUBLIC: (ALL)	Server closed (REASON=)
RECIVE: (0)	Player disconnect request
PUBLIC: (ALL)	Server leave notification (ID=0)
PUBLIC: (ALL)	Player delete (ID=0)

LOG - Sun, 07 Apr 2019 15:10:00

PRIVATE: (192.168.178.65)	IPv4 already connected (IP=192.168.178.65)
RECIVE: (192.168.178.65)	Player disconnect request

LOG - Sun, 07 Apr 2019 15:11:10

JOIN: (0)	192.168.178.65 (NAME=YELLOW,bWHITE,BRIGHT$$NORMAL,YELLOWBOSSBRIGHT$$RESET_ALL, ID=0)
PRIVAT: (0)	Default name & id setup (ID=0, DEFAULT-NAME=YELLOW,bWHITE,BRIGHT$$NORMAL,YELLOWBOSSBRIGHT$$RESET_ALL)
PUBLIC: (ALL)	Player data (ID=0, NAME=YELLOW,bWHITE,BRIGHT$$NORMAL,YELLOWBOSSBRIGHT$$RESET_ALL, X=5000, Y=5000, ROT=0)
PUBLIC: (ALL)	Server join notification (ID=0)
PUBLIC: (ALL)	Server leave notification (ID=0)
PUBLIC: (ALL)	Player delete (ID=0)
JOIN: (0)	192.168.178.65 (NAME=YELLOW,bWHITE,BRIGHT$$NORMAL,YELLOWBOSSBRIGHT$$RESET_ALL, ID=0)
PRIVAT: (0)	Default name & id setup (ID=0, DEFAULT-NAME=YELLOW,bWHITE,BRIGHT$$NORMAL,YELLOWBOSSBRIGHT$$RESET_ALL)
PUBLIC: (ALL)	Player data (ID=0, NAME=YELLOW,bWHITE,BRIGHT$$NORMAL,YELLOWBOSSBRIGHT$$RESET_ALL, X=5000, Y=5000, ROT=0)
PUBLIC: (ALL)	Server join notification (ID=0)
PUBLIC: (ALL)	Server closed (REASON=)
RECIVE: (0)	Player disconnect request
PUBLIC: (ALL)	Server leave notification (ID=0)
PUBLIC: (ALL)	Player delete (ID=0)

LOG - Sun, 07 Apr 2019 15:15:14


LOG - Sun, 07 Apr 2019 15:17:48

JOIN: (0)	192.168.178.65 (NAME=YELLOW,bWHITE,BRIGHT$$NORMAL,YELLOWBOSSBRIGHT$$RESET_ALL, ID=0)
PRIVAT: (0)	Default name & id setup (ID=0, DEFAULT-NAME=YELLOW,bWHITE,BRIGHT$$NORMAL,YELLOWBOSSBRIGHT$$RESET_ALL)
PUBLIC: (ALL)	Player data (ID=0, NAME=YELLOW,bWHITE,BRIGHT$$NORMAL,YELLOWBOSSBRIGHT$$RESET_ALL, X=5000, Y=5000, ROT=0)
PUBLIC: (ALL)	Server join notification (ID=0)
PUBLIC: (ALL)	Server closed (REASON=)
RECIVE: (0)	Player disconnect request
PUBLIC: (ALL)	Server leave notification (ID=0)
PUBLIC: (ALL)	Player delete (ID=0)

LOG - Sun, 07 Apr 2019 15:20:01


LOG - Sun, 07 Apr 2019 15:20:37

JOIN: (0)	192.168.178.65 (NAME=YELLOW,bWHITE,BRIGHT$$NORMAL,YELLOWBOSSBRIGHT$$RESET_ALL, ID=0)
PRIVAT: (0)	Default name & id setup (ID=0, DEFAULT-NAME=YELLOW,bWHITE,BRIGHT$$NORMAL,YELLOWBOSSBRIGHT$$RESET_ALL)
PUBLIC: (ALL)	Player data (ID=0, NAME=YELLOW,bWHITE,BRIGHT$$NORMAL,YELLOWBOSSBRIGHT$$RESET_ALL, X=5000, Y=5000, ROT=0)
PUBLIC: (ALL)	Server join notification (ID=0)
PUBLIC: (ALL)	Player name change (ID=0, NEW-NAME=$$BOSS$$)
PUBLIC: (ALL)	Player name change (ID=0, NEW-NAME=$$BOSS$$)
PUBLIC: (ALL)	Server closed (REASON=)
RECIVE: (0)	Player disconnect request
PUBLIC: (ALL)	Server leave notification (ID=0)
PUBLIC: (ALL)	Player delete (ID=0)

LOG - Sun, 07 Apr 2019 15:22:12

JOIN: (0)	192.168.178.65 (NAME=$$BOSS$$, ID=0)
PRIVAT: (0)	Default name & id setup (ID=0, DEFAULT-NAME=$$BOSS$$)
PUBLIC: (ALL)	Player data (ID=0, NAME=$$BOSS$$, X=5000, Y=5000, ROT=0)
PUBLIC: (ALL)	Server join notification (ID=0)
PUBLIC: (ALL)	Player name change (ID=0, NEW-NAME=$$BOSS$$)
JOIN: (2)	192.168.178.43 (NAME=iPhone, ID=2)
PRIVAT: (2)	Default name & id setup (ID=2, DEFAULT-NAME=iPhone)
PRIVAT: (2)	Player data (ID=0, NAME=$$BOSS$$, X=5000, Y=5000, ROT=0)
PUBLIC: (ALL)	Player data (ID=2, NAME=iPhone, X=5000, Y=5000, ROT=0)
PUBLIC: (ALL)	Server join notification (ID=2)
PUBLIC: (ALL)	Server leave notification (ID=2)
PUBLIC: (ALL)	Player delete (ID=2)
PUBLIC: (ALL)	Server closed (REASON=L.)
RECIVE: (0)	Player disconnect request
PUBLIC: (ALL)	Server leave notification (ID=0)
PUBLIC: (ALL)	Player delete (ID=0)

LOG - Sun, 07 Apr 2019 15:47:35

JOIN: (0)	192.168.178.65 (NAME=$$BOSS$$, ID=0)
PRIVAT: (0)	Default name & id setup (ID=0, DEFAULT-NAME=$$BOSS$$)
PUBLIC: (ALL)	Player data (ID=0, NAME=$$BOSS$$, X=5000, Y=5000, ROT=0)
PUBLIC: (ALL)	Server join notification (ID=0)
PUBLIC: (ALL)	Server leave notification (ID=0)
PUBLIC: (ALL)	Player delete (ID=0)
JOIN: (0)	192.168.178.65 (NAME=$$BOSS$$, ID=0)
PRIVAT: (0)	Default name & id setup (ID=0, DEFAULT-NAME=$$BOSS$$)
PUBLIC: (ALL)	Player data (ID=0, NAME=$$BOSS$$, X=5000, Y=5000, ROT=0)
PUBLIC: (ALL)	Server join notification (ID=0)
PUBLIC: (ALL)	Server leave notification (ID=0)
PUBLIC: (ALL)	Player delete (ID=0)
