LOG - Tue, 12 Mar 2019 20:05:24

PRIVAT:	Default name & id setup (ID=0, DEFAULT-NAME=Player #1)
PUBLIC:	Player data (ID=0, NAME=Player #1, X=300, Y=300)
PUBLIC:	Server join notification (ID=0)
PRIVAT:	Default name & id setup (ID=1, DEFAULT-NAME=Player #2)
PRIVAT:	Player data (ID=0, NAME=Player #1, X=300, Y=300)
PUBLIC:	Player data (ID=1, NAME=Player #2, X=300, Y=300)
PUBLIC:	Server join notification (ID=1)
PRIVAT:	Default name & id setup (ID=2, DEFAULT-NAME=Player #3)
PRIVAT:	Player data (ID=0, NAME=Player #1, X=300, Y=300)
PRIVAT:	Player data (ID=1, NAME=Player #2, X=300, Y=300)
PUBLIC:	Player data (ID=2, NAME=Player #3, X=300, Y=300)
PUBLIC:	Server join notification (ID=2)

LOG - Tue, 12 Mar 2019 20:06:44

PRIVAT:	Default name & id setup (ID=0, DEFAULT-NAME=Player #1)
PUBLIC:	Player data (ID=0, NAME=Player #1, X=300, Y=300)
PUBLIC:	Server join notification (ID=0)
PRIVAT:	Default name & id setup (ID=1, DEFAULT-NAME=Player #2)
PRIVAT:	Player data (ID=0, NAME=Player #1, X=300, Y=300)
PUBLIC:	Player data (ID=1, NAME=Player #2, X=300, Y=300)
PUBLIC:	Server join notification (ID=1)
PRIVAT:	Default name & id setup (ID=2, DEFAULT-NAME=Player #3)
PRIVAT:	Player data (ID=0, NAME=Player #1, X=300, Y=300)
PRIVAT:	Player data (ID=1, NAME=Player #2, X=300, Y=300)
PUBLIC:	Player data (ID=2, NAME=Player #3, X=300, Y=300)
PUBLIC:	Server join notification (ID=2)
PUBLIC:	Server leave notification (ID=0)
PUBLIC:	Player delete (ID=0)
PUBLIC:	Server leave notification (ID=1)
PUBLIC:	Player delete (ID=1)
PUBLIC:	Server leave notification (ID=2)
PUBLIC:	Player delete (ID=2)

LOG - Tue, 12 Mar 2019 20:09:38

PRIVAT:	Default name & id setup (ID=0, DEFAULT-NAME=Player #1)
PUBLIC:	Player data (ID=0, NAME=Player #1, X=300, Y=300)
PUBLIC:	Server join notification (ID=0)

LOG - Tue, 12 Mar 2019 20:12:39

PRIVAT:	Default name & id setup (ID=0, DEFAULT-NAME=Player #1)
PUBLIC:	Player data (ID=0, NAME=Player #1, X=300, Y=300)
PUBLIC:	Server join notification (ID=0)

LOG - Tue, 12 Mar 2019 20:14:17

PRIVAT:	sn0:Player #1
PUBLIC:	sd0:Player #1:300:300
PUBLIC:	jn0

LOG - Tue, 12 Mar 2019 20:14:28

PRIVAT:	Default name & id setup (ID=0, DEFAULT-NAME=Player #1)
PUBLIC:	Player data (ID=0, NAME=Player #1, X=300, Y=300)
PUBLIC:	Server join notification (ID=0)
PRIVAT:	Default name & id setup (ID=1, DEFAULT-NAME=Player #2)
PRIVAT:	Player data (ID=0, NAME=Player #1, X=300, Y=300)
PUBLIC:	Player data (ID=1, NAME=Player #2, X=300, Y=300)
PUBLIC:	Server join notification (ID=1)
PRIVAT:	Default name & id setup (ID=2, DEFAULT-NAME=Player #3)
PRIVAT:	Player data (ID=0, NAME=Player #1, X=300, Y=300)
PRIVAT:	Player data (ID=1, NAME=Player #2, X=300, Y=300)
PUBLIC:	Player data (ID=2, NAME=Player #3, X=300, Y=300)
PUBLIC:	Server join notification (ID=2)
RECIVE:	Name change request (NEW-NAME=Player #2)
PRIVAT:	Name change rejected (REJECTED-NAME=Player #2, REASON=2)
RECIVE:	Name change request (NEW-NAME=AC)
PRIVAT:	Name change rejected (REJECTED-NAME=AC, REASON=0)
RECIVE:	Name change request (NEW-NAME=Au5jr78erduhj34ew9q8eis34ejw9r8eiu32jewre8iu3w)
PRIVAT:	Name change rejected (REJECTED-NAME=Au5jr78erduhj34ew9q8eis34ejw9r8eiu32jewre8iu3w, REASON=1)
RECIVE:	Name change request (NEW-NAME=xXCool_PlayerXx)
PRIVAT:	Name change approved (NEW-NAME=xXCool_PlayerXx)
PUBLIC:	Player name change (ID=2, NEW-NAME=xXCool_PlayerXx)

LOG - Tue, 12 Mar 2019 20:18:49

PRIVAT:	Default name & id setup (ID=0, DEFAULT-NAME=Player #1)
PUBLIC:	Player data (ID=0, NAME=Player #1, X=300, Y=300)
PUBLIC:	Server join notification (ID=0)
PRIVAT:	Default name & id setup (ID=1, DEFAULT-NAME=Player #2)
PRIVAT:	Player data (ID=0, NAME=Player #1, X=300, Y=300)
PUBLIC:	Player data (ID=1, NAME=Player #2, X=300, Y=300)
PUBLIC:	Server join notification (ID=1)
PRIVAT:	Default name & id setup (ID=2, DEFAULT-NAME=Player #3)
PRIVAT:	Player data (ID=0, NAME=Player #1, X=300, Y=300)
PRIVAT:	Player data (ID=1, NAME=Player #2, X=300, Y=300)
PUBLIC:	Player data (ID=2, NAME=Player #3, X=300, Y=300)
PUBLIC:	Server join notification (ID=2)
RECIVE:	Name change request (NEW-NAME=hdu4eo)
PRIVAT:	Name change approved (NEW-NAME=hdu4eo)
PUBLIC:	Player name change (ID=1, NEW-NAME=hdu4eo)
RECIVE:	Name change request (NEW-NAME=AB)
PRIVAT:	Name change rejected (REJECTED-NAME=AB, REASON=0)
RECIVE:	Name change request (NEW-NAME=AButreie8tr948ioe903i2eks9oqwiek9se0wqoseps)
PRIVAT:	Name change rejected (REJECTED-NAME=AButreie8tr948ioe903i2eks9oqwiek9se0wqoseps, REASON=1)
RECIVE:	Name change request (NEW-NAME=Player #1)
PRIVAT:	Name change rejected (REJECTED-NAME=Player #1, REASON=2)

LOG - Tue, 12 Mar 2019 20:39:21

PRIVAT:	Default name & id setup (ID=0, DEFAULT-NAME=Player #1)
PUBLIC:	Player data (ID=0, NAME=Player #1, X=300, Y=300)
PUBLIC:	Server join notification (ID=0)
PRIVAT:	Default name & id setup (ID=1, DEFAULT-NAME=Player #2)
PRIVAT:	Player data (ID=0, NAME=Player #1, X=300, Y=300)
PUBLIC:	Player data (ID=1, NAME=Player #2, X=300, Y=300)
PUBLIC:	Server join notification (ID=1)
PRIVAT:	Default name & id setup (ID=2, DEFAULT-NAME=Player #3)
PRIVAT:	Player data (ID=0, NAME=Player #1, X=300, Y=300)
PRIVAT:	Player data (ID=1, NAME=Player #2, X=300, Y=300)
PUBLIC:	Player data (ID=2, NAME=Player #3, X=300, Y=300)
PUBLIC:	Server join notification (ID=2)
PUBLIC:	Server leave notification (ID=2)
PUBLIC:	Player delete (ID=2)
PRIVAT:	Default name & id setup (ID=3, DEFAULT-NAME=Player #3)
PRIVAT:	Player data (ID=0, NAME=Player #1, X=300, Y=300)
PRIVAT:	Player data (ID=1, NAME=Player #2, X=300, Y=300)
PUBLIC:	Player data (ID=3, NAME=Player #3, X=300, Y=300)
PUBLIC:	Server join notification (ID=3)
PUBLIC:	Server leave notification (ID=0)
PUBLIC:	Player delete (ID=0)
PRIVAT:	Default name & id setup (ID=4, DEFAULT-NAME=Player #1)
PRIVAT:	Player data (ID=1, NAME=Player #2, X=300, Y=300)
PRIVAT:	Player data (ID=3, NAME=Player #3, X=300, Y=300)
PUBLIC:	Player data (ID=4, NAME=Player #1, X=300, Y=300)
PUBLIC:	Server join notification (ID=4)
PUBLIC:	Server leave notification (ID=1)
PUBLIC:	Player delete (ID=1)
PRIVAT:	Default name & id setup (ID=5, DEFAULT-NAME=Player #2)
PRIVAT:	Player data (ID=3, NAME=Player #3, X=300, Y=300)
PRIVAT:	Player data (ID=4, NAME=Player #1, X=300, Y=300)
PUBLIC:	Player data (ID=5, NAME=Player #2, X=300, Y=300)
PUBLIC:	Server join notification (ID=5)
RECIVE:	Name change request (NEW-NAME=Player #3)
PRIVAT:	Name change rejected (REJECTED-NAME=Player #3, REASON=2)

LOG - Tue, 12 Mar 2019 20:41:00

PRIVAT:	Default name & id setup (ID=0, DEFAULT-NAME=Player #1)
PRIVAT:	Default name & id setup (ID=1, DEFAULT-NAME=Player #2)
PRIVAT:	Player data (ID=1, NAME=Player #2, X=300, Y=300)
PRIVAT:	Player data (ID=0, NAME=Player #1, X=300, Y=300)
PUBLIC:	Player data (ID=0, NAME=Player #1, X=300, Y=300)
PUBLIC:	Player data (ID=1, NAME=Player #2, X=300, Y=300)
PUBLIC:	Server join notification (ID=0)
PUBLIC:	Server join notification (ID=1)
PRIVAT:	Default name & id setup (ID=2, DEFAULT-NAME=Player #3)
PRIVAT:	Player data (ID=0, NAME=Player #1, X=300, Y=300)
PRIVAT:	Player data (ID=1, NAME=Player #2, X=300, Y=300)
PUBLIC:	Player data (ID=2, NAME=Player #3, X=300, Y=300)
PUBLIC:	Server join notification (ID=2)
PUBLIC:	Server leave notification (ID=1)
PUBLIC:	Player delete (ID=1)
PRIVAT:	Default name & id setup (ID=3, DEFAULT-NAME=Player #2)
PRIVAT:	Player data (ID=0, NAME=Player #1, X=300, Y=300)
PRIVAT:	Player data (ID=2, NAME=Player #3, X=300, Y=300)
PUBLIC:	Player data (ID=3, NAME=Player #2, X=300, Y=300)
PUBLIC:	Server join notification (ID=3)
PUBLIC:	Server leave notification (ID=0)
PUBLIC:	Player delete (ID=0)
PRIVAT:	Default name & id setup (ID=4, DEFAULT-NAME=Player #1)
PRIVAT:	Player data (ID=2, NAME=Player #3, X=300, Y=300)
PRIVAT:	Player data (ID=3, NAME=Player #2, X=300, Y=300)
PUBLIC:	Player data (ID=4, NAME=Player #1, X=300, Y=300)
PUBLIC:	Server join notification (ID=4)
PUBLIC:	Server leave notification (ID=2)
PUBLIC:	Player delete (ID=2)
PRIVAT:	Default name & id setup (ID=5, DEFAULT-NAME=Player #3)
PRIVAT:	Player data (ID=3, NAME=Player #2, X=300, Y=300)
PRIVAT:	Player data (ID=4, NAME=Player #1, X=300, Y=300)
PUBLIC:	Player data (ID=5, NAME=Player #3, X=300, Y=300)
PUBLIC:	Server join notification (ID=5)
RECIVE:	Name change request (NEW-NAME=Player #2)
PRIVAT:	Name change rejected (REJECTED-NAME=Player #2, REASON=0)
RECIVE:	Name change request (NEW-NAME=A)
PRIVAT:	Name change rejected (REJECTED-NAME=A, REASON=1)
RECIVE:	Name change request (NEW-NAME=y5t7r349898esi23wq8ed9s8i2ew8rdu92eiw8re9de8ws)
PRIVAT:	Name change rejected (REJECTED-NAME=y5t7r349898esi23wq8ed9s8i2ew8rdu92eiw8re9de8ws, REASON=2)
RECIVE:	Name change request (NEW-NAME=Player #1)
PRIVAT:	Name change rejected (REJECTED-NAME=Player #1, REASON=3)
RECIVE:	Name change request (NEW-NAME=xX_Super_MC_7658_Xx)
PRIVAT:	Name change approved (NEW-NAME=xX_Super_MC_7658_Xx)
PUBLIC:	Player name change (ID=3, NEW-NAME=xX_Super_MC_7658_Xx)
RECIVE:	Player position change (NEW-X=10, NEW-Y=1)
PUBLIC:	Server leave notification (ID=4)
PUBLIC:	Player delete (ID=4)
PUBLIC:	Server leave notification (ID=5)
PUBLIC:	Player delete (ID=5)
PUBLIC:	Server leave notification (ID=3)
PUBLIC:	Player delete (ID=3)
