LOG - Sun, 14 Apr 2019 09:55:52

JOIN: (0)	192.168.178.65 (NAME=Krzem, ID=0)
PRIVAT: (0)	Default name & id setup (ID=0, DEFAULT-NAME=Krzem)
PUBLIC: (ALL)	Player data (ID=0, NAME=Krzem, X=25000, Y=25000, ROT=0)
PUBLIC: (ALL)	Server join notification (ID=0)
PUBLIC: (ALL)	Server closed (REASON=)
RECIVE: (0)	Player disconnect request
PUBLIC: (ALL)	Server leave notification (ID=0)
PUBLIC: (ALL)	Player delete (ID=0)

LOG - Sun, 14 Apr 2019 09:59:26

JOIN: (0)	192.168.178.65 (NAME=Krzem, ID=0)
PRIVAT: (0)	Default name & id setup (ID=0, DEFAULT-NAME=Krzem)
PUBLIC: (ALL)	Player data (ID=0, NAME=Krzem, X=25000, Y=25000, ROT=0)
PUBLIC: (ALL)	Server join notification (ID=0)
PUBLIC: (ALL)	Server leave notification (ID=0)
PUBLIC: (ALL)	Player delete (ID=0)
JOIN: (0)	192.168.178.65 (NAME=Krzem, ID=0)
PRIVAT: (0)	Default name & id setup (ID=0, DEFAULT-NAME=Krzem)
PUBLIC: (ALL)	Player data (ID=0, NAME=Krzem, X=25000, Y=25000, ROT=0)
PUBLIC: (ALL)	Server join notification (ID=0)
PUBLIC: (ALL)	Server closed (REASON=)
RECIVE: (0)	Player disconnect request
PUBLIC: (ALL)	Server leave notification (ID=0)
PUBLIC: (ALL)	Player delete (ID=0)

LOG - Sun, 14 Apr 2019 10:00:24

JOIN: (0)	192.168.178.65 (NAME=Krzem, ID=0)
PRIVAT: (0)	Default name & id setup (ID=0, DEFAULT-NAME=Krzem)
PUBLIC: (ALL)	Player data (ID=0, NAME=Krzem, X=25000, Y=25000, ROT=0)
PUBLIC: (ALL)	Server join notification (ID=0)
PUBLIC: (ALL)	Server leave notification (ID=0)
PUBLIC: (ALL)	Player delete (ID=0)

LOG - Sun, 14 Apr 2019 16:09:04

JOIN: (0)	192.168.178.65 (NAME=Krzem, ID=0)
PRIVAT: (0)	Default name & id setup (ID=0, DEFAULT-NAME=Krzem)
PUBLIC: (ALL)	Player data (ID=0, NAME=Krzem, X=25000, Y=25000, ROT=0)
PUBLIC: (ALL)	Server join notification (ID=0)
PUBLIC: (ALL)	Server closed (REASON=')
RECIVE: (0)	Player disconnect request
PUBLIC: (ALL)	Server leave notification (ID=0)
PUBLIC: (ALL)	Player delete (ID=0)

LOG - Sun, 14 Apr 2019 16:11:01

JOIN: (0)	192.168.178.65 (NAME=Krzem, ID=0)
PRIVAT: (0)	Default name & id setup (ID=0, DEFAULT-NAME=Krzem)
PUBLIC: (ALL)	Player data (ID=0, NAME=Krzem, X=25000, Y=25000, ROT=0)
PUBLIC: (ALL)	Server join notification (ID=0)
PUBLIC: (ALL)	Server closed (REASON=)
RECIVE: (0)	Player disconnect request
PUBLIC: (ALL)	Server leave notification (ID=0)
PUBLIC: (ALL)	Player delete (ID=0)

LOG - Sun, 14 Apr 2019 16:12:25

JOIN: (0)	192.168.178.65 (NAME=Krzem, ID=0)
PRIVAT: (0)	Default name & id setup (ID=0, DEFAULT-NAME=Krzem)
PUBLIC: (ALL)	Player data (ID=0, NAME=Krzem, X=25000, Y=25000, ROT=0)
PUBLIC: (ALL)	Server join notification (ID=0)
PUBLIC: (ALL)	Server leave notification (ID=0)
PUBLIC: (ALL)	Player delete (ID=0)
JOIN: (0)	192.168.178.65 (NAME=Krzem, ID=0)
PRIVAT: (0)	Default name & id setup (ID=0, DEFAULT-NAME=Krzem)
PUBLIC: (ALL)	Player data (ID=0, NAME=Krzem, X=25000, Y=25000, ROT=0)
PUBLIC: (ALL)	Server join notification (ID=0)
PUBLIC: (ALL)	Server closed (REASON=)
RECIVE: (0)	Player disconnect request
PUBLIC: (ALL)	Server leave notification (ID=0)
PUBLIC: (ALL)	Player delete (ID=0)

LOG - Sun, 14 Apr 2019 16:16:34

JOIN: (0)	192.168.178.65 (NAME=Krzem, ID=0)
PRIVAT: (0)	Default name & id setup (ID=0, DEFAULT-NAME=Krzem)
PUBLIC: (ALL)	Player data (ID=0, NAME=Krzem, X=25000, Y=25000, ROT=0)
PUBLIC: (ALL)	Server join notification (ID=0)
PUBLIC: (ALL)	Server closed (REASON=)
RECIVE: (0)	Player disconnect request
PUBLIC: (ALL)	Server leave notification (ID=0)
PUBLIC: (ALL)	Player delete (ID=0)

LOG - Sun, 14 Apr 2019 16:19:28

JOIN: (0)	192.168.178.65 (NAME=Krzem, ID=0)
PRIVAT: (0)	Default name & id setup (ID=0, DEFAULT-NAME=Krzem)
PUBLIC: (ALL)	Player data (ID=0, NAME=Krzem, X=25000, Y=25000, ROT=0)
PUBLIC: (ALL)	Server join notification (ID=0)
PUBLIC: (ALL)	Server closed (REASON=)
RECIVE: (0)	Player disconnect request
PUBLIC: (ALL)	Server leave notification (ID=0)
PUBLIC: (ALL)	Player delete (ID=0)

LOG - Sun, 14 Apr 2019 16:25:01

JOIN: (0)	192.168.178.65 (NAME=Krzem, ID=0)
PRIVAT: (0)	Default name & id setup (ID=0, DEFAULT-NAME=Krzem)
PUBLIC: (ALL)	Player data (ID=0, NAME=Krzem, X=25000, Y=25000, ROT=0)
PUBLIC: (ALL)	Server join notification (ID=0)
PUBLIC: (ALL)	Server closed (REASON=)
RECIVE: (0)	Player disconnect request
PUBLIC: (ALL)	Server leave notification (ID=0)
PUBLIC: (ALL)	Player delete (ID=0)

LOG - Sun, 14 Apr 2019 16:26:11

JOIN: (0)	192.168.178.65 (NAME=Krzem, ID=0)
PRIVAT: (0)	Default name & id setup (ID=0, DEFAULT-NAME=Krzem)
PUBLIC: (ALL)	Player data (ID=0, NAME=Krzem, X=25000, Y=25000, ROT=0)
PUBLIC: (ALL)	Server join notification (ID=0)
PUBLIC: (ALL)	Server leave notification (ID=0)
PUBLIC: (ALL)	Player delete (ID=0)
JOIN: (0)	192.168.178.65 (NAME=Krzem, ID=0)
PRIVAT: (0)	Default name & id setup (ID=0, DEFAULT-NAME=Krzem)
PUBLIC: (ALL)	Player data (ID=0, NAME=Krzem, X=25000, Y=25000, ROT=0)
PUBLIC: (ALL)	Server join notification (ID=0)
PUBLIC: (ALL)	Server closed (REASON=)
RECIVE: (0)	Player disconnect request
PUBLIC: (ALL)	Server leave notification (ID=0)
PUBLIC: (ALL)	Player delete (ID=0)

LOG - Sun, 14 Apr 2019 16:27:19

JOIN: (0)	192.168.178.65 (NAME=Krzem, ID=0)
PRIVAT: (0)	Default name & id setup (ID=0, DEFAULT-NAME=Krzem)
PUBLIC: (ALL)	Player data (ID=0, NAME=Krzem, X=25000, Y=25000, ROT=0)
PUBLIC: (ALL)	Server join notification (ID=0)
PUBLIC: (ALL)	Server closed (REASON=)
RECIVE: (0)	Player disconnect request
PUBLIC: (ALL)	Server leave notification (ID=0)
PUBLIC: (ALL)	Player delete (ID=0)

LOG - Sun, 14 Apr 2019 16:28:26

JOIN: (0)	192.168.178.65 (NAME=Krzem, ID=0)
PRIVAT: (0)	Default name & id setup (ID=0, DEFAULT-NAME=Krzem)
PUBLIC: (ALL)	Player data (ID=0, NAME=Krzem, X=25000, Y=25000, ROT=0)
PUBLIC: (ALL)	Server join notification (ID=0)
PUBLIC: (ALL)	Server closed (REASON=)
RECIVE: (0)	Player disconnect request
PUBLIC: (ALL)	Server leave notification (ID=0)
PUBLIC: (ALL)	Player delete (ID=0)

LOG - Sun, 14 Apr 2019 16:29:57

JOIN: (0)	192.168.178.65 (NAME=Krzem, ID=0)
PRIVAT: (0)	Default name & id setup (ID=0, DEFAULT-NAME=Krzem)
PUBLIC: (ALL)	Player data (ID=0, NAME=Krzem, X=15000, Y=15000, ROT=0)
PUBLIC: (ALL)	Server join notification (ID=0)
PUBLIC: (ALL)	Server closed (REASON=')
RECIVE: (0)	Player disconnect request
PUBLIC: (ALL)	Server leave notification (ID=0)
PUBLIC: (ALL)	Player delete (ID=0)

LOG - Sun, 14 Apr 2019 16:33:07

JOIN: (0)	192.168.178.65 (NAME=Krzem, ID=0)
PRIVAT: (0)	Default name & id setup (ID=0, DEFAULT-NAME=Krzem)
PUBLIC: (ALL)	Player data (ID=0, NAME=Krzem, X=15000, Y=15000, ROT=0)
PUBLIC: (ALL)	Server join notification (ID=0)
PUBLIC: (ALL)	Server closed (REASON=)
RECIVE: (0)	Player disconnect request
PUBLIC: (ALL)	Server leave notification (ID=0)
PUBLIC: (ALL)	Player delete (ID=0)

LOG - Sun, 14 Apr 2019 16:35:32

JOIN: (0)	192.168.178.65 (NAME=Krzem, ID=0)
PRIVAT: (0)	Default name & id setup (ID=0, DEFAULT-NAME=Krzem)
PUBLIC: (ALL)	Player data (ID=0, NAME=Krzem, X=15000, Y=15000, ROT=0)
PUBLIC: (ALL)	Server join notification (ID=0)
PUBLIC: (ALL)	Server leave notification (ID=0)
PUBLIC: (ALL)	Player delete (ID=0)
JOIN: (0)	192.168.178.65 (NAME=Krzem, ID=0)
PRIVAT: (0)	Default name & id setup (ID=0, DEFAULT-NAME=Krzem)
PUBLIC: (ALL)	Player data (ID=0, NAME=Krzem, X=15000, Y=15000, ROT=0)
PUBLIC: (ALL)	Server join notification (ID=0)
PUBLIC: (ALL)	Server leave notification (ID=0)
PUBLIC: (ALL)	Player delete (ID=0)
JOIN: (0)	192.168.178.65 (NAME=Krzem, ID=0)
PRIVAT: (0)	Default name & id setup (ID=0, DEFAULT-NAME=Krzem)
PUBLIC: (ALL)	Player data (ID=0, NAME=Krzem, X=15000, Y=15000, ROT=0)
PUBLIC: (ALL)	Server join notification (ID=0)
PUBLIC: (ALL)	Server closed (REASON=)
RECIVE: (0)	Player disconnect request
PUBLIC: (ALL)	Server leave notification (ID=0)
PUBLIC: (ALL)	Player delete (ID=0)

LOG - Sun, 14 Apr 2019 16:40:30

JOIN: (0)	192.168.178.65 (NAME=Krzem, ID=0)
PRIVAT: (0)	Default name & id setup (ID=0, DEFAULT-NAME=Krzem)
PUBLIC: (ALL)	Player data (ID=0, NAME=Krzem, X=15000, Y=15000, ROT=0)
PUBLIC: (ALL)	Server join notification (ID=0)
PUBLIC: (ALL)	Server closed (REASON=)
RECIVE: (0)	Player disconnect request
PUBLIC: (ALL)	Server leave notification (ID=0)
PUBLIC: (ALL)	Player delete (ID=0)

LOG - Sun, 14 Apr 2019 16:46:16


LOG - Sun, 14 Apr 2019 16:46:20


LOG - Sun, 14 Apr 2019 16:46:41


LOG - Sun, 14 Apr 2019 16:47:17

JOIN: (0)	192.168.178.65 (NAME=Krzem, ID=0)
PRIVAT: (0)	Default name & id setup (ID=0, DEFAULT-NAME=Krzem)
PUBLIC: (ALL)	Player data (ID=0, NAME=Krzem, X=15000, Y=15000, ROT=0)
PUBLIC: (ALL)	Server join notification (ID=0)
PUBLIC: (ALL)	Server closed (REASON=)
RECIVE: (0)	Player disconnect request
PUBLIC: (ALL)	Server leave notification (ID=0)
PUBLIC: (ALL)	Player delete (ID=0)

LOG - Sun, 14 Apr 2019 16:48:18

JOIN: (0)	192.168.178.65 (NAME=Krzem, ID=0)
PRIVAT: (0)	Default name & id setup (ID=0, DEFAULT-NAME=Krzem)
PUBLIC: (ALL)	Player data (ID=0, NAME=Krzem, X=15000, Y=15000, ROT=0)
PUBLIC: (ALL)	Server join notification (ID=0)
PUBLIC: (ALL)	Server closed (REASON=)
RECIVE: (0)	Player disconnect request
PUBLIC: (ALL)	Server leave notification (ID=0)
PUBLIC: (ALL)	Player delete (ID=0)

LOG - Sun, 14 Apr 2019 16:49:24

JOIN: (0)	192.168.178.65 (NAME=Krzem, ID=0)
PRIVAT: (0)	Default name & id setup (ID=0, DEFAULT-NAME=Krzem)
PUBLIC: (ALL)	Player data (ID=0, NAME=Krzem, X=15000, Y=15000, ROT=0)
PUBLIC: (ALL)	Server join notification (ID=0)
PUBLIC: (ALL)	Server closed (REASON=)
RECIVE: (0)	Player disconnect request
PUBLIC: (ALL)	Server leave notification (ID=0)
PUBLIC: (ALL)	Player delete (ID=0)

LOG - Sun, 14 Apr 2019 16:51:24


LOG - Sun, 14 Apr 2019 16:52:15


LOG - Sun, 14 Apr 2019 16:52:49

JOIN: (0)	192.168.178.65 (NAME=Krzem, ID=0)
PRIVAT: (0)	Default name & id setup (ID=0, DEFAULT-NAME=Krzem)
PUBLIC: (ALL)	Player data (ID=0, NAME=Krzem, X=15000, Y=15000, ROT=0)
PUBLIC: (ALL)	Server join notification (ID=0)
PUBLIC: (ALL)	Server closed (REASON=)
RECIVE: (0)	Player disconnect request
PUBLIC: (ALL)	Server leave notification (ID=0)
PUBLIC: (ALL)	Player delete (ID=0)

LOG - Sun, 14 Apr 2019 16:53:34

JOIN: (0)	192.168.178.65 (NAME=Krzem, ID=0)
PRIVAT: (0)	Default name & id setup (ID=0, DEFAULT-NAME=Krzem)
PUBLIC: (ALL)	Player data (ID=0, NAME=Krzem, X=15000, Y=15000, ROT=0)
PUBLIC: (ALL)	Server join notification (ID=0)
PUBLIC: (ALL)	Server closed (REASON=)
RECIVE: (0)	Player disconnect request
PUBLIC: (ALL)	Server leave notification (ID=0)
PUBLIC: (ALL)	Player delete (ID=0)

LOG - Sun, 14 Apr 2019 16:54:27

JOIN: (0)	192.168.178.65 (NAME=Krzem, ID=0)
PRIVAT: (0)	Default name & id setup (ID=0, DEFAULT-NAME=Krzem)
PUBLIC: (ALL)	Player data (ID=0, NAME=Krzem, X=15000, Y=15000, ROT=0)
PUBLIC: (ALL)	Server join notification (ID=0)
PUBLIC: (ALL)	Server closed (REASON=)
RECIVE: (0)	Player disconnect request
PUBLIC: (ALL)	Server leave notification (ID=0)
PUBLIC: (ALL)	Player delete (ID=0)

LOG - Sun, 14 Apr 2019 16:57:09

JOIN: (0)	192.168.178.65 (NAME=Krzem, ID=0)
PRIVAT: (0)	Default name & id setup (ID=0, DEFAULT-NAME=Krzem)
PUBLIC: (ALL)	Player data (ID=0, NAME=Krzem, X=15000, Y=15000, ROT=0)
PUBLIC: (ALL)	Server join notification (ID=0)
PUBLIC: (ALL)	Server closed (REASON=)
RECIVE: (0)	Player disconnect request
PUBLIC: (ALL)	Server leave notification (ID=0)
PUBLIC: (ALL)	Player delete (ID=0)

LOG - Sun, 14 Apr 2019 16:58:02


LOG - Sun, 14 Apr 2019 16:58:09

JOIN: (0)	192.168.178.65 (NAME=Krzem, ID=0)
PRIVAT: (0)	Default name & id setup (ID=0, DEFAULT-NAME=Krzem)
PUBLIC: (ALL)	Player data (ID=0, NAME=Krzem, X=15000, Y=15000, ROT=0)
PUBLIC: (ALL)	Server join notification (ID=0)
PUBLIC: (ALL)	Server closed (REASON=)
RECIVE: (0)	Player disconnect request
PUBLIC: (ALL)	Server leave notification (ID=0)
PUBLIC: (ALL)	Player delete (ID=0)

LOG - Sun, 14 Apr 2019 16:59:04

JOIN: (0)	192.168.178.65 (NAME=Krzem, ID=0)
PRIVAT: (0)	Default name & id setup (ID=0, DEFAULT-NAME=Krzem)
PUBLIC: (ALL)	Player data (ID=0, NAME=Krzem, X=15000, Y=15000, ROT=0)
PUBLIC: (ALL)	Server join notification (ID=0)
PUBLIC: (ALL)	Server closed (REASON=)
RECIVE: (0)	Player disconnect request
PUBLIC: (ALL)	Server leave notification (ID=0)
PUBLIC: (ALL)	Player delete (ID=0)

LOG - Sun, 14 Apr 2019 17:00:13

JOIN: (0)	192.168.178.65 (NAME=Krzem, ID=0)
PRIVAT: (0)	Default name & id setup (ID=0, DEFAULT-NAME=Krzem)
PUBLIC: (ALL)	Player data (ID=0, NAME=Krzem, X=15000, Y=15000, ROT=0)
PUBLIC: (ALL)	Server join notification (ID=0)
PUBLIC: (ALL)	Server closed (REASON=)
RECIVE: (0)	Player disconnect request
PUBLIC: (ALL)	Server leave notification (ID=0)
PUBLIC: (ALL)	Player delete (ID=0)

LOG - Sun, 14 Apr 2019 17:01:22

JOIN: (0)	192.168.178.65 (NAME=Krzem, ID=0)
PRIVAT: (0)	Default name & id setup (ID=0, DEFAULT-NAME=Krzem)
PUBLIC: (ALL)	Player data (ID=0, NAME=Krzem, X=15000, Y=15000, ROT=0)
PUBLIC: (ALL)	Server join notification (ID=0)
PUBLIC: (ALL)	Server closed (REASON=)
RECIVE: (0)	Player disconnect request
PUBLIC: (ALL)	Server leave notification (ID=0)
PUBLIC: (ALL)	Player delete (ID=0)

LOG - Sun, 14 Apr 2019 17:01:56

JOIN: (0)	192.168.178.65 (NAME=Krzem, ID=0)
PRIVAT: (0)	Default name & id setup (ID=0, DEFAULT-NAME=Krzem)
PUBLIC: (ALL)	Player data (ID=0, NAME=Krzem, X=15000, Y=15000, ROT=0)
PUBLIC: (ALL)	Server join notification (ID=0)
PUBLIC: (ALL)	Server closed (REASON=)
RECIVE: (0)	Player disconnect request
PUBLIC: (ALL)	Server leave notification (ID=0)
PUBLIC: (ALL)	Player delete (ID=0)

LOG - Sun, 14 Apr 2019 17:07:39


LOG - Sun, 14 Apr 2019 17:07:47


LOG - Sun, 14 Apr 2019 17:08:09

JOIN: (0)	192.168.178.65 (NAME=Krzem, ID=0)
PRIVAT: (0)	Default name & id setup (ID=0, DEFAULT-NAME=Krzem)
PUBLIC: (ALL)	Player data (ID=0, NAME=Krzem, X=15000, Y=15000, ROT=0)
PUBLIC: (ALL)	Server join notification (ID=0)
PUBLIC: (ALL)	Server closed (REASON=")
RECIVE: (0)	Player disconnect request
PUBLIC: (ALL)	Server leave notification (ID=0)
PUBLIC: (ALL)	Player delete (ID=0)

LOG - Sun, 14 Apr 2019 17:09:10

JOIN: (0)	192.168.178.65 (NAME=Krzem, ID=0)
PRIVAT: (0)	Default name & id setup (ID=0, DEFAULT-NAME=Krzem)
PUBLIC: (ALL)	Player data (ID=0, NAME=Krzem, X=15000, Y=15000, ROT=0)
PUBLIC: (ALL)	Server join notification (ID=0)
PUBLIC: (ALL)	Server closed (REASON=)
RECIVE: (0)	Player disconnect request
PUBLIC: (ALL)	Server leave notification (ID=0)
PUBLIC: (ALL)	Player delete (ID=0)

LOG - Sun, 14 Apr 2019 17:10:37

JOIN: (0)	192.168.178.65 (NAME=Krzem, ID=0)
PRIVAT: (0)	Default name & id setup (ID=0, DEFAULT-NAME=Krzem)
PUBLIC: (ALL)	Player data (ID=0, NAME=Krzem, X=15000, Y=15000, ROT=0)
PUBLIC: (ALL)	Server join notification (ID=0)
PUBLIC: (ALL)	Server closed (REASON=")
RECIVE: (0)	Player disconnect request
PUBLIC: (ALL)	Server leave notification (ID=0)
PUBLIC: (ALL)	Player delete (ID=0)

LOG - Sun, 14 Apr 2019 17:12:16

JOIN: (0)	192.168.178.65 (NAME=Krzem, ID=0)
PRIVAT: (0)	Default name & id setup (ID=0, DEFAULT-NAME=Krzem)
PUBLIC: (ALL)	Player data (ID=0, NAME=Krzem, X=15000, Y=15000, ROT=0)
PUBLIC: (ALL)	Server join notification (ID=0)
PUBLIC: (ALL)	Server closed (REASON=)
RECIVE: (0)	Player disconnect request
PUBLIC: (ALL)	Server leave notification (ID=0)
PUBLIC: (ALL)	Player delete (ID=0)

LOG - Sun, 14 Apr 2019 17:12:56

JOIN: (0)	192.168.178.65 (NAME=Krzem, ID=0)
PRIVAT: (0)	Default name & id setup (ID=0, DEFAULT-NAME=Krzem)
PUBLIC: (ALL)	Player data (ID=0, NAME=Krzem, X=15000, Y=15000, ROT=0)
PUBLIC: (ALL)	Server join notification (ID=0)
PUBLIC: (ALL)	Server closed (REASON=)
RECIVE: (0)	Player disconnect request
PUBLIC: (ALL)	Server leave notification (ID=0)
PUBLIC: (ALL)	Player delete (ID=0)

LOG - Sun, 14 Apr 2019 17:14:10


LOG - Sun, 14 Apr 2019 17:14:37

JOIN: (0)	192.168.178.65 (NAME=Krzem, ID=0)
PRIVAT: (0)	Default name & id setup (ID=0, DEFAULT-NAME=Krzem)
PUBLIC: (ALL)	Player data (ID=0, NAME=Krzem, X=15000, Y=15000, ROT=0)
PUBLIC: (ALL)	Server join notification (ID=0)
PUBLIC: (ALL)	Server closed (REASON=)
RECIVE: (0)	Player disconnect request
PUBLIC: (ALL)	Server leave notification (ID=0)
PUBLIC: (ALL)	Player delete (ID=0)

LOG - Sun, 14 Apr 2019 17:16:12

JOIN: (0)	192.168.178.65 (NAME=Krzem, ID=0)
PRIVAT: (0)	Default name & id setup (ID=0, DEFAULT-NAME=Krzem)
PUBLIC: (ALL)	Player data (ID=0, NAME=Krzem, X=15000, Y=15000, ROT=0)
PUBLIC: (ALL)	Server join notification (ID=0)
PUBLIC: (ALL)	Server closed (REASON=)
RECIVE: (0)	Player disconnect request
PUBLIC: (ALL)	Server leave notification (ID=0)
PUBLIC: (ALL)	Player delete (ID=0)

LOG - Sun, 14 Apr 2019 17:17:14

JOIN: (0)	192.168.178.65 (NAME=Krzem, ID=0)
PRIVAT: (0)	Default name & id setup (ID=0, DEFAULT-NAME=Krzem)
PUBLIC: (ALL)	Player data (ID=0, NAME=Krzem, X=15000, Y=15000, ROT=0)
PUBLIC: (ALL)	Server join notification (ID=0)
PUBLIC: (ALL)	Server closed (REASON=)
RECIVE: (0)	Player disconnect request
PUBLIC: (ALL)	Server leave notification (ID=0)
PUBLIC: (ALL)	Player delete (ID=0)

LOG - Sun, 14 Apr 2019 17:19:02

JOIN: (0)	192.168.178.65 (NAME=Krzem, ID=0)
PRIVAT: (0)	Default name & id setup (ID=0, DEFAULT-NAME=Krzem)
PUBLIC: (ALL)	Player data (ID=0, NAME=Krzem, X=15000, Y=15000, ROT=0)
PUBLIC: (ALL)	Server join notification (ID=0)
PUBLIC: (ALL)	Server closed (REASON=)
RECIVE: (0)	Player disconnect request
PUBLIC: (ALL)	Server leave notification (ID=0)
PUBLIC: (ALL)	Player delete (ID=0)

LOG - Sun, 14 Apr 2019 17:20:24


LOG - Sun, 14 Apr 2019 17:20:33

JOIN: (0)	192.168.178.65 (NAME=Krzem, ID=0)
PRIVAT: (0)	Default name & id setup (ID=0, DEFAULT-NAME=Krzem)
PUBLIC: (ALL)	Player data (ID=0, NAME=Krzem, X=15000, Y=15000, ROT=0)
PUBLIC: (ALL)	Server join notification (ID=0)
PUBLIC: (ALL)	Server closed (REASON=)
RECIVE: (0)	Player disconnect request
PUBLIC: (ALL)	Server leave notification (ID=0)
PUBLIC: (ALL)	Player delete (ID=0)

LOG - Sun, 14 Apr 2019 17:21:20

JOIN: (0)	192.168.178.65 (NAME=Krzem, ID=0)
PRIVAT: (0)	Default name & id setup (ID=0, DEFAULT-NAME=Krzem)
PUBLIC: (ALL)	Player data (ID=0, NAME=Krzem, X=15000, Y=15000, ROT=0)
PUBLIC: (ALL)	Server join notification (ID=0)
PUBLIC: (ALL)	Server closed (REASON=)
RECIVE: (0)	Player disconnect request
PUBLIC: (ALL)	Server leave notification (ID=0)
PUBLIC: (ALL)	Player delete (ID=0)

LOG - Sun, 14 Apr 2019 17:22:34

JOIN: (0)	192.168.178.65 (NAME=Krzem, ID=0)
PRIVAT: (0)	Default name & id setup (ID=0, DEFAULT-NAME=Krzem)
PUBLIC: (ALL)	Player data (ID=0, NAME=Krzem, X=15000, Y=15000, ROT=0)
PUBLIC: (ALL)	Server join notification (ID=0)
PUBLIC: (ALL)	Server closed (REASON=)
RECIVE: (0)	Player disconnect request
PUBLIC: (ALL)	Server leave notification (ID=0)
PUBLIC: (ALL)	Player delete (ID=0)

LOG - Sun, 14 Apr 2019 17:23:45

JOIN: (0)	192.168.178.65 (NAME=Krzem, ID=0)
PRIVAT: (0)	Default name & id setup (ID=0, DEFAULT-NAME=Krzem)
PUBLIC: (ALL)	Player data (ID=0, NAME=Krzem, X=15000, Y=15000, ROT=0)
PUBLIC: (ALL)	Server join notification (ID=0)
PUBLIC: (ALL)	Server closed (REASON=)
RECIVE: (0)	Player disconnect request
PUBLIC: (ALL)	Server leave notification (ID=0)
PUBLIC: (ALL)	Player delete (ID=0)

LOG - Sun, 14 Apr 2019 17:24:11

JOIN: (0)	192.168.178.65 (NAME=Krzem, ID=0)
PRIVAT: (0)	Default name & id setup (ID=0, DEFAULT-NAME=Krzem)
PUBLIC: (ALL)	Player data (ID=0, NAME=Krzem, X=15000, Y=15000, ROT=0)
PUBLIC: (ALL)	Server join notification (ID=0)
PUBLIC: (ALL)	Server closed (REASON=)
RECIVE: (0)	Player disconnect request
PUBLIC: (ALL)	Server leave notification (ID=0)
PUBLIC: (ALL)	Player delete (ID=0)

LOG - Sun, 14 Apr 2019 17:25:45

JOIN: (0)	192.168.178.65 (NAME=Krzem, ID=0)
PRIVAT: (0)	Default name & id setup (ID=0, DEFAULT-NAME=Krzem)
PUBLIC: (ALL)	Player data (ID=0, NAME=Krzem, X=15000, Y=15000, ROT=0)
PUBLIC: (ALL)	Server join notification (ID=0)
PUBLIC: (ALL)	Server closed (REASON=)
RECIVE: (0)	Player disconnect request
PUBLIC: (ALL)	Server leave notification (ID=0)
PUBLIC: (ALL)	Player delete (ID=0)

LOG - Sun, 14 Apr 2019 17:27:13

JOIN: (0)	192.168.178.65 (NAME=Krzem, ID=0)
PRIVAT: (0)	Default name & id setup (ID=0, DEFAULT-NAME=Krzem)
PUBLIC: (ALL)	Player data (ID=0, NAME=Krzem, X=15000, Y=15000, ROT=0)
PUBLIC: (ALL)	Server join notification (ID=0)
PUBLIC: (ALL)	Server closed (REASON=)
RECIVE: (0)	Player disconnect request
PUBLIC: (ALL)	Server leave notification (ID=0)
PUBLIC: (ALL)	Player delete (ID=0)

LOG - Sun, 14 Apr 2019 17:28:40


LOG - Sun, 14 Apr 2019 17:28:59


LOG - Sun, 14 Apr 2019 17:29:20

JOIN: (0)	192.168.178.65 (NAME=Krzem, ID=0)
PRIVAT: (0)	Default name & id setup (ID=0, DEFAULT-NAME=Krzem)
PUBLIC: (ALL)	Player data (ID=0, NAME=Krzem, X=15000, Y=15000, ROT=0)
PUBLIC: (ALL)	Server join notification (ID=0)
PUBLIC: (ALL)	Server closed (REASON=)
RECIVE: (0)	Player disconnect request
PUBLIC: (ALL)	Server leave notification (ID=0)
PUBLIC: (ALL)	Player delete (ID=0)

LOG - Sun, 14 Apr 2019 17:32:16

JOIN: (0)	192.168.178.65 (NAME=Krzem, ID=0)
PRIVAT: (0)	Default name & id setup (ID=0, DEFAULT-NAME=Krzem)
PUBLIC: (ALL)	Player data (ID=0, NAME=Krzem, X=15000, Y=15000, ROT=0)
PUBLIC: (ALL)	Server join notification (ID=0)
PUBLIC: (ALL)	Server closed (REASON=)
RECIVE: (0)	Player disconnect request
PUBLIC: (ALL)	Server leave notification (ID=0)
PUBLIC: (ALL)	Player delete (ID=0)

LOG - Sun, 14 Apr 2019 17:53:34


LOG - Sun, 14 Apr 2019 17:53:40


LOG - Sun, 14 Apr 2019 17:53:54


LOG - Sun, 14 Apr 2019 17:54:13


LOG - Sun, 14 Apr 2019 17:54:21


LOG - Sun, 14 Apr 2019 17:54:49


LOG - Sun, 14 Apr 2019 17:55:00

JOIN: (0)	192.168.178.65 (NAME=Krzem, ID=0)
PRIVAT: (0)	Default name & id setup (ID=0, DEFAULT-NAME=Krzem)
PUBLIC: (ALL)	Player data (ID=0, NAME=Krzem, X=15000, Y=15000, ROT=0)
PUBLIC: (ALL)	Server join notification (ID=0)
PUBLIC: (ALL)	Server leave notification (ID=0)
PUBLIC: (ALL)	Player delete (ID=0)
JOIN: (0)	192.168.178.65 (NAME=Krzem, ID=0)
PRIVAT: (0)	Default name & id setup (ID=0, DEFAULT-NAME=Krzem)
PUBLIC: (ALL)	Player data (ID=0, NAME=Krzem, X=15000, Y=15000, ROT=0)
PUBLIC: (ALL)	Server join notification (ID=0)
PUBLIC: (ALL)	Server leave notification (ID=0)
PUBLIC: (ALL)	Player delete (ID=0)
JOIN: (0)	192.168.178.65 (NAME=Krzem, ID=0)
PRIVAT: (0)	Default name & id setup (ID=0, DEFAULT-NAME=Krzem)
PUBLIC: (ALL)	Player data (ID=0, NAME=Krzem, X=15000, Y=15000, ROT=0)
PUBLIC: (ALL)	Server join notification (ID=0)
PUBLIC: (ALL)	Server closed (REASON=)
RECIVE: (0)	Player disconnect request
PUBLIC: (ALL)	Server leave notification (ID=0)
PUBLIC: (ALL)	Player delete (ID=0)

LOG - Sun, 14 Apr 2019 17:59:07


LOG - Sun, 14 Apr 2019 17:59:16

JOIN: (0)	192.168.178.65 (NAME=Krzem, ID=0)
PRIVAT: (0)	Default name & id setup (ID=0, DEFAULT-NAME=Krzem)
PUBLIC: (ALL)	Player data (ID=0, NAME=Krzem, X=15000, Y=15000, ROT=0)
PUBLIC: (ALL)	Server join notification (ID=0)
PUBLIC: (ALL)	Server closed (REASON=)
RECIVE: (0)	Player disconnect request
PUBLIC: (ALL)	Server leave notification (ID=0)
PUBLIC: (ALL)	Player delete (ID=0)

LOG - Sun, 14 Apr 2019 18:00:17


LOG - Sun, 14 Apr 2019 18:01:06

JOIN: (0)	192.168.178.65 (NAME=Krzem, ID=0)
PRIVAT: (0)	Default name & id setup (ID=0, DEFAULT-NAME=Krzem)
PUBLIC: (ALL)	Player data (ID=0, NAME=Krzem, X=15000, Y=15000, ROT=0)
PUBLIC: (ALL)	Server join notification (ID=0)
PUBLIC: (ALL)	Server closed (REASON=)
RECIVE: (0)	Player disconnect request
PUBLIC: (ALL)	Server leave notification (ID=0)
PUBLIC: (ALL)	Player delete (ID=0)

LOG - Sun, 14 Apr 2019 18:04:09

JOIN: (0)	192.168.178.65 (NAME=Krzem, ID=0)
PRIVAT: (0)	Default name & id setup (ID=0, DEFAULT-NAME=Krzem)
PUBLIC: (ALL)	Player data (ID=0, NAME=Krzem, X=15000, Y=15000, ROT=0)
PUBLIC: (ALL)	Server join notification (ID=0)
PUBLIC: (ALL)	Server closed (REASON=)
RECIVE: (0)	Player disconnect request
PUBLIC: (ALL)	Server leave notification (ID=0)
PUBLIC: (ALL)	Player delete (ID=0)

LOG - Sun,14 Apr 2019 18:21:20

JOIN: (0)	192.168.178.65 (NAME=Krzem,ID=0)
PRIVAT: (0)	Default name & id setup (ID=0,DEFAULT-NAME=Krzem)
PUBLIC: (ALL)	Player data (ID=0,NAME=Krzem,X=15000,Y=15000,ROT=0)
PUBLIC: (ALL)	Server join notification (ID=0)
PUBLIC: (ALL)	Server closed (REASON=)
RECIVE: (0)	Player disconnect request
PUBLIC: (ALL)	Server leave notification (ID=0)
PUBLIC: (ALL)	Player delete (ID=0)

LOG - Sun,14 Apr 2019 18:21:47

JOIN: (0)	192.168.178.65 (NAME=Krzem,ID=0)
PRIVAT: (0)	Default name & id setup (ID=0,DEFAULT-NAME=Krzem)
PUBLIC: (ALL)	Player data (ID=0,NAME=Krzem,X=15000,Y=15000,ROT=0)
PUBLIC: (ALL)	Server join notification (ID=0)
PUBLIC: (ALL)	Server leave notification (ID=0)
PUBLIC: (ALL)	Player delete (ID=0)
JOIN: (0)	192.168.178.65 (NAME=Krzem,ID=0)
PRIVAT: (0)	Default name & id setup (ID=0,DEFAULT-NAME=Krzem)
PUBLIC: (ALL)	Player data (ID=0,NAME=Krzem,X=15000,Y=15000,ROT=0)
PUBLIC: (ALL)	Server join notification (ID=0)
PUBLIC: (ALL)	Server closed (REASON=)
RECIVE: (0)	Player disconnect request
PUBLIC: (ALL)	Server leave notification (ID=0)
PUBLIC: (ALL)	Player delete (ID=0)

LOG - Sun,14 Apr 2019 18:28:02

JOIN: (0)	192.168.178.65 (NAME=Krzem,ID=0)
PRIVAT: (0)	Default name & id setup (ID=0,DEFAULT-NAME=Krzem)
PUBLIC: (ALL)	Player data (ID=0,NAME=Krzem,X=15000,Y=15000,ROT=0)
PUBLIC: (ALL)	Server join notification (ID=0)
PUBLIC: (ALL)	Server closed (REASON=)
RECIVE: (0)	Player disconnect request
PUBLIC: (ALL)	Server leave notification (ID=0)
PUBLIC: (ALL)	Player delete (ID=0)
