LOG - Fri, 15 Mar 2019 15:29:59

JOIN:	('192.168.178.65', 49405) (NAME=Player #1, ID=0)
PRIVAT:	Default name & id setup (ID=0, DEFAULT-NAME=Player #1)
PUBLIC:	Player data (ID=0, NAME=Player #1, X=300, Y=300, ROT=0)
PUBLIC:	Server join notification (ID=0)
JOIN:	('192.168.178.65', 49406) (NAME=Player #2, ID=1)
PRIVAT:	Default name & id setup (ID=1, DEFAULT-NAME=Player #2)
PRIVAT:	Player data (ID=0, NAME=Player #1, X=300, Y=300, ROT=0)
PUBLIC:	Player data (ID=1, NAME=Player #2, X=300, Y=300, ROT=0)
PUBLIC:	Server join notification (ID=1)
PUBLIC:	Server leave notification (ID=0)
PUBLIC:	Player delete (ID=0)
PUBLIC:	Server leave notification (ID=1)
PUBLIC:	Player delete (ID=1)
JOIN:	('192.168.178.65', 49686) (NAME=Player #1, ID=2)
PRIVAT:	Default name & id setup (ID=2, DEFAULT-NAME=Player #1)
PUBLIC:	Player data (ID=2, NAME=Player #1, X=300, Y=300, ROT=0)
PUBLIC:	Server join notification (ID=2)
PUBLIC:	Server leave notification (ID=2)
PUBLIC:	Player delete (ID=2)
JOIN:	('192.168.178.65', 49694) (NAME=Player #1, ID=3)
PRIVAT:	Default name & id setup (ID=3, DEFAULT-NAME=Player #1)
PUBLIC:	Player data (ID=3, NAME=Player #1, X=300, Y=300, ROT=0)
PUBLIC:	Server join notification (ID=3)
PUBLIC:	Server leave notification (ID=3)
PUBLIC:	Player delete (ID=3)
JOIN:	('192.168.178.65', 49716) (NAME=Player #1, ID=4)
PRIVAT:	Default name & id setup (ID=4, DEFAULT-NAME=Player #1)
PUBLIC:	Player data (ID=4, NAME=Player #1, X=300, Y=300, ROT=0)
PUBLIC:	Server join notification (ID=4)
PUBLIC:	Server leave notification (ID=4)
PUBLIC:	Player delete (ID=4)
JOIN:	('192.168.178.65', 49770) (NAME=Player #1, ID=5)
PRIVAT:	Default name & id setup (ID=5, DEFAULT-NAME=Player #1)
PUBLIC:	Player data (ID=5, NAME=Player #1, X=300, Y=300, ROT=0)
PUBLIC:	Server join notification (ID=5)
JOIN:	('192.168.178.65', 49777) (NAME=Player #2, ID=6)
PRIVAT:	Default name & id setup (ID=6, DEFAULT-NAME=Player #2)
PRIVAT:	Player data (ID=5, NAME=Player #1, X=398, Y=436, ROT=255)
PUBLIC:	Player data (ID=6, NAME=Player #2, X=300, Y=300, ROT=0)
PUBLIC:	Server join notification (ID=6)
PUBLIC:	Server leave notification (ID=6)
PUBLIC:	Player delete (ID=6)
PUBLIC:	Server leave notification (ID=5)
PUBLIC:	Player delete (ID=5)

LOG - Fri, 15 Mar 2019 15:42:30

JOIN:	('192.168.178.65', 49842) (NAME=Player #1, ID=0)
PRIVAT:	Default name & id setup (ID=0, DEFAULT-NAME=Player #1)
PUBLIC:	Player data (ID=0, NAME=Player #1, X=300, Y=300, ROT=0)
PUBLIC:	Server join notification (ID=0)
JOIN:	('192.168.178.65', 49843) (NAME=Player #2, ID=1)
PRIVAT:	Default name & id setup (ID=1, DEFAULT-NAME=Player #2)
PRIVAT:	Player data (ID=0, NAME=Player #1, X=300, Y=300, ROT=0)
PUBLIC:	Player data (ID=1, NAME=Player #2, X=300, Y=300, ROT=0)
PUBLIC:	Server join notification (ID=1)
PUBLIC:	Server leave notification (ID=0)
PUBLIC:	Player delete (ID=0)
JOIN:	('192.168.178.65', 49868) (NAME=Player #1, ID=2)
PRIVAT:	Default name & id setup (ID=2, DEFAULT-NAME=Player #1)
PRIVAT:	Player data (ID=1, NAME=Player #2, X=300, Y=300, ROT=0)
PUBLIC:	Player data (ID=2, NAME=Player #1, X=300, Y=300, ROT=0)
PUBLIC:	Server join notification (ID=2)
PUBLIC:	Server leave notification (ID=1)
PUBLIC:	Player delete (ID=1)
JOIN:	('192.168.178.65', 49873) (NAME=Player #2, ID=3)
PRIVAT:	Default name & id setup (ID=3, DEFAULT-NAME=Player #2)
PRIVAT:	Player data (ID=2, NAME=Player #1, X=300, Y=300, ROT=0)
PUBLIC:	Player data (ID=3, NAME=Player #2, X=300, Y=300, ROT=0)
PUBLIC:	Server join notification (ID=3)
PUBLIC:	Server leave notification (ID=3)
PUBLIC:	Player delete (ID=3)
JOIN:	('192.168.178.65', 49949) (NAME=Player #2, ID=4)
PRIVAT:	Default name & id setup (ID=4, DEFAULT-NAME=Player #2)
PRIVAT:	Player data (ID=2, NAME=Player #1, X=300, Y=300, ROT=0)
PUBLIC:	Player data (ID=4, NAME=Player #2, X=300, Y=300, ROT=0)
PUBLIC:	Server join notification (ID=4)
PUBLIC:	Server leave notification (ID=2)
PUBLIC:	Player delete (ID=2)
PUBLIC:	Server leave notification (ID=4)
PUBLIC:	Player delete (ID=4)
JOIN:	('192.168.178.65', 50029) (NAME=Player #1, ID=5)
PRIVAT:	Default name & id setup (ID=5, DEFAULT-NAME=Player #1)
PUBLIC:	Player data (ID=5, NAME=Player #1, X=300, Y=300, ROT=0)
PUBLIC:	Server join notification (ID=5)
JOIN:	('192.168.178.65', 50037) (NAME=Player #2, ID=6)
PRIVAT:	Default name & id setup (ID=6, DEFAULT-NAME=Player #2)
PRIVAT:	Player data (ID=5, NAME=Player #1, X=300, Y=300, ROT=0)
PUBLIC:	Player data (ID=6, NAME=Player #2, X=300, Y=300, ROT=0)
PUBLIC:	Server join notification (ID=6)
PUBLIC:	Server leave notification (ID=5)
PUBLIC:	Player delete (ID=5)
JOIN:	('192.168.178.65', 50149) (NAME=Player #1, ID=7)
PRIVAT:	Default name & id setup (ID=7, DEFAULT-NAME=Player #1)
PRIVAT:	Player data (ID=6, NAME=Player #2, X=300, Y=300, ROT=0)
PUBLIC:	Player data (ID=7, NAME=Player #1, X=300, Y=300, ROT=0)
PUBLIC:	Server join notification (ID=7)
PUBLIC:	Server leave notification (ID=6)
PUBLIC:	Player delete (ID=6)
JOIN:	('192.168.178.65', 50156) (NAME=Player #2, ID=8)
PRIVAT:	Default name & id setup (ID=8, DEFAULT-NAME=Player #2)
PRIVAT:	Player data (ID=7, NAME=Player #1, X=300, Y=300, ROT=0)
PUBLIC:	Player data (ID=8, NAME=Player #2, X=300, Y=300, ROT=0)
PUBLIC:	Server join notification (ID=8)
PUBLIC:	Server leave notification (ID=8)
PUBLIC:	Player delete (ID=8)
JOIN:	('192.168.178.65', 50174) (NAME=Player #2, ID=9)
PRIVAT:	Default name & id setup (ID=9, DEFAULT-NAME=Player #2)
PRIVAT:	Player data (ID=7, NAME=Player #1, X=300, Y=300, ROT=0)
PUBLIC:	Player data (ID=9, NAME=Player #2, X=300, Y=300, ROT=0)
PUBLIC:	Server join notification (ID=9)
PUBLIC:	Server leave notification (ID=9)
PUBLIC:	Player delete (ID=9)
JOIN:	('192.168.178.65', 50184) (NAME=Player #2, ID=10)
PRIVAT:	Default name & id setup (ID=10, DEFAULT-NAME=Player #2)
PRIVAT:	Player data (ID=7, NAME=Player #1, X=300, Y=300, ROT=0)
PUBLIC:	Player data (ID=10, NAME=Player #2, X=300, Y=300, ROT=0)
PUBLIC:	Server join notification (ID=10)
PUBLIC:	Server leave notification (ID=10)
PUBLIC:	Player delete (ID=10)
JOIN:	('192.168.178.65', 50197) (NAME=Player #2, ID=11)
PRIVAT:	Default name & id setup (ID=11, DEFAULT-NAME=Player #2)
PRIVAT:	Player data (ID=7, NAME=Player #1, X=506, Y=460, ROT=248)
PUBLIC:	Player data (ID=11, NAME=Player #2, X=300, Y=300, ROT=0)
PUBLIC:	Server join notification (ID=11)
PUBLIC:	Server leave notification (ID=7)
PUBLIC:	Player delete (ID=7)
JOIN:	('192.168.178.65', 50206) (NAME=Player #1, ID=12)
PRIVAT:	Default name & id setup (ID=12, DEFAULT-NAME=Player #1)
PRIVAT:	Player data (ID=11, NAME=Player #2, X=300, Y=300, ROT=0)
PUBLIC:	Player data (ID=12, NAME=Player #1, X=300, Y=300, ROT=0)
PUBLIC:	Server join notification (ID=12)
PUBLIC:	Server leave notification (ID=12)
PUBLIC:	Player delete (ID=12)
JOIN:	('192.168.178.65', 50353) (NAME=Player #1, ID=13)
PRIVAT:	Default name & id setup (ID=13, DEFAULT-NAME=Player #1)
PRIVAT:	Player data (ID=11, NAME=Player #2, X=300, Y=300, ROT=0)
PUBLIC:	Player data (ID=13, NAME=Player #1, X=300, Y=300, ROT=0)
PUBLIC:	Server join notification (ID=13)
PUBLIC:	Server leave notification (ID=13)
PUBLIC:	Player delete (ID=13)
JOIN:	('192.168.178.65', 50857) (NAME=Player #1, ID=14)
PRIVAT:	Default name & id setup (ID=14, DEFAULT-NAME=Player #1)
PRIVAT:	Player data (ID=11, NAME=Player #2, X=272, Y=301, ROT=336)
PUBLIC:	Player data (ID=14, NAME=Player #1, X=300, Y=300, ROT=0)
PUBLIC:	Server join notification (ID=14)
PUBLIC:	Server leave notification (ID=11)
PUBLIC:	Player delete (ID=11)
JOIN:	('192.168.178.65', 50867) (NAME=Player #2, ID=15)
PRIVAT:	Default name & id setup (ID=15, DEFAULT-NAME=Player #2)
PRIVAT:	Player data (ID=14, NAME=Player #1, X=803, Y=424, ROT=81)
PUBLIC:	Player data (ID=15, NAME=Player #2, X=300, Y=300, ROT=0)
PUBLIC:	Server join notification (ID=15)
PUBLIC:	Server leave notification (ID=14)
PUBLIC:	Player delete (ID=14)
JOIN:	('192.168.178.65', 51115) (NAME=Player #1, ID=16)
PRIVAT:	Default name & id setup (ID=16, DEFAULT-NAME=Player #1)
PRIVAT:	Player data (ID=15, NAME=Player #2, X=541, Y=500, ROT=278)
PUBLIC:	Player data (ID=16, NAME=Player #1, X=300, Y=300, ROT=0)
PUBLIC:	Server join notification (ID=16)
PUBLIC:	Server leave notification (ID=16)
PUBLIC:	Player delete (ID=16)
JOIN:	('192.168.178.65', 51137) (NAME=Player #1, ID=17)
PRIVAT:	Default name & id setup (ID=17, DEFAULT-NAME=Player #1)
PRIVAT:	Player data (ID=15, NAME=Player #2, X=541, Y=500, ROT=278)
PUBLIC:	Player data (ID=17, NAME=Player #1, X=300, Y=300, ROT=0)
PUBLIC:	Server join notification (ID=17)
PUBLIC:	Server leave notification (ID=17)
PUBLIC:	Player delete (ID=17)
JOIN:	('192.168.178.65', 51151) (NAME=Player #1, ID=18)
PRIVAT:	Default name & id setup (ID=18, DEFAULT-NAME=Player #1)
PRIVAT:	Player data (ID=15, NAME=Player #2, X=541, Y=500, ROT=278)
PUBLIC:	Player data (ID=18, NAME=Player #1, X=300, Y=300, ROT=0)
PUBLIC:	Server join notification (ID=18)
PUBLIC:	Server leave notification (ID=18)
PUBLIC:	Player delete (ID=18)
JOIN:	('192.168.178.65', 51176) (NAME=Player #1, ID=19)
PRIVAT:	Default name & id setup (ID=19, DEFAULT-NAME=Player #1)
PRIVAT:	Player data (ID=15, NAME=Player #2, X=541, Y=500, ROT=278)
PUBLIC:	Player data (ID=19, NAME=Player #1, X=300, Y=300, ROT=0)
PUBLIC:	Server join notification (ID=19)
PUBLIC:	Server leave notification (ID=19)
PUBLIC:	Player delete (ID=19)
JOIN:	('192.168.178.65', 51788) (NAME=Player #1, ID=20)
PRIVAT:	Default name & id setup (ID=20, DEFAULT-NAME=Player #1)
PRIVAT:	Player data (ID=15, NAME=Player #2, X=541, Y=500, ROT=278)
PUBLIC:	Player data (ID=20, NAME=Player #1, X=300, Y=300, ROT=0)
PUBLIC:	Server join notification (ID=20)
PUBLIC:	Server leave notification (ID=20)
PUBLIC:	Player delete (ID=20)
JOIN:	('192.168.178.65', 51928) (NAME=Player #1, ID=21)
PRIVAT:	Default name & id setup (ID=21, DEFAULT-NAME=Player #1)
PRIVAT:	Player data (ID=15, NAME=Player #2, X=541, Y=500, ROT=278)
PUBLIC:	Player data (ID=21, NAME=Player #1, X=300, Y=300, ROT=0)
PUBLIC:	Server join notification (ID=21)
PUBLIC:	Server leave notification (ID=15)
PUBLIC:	Player delete (ID=15)
JOIN:	('192.168.178.65', 51971) (NAME=Player #2, ID=22)
PRIVAT:	Default name & id setup (ID=22, DEFAULT-NAME=Player #2)
PRIVAT:	Player data (ID=21, NAME=Player #1, X=300, Y=300, ROT=0)
PUBLIC:	Player data (ID=22, NAME=Player #2, X=300, Y=300, ROT=0)
PUBLIC:	Server join notification (ID=22)
PUBLIC:	Server leave notification (ID=22)
PUBLIC:	Player delete (ID=22)
JOIN:	('192.168.178.65', 52073) (NAME=Player #2, ID=23)
PRIVAT:	Default name & id setup (ID=23, DEFAULT-NAME=Player #2)
PRIVAT:	Player data (ID=21, NAME=Player #1, X=300, Y=300, ROT=0)
PUBLIC:	Player data (ID=23, NAME=Player #2, X=300, Y=300, ROT=0)
PUBLIC:	Server join notification (ID=23)
PUBLIC:	Server leave notification (ID=23)
PUBLIC:	Player delete (ID=23)
JOIN:	('192.168.178.65', 52095) (NAME=Player #2, ID=24)
PRIVAT:	Default name & id setup (ID=24, DEFAULT-NAME=Player #2)
PRIVAT:	Player data (ID=21, NAME=Player #1, X=300, Y=300, ROT=0)
PUBLIC:	Player data (ID=24, NAME=Player #2, X=300, Y=300, ROT=0)
PUBLIC:	Server join notification (ID=24)
PUBLIC:	Server leave notification (ID=24)
PUBLIC:	Player delete (ID=24)
JOIN:	('192.168.178.65', 52170) (NAME=Player #2, ID=25)
PRIVAT:	Default name & id setup (ID=25, DEFAULT-NAME=Player #2)
PRIVAT:	Player data (ID=21, NAME=Player #1, X=300, Y=300, ROT=0)
PUBLIC:	Player data (ID=25, NAME=Player #2, X=300, Y=300, ROT=0)
PUBLIC:	Server join notification (ID=25)
PUBLIC:	Server leave notification (ID=25)
PUBLIC:	Player delete (ID=25)
JOIN:	('192.168.178.65', 52201) (NAME=Player #2, ID=26)
PRIVAT:	Default name & id setup (ID=26, DEFAULT-NAME=Player #2)
PRIVAT:	Player data (ID=21, NAME=Player #1, X=300, Y=300, ROT=0)
PUBLIC:	Player data (ID=26, NAME=Player #2, X=300, Y=300, ROT=0)
PUBLIC:	Server join notification (ID=26)
PUBLIC:	Server leave notification (ID=21)
PUBLIC:	Player delete (ID=21)
JOIN:	('192.168.178.65', 52217) (NAME=Player #1, ID=27)
PRIVAT:	Default name & id setup (ID=27, DEFAULT-NAME=Player #1)
PRIVAT:	Player data (ID=26, NAME=Player #2, X=611, Y=639, ROT=235)
PUBLIC:	Player data (ID=27, NAME=Player #1, X=300, Y=300, ROT=0)
PUBLIC:	Server join notification (ID=27)
PUBLIC:	Server leave notification (ID=26)
PUBLIC:	Player delete (ID=26)
JOIN:	('192.168.178.65', 52246) (NAME=Player #2, ID=28)
PRIVAT:	Default name & id setup (ID=28, DEFAULT-NAME=Player #2)
PRIVAT:	Player data (ID=27, NAME=Player #1, X=325, Y=162, ROT=9)
PUBLIC:	Player data (ID=28, NAME=Player #2, X=300, Y=300, ROT=0)
PUBLIC:	Server join notification (ID=28)
PUBLIC:	Server leave notification (ID=27)
PUBLIC:	Player delete (ID=27)
JOIN:	('192.168.178.65', 52255) (NAME=Player #1, ID=29)
PRIVAT:	Default name & id setup (ID=29, DEFAULT-NAME=Player #1)
PRIVAT:	Player data (ID=28, NAME=Player #2, X=300, Y=300, ROT=0)
PUBLIC:	Player data (ID=29, NAME=Player #1, X=300, Y=300, ROT=0)
PUBLIC:	Server join notification (ID=29)
PUBLIC:	Server leave notification (ID=28)
PUBLIC:	Player delete (ID=28)
JOIN:	('192.168.178.65', 52265) (NAME=Player #2, ID=30)
PRIVAT:	Default name & id setup (ID=30, DEFAULT-NAME=Player #2)
PRIVAT:	Player data (ID=29, NAME=Player #1, X=300, Y=300, ROT=0)
PUBLIC:	Player data (ID=30, NAME=Player #2, X=300, Y=300, ROT=0)
PUBLIC:	Server join notification (ID=30)
PUBLIC:	Server leave notification (ID=29)
PUBLIC:	Player delete (ID=29)
JOIN:	('192.168.178.65', 52273) (NAME=Player #1, ID=31)
PRIVAT:	Default name & id setup (ID=31, DEFAULT-NAME=Player #1)
PRIVAT:	Player data (ID=30, NAME=Player #2, X=300, Y=300, ROT=0)
PUBLIC:	Player data (ID=31, NAME=Player #1, X=300, Y=300, ROT=0)
PUBLIC:	Server join notification (ID=31)
PUBLIC:	Server leave notification (ID=30)
PUBLIC:	Player delete (ID=30)
JOIN:	('192.168.178.65', 52282) (NAME=Player #2, ID=32)
PRIVAT:	Default name & id setup (ID=32, DEFAULT-NAME=Player #2)
PRIVAT:	Player data (ID=31, NAME=Player #1, X=300, Y=300, ROT=0)
PUBLIC:	Player data (ID=32, NAME=Player #2, X=300, Y=300, ROT=0)
PUBLIC:	Server join notification (ID=32)
PUBLIC:	Server leave notification (ID=31)
PUBLIC:	Player delete (ID=31)
JOIN:	('192.168.178.65', 52291) (NAME=Player #1, ID=33)
PRIVAT:	Default name & id setup (ID=33, DEFAULT-NAME=Player #1)
PRIVAT:	Player data (ID=32, NAME=Player #2, X=300, Y=300, ROT=0)
PUBLIC:	Player data (ID=33, NAME=Player #1, X=300, Y=300, ROT=0)
PUBLIC:	Server join notification (ID=33)
PUBLIC:	Server leave notification (ID=33)
PUBLIC:	Player delete (ID=33)
JOIN:	('192.168.178.65', 52320) (NAME=Player #1, ID=34)
PRIVAT:	Default name & id setup (ID=34, DEFAULT-NAME=Player #1)
PRIVAT:	Player data (ID=32, NAME=Player #2, X=300, Y=300, ROT=0)
PUBLIC:	Player data (ID=34, NAME=Player #1, X=300, Y=300, ROT=0)
PUBLIC:	Server join notification (ID=34)
PUBLIC:	Server leave notification (ID=34)
PUBLIC:	Player delete (ID=34)
JOIN:	('192.168.178.65', 52346) (NAME=Player #1, ID=35)
PRIVAT:	Default name & id setup (ID=35, DEFAULT-NAME=Player #1)
PRIVAT:	Player data (ID=32, NAME=Player #2, X=300, Y=300, ROT=0)
PUBLIC:	Player data (ID=35, NAME=Player #1, X=300, Y=300, ROT=0)
PUBLIC:	Server join notification (ID=35)
PUBLIC:	Server leave notification (ID=35)
PUBLIC:	Player delete (ID=35)
PUBLIC:	Server leave notification (ID=32)
PUBLIC:	Player delete (ID=32)
JOIN:	('192.168.178.65', 52710) (NAME=Player #1, ID=36)
PRIVAT:	Default name & id setup (ID=36, DEFAULT-NAME=Player #1)
PUBLIC:	Player data (ID=36, NAME=Player #1, X=300, Y=300, ROT=0)
PUBLIC:	Server join notification (ID=36)
PUBLIC:	Server leave notification (ID=36)
PUBLIC:	Player delete (ID=36)
JOIN:	('192.168.178.65', 52791) (NAME=Player #1, ID=37)
PRIVAT:	Default name & id setup (ID=37, DEFAULT-NAME=Player #1)
PUBLIC:	Player data (ID=37, NAME=Player #1, X=300, Y=300, ROT=0)
PUBLIC:	Server join notification (ID=37)
PUBLIC:	Server leave notification (ID=37)
PUBLIC:	Player delete (ID=37)
JOIN:	('192.168.178.65', 53783) (NAME=Player #1, ID=38)
PRIVAT:	Default name & id setup (ID=38, DEFAULT-NAME=Player #1)
PUBLIC:	Player data (ID=38, NAME=Player #1, X=300, Y=300, ROT=0)
PUBLIC:	Server join notification (ID=38)
PUBLIC:	Server leave notification (ID=38)
PUBLIC:	Player delete (ID=38)
JOIN:	('192.168.178.65', 53831) (NAME=Player #1, ID=39)
PRIVAT:	Default name & id setup (ID=39, DEFAULT-NAME=Player #1)
PUBLIC:	Player data (ID=39, NAME=Player #1, X=300, Y=300, ROT=0)
PUBLIC:	Server join notification (ID=39)
PUBLIC:	Server leave notification (ID=39)
PUBLIC:	Player delete (ID=39)
JOIN:	('192.168.178.65', 53839) (NAME=Player #1, ID=40)
PRIVAT:	Default name & id setup (ID=40, DEFAULT-NAME=Player #1)
PUBLIC:	Player data (ID=40, NAME=Player #1, X=300, Y=300, ROT=0)
PUBLIC:	Server join notification (ID=40)
PUBLIC:	Server leave notification (ID=40)
PUBLIC:	Player delete (ID=40)
JOIN:	('192.168.178.65', 53848) (NAME=Player #1, ID=41)
PRIVAT:	Default name & id setup (ID=41, DEFAULT-NAME=Player #1)
PUBLIC:	Player data (ID=41, NAME=Player #1, X=300, Y=300, ROT=0)
PUBLIC:	Server join notification (ID=41)
PUBLIC:	Server leave notification (ID=41)
PUBLIC:	Player delete (ID=41)
JOIN:	('192.168.178.65', 53856) (NAME=Player #1, ID=42)
PRIVAT:	Default name & id setup (ID=42, DEFAULT-NAME=Player #1)
PUBLIC:	Player data (ID=42, NAME=Player #1, X=300, Y=300, ROT=0)
PUBLIC:	Server join notification (ID=42)
PUBLIC:	Server leave notification (ID=42)
PUBLIC:	Player delete (ID=42)
JOIN:	('192.168.178.65', 53864) (NAME=Player #1, ID=43)
PRIVAT:	Default name & id setup (ID=43, DEFAULT-NAME=Player #1)
PUBLIC:	Player data (ID=43, NAME=Player #1, X=300, Y=300, ROT=0)
PUBLIC:	Server join notification (ID=43)
PUBLIC:	Server leave notification (ID=43)
PUBLIC:	Player delete (ID=43)
JOIN:	('192.168.178.65', 53873) (NAME=Player #1, ID=44)
PRIVAT:	Default name & id setup (ID=44, DEFAULT-NAME=Player #1)
PUBLIC:	Player data (ID=44, NAME=Player #1, X=300, Y=300, ROT=0)
PUBLIC:	Server join notification (ID=44)
PUBLIC:	Server leave notification (ID=44)
PUBLIC:	Player delete (ID=44)
JOIN:	('192.168.178.65', 53881) (NAME=Player #1, ID=45)
PRIVAT:	Default name & id setup (ID=45, DEFAULT-NAME=Player #1)
PUBLIC:	Player data (ID=45, NAME=Player #1, X=300, Y=300, ROT=0)
PUBLIC:	Server join notification (ID=45)
PUBLIC:	Server leave notification (ID=45)
PUBLIC:	Player delete (ID=45)
JOIN:	('192.168.178.65', 53890) (NAME=Player #1, ID=46)
PRIVAT:	Default name & id setup (ID=46, DEFAULT-NAME=Player #1)
PUBLIC:	Player data (ID=46, NAME=Player #1, X=300, Y=300, ROT=0)
PUBLIC:	Server join notification (ID=46)
PUBLIC:	Server leave notification (ID=46)
PUBLIC:	Player delete (ID=46)
JOIN:	('192.168.178.65', 53920) (NAME=Player #1, ID=47)
PRIVAT:	Default name & id setup (ID=47, DEFAULT-NAME=Player #1)
PUBLIC:	Player data (ID=47, NAME=Player #1, X=300, Y=300, ROT=0)
PUBLIC:	Server join notification (ID=47)
PUBLIC:	Server leave notification (ID=47)
PUBLIC:	Player delete (ID=47)
JOIN:	('192.168.178.65', 54111) (NAME=Player #1, ID=48)
PRIVAT:	Default name & id setup (ID=48, DEFAULT-NAME=Player #1)
PUBLIC:	Player data (ID=48, NAME=Player #1, X=300, Y=300, ROT=0)
PUBLIC:	Server join notification (ID=48)
PUBLIC:	Server leave notification (ID=48)
PUBLIC:	Player delete (ID=48)
JOIN:	('192.168.178.65', 54121) (NAME=Player #1, ID=49)
PRIVAT:	Default name & id setup (ID=49, DEFAULT-NAME=Player #1)
PUBLIC:	Player data (ID=49, NAME=Player #1, X=300, Y=300, ROT=0)
PUBLIC:	Server join notification (ID=49)
PUBLIC:	Server leave notification (ID=49)
PUBLIC:	Player delete (ID=49)
JOIN:	('192.168.178.65', 54133) (NAME=Player #1, ID=50)
PRIVAT:	Default name & id setup (ID=50, DEFAULT-NAME=Player #1)
PUBLIC:	Player data (ID=50, NAME=Player #1, X=300, Y=300, ROT=0)
PUBLIC:	Server join notification (ID=50)
PUBLIC:	Server leave notification (ID=50)
PUBLIC:	Player delete (ID=50)
JOIN:	('192.168.178.65', 54186) (NAME=Player #1, ID=51)
PRIVAT:	Default name & id setup (ID=51, DEFAULT-NAME=Player #1)
PUBLIC:	Player data (ID=51, NAME=Player #1, X=300, Y=300, ROT=0)
PUBLIC:	Server join notification (ID=51)
PUBLIC:	Server leave notification (ID=51)
PUBLIC:	Player delete (ID=51)
JOIN:	('192.168.178.65', 54202) (NAME=Player #1, ID=52)
PRIVAT:	Default name & id setup (ID=52, DEFAULT-NAME=Player #1)
PUBLIC:	Player data (ID=52, NAME=Player #1, X=300, Y=300, ROT=0)
PUBLIC:	Server join notification (ID=52)
PUBLIC:	Server leave notification (ID=52)
PUBLIC:	Player delete (ID=52)
JOIN:	('192.168.178.65', 54214) (NAME=Player #1, ID=53)
PRIVAT:	Default name & id setup (ID=53, DEFAULT-NAME=Player #1)
PUBLIC:	Player data (ID=53, NAME=Player #1, X=300, Y=300, ROT=0)
PUBLIC:	Server join notification (ID=53)
PUBLIC:	Server leave notification (ID=53)
PUBLIC:	Player delete (ID=53)
JOIN:	('192.168.178.65', 54225) (NAME=Player #1, ID=54)
PRIVAT:	Default name & id setup (ID=54, DEFAULT-NAME=Player #1)
PUBLIC:	Player data (ID=54, NAME=Player #1, X=300, Y=300, ROT=0)
PUBLIC:	Server join notification (ID=54)
PUBLIC:	Server leave notification (ID=54)
PUBLIC:	Player delete (ID=54)
JOIN:	('192.168.178.65', 54322) (NAME=Player #1, ID=55)
PRIVAT:	Default name & id setup (ID=55, DEFAULT-NAME=Player #1)
PUBLIC:	Player data (ID=55, NAME=Player #1, X=300, Y=300, ROT=0)
PUBLIC:	Server join notification (ID=55)
PUBLIC:	Server leave notification (ID=55)
PUBLIC:	Player delete (ID=55)
JOIN:	('192.168.178.65', 54345) (NAME=Player #1, ID=56)
PRIVAT:	Default name & id setup (ID=56, DEFAULT-NAME=Player #1)
PUBLIC:	Player data (ID=56, NAME=Player #1, X=300, Y=300, ROT=0)
PUBLIC:	Server join notification (ID=56)
PUBLIC:	Server leave notification (ID=56)
PUBLIC:	Player delete (ID=56)
JOIN:	('192.168.178.65', 54368) (NAME=Player #1, ID=57)
PRIVAT:	Default name & id setup (ID=57, DEFAULT-NAME=Player #1)
PUBLIC:	Player data (ID=57, NAME=Player #1, X=300, Y=300, ROT=0)
PUBLIC:	Server join notification (ID=57)
PUBLIC:	Server leave notification (ID=57)
PUBLIC:	Player delete (ID=57)
JOIN:	('192.168.178.65', 54383) (NAME=Player #1, ID=58)
PRIVAT:	Default name & id setup (ID=58, DEFAULT-NAME=Player #1)
PUBLIC:	Player data (ID=58, NAME=Player #1, X=300, Y=300, ROT=0)
PUBLIC:	Server join notification (ID=58)
PUBLIC:	Server leave notification (ID=58)
PUBLIC:	Player delete (ID=58)
JOIN:	('192.168.178.65', 54415) (NAME=Player #1, ID=59)
PRIVAT:	Default name & id setup (ID=59, DEFAULT-NAME=Player #1)
PUBLIC:	Player data (ID=59, NAME=Player #1, X=300, Y=300, ROT=0)
PUBLIC:	Server join notification (ID=59)
PUBLIC:	Server leave notification (ID=59)
PUBLIC:	Player delete (ID=59)
JOIN:	('192.168.178.65', 54480) (NAME=Player #1, ID=60)
PRIVAT:	Default name & id setup (ID=60, DEFAULT-NAME=Player #1)
PUBLIC:	Player data (ID=60, NAME=Player #1, X=300, Y=300, ROT=0)
PUBLIC:	Server join notification (ID=60)
PUBLIC:	Server leave notification (ID=60)
PUBLIC:	Player delete (ID=60)
JOIN:	('192.168.178.65', 54499) (NAME=Player #1, ID=61)
PRIVAT:	Default name & id setup (ID=61, DEFAULT-NAME=Player #1)
PUBLIC:	Player data (ID=61, NAME=Player #1, X=300, Y=300, ROT=0)
PUBLIC:	Server join notification (ID=61)
PUBLIC:	Server leave notification (ID=61)
PUBLIC:	Player delete (ID=61)
JOIN:	('192.168.178.65', 54800) (NAME=Player #1, ID=62)
PRIVAT:	Default name & id setup (ID=62, DEFAULT-NAME=Player #1)
PUBLIC:	Player data (ID=62, NAME=Player #1, X=300, Y=300, ROT=0)
PUBLIC:	Server join notification (ID=62)
PUBLIC:	Server leave notification (ID=62)
PUBLIC:	Player delete (ID=62)
JOIN:	('192.168.178.65', 54836) (NAME=Player #1, ID=63)
PRIVAT:	Default name & id setup (ID=63, DEFAULT-NAME=Player #1)
PUBLIC:	Player data (ID=63, NAME=Player #1, X=300, Y=300, ROT=0)
PUBLIC:	Server join notification (ID=63)
PUBLIC:	Server leave notification (ID=63)
PUBLIC:	Player delete (ID=63)
JOIN:	('192.168.178.65', 54862) (NAME=Player #1, ID=64)
PRIVAT:	Default name & id setup (ID=64, DEFAULT-NAME=Player #1)
PUBLIC:	Player data (ID=64, NAME=Player #1, X=300, Y=300, ROT=0)
PUBLIC:	Server join notification (ID=64)
PUBLIC:	Server leave notification (ID=64)
PUBLIC:	Player delete (ID=64)
JOIN:	('192.168.178.65', 55422) (NAME=Player #1, ID=65)
PRIVAT:	Default name & id setup (ID=65, DEFAULT-NAME=Player #1)
PUBLIC:	Player data (ID=65, NAME=Player #1, X=300, Y=300, ROT=0)
PUBLIC:	Server join notification (ID=65)
PUBLIC:	Server leave notification (ID=65)
PUBLIC:	Player delete (ID=65)
JOIN:	('192.168.178.65', 55435) (NAME=Player #1, ID=66)
PRIVAT:	Default name & id setup (ID=66, DEFAULT-NAME=Player #1)
PUBLIC:	Player data (ID=66, NAME=Player #1, X=300, Y=300, ROT=0)
PUBLIC:	Server join notification (ID=66)
PUBLIC:	Server leave notification (ID=66)
PUBLIC:	Player delete (ID=66)
JOIN:	('192.168.178.65', 55459) (NAME=Player #1, ID=67)
PRIVAT:	Default name & id setup (ID=67, DEFAULT-NAME=Player #1)
PUBLIC:	Player data (ID=67, NAME=Player #1, X=300, Y=300, ROT=0)
PUBLIC:	Server join notification (ID=67)
PUBLIC:	Server leave notification (ID=67)
PUBLIC:	Player delete (ID=67)
JOIN:	('192.168.178.65', 55497) (NAME=Player #1, ID=68)
PRIVAT:	Default name & id setup (ID=68, DEFAULT-NAME=Player #1)
PUBLIC:	Player data (ID=68, NAME=Player #1, X=300, Y=300, ROT=0)
PUBLIC:	Server join notification (ID=68)
PUBLIC:	Server leave notification (ID=68)
PUBLIC:	Player delete (ID=68)
JOIN:	('192.168.178.65', 55505) (NAME=Player #1, ID=69)
PRIVAT:	Default name & id setup (ID=69, DEFAULT-NAME=Player #1)
PUBLIC:	Player data (ID=69, NAME=Player #1, X=300, Y=300, ROT=0)
PUBLIC:	Server join notification (ID=69)
PUBLIC:	Server leave notification (ID=69)
PUBLIC:	Player delete (ID=69)
JOIN:	('192.168.178.65', 55514) (NAME=Player #1, ID=70)
PRIVAT:	Default name & id setup (ID=70, DEFAULT-NAME=Player #1)
PUBLIC:	Player data (ID=70, NAME=Player #1, X=300, Y=300, ROT=0)
PUBLIC:	Server join notification (ID=70)
PUBLIC:	Server leave notification (ID=70)
PUBLIC:	Player delete (ID=70)
JOIN:	('192.168.178.65', 55537) (NAME=Player #1, ID=71)
PRIVAT:	Default name & id setup (ID=71, DEFAULT-NAME=Player #1)
PUBLIC:	Player data (ID=71, NAME=Player #1, X=300, Y=300, ROT=0)
PUBLIC:	Server join notification (ID=71)
PUBLIC:	Server leave notification (ID=71)
PUBLIC:	Player delete (ID=71)
JOIN:	('192.168.178.65', 55905) (NAME=Player #1, ID=72)
PRIVAT:	Default name & id setup (ID=72, DEFAULT-NAME=Player #1)
PUBLIC:	Player data (ID=72, NAME=Player #1, X=300, Y=300, ROT=0)
PUBLIC:	Server join notification (ID=72)
PUBLIC:	Server leave notification (ID=72)
PUBLIC:	Player delete (ID=72)
JOIN:	('192.168.178.65', 56034) (NAME=Player #1, ID=73)
PRIVAT:	Default name & id setup (ID=73, DEFAULT-NAME=Player #1)
PUBLIC:	Player data (ID=73, NAME=Player #1, X=300, Y=300, ROT=0)
PUBLIC:	Server join notification (ID=73)
JOIN:	('192.168.178.65', 56095) (NAME=Player #2, ID=74)
PRIVAT:	Default name & id setup (ID=74, DEFAULT-NAME=Player #2)
PRIVAT:	Player data (ID=73, NAME=Player #1, X=182, Y=278, ROT=100)
PUBLIC:	Player data (ID=74, NAME=Player #2, X=300, Y=300, ROT=0)
PUBLIC:	Server join notification (ID=74)
PUBLIC:	Server leave notification (ID=73)
PUBLIC:	Player delete (ID=73)
JOIN:	('192.168.178.65', 56227) (NAME=Player #1, ID=75)
PRIVAT:	Default name & id setup (ID=75, DEFAULT-NAME=Player #1)
PRIVAT:	Player data (ID=74, NAME=Player #2, X=446, Y=595, ROT=192)
PUBLIC:	Player data (ID=75, NAME=Player #1, X=300, Y=300, ROT=0)
PUBLIC:	Server join notification (ID=75)
PUBLIC:	Server leave notification (ID=75)
PUBLIC:	Player delete (ID=75)
JOIN:	('192.168.178.65', 56248) (NAME=Player #1, ID=76)
PRIVAT:	Default name & id setup (ID=76, DEFAULT-NAME=Player #1)
PRIVAT:	Player data (ID=74, NAME=Player #2, X=446, Y=595, ROT=192)
PUBLIC:	Player data (ID=76, NAME=Player #1, X=300, Y=300, ROT=0)
PUBLIC:	Server join notification (ID=76)
PUBLIC:	Server leave notification (ID=74)
PUBLIC:	Player delete (ID=74)
JOIN:	('192.168.178.65', 56267) (NAME=Player #2, ID=77)
PRIVAT:	Default name & id setup (ID=77, DEFAULT-NAME=Player #2)
PRIVAT:	Player data (ID=76, NAME=Player #1, X=825, Y=88, ROT=5)
PUBLIC:	Player data (ID=77, NAME=Player #2, X=300, Y=300, ROT=0)
PUBLIC:	Server join notification (ID=77)
PUBLIC:	Server leave notification (ID=77)
PUBLIC:	Player delete (ID=77)
JOIN:	('192.168.178.65', 56325) (NAME=Player #2, ID=78)
PRIVAT:	Default name & id setup (ID=78, DEFAULT-NAME=Player #2)
PRIVAT:	Player data (ID=76, NAME=Player #1, X=708, Y=890, ROT=164)
PUBLIC:	Player data (ID=78, NAME=Player #2, X=300, Y=300, ROT=0)
PUBLIC:	Server join notification (ID=78)
PUBLIC:	Server leave notification (ID=78)
PUBLIC:	Player delete (ID=78)
JOIN:	('192.168.178.65', 56340) (NAME=Player #2, ID=79)
PRIVAT:	Default name & id setup (ID=79, DEFAULT-NAME=Player #2)
PRIVAT:	Player data (ID=76, NAME=Player #1, X=708, Y=890, ROT=164)
PUBLIC:	Player data (ID=79, NAME=Player #2, X=300, Y=300, ROT=0)
PUBLIC:	Server join notification (ID=79)
PUBLIC:	Server leave notification (ID=79)
PUBLIC:	Player delete (ID=79)
JOIN:	('192.168.178.65', 56356) (NAME=Player #2, ID=80)
PRIVAT:	Default name & id setup (ID=80, DEFAULT-NAME=Player #2)
PRIVAT:	Player data (ID=76, NAME=Player #1, X=708, Y=890, ROT=164)
PUBLIC:	Player data (ID=80, NAME=Player #2, X=300, Y=300, ROT=0)
PUBLIC:	Server join notification (ID=80)
PUBLIC:	Server leave notification (ID=76)
PUBLIC:	Player delete (ID=76)
JOIN:	('192.168.178.65', 56391) (NAME=Player #1, ID=81)
PRIVAT:	Default name & id setup (ID=81, DEFAULT-NAME=Player #1)
PRIVAT:	Player data (ID=80, NAME=Player #2, X=496, Y=358, ROT=16)
PUBLIC:	Player data (ID=81, NAME=Player #1, X=300, Y=300, ROT=0)
PUBLIC:	Server join notification (ID=81)
JOIN:	('192.168.178.65', 56409) (NAME=Player #3, ID=82)
PRIVAT:	Default name & id setup (ID=82, DEFAULT-NAME=Player #3)
PRIVAT:	Player data (ID=80, NAME=Player #2, X=677, Y=132, ROT=129)
PRIVAT:	Player data (ID=81, NAME=Player #1, X=387, Y=536, ROT=133)
PUBLIC:	Player data (ID=82, NAME=Player #3, X=300, Y=300, ROT=0)
PUBLIC:	Server join notification (ID=82)
PUBLIC:	Server leave notification (ID=81)
PUBLIC:	Player delete (ID=81)
PUBLIC:	Server leave notification (ID=82)
PUBLIC:	Player delete (ID=82)
JOIN:	('192.168.178.65', 56438) (NAME=Player #1, ID=83)
PRIVAT:	Default name & id setup (ID=83, DEFAULT-NAME=Player #1)
PRIVAT:	Player data (ID=80, NAME=Player #2, X=677, Y=132, ROT=129)
PUBLIC:	Player data (ID=83, NAME=Player #1, X=300, Y=300, ROT=0)
PUBLIC:	Server join notification (ID=83)
PUBLIC:	Server leave notification (ID=80)
PUBLIC:	Player delete (ID=80)
JOIN:	('192.168.178.65', 56445) (NAME=Player #2, ID=84)
PRIVAT:	Default name & id setup (ID=84, DEFAULT-NAME=Player #2)
PRIVAT:	Player data (ID=83, NAME=Player #1, X=278, Y=510, ROT=22)
PUBLIC:	Player data (ID=84, NAME=Player #2, X=300, Y=300, ROT=0)
PUBLIC:	Server join notification (ID=84)
PUBLIC:	Server leave notification (ID=84)
PUBLIC:	Player delete (ID=84)
JOIN:	('192.168.178.65', 56493) (NAME=Player #2, ID=85)
PRIVAT:	Default name & id setup (ID=85, DEFAULT-NAME=Player #2)
PRIVAT:	Player data (ID=83, NAME=Player #1, X=226, Y=443, ROT=12)
PUBLIC:	Player data (ID=85, NAME=Player #2, X=300, Y=300, ROT=0)
PUBLIC:	Server join notification (ID=85)
PUBLIC:	Server leave notification (ID=85)
PUBLIC:	Player delete (ID=85)
JOIN:	('192.168.178.65', 56512) (NAME=Player #2, ID=86)
PRIVAT:	Default name & id setup (ID=86, DEFAULT-NAME=Player #2)
PRIVAT:	Player data (ID=83, NAME=Player #1, X=226, Y=443, ROT=12)
PUBLIC:	Player data (ID=86, NAME=Player #2, X=300, Y=300, ROT=0)
PUBLIC:	Server join notification (ID=86)
PUBLIC:	Server leave notification (ID=83)
PUBLIC:	Player delete (ID=83)
JOIN:	('192.168.178.65', 56522) (NAME=Player #1, ID=87)
PRIVAT:	Default name & id setup (ID=87, DEFAULT-NAME=Player #1)
PRIVAT:	Player data (ID=86, NAME=Player #2, X=344, Y=384, ROT=199)
PUBLIC:	Player data (ID=87, NAME=Player #1, X=300, Y=300, ROT=0)
PUBLIC:	Server join notification (ID=87)
PUBLIC:	Server leave notification (ID=87)
PUBLIC:	Player delete (ID=87)
JOIN:	('192.168.178.65', 56607) (NAME=Player #1, ID=88)
PRIVAT:	Default name & id setup (ID=88, DEFAULT-NAME=Player #1)
PRIVAT:	Player data (ID=86, NAME=Player #2, X=344, Y=384, ROT=199)
PUBLIC:	Player data (ID=88, NAME=Player #1, X=300, Y=300, ROT=0)
PUBLIC:	Server join notification (ID=88)
PUBLIC:	Server leave notification (ID=88)
PUBLIC:	Player delete (ID=88)
JOIN:	('192.168.178.65', 56851) (NAME=Player #1, ID=89)
PRIVAT:	Default name & id setup (ID=89, DEFAULT-NAME=Player #1)
PRIVAT:	Player data (ID=86, NAME=Player #2, X=344, Y=384, ROT=199)
PUBLIC:	Player data (ID=89, NAME=Player #1, X=300, Y=300, ROT=0)
PUBLIC:	Server join notification (ID=89)
PUBLIC:	Server leave notification (ID=89)
PUBLIC:	Player delete (ID=89)
JOIN:	('192.168.178.65', 56898) (NAME=Player #1, ID=90)
PRIVAT:	Default name & id setup (ID=90, DEFAULT-NAME=Player #1)
PRIVAT:	Player data (ID=86, NAME=Player #2, X=344, Y=384, ROT=199)
PUBLIC:	Player data (ID=90, NAME=Player #1, X=300, Y=300, ROT=0)
PUBLIC:	Server join notification (ID=90)
PUBLIC:	Server leave notification (ID=90)
PUBLIC:	Player delete (ID=90)
JOIN:	('192.168.178.65', 56913) (NAME=Player #1, ID=91)
PRIVAT:	Default name & id setup (ID=91, DEFAULT-NAME=Player #1)
PRIVAT:	Player data (ID=86, NAME=Player #2, X=344, Y=384, ROT=199)
PUBLIC:	Player data (ID=91, NAME=Player #1, X=300, Y=300, ROT=0)
PUBLIC:	Server join notification (ID=91)
PUBLIC:	Server leave notification (ID=91)
PUBLIC:	Player delete (ID=91)
JOIN:	('192.168.178.65', 56940) (NAME=Player #1, ID=92)
PRIVAT:	Default name & id setup (ID=92, DEFAULT-NAME=Player #1)
PRIVAT:	Player data (ID=86, NAME=Player #2, X=344, Y=384, ROT=199)
PUBLIC:	Player data (ID=92, NAME=Player #1, X=300, Y=300, ROT=0)
PUBLIC:	Server join notification (ID=92)
PUBLIC:	Server leave notification (ID=92)
PUBLIC:	Player delete (ID=92)
JOIN:	('192.168.178.65', 56979) (NAME=Player #1, ID=93)
PRIVAT:	Default name & id setup (ID=93, DEFAULT-NAME=Player #1)
PRIVAT:	Player data (ID=86, NAME=Player #2, X=344, Y=384, ROT=199)
PUBLIC:	Player data (ID=93, NAME=Player #1, X=300, Y=300, ROT=0)
PUBLIC:	Server join notification (ID=93)
PUBLIC:	Server leave notification (ID=93)
PUBLIC:	Player delete (ID=93)
JOIN:	('192.168.178.65', 56995) (NAME=Player #1, ID=94)
PRIVAT:	Default name & id setup (ID=94, DEFAULT-NAME=Player #1)
PRIVAT:	Player data (ID=86, NAME=Player #2, X=344, Y=384, ROT=199)
PUBLIC:	Player data (ID=94, NAME=Player #1, X=300, Y=300, ROT=0)
PUBLIC:	Server join notification (ID=94)
PUBLIC:	Server leave notification (ID=86)
PUBLIC:	Player delete (ID=86)
PUBLIC:	Server leave notification (ID=94)
PUBLIC:	Player delete (ID=94)
JOIN:	('192.168.178.65', 57037) (NAME=Player #1, ID=95)
PRIVAT:	Default name & id setup (ID=95, DEFAULT-NAME=Player #1)
PUBLIC:	Player data (ID=95, NAME=Player #1, X=300, Y=300, ROT=0)
PUBLIC:	Server join notification (ID=95)
PUBLIC:	Server leave notification (ID=95)
PUBLIC:	Player delete (ID=95)
JOIN:	('192.168.178.65', 57074) (NAME=Player #1, ID=96)
PRIVAT:	Default name & id setup (ID=96, DEFAULT-NAME=Player #1)
PUBLIC:	Player data (ID=96, NAME=Player #1, X=300, Y=300, ROT=0)
PUBLIC:	Server join notification (ID=96)
PUBLIC:	Server leave notification (ID=96)
PUBLIC:	Player delete (ID=96)
JOIN:	('192.168.178.65', 57139) (NAME=Player #1, ID=97)
PRIVAT:	Default name & id setup (ID=97, DEFAULT-NAME=Player #1)
PUBLIC:	Player data (ID=97, NAME=Player #1, X=300, Y=300, ROT=0)
PUBLIC:	Server join notification (ID=97)
PUBLIC:	Server leave notification (ID=97)
PUBLIC:	Player delete (ID=97)
JOIN:	('192.168.178.65', 57154) (NAME=Player #1, ID=98)
PRIVAT:	Default name & id setup (ID=98, DEFAULT-NAME=Player #1)
PUBLIC:	Player data (ID=98, NAME=Player #1, X=300, Y=300, ROT=0)
PUBLIC:	Server join notification (ID=98)
PUBLIC:	Server leave notification (ID=98)
PUBLIC:	Player delete (ID=98)
JOIN:	('192.168.178.65', 57186) (NAME=Player #1, ID=99)
PRIVAT:	Default name & id setup (ID=99, DEFAULT-NAME=Player #1)
PUBLIC:	Player data (ID=99, NAME=Player #1, X=300, Y=300, ROT=0)
PUBLIC:	Server join notification (ID=99)
JOIN:	('192.168.178.65', 57195) (NAME=Player #2, ID=100)
PRIVAT:	Default name & id setup (ID=100, DEFAULT-NAME=Player #2)
PRIVAT:	Player data (ID=99, NAME=Player #1, X=457, Y=431, ROT=12)
PUBLIC:	Player data (ID=100, NAME=Player #2, X=300, Y=300, ROT=0)
PUBLIC:	Server join notification (ID=100)
PUBLIC:	Server leave notification (ID=99)
PUBLIC:	Player delete (ID=99)
JOIN:	('192.168.178.65', 57384) (NAME=Player #1, ID=101)
PRIVAT:	Default name & id setup (ID=101, DEFAULT-NAME=Player #1)
PRIVAT:	Player data (ID=100, NAME=Player #2, X=628, Y=320, ROT=180)
PUBLIC:	Player data (ID=101, NAME=Player #1, X=300, Y=300, ROT=0)
PUBLIC:	Server join notification (ID=101)
PUBLIC:	Server leave notification (ID=101)
PUBLIC:	Player delete (ID=101)
JOIN:	('192.168.178.65', 57394) (NAME=Player #1, ID=102)
PRIVAT:	Default name & id setup (ID=102, DEFAULT-NAME=Player #1)
PRIVAT:	Player data (ID=100, NAME=Player #2, X=628, Y=320, ROT=180)
PUBLIC:	Player data (ID=102, NAME=Player #1, X=300, Y=300, ROT=0)
PUBLIC:	Server join notification (ID=102)
PUBLIC:	Server leave notification (ID=102)
PUBLIC:	Player delete (ID=102)
JOIN:	('192.168.178.65', 57403) (NAME=Player #1, ID=103)
PRIVAT:	Default name & id setup (ID=103, DEFAULT-NAME=Player #1)
PRIVAT:	Player data (ID=100, NAME=Player #2, X=628, Y=320, ROT=180)
PUBLIC:	Player data (ID=103, NAME=Player #1, X=300, Y=300, ROT=0)
PUBLIC:	Server join notification (ID=103)
PUBLIC:	Server leave notification (ID=103)
PUBLIC:	Player delete (ID=103)
JOIN:	('192.168.178.65', 57411) (NAME=Player #1, ID=104)
PRIVAT:	Default name & id setup (ID=104, DEFAULT-NAME=Player #1)
PRIVAT:	Player data (ID=100, NAME=Player #2, X=628, Y=320, ROT=180)
PUBLIC:	Player data (ID=104, NAME=Player #1, X=300, Y=300, ROT=0)
PUBLIC:	Server join notification (ID=104)
PUBLIC:	Server leave notification (ID=104)
PUBLIC:	Player delete (ID=104)
JOIN:	('192.168.178.65', 57423) (NAME=Player #1, ID=105)
PRIVAT:	Default name & id setup (ID=105, DEFAULT-NAME=Player #1)
PRIVAT:	Player data (ID=100, NAME=Player #2, X=628, Y=320, ROT=180)
PUBLIC:	Player data (ID=105, NAME=Player #1, X=300, Y=300, ROT=0)
PUBLIC:	Server join notification (ID=105)
PUBLIC:	Server leave notification (ID=105)
PUBLIC:	Player delete (ID=105)
JOIN:	('192.168.178.65', 57434) (NAME=Player #1, ID=106)
PRIVAT:	Default name & id setup (ID=106, DEFAULT-NAME=Player #1)
PRIVAT:	Player data (ID=100, NAME=Player #2, X=628, Y=320, ROT=180)
PUBLIC:	Player data (ID=106, NAME=Player #1, X=300, Y=300, ROT=0)
PUBLIC:	Server join notification (ID=106)
PUBLIC:	Server leave notification (ID=100)
PUBLIC:	Player delete (ID=100)
JOIN:	('192.168.178.65', 57446) (NAME=Player #2, ID=107)
PRIVAT:	Default name & id setup (ID=107, DEFAULT-NAME=Player #2)
PRIVAT:	Player data (ID=106, NAME=Player #1, X=832, Y=270, ROT=171)
PUBLIC:	Player data (ID=107, NAME=Player #2, X=300, Y=300, ROT=0)
PUBLIC:	Server join notification (ID=107)
PUBLIC:	Server leave notification (ID=106)
PUBLIC:	Player delete (ID=106)
JOIN:	('192.168.178.65', 57525) (NAME=Player #1, ID=108)
PRIVAT:	Default name & id setup (ID=108, DEFAULT-NAME=Player #1)
PRIVAT:	Player data (ID=107, NAME=Player #2, X=810, Y=544, ROT=194)
PUBLIC:	Player data (ID=108, NAME=Player #1, X=300, Y=300, ROT=0)
PUBLIC:	Server join notification (ID=108)
PUBLIC:	Server leave notification (ID=108)
PUBLIC:	Player delete (ID=108)
JOIN:	('192.168.178.65', 57534) (NAME=Player #1, ID=109)
PRIVAT:	Default name & id setup (ID=109, DEFAULT-NAME=Player #1)
PRIVAT:	Player data (ID=107, NAME=Player #2, X=810, Y=544, ROT=194)
PUBLIC:	Player data (ID=109, NAME=Player #1, X=300, Y=300, ROT=0)
PUBLIC:	Server join notification (ID=109)
PUBLIC:	Server leave notification (ID=109)
PUBLIC:	Player delete (ID=109)
JOIN:	('192.168.178.65', 57537) (NAME=Player #1, ID=110)
PRIVAT:	Default name & id setup (ID=110, DEFAULT-NAME=Player #1)
PRIVAT:	Player data (ID=107, NAME=Player #2, X=810, Y=544, ROT=194)
PUBLIC:	Player data (ID=110, NAME=Player #1, X=300, Y=300, ROT=0)
PUBLIC:	Server join notification (ID=110)
PUBLIC:	Server leave notification (ID=110)
PUBLIC:	Player delete (ID=110)
JOIN:	('192.168.178.65', 57547) (NAME=Player #1, ID=111)
PRIVAT:	Default name & id setup (ID=111, DEFAULT-NAME=Player #1)
PRIVAT:	Player data (ID=107, NAME=Player #2, X=810, Y=544, ROT=194)
PUBLIC:	Player data (ID=111, NAME=Player #1, X=300, Y=300, ROT=0)
PUBLIC:	Server join notification (ID=111)
PUBLIC:	Server leave notification (ID=111)
PUBLIC:	Player delete (ID=111)
JOIN:	('192.168.178.65', 57562) (NAME=Player #1, ID=112)
PRIVAT:	Default name & id setup (ID=112, DEFAULT-NAME=Player #1)
PRIVAT:	Player data (ID=107, NAME=Player #2, X=810, Y=544, ROT=194)
PUBLIC:	Player data (ID=112, NAME=Player #1, X=300, Y=300, ROT=0)
PUBLIC:	Server join notification (ID=112)
PUBLIC:	Server leave notification (ID=112)
PUBLIC:	Player delete (ID=112)
JOIN:	('192.168.178.65', 57576) (NAME=Player #1, ID=113)
PRIVAT:	Default name & id setup (ID=113, DEFAULT-NAME=Player #1)
PRIVAT:	Player data (ID=107, NAME=Player #2, X=810, Y=544, ROT=194)
PUBLIC:	Player data (ID=113, NAME=Player #1, X=300, Y=300, ROT=0)
PUBLIC:	Server join notification (ID=113)
PUBLIC:	Server leave notification (ID=107)
PUBLIC:	Player delete (ID=107)
JOIN:	('192.168.178.65', 57582) (NAME=Player #2, ID=114)
PRIVAT:	Default name & id setup (ID=114, DEFAULT-NAME=Player #2)
PRIVAT:	Player data (ID=113, NAME=Player #1, X=538, Y=465, ROT=4)
PUBLIC:	Player data (ID=114, NAME=Player #2, X=300, Y=300, ROT=0)
PUBLIC:	Server join notification (ID=114)
PUBLIC:	Server leave notification (ID=114)
PUBLIC:	Player delete (ID=114)
JOIN:	('192.168.178.65', 57629) (NAME=Player #2, ID=115)
PRIVAT:	Default name & id setup (ID=115, DEFAULT-NAME=Player #2)
PRIVAT:	Player data (ID=113, NAME=Player #1, X=538, Y=465, ROT=4)
PUBLIC:	Player data (ID=115, NAME=Player #2, X=300, Y=300, ROT=0)
PUBLIC:	Server join notification (ID=115)
PUBLIC:	Server leave notification (ID=115)
PUBLIC:	Player delete (ID=115)
JOIN:	('192.168.178.65', 57643) (NAME=Player #2, ID=116)
PRIVAT:	Default name & id setup (ID=116, DEFAULT-NAME=Player #2)
PRIVAT:	Player data (ID=113, NAME=Player #1, X=538, Y=465, ROT=4)
PUBLIC:	Player data (ID=116, NAME=Player #2, X=300, Y=300, ROT=0)
PUBLIC:	Server join notification (ID=116)
PUBLIC:	Server leave notification (ID=116)
PUBLIC:	Player delete (ID=116)
JOIN:	('192.168.178.65', 57657) (NAME=Player #2, ID=117)
PRIVAT:	Default name & id setup (ID=117, DEFAULT-NAME=Player #2)
PRIVAT:	Player data (ID=113, NAME=Player #1, X=538, Y=465, ROT=4)
PUBLIC:	Player data (ID=117, NAME=Player #2, X=300, Y=300, ROT=0)
PUBLIC:	Server join notification (ID=117)
PUBLIC:	Server leave notification (ID=113)
PUBLIC:	Player delete (ID=113)
JOIN:	('192.168.178.65', 57664) (NAME=Player #1, ID=118)
PRIVAT:	Default name & id setup (ID=118, DEFAULT-NAME=Player #1)
PRIVAT:	Player data (ID=117, NAME=Player #2, X=300, Y=300, ROT=0)
PUBLIC:	Player data (ID=118, NAME=Player #1, X=300, Y=300, ROT=0)
PUBLIC:	Server join notification (ID=118)
PUBLIC:	Server leave notification (ID=118)
PUBLIC:	Player delete (ID=118)
JOIN:	('192.168.178.65', 57679) (NAME=Player #1, ID=119)
PRIVAT:	Default name & id setup (ID=119, DEFAULT-NAME=Player #1)
PRIVAT:	Player data (ID=117, NAME=Player #2, X=423, Y=322, ROT=198)
PUBLIC:	Player data (ID=119, NAME=Player #1, X=300, Y=300, ROT=0)
PUBLIC:	Server join notification (ID=119)
PUBLIC:	Server leave notification (ID=119)
PUBLIC:	Player delete (ID=119)
JOIN:	('192.168.178.65', 57746) (NAME=Player #1, ID=120)
PRIVAT:	Default name & id setup (ID=120, DEFAULT-NAME=Player #1)
PRIVAT:	Player data (ID=117, NAME=Player #2, X=423, Y=322, ROT=198)
PUBLIC:	Player data (ID=120, NAME=Player #1, X=300, Y=300, ROT=0)
PUBLIC:	Server join notification (ID=120)
PUBLIC:	Server leave notification (ID=117)
PUBLIC:	Player delete (ID=117)
JOIN:	('192.168.178.65', 57754) (NAME=Player #2, ID=121)
PRIVAT:	Default name & id setup (ID=121, DEFAULT-NAME=Player #2)
PRIVAT:	Player data (ID=120, NAME=Player #1, X=226, Y=220, ROT=360)
PUBLIC:	Player data (ID=121, NAME=Player #2, X=300, Y=300, ROT=0)
PUBLIC:	Server join notification (ID=121)
PUBLIC:	Server leave notification (ID=121)
PUBLIC:	Player delete (ID=121)
JOIN:	('192.168.178.65', 57766) (NAME=Player #2, ID=122)
PRIVAT:	Default name & id setup (ID=122, DEFAULT-NAME=Player #2)
PRIVAT:	Player data (ID=120, NAME=Player #1, X=226, Y=220, ROT=360)
PUBLIC:	Player data (ID=122, NAME=Player #2, X=300, Y=300, ROT=0)
PUBLIC:	Server join notification (ID=122)
PUBLIC:	Server leave notification (ID=120)
PUBLIC:	Player delete (ID=120)
JOIN:	('192.168.178.65', 57772) (NAME=Player #1, ID=123)
PRIVAT:	Default name & id setup (ID=123, DEFAULT-NAME=Player #1)
PRIVAT:	Player data (ID=122, NAME=Player #2, X=109, Y=149, ROT=345)
PUBLIC:	Player data (ID=123, NAME=Player #1, X=300, Y=300, ROT=0)
PUBLIC:	Server join notification (ID=123)
PUBLIC:	Server leave notification (ID=123)
PUBLIC:	Player delete (ID=123)
JOIN:	('192.168.178.65', 57775) (NAME=Player #1, ID=124)
PRIVAT:	Default name & id setup (ID=124, DEFAULT-NAME=Player #1)
PRIVAT:	Player data (ID=122, NAME=Player #2, X=109, Y=149, ROT=345)
PUBLIC:	Player data (ID=124, NAME=Player #1, X=300, Y=300, ROT=0)
PUBLIC:	Server join notification (ID=124)
RECIVE:	Name change request (NEW-NAME=abcdefghijklmnopqrstuw)
PRIVAT:	Name change rejected (REJECTED-NAME=abcdefghijklmnopqrstuw, REASON=2)
RECIVE:	Name change request (NEW-NAME=abcdefghijklmnopqrstu)
PRIVAT:	Name change rejected (REJECTED-NAME=abcdefghijklmnopqrstu, REASON=2)
RECIVE:	Name change request (NEW-NAME=abcdefghijklmnopqrs)
PRIVAT:	Name change approved (NEW-NAME=abcdefghijklmnopqrs)
PUBLIC:	Player name change (ID=124, NEW-NAME=abcdefghijklmnopqrs)
PUBLIC:	Server leave notification (ID=122)
PUBLIC:	Player delete (ID=122)
JOIN:	('192.168.178.65', 57888) (NAME=Player #1, ID=125)
PRIVAT:	Default name & id setup (ID=125, DEFAULT-NAME=Player #1)
PRIVAT:	Player data (ID=124, NAME=abcdefghijklmnopqrs, X=335, Y=151, ROT=171)
PUBLIC:	Player data (ID=125, NAME=Player #1, X=300, Y=300, ROT=0)
PUBLIC:	Server join notification (ID=125)
PUBLIC:	Server leave notification (ID=125)
PUBLIC:	Player delete (ID=125)
JOIN:	('192.168.178.65', 57902) (NAME=Player #1, ID=126)
PRIVAT:	Default name & id setup (ID=126, DEFAULT-NAME=Player #1)
PRIVAT:	Player data (ID=124, NAME=abcdefghijklmnopqrs, X=335, Y=151, ROT=171)
PUBLIC:	Player data (ID=126, NAME=Player #1, X=300, Y=300, ROT=0)
PUBLIC:	Server join notification (ID=126)
PUBLIC:	Server leave notification (ID=124)
PUBLIC:	Player delete (ID=124)
JOIN:	('192.168.178.65', 57913) (NAME=Player #2, ID=127)
PRIVAT:	Default name & id setup (ID=127, DEFAULT-NAME=Player #2)
PRIVAT:	Player data (ID=126, NAME=Player #1, X=514, Y=76, ROT=190)
PUBLIC:	Player data (ID=127, NAME=Player #2, X=300, Y=300, ROT=0)
PUBLIC:	Server join notification (ID=127)
RECIVE:	Name change request (NEW-NAME=abcdefghijklmnopqrs)
PRIVAT:	Name change approved (NEW-NAME=abcdefghijklmnopqrs)
PUBLIC:	Player name change (ID=127, NEW-NAME=abcdefghijklmnopqrs)
RECIVE:	Name change request (NEW-NAME=&yd738)(d)
PRIVAT:	Name change approved (NEW-NAME=&yd738)(d)
PUBLIC:	Player name change (ID=126, NEW-NAME=&yd738)(d)
PUBLIC:	Server leave notification (ID=126)
PUBLIC:	Player delete (ID=126)
JOIN:	('192.168.178.65', 57979) (NAME=Player #1, ID=128)
PRIVAT:	Default name & id setup (ID=128, DEFAULT-NAME=Player #1)
PRIVAT:	Player data (ID=127, NAME=abcdefghijklmnopqrs, X=553, Y=426, ROT=144)
PUBLIC:	Player data (ID=128, NAME=Player #1, X=300, Y=300, ROT=0)
PUBLIC:	Server join notification (ID=128)
PUBLIC:	Server leave notification (ID=128)
PUBLIC:	Player delete (ID=128)
JOIN:	('192.168.178.65', 58021) (NAME=Player #1, ID=129)
PRIVAT:	Default name & id setup (ID=129, DEFAULT-NAME=Player #1)
PRIVAT:	Player data (ID=127, NAME=abcdefghijklmnopqrs, X=553, Y=426, ROT=144)
PUBLIC:	Player data (ID=129, NAME=Player #1, X=300, Y=300, ROT=0)
PUBLIC:	Server join notification (ID=129)
PUBLIC:	Server leave notification (ID=129)
PUBLIC:	Player delete (ID=129)
JOIN:	('192.168.178.65', 58647) (NAME=Player #1, ID=130)
PRIVAT:	Default name & id setup (ID=130, DEFAULT-NAME=Player #1)
PRIVAT:	Player data (ID=127, NAME=abcdefghijklmnopqrs, X=553, Y=426, ROT=144)
PUBLIC:	Player data (ID=130, NAME=Player #1, X=300, Y=300, ROT=0)
PUBLIC:	Server join notification (ID=130)
PUBLIC:	Server leave notification (ID=130)
PUBLIC:	Player delete (ID=130)
JOIN:	('192.168.178.65', 58663) (NAME=Player #1, ID=131)
PRIVAT:	Default name & id setup (ID=131, DEFAULT-NAME=Player #1)
PRIVAT:	Player data (ID=127, NAME=abcdefghijklmnopqrs, X=553, Y=426, ROT=144)
PUBLIC:	Player data (ID=131, NAME=Player #1, X=300, Y=300, ROT=0)
PUBLIC:	Server join notification (ID=131)
PUBLIC:	Server leave notification (ID=131)
PUBLIC:	Player delete (ID=131)
JOIN:	('192.168.178.65', 58799) (NAME=Player #1, ID=132)
PRIVAT:	Default name & id setup (ID=132, DEFAULT-NAME=Player #1)
PRIVAT:	Player data (ID=127, NAME=abcdefghijklmnopqrs, X=553, Y=426, ROT=144)
PUBLIC:	Player data (ID=132, NAME=Player #1, X=300, Y=300, ROT=0)
PUBLIC:	Server join notification (ID=132)
PUBLIC:	Server leave notification (ID=127)
PUBLIC:	Player delete (ID=127)
JOIN:	('192.168.178.65', 58916) (NAME=Player #2, ID=133)
PRIVAT:	Default name & id setup (ID=133, DEFAULT-NAME=Player #2)
PRIVAT:	Player data (ID=132, NAME=Player #1, X=300, Y=300, ROT=0)
PUBLIC:	Player data (ID=133, NAME=Player #2, X=300, Y=300, ROT=0)
PUBLIC:	Server join notification (ID=133)
PUBLIC:	Server leave notification (ID=133)
PUBLIC:	Player delete (ID=133)
JOIN:	('192.168.178.65', 59075) (NAME=Player #2, ID=134)
PRIVAT:	Default name & id setup (ID=134, DEFAULT-NAME=Player #2)
PRIVAT:	Player data (ID=132, NAME=Player #1, X=300, Y=300, ROT=0)
PUBLIC:	Player data (ID=134, NAME=Player #2, X=300, Y=300, ROT=0)
PUBLIC:	Server join notification (ID=134)
PUBLIC:	Server leave notification (ID=132)
PUBLIC:	Player delete (ID=132)
PUBLIC:	Server leave notification (ID=134)
PUBLIC:	Player delete (ID=134)
