LOG - Mon, 18 Mar 2019 17:08:57

JOIN: (0)	192.168.178 (NAME=Agrafka_%$, ID=0)
PRIVAT: (0)	Default name & id setup (ID=0, DEFAULT-NAME=Agrafka_%$)
PUBLIC: (ALL)	Player data (ID=0, NAME=Agrafka_%$, X=500, Y=500, ROT=0)
PUBLIC: (ALL)	Server join notification (ID=0)
PRIVATE: (192.168.178)	IPv4 already connected (IPv4=192.168.178)
RECIVE: (192.168.178)	Player disconnect request
PUBLIC: (ALL)	Server leave notification (ID=0)
PUBLIC: (ALL)	Player delete (ID=0)
JOIN: (0)	192.168.178 (NAME=Agrafka_%$, ID=0)
PRIVAT: (0)	Default name & id setup (ID=0, DEFAULT-NAME=Agrafka_%$)
PUBLIC: (ALL)	Player data (ID=0, NAME=Agrafka_%$, X=500, Y=500, ROT=0)
PUBLIC: (ALL)	Server join notification (ID=0)
PRIVATE: (192.168.178)	IPv4 already connected (IPv4=192.168.178)
RECIVE: (192.168.178)	Player disconnect request
PUBLIC: (ALL)	Server leave notification (ID=0)
PUBLIC: (ALL)	Player delete (ID=0)
JOIN: (0)	192.168.178 (NAME=Agrafka_%$, ID=0)
PRIVAT: (0)	Default name & id setup (ID=0, DEFAULT-NAME=Agrafka_%$)
PUBLIC: (ALL)	Player data (ID=0, NAME=Agrafka_%$, X=500, Y=500, ROT=0)
PUBLIC: (ALL)	Server join notification (ID=0)
PRIVATE: (192.168.178)	IPv4 already connected (IPv4=192.168.178)
RECIVE: (192.168.178)	Player disconnect request
RECIVE: (0)	Player disconnect request
PUBLIC: (ALL)	Server leave notification (ID=0)
PUBLIC: (ALL)	Player delete (ID=0)
JOIN: (0)	192.168.178 (NAME=Agrafka_%$, ID=0)
PRIVAT: (0)	Default name & id setup (ID=0, DEFAULT-NAME=Agrafka_%$)
PUBLIC: (ALL)	Player data (ID=0, NAME=Agrafka_%$, X=500, Y=500, ROT=0)
PUBLIC: (ALL)	Server join notification (ID=0)
PRIVATE: (192.168.178)	IPv4 already connected (IPv4=192.168.178)
RECIVE: (192.168.178)	Player disconnect request
PRIVATE: (192.168.178)	IPv4 already connected (IPv4=192.168.178)
RECIVE: (192.168.178)	Player disconnect request
PRIVATE: (192.168.178)	IPv4 already connected (IPv4=192.168.178)
RECIVE: (192.168.178)	Player disconnect request
PRIVATE: (192.168.178)	IPv4 already connected (IPv4=192.168.178)
RECIVE: (192.168.178)	Player disconnect request
PRIVATE: (192.168.178)	IPv4 already connected (IPv4=192.168.178)
RECIVE: (192.168.178)	Player disconnect request
PRIVATE: (192.168.178)	IPv4 already connected (IPv4=192.168.178)
RECIVE: (192.168.178)	Player disconnect request
PRIVATE: (192.168.178)	IPv4 already connected (IPv4=192.168.178)
RECIVE: (192.168.178)	Player disconnect request
PRIVATE: (192.168.178)	IPv4 already connected (IPv4=192.168.178)
RECIVE: (192.168.178)	Player disconnect request
PRIVATE: (192.168.178)	IPv4 already connected (IPv4=192.168.178)
RECIVE: (192.168.178)	Player disconnect request
PRIVATE: (192.168.178)	IPv4 already connected (IPv4=192.168.178)
RECIVE: (192.168.178)	Player disconnect request
PRIVATE: (192.168.178)	IPv4 already connected (IPv4=192.168.178)
RECIVE: (192.168.178)	Player disconnect request
PRIVATE: (192.168.178)	IPv4 already connected (IPv4=192.168.178)
RECIVE: (192.168.178)	Player disconnect request
PRIVATE: (192.168.178)	IPv4 already connected (IPv4=192.168.178)
RECIVE: (192.168.178)	Player disconnect request
PRIVATE: (192.168.178)	IPv4 already connected (IPv4=192.168.178)
RECIVE: (192.168.178)	Player disconnect request
PRIVATE: (192.168.178)	IPv4 already connected (IPv4=192.168.178)
RECIVE: (192.168.178)	Player disconnect request
PRIVATE: (192.168.178)	IPv4 already connected (IPv4=192.168.178)
RECIVE: (192.168.178)	Player disconnect request
PRIVATE: (192.168.178)	IPv4 already connected (IPv4=192.168.178)
RECIVE: (192.168.178)	Player disconnect request
PRIVATE: (192.168.178)	IPv4 already connected (IPv4=192.168.178)
RECIVE: (192.168.178)	Player disconnect request
PRIVATE: (192.168.178)	IPv4 already connected (IPv4=192.168.178)
RECIVE: (192.168.178)	Player disconnect request
PRIVATE: (192.168.178)	IPv4 already connected (IPv4=192.168.178)
RECIVE: (192.168.178)	Player disconnect request
PRIVATE: (192.168.178)	IPv4 already connected (IPv4=192.168.178)
RECIVE: (192.168.178)	Player disconnect request
PRIVATE: (192.168.178)	IPv4 already connected (IPv4=192.168.178)
RECIVE: (192.168.178)	Player disconnect request
PRIVATE: (192.168.178)	IPv4 already connected (IPv4=192.168.178)
RECIVE: (192.168.178)	Player disconnect request
PRIVATE: (192.168.178)	IPv4 already connected (IPv4=192.168.178)
RECIVE: (192.168.178)	Player disconnect request
PRIVATE: (192.168.178)	IPv4 already connected (IPv4=192.168.178)
RECIVE: (192.168.178)	Player disconnect request
PRIVATE: (192.168.178)	IPv4 already connected (IPv4=192.168.178)
RECIVE: (192.168.178)	Player disconnect request
PRIVATE: (192.168.178)	IPv4 already connected (IPv4=192.168.178)
RECIVE: (192.168.178)	Player disconnect request
PRIVATE: (192.168.178)	IPv4 already connected (IPv4=192.168.178)
RECIVE: (192.168.178)	Player disconnect request
PRIVATE: (192.168.178)	IPv4 already connected (IPv4=192.168.178)
RECIVE: (192.168.178)	Player disconnect request
PRIVATE: (192.168.178)	IPv4 already connected (IPv4=192.168.178)
RECIVE: (192.168.178)	Player disconnect request
PRIVATE: (192.168.178)	IPv4 already connected (IPv4=192.168.178)
RECIVE: (192.168.178)	Player disconnect request
PRIVATE: (192.168.178)	IPv4 already connected (IPv4=192.168.178)
RECIVE: (192.168.178)	Player disconnect request
PRIVATE: (192.168.178)	IPv4 already connected (IPv4=192.168.178)
RECIVE: (192.168.178)	Player disconnect request
PRIVATE: (192.168.178)	IPv4 already connected (IPv4=192.168.178)
RECIVE: (192.168.178)	Player disconnect request
PUBLIC: (ALL)	Server leave notification (ID=0)
PUBLIC: (ALL)	Player delete (ID=0)
JOIN: (0)	192.168.178 (NAME=Agrafka_%$, ID=0)
PRIVAT: (0)	Default name & id setup (ID=0, DEFAULT-NAME=Agrafka_%$)
PUBLIC: (ALL)	Player data (ID=0, NAME=Agrafka_%$, X=500, Y=500, ROT=0)
PUBLIC: (ALL)	Server join notification (ID=0)
PUBLIC: (ALL)	Server leave notification (ID=0)
PUBLIC: (ALL)	Player delete (ID=0)
JOIN: (0)	192.168.178 (NAME=Agrafka_%$, ID=0)
PRIVAT: (0)	Default name & id setup (ID=0, DEFAULT-NAME=Agrafka_%$)
PUBLIC: (ALL)	Player data (ID=0, NAME=Agrafka_%$, X=500, Y=500, ROT=0)
PUBLIC: (ALL)	Server join notification (ID=0)
PUBLIC: (ALL)	Server leave notification (ID=0)
PUBLIC: (ALL)	Player delete (ID=0)
JOIN: (0)	192.168.178 (NAME=Agrafka_%$, ID=0)
PRIVAT: (0)	Default name & id setup (ID=0, DEFAULT-NAME=Agrafka_%$)
PUBLIC: (ALL)	Player data (ID=0, NAME=Agrafka_%$, X=500, Y=500, ROT=0)
PUBLIC: (ALL)	Server join notification (ID=0)
PUBLIC: (ALL)	Server leave notification (ID=0)
PUBLIC: (ALL)	Player delete (ID=0)
JOIN: (0)	192.168.178 (NAME=Agrafka_%$, ID=0)
PRIVAT: (0)	Default name & id setup (ID=0, DEFAULT-NAME=Agrafka_%$)
PUBLIC: (ALL)	Player data (ID=0, NAME=Agrafka_%$, X=500, Y=500, ROT=0)
PUBLIC: (ALL)	Server join notification (ID=0)
PRIVATE: (192.168.178)	IPv4 already connected (IPv4=192.168.178)
RECIVE: (192.168.178)	Player disconnect request
PRIVATE: (192.168.178)	IPv4 already connected (IPv4=192.168.178)
RECIVE: (192.168.178)	Player disconnect request
PUBLIC: (ALL)	Server leave notification (ID=0)
PUBLIC: (ALL)	Player delete (ID=0)
JOIN: (0)	192.168.178 (NAME=Agrafka_%$, ID=0)
PRIVAT: (0)	Default name & id setup (ID=0, DEFAULT-NAME=Agrafka_%$)
PUBLIC: (ALL)	Player data (ID=0, NAME=Agrafka_%$, X=500, Y=500, ROT=0)
PUBLIC: (ALL)	Server join notification (ID=0)
PRIVATE: (192.168.178)	IPv4 already connected (IPv4=192.168.178)
RECIVE: (192.168.178)	Player disconnect request
PRIVATE: (192.168.178)	IPv4 already connected (IPv4=192.168.178)
RECIVE: (192.168.178)	Player disconnect request
PRIVATE: (192.168.178)	IPv4 already connected (IPv4=192.168.178)
RECIVE: (192.168.178)	Player disconnect request
PRIVATE: (192.168.178)	IPv4 already connected (IPv4=192.168.178)
RECIVE: (192.168.178)	Player disconnect request
PRIVATE: (192.168.178)	IPv4 already connected (IPv4=192.168.178)
RECIVE: (192.168.178)	Player disconnect request
PRIVATE: (192.168.178)	IPv4 already connected (IPv4=192.168.178)
RECIVE: (192.168.178)	Player disconnect request
PRIVATE: (192.168.178)	IPv4 already connected (IPv4=192.168.178)
RECIVE: (192.168.178)	Player disconnect request
PRIVATE: (192.168.178)	IPv4 already connected (IPv4=192.168.178)
RECIVE: (192.168.178)	Player disconnect request
PUBLIC: (ALL)	Server closed (REASON=TEST!)
RECIVE: (0)	Player disconnect request
PUBLIC: (ALL)	Server leave notification (ID=0)
PUBLIC: (ALL)	Player delete (ID=0)
