LOG - Thu,18 Apr 2019 09:42:15


LOG - Thu,18 Apr 2019 09:42:44

JOIN: (0)	192.168.178.65 (NAME=Krzem,ID=0)
PRIVAT: (0)	Default name & id setup (ID=0,DEFAULT-NAME=Krzem)
PUBLIC: (ALL)	Player data (ID=0,NAME=Krzem,X=15000,Y=15000,ROT=0)
PUBLIC: (ALL)	Server join notification (ID=0)
PUBLIC: (ALL)	Server closed (REASON=)
RECIVE: (0)	Player disconnect request
PUBLIC: (ALL)	Server leave notification (ID=0)
PUBLIC: (ALL)	Player delete (ID=0)

LOG - Thu,18 Apr 2019 09:57:44

JOIN: (0)	192.168.178.65 (NAME=Krzem,ID=0)
PRIVAT: (0)	Default name & id setup (ID=0,DEFAULT-NAME=Krzem)
PUBLIC: (ALL)	Player data (ID=0,NAME=Krzem,X=15000,Y=15000,ROT=0)
PUBLIC: (ALL)	Server join notification (ID=0)
PUBLIC: (ALL)	Server closed (REASON=)
RECIVE: (0)	Player disconnect request
PUBLIC: (ALL)	Server leave notification (ID=0)
PUBLIC: (ALL)	Player delete (ID=0)

LOG - Thu,18 Apr 2019 09:59:22

JOIN: (0)	192.168.178.65 (NAME=Krzem,ID=0)
PRIVAT: (0)	Default name & id setup (ID=0,DEFAULT-NAME=Krzem)
PUBLIC: (ALL)	Player data (ID=0,NAME=Krzem,X=15000,Y=15000,ROT=0)
PUBLIC: (ALL)	Server join notification (ID=0)
PUBLIC: (ALL)	Server closed (REASON=)
RECIVE: (0)	Player disconnect request
PUBLIC: (ALL)	Server leave notification (ID=0)
PUBLIC: (ALL)	Player delete (ID=0)

LOG - Thu,18 Apr 2019 10:00:22

JOIN: (0)	192.168.178.65 (NAME=Krzem,ID=0)
PRIVAT: (0)	Default name & id setup (ID=0,DEFAULT-NAME=Krzem)
PUBLIC: (ALL)	Player data (ID=0,NAME=Krzem,X=15000,Y=15000,ROT=0)
PUBLIC: (ALL)	Server join notification (ID=0)
PUBLIC: (ALL)	Server leave notification (ID=0)
PUBLIC: (ALL)	Player delete (ID=0)
JOIN: (0)	192.168.178.65 (NAME=Krzem,ID=0)
PRIVAT: (0)	Default name & id setup (ID=0,DEFAULT-NAME=Krzem)
PUBLIC: (ALL)	Player data (ID=0,NAME=Krzem,X=15000,Y=15000,ROT=0)
PUBLIC: (ALL)	Server join notification (ID=0)
PUBLIC: (ALL)	Server closed (REASON=)
RECIVE: (0)	Player disconnect request
PUBLIC: (ALL)	Server leave notification (ID=0)
PUBLIC: (ALL)	Player delete (ID=0)

LOG - Thu,18 Apr 2019 10:04:53

JOIN: (0)	192.168.178.65 (NAME=Krzem,ID=0)
PRIVAT: (0)	Default name & id setup (ID=0,DEFAULT-NAME=Krzem)
PUBLIC: (ALL)	Player data (ID=0,NAME=Krzem,X=15000,Y=15000,ROT=0)
PUBLIC: (ALL)	Server join notification (ID=0)
PUBLIC: (ALL)	Server closed (REASON=)
RECIVE: (0)	Player disconnect request
PUBLIC: (ALL)	Server leave notification (ID=0)
PUBLIC: (ALL)	Player delete (ID=0)

LOG - Thu,18 Apr 2019 10:05:26

JOIN: (0)	192.168.178.65 (NAME=Krzem,ID=0)
PRIVAT: (0)	Default name & id setup (ID=0,DEFAULT-NAME=Krzem)
PUBLIC: (ALL)	Player data (ID=0,NAME=Krzem,X=15000,Y=15000,ROT=0)
PUBLIC: (ALL)	Server join notification (ID=0)
PUBLIC: (ALL)	Server closed (REASON=)
RECIVE: (0)	Player disconnect request
PUBLIC: (ALL)	Server leave notification (ID=0)
PUBLIC: (ALL)	Player delete (ID=0)

LOG - Thu,18 Apr 2019 10:08:19

JOIN: (0)	192.168.178.65 (NAME=Krzem,ID=0)
PRIVAT: (0)	Default name & id setup (ID=0,DEFAULT-NAME=Krzem)
PUBLIC: (ALL)	Player data (ID=0,NAME=Krzem,X=15000,Y=15000,ROT=0)
PUBLIC: (ALL)	Server join notification (ID=0)
PUBLIC: (ALL)	Server closed (REASON=)
RECIVE: (0)	Player disconnect request
PUBLIC: (ALL)	Server leave notification (ID=0)
PUBLIC: (ALL)	Player delete (ID=0)

LOG - Thu,18 Apr 2019 10:09:21

JOIN: (0)	192.168.178.65 (NAME=Krzem,ID=0)
PRIVAT: (0)	Default name & id setup (ID=0,DEFAULT-NAME=Krzem)
PUBLIC: (ALL)	Player data (ID=0,NAME=Krzem,X=15000,Y=15000,ROT=0)
PUBLIC: (ALL)	Server join notification (ID=0)
PUBLIC: (ALL)	Server closed (REASON=)
RECIVE: (0)	Player disconnect request
PUBLIC: (ALL)	Server leave notification (ID=0)
PUBLIC: (ALL)	Player delete (ID=0)

LOG - Thu,18 Apr 2019 10:10:41

JOIN: (0)	192.168.178.65 (NAME=Krzem,ID=0)
PRIVAT: (0)	Default name & id setup (ID=0,DEFAULT-NAME=Krzem)
PUBLIC: (ALL)	Player data (ID=0,NAME=Krzem,X=15000,Y=15000,ROT=0)
PUBLIC: (ALL)	Server join notification (ID=0)
PUBLIC: (ALL)	Server closed (REASON=)
RECIVE: (0)	Player disconnect request
PUBLIC: (ALL)	Server leave notification (ID=0)
PUBLIC: (ALL)	Player delete (ID=0)

LOG - Thu,18 Apr 2019 10:12:45

JOIN: (0)	192.168.178.65 (NAME=Krzem,ID=0)
PRIVAT: (0)	Default name & id setup (ID=0,DEFAULT-NAME=Krzem)
PUBLIC: (ALL)	Player data (ID=0,NAME=Krzem,X=15000,Y=15000,ROT=0)
PUBLIC: (ALL)	Server join notification (ID=0)
PUBLIC: (ALL)	Server closed (REASON=)
RECIVE: (0)	Player disconnect request
PUBLIC: (ALL)	Server leave notification (ID=0)
PUBLIC: (ALL)	Player delete (ID=0)

LOG - Thu,18 Apr 2019 10:16:26

JOIN: (0)	192.168.178.65 (NAME=Krzem,ID=0)
PRIVAT: (0)	Default name & id setup (ID=0,DEFAULT-NAME=Krzem)
PUBLIC: (ALL)	Player data (ID=0,NAME=Krzem,X=15000,Y=15000,ROT=0)
PUBLIC: (ALL)	Server join notification (ID=0)
PUBLIC: (ALL)	Server leave notification (ID=0)
PUBLIC: (ALL)	Player delete (ID=0)
JOIN: (0)	192.168.178.65 (NAME=Krzem,ID=0)
PRIVAT: (0)	Default name & id setup (ID=0,DEFAULT-NAME=Krzem)
PUBLIC: (ALL)	Player data (ID=0,NAME=Krzem,X=15000,Y=15000,ROT=0)
PUBLIC: (ALL)	Server join notification (ID=0)
PUBLIC: (ALL)	Server closed (REASON=)
RECIVE: (0)	Player disconnect request
PUBLIC: (ALL)	Server leave notification (ID=0)
PUBLIC: (ALL)	Player delete (ID=0)

LOG - Thu,18 Apr 2019 10:22:04


LOG - Thu,18 Apr 2019 10:22:26


LOG - Thu,18 Apr 2019 10:24:11


LOG - Thu,18 Apr 2019 10:41:33


LOG - Thu,18 Apr 2019 10:47:20


LOG - Thu,18 Apr 2019 10:52:19


LOG - Thu,18 Apr 2019 10:52:55


LOG - Thu,18 Apr 2019 10:56:16


LOG - Thu,18 Apr 2019 10:56:50

JOIN: (0)	192.168.178.65 (NAME=Krzem,ID=0)
PRIVAT: (0)	Default name & id setup (ID=0,DEFAULT-NAME=Krzem)
PUBLIC: (ALL)	Player data (ID=0,NAME=Krzem,X=15000,Y=15000,ROT=0)
PUBLIC: (ALL)	Server join notification (ID=0)
PUBLIC: (ALL)	Server leave notification (ID=0)
PUBLIC: (ALL)	Player delete (ID=0)
JOIN: (0)	192.168.178.65 (NAME=Krzem,ID=0)
PRIVAT: (0)	Default name & id setup (ID=0,DEFAULT-NAME=Krzem)
PUBLIC: (ALL)	Player data (ID=0,NAME=Krzem,X=15000,Y=15000,ROT=0)
PUBLIC: (ALL)	Server join notification (ID=0)
PUBLIC: (ALL)	Server closed (REASON=)
RECIVE: (0)	Player disconnect request
PUBLIC: (ALL)	Server leave notification (ID=0)
PUBLIC: (ALL)	Player delete (ID=0)

LOG - Thu,18 Apr 2019 10:58:17

JOIN: (0)	192.168.178.65 (NAME=Krzem,ID=0)
PRIVAT: (0)	Default name & id setup (ID=0,DEFAULT-NAME=Krzem)
PUBLIC: (ALL)	Player data (ID=0,NAME=Krzem,X=15000,Y=15000,ROT=0)
PUBLIC: (ALL)	Server join notification (ID=0)
PUBLIC: (ALL)	Server closed (REASON=)
RECIVE: (0)	Player disconnect request
PUBLIC: (ALL)	Server leave notification (ID=0)
PUBLIC: (ALL)	Player delete (ID=0)

LOG - Thu,18 Apr 2019 11:07:14


LOG - Thu,18 Apr 2019 11:07:30

JOIN: (0)	192.168.178.65 (NAME=Krzem,ID=0)
PRIVAT: (0)	Default name & id setup (ID=0,DEFAULT-NAME=Krzem)
PUBLIC: (ALL)	Player data (ID=0,NAME=Krzem,X=15000,Y=15000,ROT=0)
PUBLIC: (ALL)	Server leave notification (ID=0)
PUBLIC: (ALL)	Server join notification (ID=0)
PUBLIC: (ALL)	Player delete (ID=0)
JOIN: (0)	192.168.178.65 (NAME=Krzem,ID=0)
PRIVAT: (0)	Default name & id setup (ID=0,DEFAULT-NAME=Krzem)
PUBLIC: (ALL)	Player data (ID=0,NAME=Krzem,X=15000,Y=15000,ROT=0)
PUBLIC: (ALL)	Server join notification (ID=0)
PUBLIC: (ALL)	Server closed (REASON=)
RECIVE: (0)	Player disconnect request
PUBLIC: (ALL)	Server leave notification (ID=0)
PUBLIC: (ALL)	Player delete (ID=0)

LOG - Thu,18 Apr 2019 11:09:30

JOIN: (0)	192.168.178.65 (NAME=Krzem,ID=0)
PRIVAT: (0)	Default name & id setup (ID=0,DEFAULT-NAME=Krzem)
PUBLIC: (ALL)	Player data (ID=0,NAME=Krzem,X=15000,Y=15000,ROT=0)
PUBLIC: (ALL)	Server join notification (ID=0)
PUBLIC: (ALL)	Server closed (REASON=)
RECIVE: (0)	Player disconnect request
PUBLIC: (ALL)	Server leave notification (ID=0)
PUBLIC: (ALL)	Player delete (ID=0)

LOG - Thu,18 Apr 2019 11:10:36

JOIN: (0)	192.168.178.65 (NAME=Krzem,ID=0)
PRIVAT: (0)	Default name & id setup (ID=0,DEFAULT-NAME=Krzem)
PUBLIC: (ALL)	Player data (ID=0,NAME=Krzem,X=15000,Y=15000,ROT=0)
PUBLIC: (ALL)	Server join notification (ID=0)
PUBLIC: (ALL)	Server closed (REASON=)
RECIVE: (0)	Player disconnect request
PUBLIC: (ALL)	Server leave notification (ID=0)
PUBLIC: (ALL)	Player delete (ID=0)

LOG - Thu,18 Apr 2019 11:11:32

JOIN: (0)	192.168.178.65 (NAME=Krzem,ID=0)
PRIVAT: (0)	Default name & id setup (ID=0,DEFAULT-NAME=Krzem)
PUBLIC: (ALL)	Player data (ID=0,NAME=Krzem,X=15000,Y=15000,ROT=0)
PUBLIC: (ALL)	Server join notification (ID=0)
PUBLIC: (ALL)	Server closed (REASON=)
RECIVE: (0)	Player disconnect request
PUBLIC: (ALL)	Server leave notification (ID=0)
PUBLIC: (ALL)	Player delete (ID=0)

LOG - Thu,18 Apr 2019 11:17:17

JOIN: (0)	192.168.178.65 (NAME=Krzem,ID=0)
PRIVAT: (0)	Default name & id setup (ID=0,DEFAULT-NAME=Krzem)
PUBLIC: (ALL)	Player data (ID=0,NAME=Krzem,X=15000,Y=15000,ROT=0)
PUBLIC: (ALL)	Server join notification (ID=0)
PUBLIC: (ALL)	Server closed (REASON=)
RECIVE: (0)	Player disconnect request
PUBLIC: (ALL)	Server leave notification (ID=0)
PUBLIC: (ALL)	Player delete (ID=0)

LOG - Thu,18 Apr 2019 11:17:51

JOIN: (0)	192.168.178.65 (NAME=Krzem,ID=0)
PRIVAT: (0)	Default name & id setup (ID=0,DEFAULT-NAME=Krzem)
PUBLIC: (ALL)	Player data (ID=0,NAME=Krzem,X=15000,Y=15000,ROT=0)
PUBLIC: (ALL)	Server join notification (ID=0)
PUBLIC: (ALL)	Server leave notification (ID=0)
PUBLIC: (ALL)	Player delete (ID=0)
JOIN: (0)	192.168.178.65 (NAME=Krzem,ID=0)
PRIVAT: (0)	Default name & id setup (ID=0,DEFAULT-NAME=Krzem)
PUBLIC: (ALL)	Player data (ID=0,NAME=Krzem,X=15000,Y=15000,ROT=0)
PUBLIC: (ALL)	Server join notification (ID=0)
PUBLIC: (ALL)	Server closed (REASON=)
RECIVE: (0)	Player disconnect request
PUBLIC: (ALL)	Server leave notification (ID=0)
PUBLIC: (ALL)	Player delete (ID=0)

LOG - Thu,18 Apr 2019 11:18:46

JOIN: (0)	192.168.178.65 (NAME=Krzem,ID=0)
PRIVAT: (0)	Default name & id setup (ID=0,DEFAULT-NAME=Krzem)
PUBLIC: (ALL)	Player data (ID=0,NAME=Krzem,X=15000,Y=15000,ROT=0)
PUBLIC: (ALL)	Server join notification (ID=0)
PUBLIC: (ALL)	Server closed (REASON=)
RECIVE: (0)	Player disconnect request
PUBLIC: (ALL)	Server leave notification (ID=0)
PUBLIC: (ALL)	Player delete (ID=0)

LOG - Thu,18 Apr 2019 11:21:58

JOIN: (0)	192.168.178.65 (NAME=Krzem,ID=0)
PRIVAT: (0)	Default name & id setup (ID=0,DEFAULT-NAME=Krzem)
PUBLIC: (ALL)	Player data (ID=0,NAME=Krzem,X=15000,Y=15000,ROT=0)
PUBLIC: (ALL)	Server join notification (ID=0)
PUBLIC: (ALL)	Server leave notification (ID=0)
PUBLIC: (ALL)	Player delete (ID=0)
JOIN: (0)	192.168.178.65 (NAME=Krzem,ID=0)
PRIVAT: (0)	Default name & id setup (ID=0,DEFAULT-NAME=Krzem)
PUBLIC: (ALL)	Player data (ID=0,NAME=Krzem,X=15000,Y=15000,ROT=0)
PUBLIC: (ALL)	Server join notification (ID=0)
PUBLIC: (ALL)	Server closed (REASON=)
RECIVE: (0)	Player disconnect request
PUBLIC: (ALL)	Server leave notification (ID=0)
PUBLIC: (ALL)	Player delete (ID=0)

LOG - Thu,18 Apr 2019 11:28:05

JOIN: (0)	192.168.178.65 (NAME=Krzem,ID=0)
PRIVAT: (0)	Default name & id setup (ID=0,DEFAULT-NAME=Krzem)
PUBLIC: (ALL)	Player data (ID=0,NAME=Krzem,X=15000,Y=15000,ROT=0)
PUBLIC: (ALL)	Server join notification (ID=0)
PUBLIC: (ALL)	Server closed (REASON=)
RECIVE: (0)	Player disconnect request
PUBLIC: (ALL)	Server leave notification (ID=0)
PUBLIC: (ALL)	Player delete (ID=0)

LOG - Thu,18 Apr 2019 11:30:12

JOIN: (0)	192.168.178.65 (NAME=Krzem,ID=0)
PRIVAT: (0)	Default name & id setup (ID=0,DEFAULT-NAME=Krzem)
PUBLIC: (ALL)	Player data (ID=0,NAME=Krzem,X=15000,Y=15000,ROT=0)
PUBLIC: (ALL)	Server join notification (ID=0)
PUBLIC: (ALL)	Server closed (REASON=)
RECIVE: (0)	Player disconnect request
PUBLIC: (ALL)	Server leave notification (ID=0)
PUBLIC: (ALL)	Player delete (ID=0)

LOG - Thu,18 Apr 2019 11:30:47

JOIN: (0)	192.168.178.65 (NAME=Krzem,ID=0)
PRIVAT: (0)	Default name & id setup (ID=0,DEFAULT-NAME=Krzem)
PUBLIC: (ALL)	Player data (ID=0,NAME=Krzem,X=15000,Y=15000,ROT=0)
PUBLIC: (ALL)	Server join notification (ID=0)
PUBLIC: (ALL)	Server closed (REASON=)
RECIVE: (0)	Player disconnect request
PUBLIC: (ALL)	Server leave notification (ID=0)
PUBLIC: (ALL)	Player delete (ID=0)

LOG - Thu,18 Apr 2019 11:32:15

JOIN: (0)	192.168.178.65 (NAME=Krzem,ID=0)
PRIVAT: (0)	Default name & id setup (ID=0,DEFAULT-NAME=Krzem)
PUBLIC: (ALL)	Player data (ID=0,NAME=Krzem,X=15000,Y=15000,ROT=0)
PUBLIC: (ALL)	Server join notification (ID=0)
PUBLIC: (ALL)	Server closed (REASON=)
RECIVE: (0)	Player disconnect request
PUBLIC: (ALL)	Server leave notification (ID=0)
PUBLIC: (ALL)	Player delete (ID=0)

LOG - Thu,18 Apr 2019 11:40:23

JOIN: (0)	192.168.178.65 (NAME=Krzem,ID=0)
PRIVAT: (0)	Default name & id setup (ID=0,DEFAULT-NAME=Krzem)
PUBLIC: (ALL)	Player data (ID=0,NAME=Krzem,X=15000,Y=15000,ROT=0)
PUBLIC: (ALL)	Server join notification (ID=0)
PUBLIC: (ALL)	Server closed (REASON=)
RECIVE: (0)	Player disconnect request
PUBLIC: (ALL)	Server leave notification (ID=0)
PUBLIC: (ALL)	Player delete (ID=0)

LOG - Thu,18 Apr 2019 11:41:00

JOIN: (0)	192.168.178.65 (NAME=Krzem,ID=0)
PRIVAT: (0)	Default name & id setup (ID=0,DEFAULT-NAME=Krzem)
PUBLIC: (ALL)	Player data (ID=0,NAME=Krzem,X=15000,Y=15000,ROT=0)
PUBLIC: (ALL)	Server join notification (ID=0)
PUBLIC: (ALL)	Server closed (REASON=)
RECIVE: (0)	Player disconnect request
PUBLIC: (ALL)	Server leave notification (ID=0)
PUBLIC: (ALL)	Player delete (ID=0)

LOG - Thu,18 Apr 2019 11:44:57

JOIN: (0)	192.168.178.65 (NAME=Krzem,ID=0)
PRIVAT: (0)	Default name & id setup (ID=0,DEFAULT-NAME=Krzem)
PUBLIC: (ALL)	Player data (ID=0,NAME=Krzem,X=15000,Y=15000,ROT=0)
PUBLIC: (ALL)	Server join notification (ID=0)
PUBLIC: (ALL)	Server leave notification (ID=0)
PUBLIC: (ALL)	Player delete (ID=0)
JOIN: (0)	192.168.178.65 (NAME=Krzem,ID=0)
PRIVAT: (0)	Default name & id setup (ID=0,DEFAULT-NAME=Krzem)
PUBLIC: (ALL)	Player data (ID=0,NAME=Krzem,X=15000,Y=15000,ROT=0)
PUBLIC: (ALL)	Server join notification (ID=0)
PUBLIC: (ALL)	Server closed (REASON=)
RECIVE: (0)	Player disconnect request
PUBLIC: (ALL)	Server leave notification (ID=0)
PUBLIC: (ALL)	Player delete (ID=0)

LOG - Thu,18 Apr 2019 11:46:48

JOIN: (0)	192.168.178.65 (NAME=Krzem,ID=0)
PRIVAT: (0)	Default name & id setup (ID=0,DEFAULT-NAME=Krzem)
PUBLIC: (ALL)	Player data (ID=0,NAME=Krzem,X=15000,Y=15000,ROT=0)
PUBLIC: (ALL)	Server join notification (ID=0)
PUBLIC: (ALL)	Server closed (REASON=)
RECIVE: (0)	Player disconnect request
PUBLIC: (ALL)	Server leave notification (ID=0)
PUBLIC: (ALL)	Player delete (ID=0)

LOG - Thu,18 Apr 2019 11:50:37

JOIN: (0)	192.168.178.65 (NAME=Krzem,ID=0)
PRIVAT: (0)	Default name & id setup (ID=0,DEFAULT-NAME=Krzem)
PUBLIC: (ALL)	Player data (ID=0,NAME=Krzem,X=15000,Y=15000,ROT=0)
PUBLIC: (ALL)	Server join notification (ID=0)
PUBLIC: (ALL)	Server closed (REASON=)
RECIVE: (0)	Player disconnect request
PUBLIC: (ALL)	Server leave notification (ID=0)
PUBLIC: (ALL)	Player delete (ID=0)

LOG - Thu,18 Apr 2019 11:51:42

JOIN: (0)	192.168.178.65 (NAME=Krzem,ID=0)
PRIVAT: (0)	Default name & id setup (ID=0,DEFAULT-NAME=Krzem)
PUBLIC: (ALL)	Player data (ID=0,NAME=Krzem,X=15000,Y=15000,ROT=0)
PUBLIC: (ALL)	Server join notification (ID=0)
PUBLIC: (ALL)	Server closed (REASON=)
RECIVE: (0)	Player disconnect request
PUBLIC: (ALL)	Server leave notification (ID=0)
PUBLIC: (ALL)	Player delete (ID=0)

LOG - Thu,18 Apr 2019 11:55:13


LOG - Thu,18 Apr 2019 11:55:26

JOIN: (0)	192.168.178.65 (NAME=Krzem,ID=0)
PRIVAT: (0)	Default name & id setup (ID=0,DEFAULT-NAME=Krzem)
PUBLIC: (ALL)	Player data (ID=0,NAME=Krzem,X=15000,Y=15000,ROT=0)
PUBLIC: (ALL)	Server join notification (ID=0)
PUBLIC: (ALL)	Server closed (REASON=)
RECIVE: (0)	Player disconnect request
PUBLIC: (ALL)	Server leave notification (ID=0)
PUBLIC: (ALL)	Player delete (ID=0)

LOG - Thu,18 Apr 2019 11:57:09

JOIN: (0)	192.168.178.65 (NAME=Krzem,ID=0)
PRIVAT: (0)	Default name & id setup (ID=0,DEFAULT-NAME=Krzem)
PUBLIC: (ALL)	Player data (ID=0,NAME=Krzem,X=15000,Y=15000,ROT=0)
PUBLIC: (ALL)	Server join notification (ID=0)
PUBLIC: (ALL)	Server closed (REASON=)
RECIVE: (0)	Player disconnect request
PUBLIC: (ALL)	Server leave notification (ID=0)
PUBLIC: (ALL)	Player delete (ID=0)

LOG - Thu,18 Apr 2019 11:57:55

JOIN: (0)	192.168.178.65 (NAME=Krzem,ID=0)
PRIVAT: (0)	Default name & id setup (ID=0,DEFAULT-NAME=Krzem)
PUBLIC: (ALL)	Player data (ID=0,NAME=Krzem,X=15000,Y=15000,ROT=0)
PUBLIC: (ALL)	Server join notification (ID=0)
PUBLIC: (ALL)	Server closed (REASON=)
RECIVE: (0)	Player disconnect request
PUBLIC: (ALL)	Server leave notification (ID=0)
PUBLIC: (ALL)	Player delete (ID=0)

LOG - Thu,18 Apr 2019 12:14:45


LOG - Thu,18 Apr 2019 12:15:14

JOIN: (0)	192.168.178.65 (NAME=Krzem,ID=0)
PRIVAT: (0)	Default name & id setup (ID=0,DEFAULT-NAME=Krzem)
PUBLIC: (ALL)	Player data (ID=0,NAME=Krzem,X=15000,Y=15000,ROT=0)
PUBLIC: (ALL)	Server join notification (ID=0)
PUBLIC: (ALL)	Server leave notification (ID=0)
PUBLIC: (ALL)	Player delete (ID=0)
JOIN: (0)	192.168.178.65 (NAME=Krzem,ID=0)
PRIVAT: (0)	Default name & id setup (ID=0,DEFAULT-NAME=Krzem)
PUBLIC: (ALL)	Player data (ID=0,NAME=Krzem,X=15000,Y=15000,ROT=0)
PUBLIC: (ALL)	Server join notification (ID=0)
PUBLIC: (ALL)	Server leave notification (ID=0)
PUBLIC: (ALL)	Player delete (ID=0)
JOIN: (0)	192.168.178.65 (NAME=Krzem,ID=0)
PRIVAT: (0)	Default name & id setup (ID=0,DEFAULT-NAME=Krzem)
PUBLIC: (ALL)	Player data (ID=0,NAME=Krzem,X=15000,Y=15000,ROT=0)
PUBLIC: (ALL)	Server join notification (ID=0)
PUBLIC: (ALL)	Server closed (REASON=)
RECIVE: (0)	Player disconnect request
PUBLIC: (ALL)	Server leave notification (ID=0)
PUBLIC: (ALL)	Player delete (ID=0)

LOG - Thu,18 Apr 2019 12:19:33

JOIN: (0)	192.168.178.65 (NAME=Krzem,ID=0)
PRIVAT: (0)	Default name & id setup (ID=0,DEFAULT-NAME=Krzem)
PUBLIC: (ALL)	Player data (ID=0,NAME=Krzem,X=15000,Y=15000,ROT=0)
PUBLIC: (ALL)	Server join notification (ID=0)
PUBLIC: (ALL)	Server closed (REASON=)
RECIVE: (0)	Player disconnect request
PUBLIC: (ALL)	Server leave notification (ID=0)
PUBLIC: (ALL)	Player delete (ID=0)

LOG - Thu,18 Apr 2019 12:20:10

JOIN: (0)	192.168.178.65 (NAME=Krzem,ID=0)
PRIVAT: (0)	Default name & id setup (ID=0,DEFAULT-NAME=Krzem)
PUBLIC: (ALL)	Player data (ID=0,NAME=Krzem,X=15000,Y=15000,ROT=0)
PUBLIC: (ALL)	Server join notification (ID=0)
PUBLIC: (ALL)	Server closed (REASON=STOP:)
RECIVE: (0)	Player disconnect request
PUBLIC: (ALL)	Server leave notification (ID=0)
PUBLIC: (ALL)	Player delete (ID=0)

LOG - Thu,18 Apr 2019 12:26:22


LOG - Thu,18 Apr 2019 12:26:44

JOIN: (0)	192.168.178.65 (NAME=Krzem,ID=0)
PRIVAT: (0)	Default name & id setup (ID=0,DEFAULT-NAME=Krzem)
PUBLIC: (ALL)	Player data (ID=0,NAME=Krzem,X=15000,Y=15000,ROT=0)
PUBLIC: (ALL)	Server join notification (ID=0)
PUBLIC: (ALL)	Server leave notification (ID=0)
PUBLIC: (ALL)	Player delete (ID=0)
JOIN: (0)	192.168.178.65 (NAME=Krzem,ID=0)
PRIVAT: (0)	Default name & id setup (ID=0,DEFAULT-NAME=Krzem)
PUBLIC: (ALL)	Player data (ID=0,NAME=Krzem,X=15000,Y=15000,ROT=0)
PUBLIC: (ALL)	Server join notification (ID=0)
PUBLIC: (ALL)	Server closed (REASON=)
RECIVE: (0)	Player disconnect request
PUBLIC: (ALL)	Server leave notification (ID=0)
PUBLIC: (ALL)	Player delete (ID=0)

LOG - Thu,18 Apr 2019 12:27:45


LOG - Thu,18 Apr 2019 12:31:19


LOG - Thu,18 Apr 2019 12:31:50


LOG - Thu,18 Apr 2019 12:32:02

JOIN: (0)	192.168.178.65 (NAME=Krzem,ID=0)
PRIVAT: (0)	Default name & id setup (ID=0,DEFAULT-NAME=Krzem)
PUBLIC: (ALL)	Player data (ID=0,NAME=Krzem,X=15000,Y=15000,ROT=0)
PUBLIC: (ALL)	Server join notification (ID=0)
PUBLIC: (ALL)	Server closed (REASON=)
RECIVE: (0)	Player disconnect request
PUBLIC: (ALL)	Server leave notification (ID=0)
PUBLIC: (ALL)	Player delete (ID=0)

LOG - Thu,18 Apr 2019 12:35:07

JOIN: (0)	192.168.178.65 (NAME=Krzem,ID=0)
PRIVAT: (0)	Default name & id setup (ID=0,DEFAULT-NAME=Krzem)
PUBLIC: (ALL)	Player data (ID=0,NAME=Krzem,X=15000,Y=15000,ROT=0)
PUBLIC: (ALL)	Server join notification (ID=0)
PUBLIC: (ALL)	Server closed (REASON=)
RECIVE: (0)	Player disconnect request
PUBLIC: (ALL)	Server leave notification (ID=0)
PUBLIC: (ALL)	Player delete (ID=0)

LOG - Thu,18 Apr 2019 12:36:49

JOIN: (0)	192.168.178.65 (NAME=Krzem,ID=0)
PRIVAT: (0)	Default name & id setup (ID=0,DEFAULT-NAME=Krzem)
PUBLIC: (ALL)	Player data (ID=0,NAME=Krzem,X=15000,Y=15000,ROT=0)
PUBLIC: (ALL)	Server join notification (ID=0)
PUBLIC: (ALL)	Server closed (REASON=)
RECIVE: (0)	Player disconnect request
PUBLIC: (ALL)	Server leave notification (ID=0)
PUBLIC: (ALL)	Player delete (ID=0)

LOG - Thu,18 Apr 2019 12:37:28

JOIN: (0)	192.168.178.65 (NAME=Krzem,ID=0)
PRIVAT: (0)	Default name & id setup (ID=0,DEFAULT-NAME=Krzem)
PUBLIC: (ALL)	Player data (ID=0,NAME=Krzem,X=15000,Y=15000,ROT=0)
PUBLIC: (ALL)	Server join notification (ID=0)
PUBLIC: (ALL)	Server closed (REASON=)
RECIVE: (0)	Player disconnect request
PUBLIC: (ALL)	Server leave notification (ID=0)
PUBLIC: (ALL)	Player delete (ID=0)

LOG - Thu,18 Apr 2019 12:37:52


LOG - Thu,18 Apr 2019 12:38:11


LOG - Thu,18 Apr 2019 12:38:56

JOIN: (0)	192.168.178.65 (NAME=Krzem,ID=0)
PRIVAT: (0)	Default name & id setup (ID=0,DEFAULT-NAME=Krzem)
PUBLIC: (ALL)	Player data (ID=0,NAME=Krzem,X=15000,Y=15000,ROT=0)
PUBLIC: (ALL)	Server join notification (ID=0)
PUBLIC: (ALL)	Server closed (REASON=')
RECIVE: (0)	Player disconnect request
PUBLIC: (ALL)	Server leave notification (ID=0)
PUBLIC: (ALL)	Player delete (ID=0)

LOG - Thu,18 Apr 2019 12:39:47


LOG - Thu,18 Apr 2019 12:40:47

JOIN: (0)	192.168.178.65 (NAME=Krzem,ID=0)
PRIVAT: (0)	Default name & id setup (ID=0,DEFAULT-NAME=Krzem)
PUBLIC: (ALL)	Player data (ID=0,NAME=Krzem,X=15000,Y=15000,ROT=0)
PUBLIC: (ALL)	Server join notification (ID=0)
PUBLIC: (ALL)	Server closed (REASON=)
RECIVE: (0)	Player disconnect request
PUBLIC: (ALL)	Server leave notification (ID=0)
PUBLIC: (ALL)	Player delete (ID=0)

LOG - Thu,18 Apr 2019 12:44:19

JOIN: (0)	192.168.178.65 (NAME=Krzem,ID=0)
PRIVAT: (0)	Default name & id setup (ID=0,DEFAULT-NAME=Krzem)
PUBLIC: (ALL)	Player data (ID=0,NAME=Krzem,X=15000,Y=15000,ROT=0)
PUBLIC: (ALL)	Server join notification (ID=0)
JOIN: (1)	192.168.178.64 (NAME=iPad,ID=1)
PRIVAT: (1)	Default name & id setup (ID=1,DEFAULT-NAME=iPad)
PRIVAT: (1)	Player data (ID=0,NAME=Krzem,X=13453,Y=10312,ROT=264)
PUBLIC: (ALL)	Player data (ID=1,NAME=iPad,X=15000,Y=15000,ROT=0)
PUBLIC: (ALL)	Server join notification (ID=1)
PUBLIC: (ALL)	Server closed (REASON=)
RECIVE: (0)	Player disconnect request
PUBLIC: (ALL)	Server leave notification (ID=0)
PUBLIC: (ALL)	Player delete (ID=0)
RECIVE: (1)	Player disconnect request
PUBLIC: (ALL)	Server leave notification (ID=1)
PUBLIC: (ALL)	Player delete (ID=1)
