LOG - Tue, 19 Mar 2019 17:08:37

JOIN: (0)	192.168.178 (NAME=Agrafka_%$, ID=0)
RECIVE: (192.168.178)	Player disconnect request
PRIVATE: (192.168.178)	IPv4 already connected (IPv4=192.168.178)
PRIVAT: (0)	Default name & id setup (ID=0, DEFAULT-NAME=Agrafka_%$)
PUBLIC: (ALL)	Player data (ID=0, NAME=Agrafka_%$, X=500, Y=500, ROT=0)
PUBLIC: (ALL)	Server join notification (ID=0)
PRIVATE: (192.168.178)	IPv4 already connected (IPv4=192.168.178)
RECIVE: (192.168.178)	Player disconnect request
PRIVATE: (192.168.178)	IPv4 already connected (IPv4=192.168.178)
RECIVE: (192.168.178)	Player disconnect request
PRIVATE: (192.168.178)	IPv4 already connected (IPv4=192.168.178)
RECIVE: (192.168.178)	Player disconnect request
PRIVATE: (192.168.178)	IPv4 already connected (IPv4=192.168.178)
RECIVE: (192.168.178)	Player disconnect request
PRIVATE: (192.168.178)	IPv4 already connected (IPv4=192.168.178)
RECIVE: (192.168.178)	Player disconnect request
PRIVATE: (192.168.178)	IPv4 already connected (IPv4=192.168.178)
RECIVE: (192.168.178)	Player disconnect request
PRIVATE: (192.168.178)	IPv4 already connected (IPv4=192.168.178)
RECIVE: (192.168.178)	Player disconnect request
PRIVATE: (192.168.178)	IPv4 already connected (IPv4=192.168.178)
RECIVE: (192.168.178)	Player disconnect request
PRIVATE: (192.168.178)	IPv4 already connected (IPv4=192.168.178)
RECIVE: (192.168.178)	Player disconnect request
PRIVATE: (192.168.178)	IPv4 already connected (IPv4=192.168.178)
RECIVE: (192.168.178)	Player disconnect request
PRIVATE: (192.168.178)	IPv4 already connected (IPv4=192.168.178)
RECIVE: (192.168.178)	Player disconnect request
PRIVATE: (192.168.178)	IPv4 already connected (IPv4=192.168.178)
RECIVE: (192.168.178)	Player disconnect request
PRIVATE: (192.168.178)	IPv4 already connected (IPv4=192.168.178)
RECIVE: (192.168.178)	Player disconnect request
PRIVATE: (192.168.178)	IPv4 already connected (IPv4=192.168.178)
RECIVE: (192.168.178)	Player disconnect request
PRIVATE: (192.168.178)	IPv4 already connected (IPv4=192.168.178)
RECIVE: (192.168.178)	Player disconnect request
PRIVATE: (192.168.178)	IPv4 already connected (IPv4=192.168.178)
RECIVE: (192.168.178)	Player disconnect request
PRIVATE: (192.168.178)	IPv4 already connected (IPv4=192.168.178)
RECIVE: (192.168.178)	Player disconnect request
PRIVATE: (192.168.178)	IPv4 already connected (IPv4=192.168.178)
RECIVE: (192.168.178)	Player disconnect request
PRIVATE: (192.168.178)	IPv4 already connected (IPv4=192.168.178)
RECIVE: (192.168.178)	Player disconnect request
PRIVATE: (192.168.178)	IPv4 already connected (IPv4=192.168.178)
RECIVE: (192.168.178)	Player disconnect request
PRIVATE: (192.168.178)	IPv4 already connected (IPv4=192.168.178)
RECIVE: (192.168.178)	Player disconnect request
PRIVATE: (192.168.178)	IPv4 already connected (IPv4=192.168.178)
RECIVE: (192.168.178)	Player disconnect request
PRIVATE: (192.168.178)	IPv4 already connected (IPv4=192.168.178)
RECIVE: (192.168.178)	Player disconnect request
PRIVATE: (192.168.178)	IPv4 already connected (IPv4=192.168.178)
RECIVE: (192.168.178)	Player disconnect request
PRIVATE: (192.168.178)	IPv4 already connected (IPv4=192.168.178)
RECIVE: (192.168.178)	Player disconnect request
PRIVATE: (192.168.178)	IPv4 already connected (IPv4=192.168.178)
RECIVE: (192.168.178)	Player disconnect request
PRIVATE: (192.168.178)	IPv4 already connected (IPv4=192.168.178)
RECIVE: (192.168.178)	Player disconnect request
PRIVATE: (192.168.178)	IPv4 already connected (IPv4=192.168.178)
RECIVE: (192.168.178)	Player disconnect request
PRIVATE: (192.168.178)	IPv4 already connected (IPv4=192.168.178)
RECIVE: (192.168.178)	Player disconnect request
PRIVATE: (192.168.178)	IPv4 already connected (IPv4=192.168.178)
RECIVE: (192.168.178)	Player disconnect request
PRIVATE: (192.168.178)	IPv4 already connected (IPv4=192.168.178)
RECIVE: (192.168.178)	Player disconnect request
PRIVATE: (192.168.178)	IPv4 already connected (IPv4=192.168.178)
RECIVE: (192.168.178)	Player disconnect request
PRIVATE: (192.168.178)	IPv4 already connected (IPv4=192.168.178)
RECIVE: (192.168.178)	Player disconnect request
PRIVATE: (192.168.178)	IPv4 already connected (IPv4=192.168.178)
RECIVE: (192.168.178)	Player disconnect request
PRIVATE: (192.168.178)	IPv4 already connected (IPv4=192.168.178)
RECIVE: (192.168.178)	Player disconnect request
PRIVATE: (192.168.178)	IPv4 already connected (IPv4=192.168.178)
RECIVE: (192.168.178)	Player disconnect request
PRIVATE: (192.168.178)	IPv4 already connected (IPv4=192.168.178)
RECIVE: (192.168.178)	Player disconnect request
PRIVATE: (192.168.178)	IPv4 already connected (IPv4=192.168.178)
RECIVE: (192.168.178)	Player disconnect request
PRIVATE: (192.168.178)	IPv4 already connected (IPv4=192.168.178)
RECIVE: (192.168.178)	Player disconnect request

LOG - Tue, 19 Mar 2019 18:14:52

JOIN: (0)	192.168.178 (NAME=Agrafka_%$, ID=0)
PRIVAT: (0)	Default name & id setup (ID=0, DEFAULT-NAME=Agrafka_%$)
PUBLIC: (ALL)	Player data (ID=0, NAME=Agrafka_%$, X=500, Y=500, ROT=0)
PUBLIC: (ALL)	Server join notification (ID=0)
JOIN: (0)	192.168.178 (NAME=Agrafka_%$, ID=0)
PRIVAT: (0)	Default name & id setup (ID=0, DEFAULT-NAME=Agrafka_%$)
PRIVAT: (0)	Player data (ID=0, NAME=Agrafka_%$, X=500, Y=500, ROT=0)
PUBLIC: (ALL)	Player data (ID=0, NAME=Agrafka_%$, X=500, Y=500, ROT=0)
PUBLIC: (ALL)	Server join notification (ID=0)

LOG - Tue, 19 Mar 2019 18:19:35

JOIN: (1)	 (NAME=Player #1, ID=1)
PRIVAT: (1)	Default name & id setup (ID=1, DEFAULT-NAME=Player #1)
PUBLIC: (ALL)	Player data (ID=1, NAME=Player #1, X=500, Y=500, ROT=0)
PUBLIC: (ALL)	Server join notification (ID=1)
JOIN: (1)	 (NAME=Player #1, ID=1)
PRIVAT: (1)	Default name & id setup (ID=1, DEFAULT-NAME=Player #1)
PRIVAT: (1)	Player data (ID=1, NAME=Player #1, X=500, Y=500, ROT=0)
PUBLIC: (ALL)	Player data (ID=1, NAME=Player #1, X=500, Y=500, ROT=0)
PUBLIC: (ALL)	Server join notification (ID=1)

LOG - Tue, 19 Mar 2019 18:20:32

JOIN: (1)	 (NAME=Player #1, ID=1)
PRIVAT: (1)	Default name & id setup (ID=1, DEFAULT-NAME=Player #1)
PUBLIC: (ALL)	Player data (ID=1, NAME=Player #1, X=500, Y=500, ROT=0)
PUBLIC: (ALL)	Server join notification (ID=1)

LOG - Tue, 19 Mar 2019 18:20:54

JOIN: (2)	 (NAME=Player #2, ID=2)
PRIVAT: (2)	Default name & id setup (ID=2, DEFAULT-NAME=Player #2)
PUBLIC: (ALL)	Player data (ID=2, NAME=Player #2, X=500, Y=500, ROT=0)
PUBLIC: (ALL)	Server join notification (ID=2)

LOG - Tue, 19 Mar 2019 18:21:56

JOIN: (1)	 (NAME=Player #1, ID=1)
PRIVAT: (1)	Default name & id setup (ID=1, DEFAULT-NAME=Player #1)
PUBLIC: (ALL)	Player data (ID=1, NAME=Player #1, X=500, Y=500, ROT=0)
PUBLIC: (ALL)	Server join notification (ID=1)

LOG - Tue, 19 Mar 2019 18:22:50

JOIN: (1)	 (NAME=Player #1, ID=1)
PRIVAT: (1)	Default name & id setup (ID=1, DEFAULT-NAME=Player #1)
PUBLIC: (ALL)	Player data (ID=1, NAME=Player #1, X=500, Y=500, ROT=0)
PUBLIC: (ALL)	Server join notification (ID=1)

LOG - Tue, 19 Mar 2019 18:23:23

JOIN: (1)	 (NAME=Player #1, ID=1)
PRIVAT: (1)	Default name & id setup (ID=1, DEFAULT-NAME=Player #1)
PUBLIC: (ALL)	Player data (ID=1, NAME=Player #1, X=500, Y=500, ROT=0)
PUBLIC: (ALL)	Server join notification (ID=1)

LOG - Tue, 19 Mar 2019 18:24:01

JOIN: (0)	192.168.178 (NAME=Agrafka_%$, ID=0)
PRIVAT: (0)	Default name & id setup (ID=0, DEFAULT-NAME=Agrafka_%$)
PUBLIC: (ALL)	Player data (ID=0, NAME=Agrafka_%$, X=500, Y=500, ROT=0)
PUBLIC: (ALL)	Server join notification (ID=0)
PUBLIC: (ALL)	Server leave notification (ID=0)
PUBLIC: (ALL)	Player delete (ID=0)
JOIN: (0)	192.168.178 (NAME=Agrafka_%$, ID=0)
PRIVAT: (0)	Default name & id setup (ID=0, DEFAULT-NAME=Agrafka_%$)
PUBLIC: (ALL)	Player data (ID=0, NAME=Agrafka_%$, X=500, Y=500, ROT=0)
PUBLIC: (ALL)	Server join notification (ID=0)
JOIN: (0)	192.168.178 (NAME=Agrafka_%$, ID=0)
PRIVAT: (0)	Default name & id setup (ID=0, DEFAULT-NAME=Agrafka_%$)
PRIVAT: (0)	Player data (ID=0, NAME=Agrafka_%$, X=500, Y=500, ROT=0)
PUBLIC: (ALL)	Player data (ID=0, NAME=Agrafka_%$, X=500, Y=500, ROT=0)
PUBLIC: (ALL)	Server join notification (ID=0)

LOG - Tue, 19 Mar 2019 18:26:30

PRIVATE: (192.168.178)	IPv4 already connected (IPv4=192.168.178)
RECIVE: (192.168.178)	Player disconnect request
PRIVATE: (192.168.178)	IPv4 already connected (IPv4=192.168.178)
RECIVE: (192.168.178)	Player disconnect request

LOG - Tue, 19 Mar 2019 18:28:20

PRIVATE: (192.168.178)	IPv4 already connected (IPv4=192.168.178)
RECIVE: (192.168.178)	Player disconnect request
PRIVATE: (192.168.178)	IPv4 already connected (IPv4=192.168.178)
RECIVE: (192.168.178)	Player disconnect request
PRIVATE: (192.168.178)	IPv4 already connected (IPv4=192.168.178)
RECIVE: (192.168.178)	Player disconnect request
PRIVATE: (192.168.178)	IPv4 already connected (IPv4=192.168.178)
RECIVE: (192.168.178)	Player disconnect request
PRIVATE: (192.168.178)	IPv4 already connected (IPv4=192.168.178)
RECIVE: (192.168.178)	Player disconnect request
PRIVATE: (192.168.178)	IPv4 already connected (IPv4=192.168.178)
RECIVE: (192.168.178)	Player disconnect request
PRIVATE: (192.168.178)	IPv4 already connected (IPv4=192.168.178)
RECIVE: (192.168.178)	Player disconnect request
PRIVATE: (192.168.178)	IPv4 already connected (IPv4=192.168.178)
RECIVE: (192.168.178)	Player disconnect request
PRIVATE: (192.168.178)	IPv4 already connected (IPv4=192.168.178)
RECIVE: (192.168.178)	Player disconnect request
PRIVATE: (192.168.178)	IPv4 already connected (IPv4=192.168.178)
RECIVE: (192.168.178)	Player disconnect request
PRIVATE: (192.168.178)	IPv4 already connected (IPv4=192.168.178)
RECIVE: (192.168.178)	Player disconnect request

LOG - Tue, 19 Mar 2019 19:37:59

JOIN: (0)	192.168.178 (NAME=Agrafka_%$, ID=0)
PRIVAT: (0)	Default name & id setup (ID=0, DEFAULT-NAME=Agrafka_%$)
PUBLIC: (ALL)	Player data (ID=0, NAME=Agrafka_%$, X=500, Y=500, ROT=0)
PUBLIC: (ALL)	Server join notification (ID=0)
PUBLIC: (ALL)	Server leave notification (ID=0)

LOG - Tue, 19 Mar 2019 19:40:01

JOIN: (0)	192.168.178 (NAME=Agrafka_%$, ID=0)
PRIVAT: (0)	Default name & id setup (ID=0, DEFAULT-NAME=Agrafka_%$)
PUBLIC: (ALL)	Player data (ID=0, NAME=Agrafka_%$, X=500, Y=500, ROT=0)
PUBLIC: (ALL)	Server join notification (ID=0)
PUBLIC: (ALL)	Server leave notification (ID=0)
PUBLIC: (ALL)	Player delete (ID=0)
JOIN: (0)	192.168.178 (NAME=Agrafka_%$, ID=0)
PRIVAT: (0)	Default name & id setup (ID=0, DEFAULT-NAME=Agrafka_%$)
PUBLIC: (ALL)	Player data (ID=0, NAME=Agrafka_%$, X=500, Y=500, ROT=0)
PUBLIC: (ALL)	Server join notification (ID=0)
PUBLIC: (ALL)	Server leave notification (ID=0)
PUBLIC: (ALL)	Player delete (ID=0)
JOIN: (0)	192.168.178 (NAME=Agrafka_%$, ID=0)
PRIVAT: (0)	Default name & id setup (ID=0, DEFAULT-NAME=Agrafka_%$)
PUBLIC: (ALL)	Player data (ID=0, NAME=Agrafka_%$, X=500, Y=500, ROT=0)
PUBLIC: (ALL)	Server join notification (ID=0)
PUBLIC: (ALL)	Server leave notification (ID=0)
PUBLIC: (ALL)	Player delete (ID=0)
JOIN: (0)	192.168.178 (NAME=Agrafka_%$, ID=0)
PRIVAT: (0)	Default name & id setup (ID=0, DEFAULT-NAME=Agrafka_%$)
PUBLIC: (ALL)	Player data (ID=0, NAME=Agrafka_%$, X=500, Y=500, ROT=0)
PUBLIC: (ALL)	Server join notification (ID=0)
PUBLIC: (ALL)	Server leave notification (ID=0)
PUBLIC: (ALL)	Player delete (ID=0)
JOIN: (0)	192.168.178 (NAME=Agrafka_%$, ID=0)
PRIVAT: (0)	Default name & id setup (ID=0, DEFAULT-NAME=Agrafka_%$)
PUBLIC: (ALL)	Player data (ID=0, NAME=Agrafka_%$, X=500, Y=500, ROT=0)
PUBLIC: (ALL)	Server join notification (ID=0)
PUBLIC: (ALL)	Server leave notification (ID=0)
PUBLIC: (ALL)	Player delete (ID=0)
JOIN: (0)	192.168.178 (NAME=Agrafka_%$, ID=0)
PRIVAT: (0)	Default name & id setup (ID=0, DEFAULT-NAME=Agrafka_%$)
PUBLIC: (ALL)	Player data (ID=0, NAME=Agrafka_%$, X=500, Y=500, ROT=0)
PUBLIC: (ALL)	Server join notification (ID=0)
PUBLIC: (ALL)	Server leave notification (ID=0)
PUBLIC: (ALL)	Player delete (ID=0)
JOIN: (0)	192.168.178 (NAME=Agrafka_%$, ID=0)
PRIVAT: (0)	Default name & id setup (ID=0, DEFAULT-NAME=Agrafka_%$)
PUBLIC: (ALL)	Player data (ID=0, NAME=Agrafka_%$, X=500, Y=500, ROT=0)
PUBLIC: (ALL)	Server join notification (ID=0)
PUBLIC: (ALL)	Server leave notification (ID=0)
PUBLIC: (ALL)	Player delete (ID=0)
JOIN: (0)	192.168.178 (NAME=Agrafka_%$, ID=0)
PRIVAT: (0)	Default name & id setup (ID=0, DEFAULT-NAME=Agrafka_%$)
PUBLIC: (ALL)	Player data (ID=0, NAME=Agrafka_%$, X=500, Y=500, ROT=0)
PUBLIC: (ALL)	Server join notification (ID=0)
PUBLIC: (ALL)	Server leave notification (ID=0)
PUBLIC: (ALL)	Player delete (ID=0)
JOIN: (0)	192.168.178 (NAME=Agrafka_%$, ID=0)
PRIVAT: (0)	Default name & id setup (ID=0, DEFAULT-NAME=Agrafka_%$)
PUBLIC: (ALL)	Player data (ID=0, NAME=Agrafka_%$, X=500, Y=500, ROT=0)
PUBLIC: (ALL)	Server join notification (ID=0)
PUBLIC: (ALL)	Server leave notification (ID=0)
PUBLIC: (ALL)	Player delete (ID=0)
JOIN: (0)	192.168.178 (NAME=Agrafka_%$, ID=0)
PRIVAT: (0)	Default name & id setup (ID=0, DEFAULT-NAME=Agrafka_%$)
PUBLIC: (ALL)	Player data (ID=0, NAME=Agrafka_%$, X=500, Y=500, ROT=0)
PUBLIC: (ALL)	Server join notification (ID=0)
PUBLIC: (ALL)	Server leave notification (ID=0)
PUBLIC: (ALL)	Player delete (ID=0)
JOIN: (0)	192.168.178 (NAME=Agrafka_%$, ID=0)
PRIVAT: (0)	Default name & id setup (ID=0, DEFAULT-NAME=Agrafka_%$)
PUBLIC: (ALL)	Player data (ID=0, NAME=Agrafka_%$, X=500, Y=500, ROT=0)
PUBLIC: (ALL)	Server join notification (ID=0)
PUBLIC: (ALL)	Server leave notification (ID=0)
PUBLIC: (ALL)	Player delete (ID=0)
JOIN: (0)	192.168.178 (NAME=Agrafka_%$, ID=0)
PRIVAT: (0)	Default name & id setup (ID=0, DEFAULT-NAME=Agrafka_%$)
PUBLIC: (ALL)	Player data (ID=0, NAME=Agrafka_%$, X=500, Y=500, ROT=0)
PUBLIC: (ALL)	Server join notification (ID=0)
PUBLIC: (ALL)	Server leave notification (ID=0)
PUBLIC: (ALL)	Player delete (ID=0)
JOIN: (0)	192.168.178 (NAME=Agrafka_%$, ID=0)
PRIVAT: (0)	Default name & id setup (ID=0, DEFAULT-NAME=Agrafka_%$)
PUBLIC: (ALL)	Player data (ID=0, NAME=Agrafka_%$, X=500, Y=500, ROT=0)
PUBLIC: (ALL)	Server join notification (ID=0)
PUBLIC: (ALL)	Server leave notification (ID=0)
PUBLIC: (ALL)	Player delete (ID=0)
JOIN: (0)	192.168.178 (NAME=Agrafka_%$, ID=0)
PRIVAT: (0)	Default name & id setup (ID=0, DEFAULT-NAME=Agrafka_%$)
PUBLIC: (ALL)	Player data (ID=0, NAME=Agrafka_%$, X=500, Y=500, ROT=0)
PUBLIC: (ALL)	Server join notification (ID=0)
PUBLIC: (ALL)	Server leave notification (ID=0)
PUBLIC: (ALL)	Player delete (ID=0)
JOIN: (0)	192.168.178 (NAME=Agrafka_%$, ID=0)
PRIVAT: (0)	Default name & id setup (ID=0, DEFAULT-NAME=Agrafka_%$)
PUBLIC: (ALL)	Player data (ID=0, NAME=Agrafka_%$, X=500, Y=500, ROT=0)
PUBLIC: (ALL)	Server join notification (ID=0)
PUBLIC: (ALL)	Server leave notification (ID=0)
PUBLIC: (ALL)	Player delete (ID=0)
JOIN: (0)	192.168.178 (NAME=Agrafka_%$, ID=0)
PRIVAT: (0)	Default name & id setup (ID=0, DEFAULT-NAME=Agrafka_%$)
PUBLIC: (ALL)	Player data (ID=0, NAME=Agrafka_%$, X=500, Y=500, ROT=0)
PUBLIC: (ALL)	Server join notification (ID=0)
PUBLIC: (ALL)	Server leave notification (ID=0)
PUBLIC: (ALL)	Player delete (ID=0)
JOIN: (0)	192.168.178 (NAME=Agrafka_%$, ID=0)
PRIVAT: (0)	Default name & id setup (ID=0, DEFAULT-NAME=Agrafka_%$)
PUBLIC: (ALL)	Player data (ID=0, NAME=Agrafka_%$, X=500, Y=500, ROT=0)
PUBLIC: (ALL)	Server join notification (ID=0)
PUBLIC: (ALL)	Server leave notification (ID=0)
PUBLIC: (ALL)	Player delete (ID=0)
JOIN: (0)	192.168.178 (NAME=Agrafka_%$, ID=0)
PRIVAT: (0)	Default name & id setup (ID=0, DEFAULT-NAME=Agrafka_%$)
PUBLIC: (ALL)	Player data (ID=0, NAME=Agrafka_%$, X=500, Y=500, ROT=0)
PUBLIC: (ALL)	Server join notification (ID=0)
PUBLIC: (ALL)	Server leave notification (ID=0)
PUBLIC: (ALL)	Player delete (ID=0)
JOIN: (0)	192.168.178 (NAME=Agrafka_%$, ID=0)
PRIVAT: (0)	Default name & id setup (ID=0, DEFAULT-NAME=Agrafka_%$)
PUBLIC: (ALL)	Player data (ID=0, NAME=Agrafka_%$, X=500, Y=500, ROT=0)
PUBLIC: (ALL)	Server join notification (ID=0)
PUBLIC: (ALL)	Server leave notification (ID=0)
PUBLIC: (ALL)	Player delete (ID=0)
JOIN: (0)	192.168.178 (NAME=Agrafka_%$, ID=0)
PRIVAT: (0)	Default name & id setup (ID=0, DEFAULT-NAME=Agrafka_%$)
PUBLIC: (ALL)	Player data (ID=0, NAME=Agrafka_%$, X=500, Y=500, ROT=0)
PUBLIC: (ALL)	Server join notification (ID=0)
PUBLIC: (ALL)	Server leave notification (ID=0)
PUBLIC: (ALL)	Player delete (ID=0)
JOIN: (0)	192.168.178 (NAME=Agrafka_%$, ID=0)
PRIVAT: (0)	Default name & id setup (ID=0, DEFAULT-NAME=Agrafka_%$)
PUBLIC: (ALL)	Player data (ID=0, NAME=Agrafka_%$, X=500, Y=500, ROT=0)
PUBLIC: (ALL)	Server join notification (ID=0)
PUBLIC: (ALL)	Server leave notification (ID=0)
PUBLIC: (ALL)	Player delete (ID=0)
JOIN: (0)	192.168.178 (NAME=Agrafka_%$, ID=0)
PRIVAT: (0)	Default name & id setup (ID=0, DEFAULT-NAME=Agrafka_%$)
PUBLIC: (ALL)	Player data (ID=0, NAME=Agrafka_%$, X=500, Y=500, ROT=0)
PUBLIC: (ALL)	Server join notification (ID=0)
PUBLIC: (ALL)	Server leave notification (ID=0)
PUBLIC: (ALL)	Player delete (ID=0)
JOIN: (0)	192.168.178 (NAME=Agrafka_%$, ID=0)
PRIVAT: (0)	Default name & id setup (ID=0, DEFAULT-NAME=Agrafka_%$)
PUBLIC: (ALL)	Player data (ID=0, NAME=Agrafka_%$, X=500, Y=500, ROT=0)
PUBLIC: (ALL)	Server join notification (ID=0)
PUBLIC: (ALL)	Server leave notification (ID=0)
PUBLIC: (ALL)	Player delete (ID=0)
JOIN: (0)	192.168.178 (NAME=Agrafka_%$, ID=0)
PRIVAT: (0)	Default name & id setup (ID=0, DEFAULT-NAME=Agrafka_%$)
PUBLIC: (ALL)	Player data (ID=0, NAME=Agrafka_%$, X=500, Y=500, ROT=0)
PUBLIC: (ALL)	Server join notification (ID=0)
PUBLIC: (ALL)	Server leave notification (ID=0)
PUBLIC: (ALL)	Player delete (ID=0)
JOIN: (0)	192.168.178 (NAME=Agrafka_%$, ID=0)
PRIVAT: (0)	Default name & id setup (ID=0, DEFAULT-NAME=Agrafka_%$)
PUBLIC: (ALL)	Player data (ID=0, NAME=Agrafka_%$, X=500, Y=500, ROT=0)
PUBLIC: (ALL)	Server join notification (ID=0)
PUBLIC: (ALL)	Server leave notification (ID=0)
PUBLIC: (ALL)	Player delete (ID=0)
JOIN: (0)	192.168.178 (NAME=Agrafka_%$, ID=0)
PRIVAT: (0)	Default name & id setup (ID=0, DEFAULT-NAME=Agrafka_%$)
PUBLIC: (ALL)	Player data (ID=0, NAME=Agrafka_%$, X=500, Y=500, ROT=0)
PUBLIC: (ALL)	Server join notification (ID=0)
RECIVE: (0)	Name change request (NEW-NAME=Aju)
PRIVAT: (0)	Name change approved (NEW-NAME=Aju)
PUBLIC: (ALL)	Player name change (ID=0, NEW-NAME=Aju)
RECIVE: (0)	Name change request (NEW-NAME=ru489eiuei3902p4e8i39weois39weosiekwso)
PRIVAT: (0)	Name change rejected (REJECTED-NAME=ru489eiuei3902p4e8i39weois39weosiekwso, REASON=2)
PUBLIC: (ALL)	Server leave notification (ID=0)
PUBLIC: (ALL)	Player delete (ID=0)
JOIN: (0)	192.168.178 (NAME=Aju, ID=0)
PRIVAT: (0)	Default name & id setup (ID=0, DEFAULT-NAME=Aju)
PUBLIC: (ALL)	Player data (ID=0, NAME=Aju, X=500, Y=500, ROT=0)
PUBLIC: (ALL)	Server join notification (ID=0)
PUBLIC: (ALL)	Server leave notification (ID=0)
PUBLIC: (ALL)	Player delete (ID=0)
JOIN: (0)	192.168.178 (NAME=Aju, ID=0)
PRIVAT: (0)	Default name & id setup (ID=0, DEFAULT-NAME=Aju)
PUBLIC: (ALL)	Player data (ID=0, NAME=Aju, X=500, Y=500, ROT=0)
PUBLIC: (ALL)	Server join notification (ID=0)
PUBLIC: (ALL)	Server leave notification (ID=0)
PUBLIC: (ALL)	Player delete (ID=0)
JOIN: (0)	192.168.178 (NAME=Aju, ID=0)
PRIVAT: (0)	Default name & id setup (ID=0, DEFAULT-NAME=Aju)
PUBLIC: (ALL)	Player data (ID=0, NAME=Aju, X=500, Y=500, ROT=0)
PUBLIC: (ALL)	Server join notification (ID=0)
PUBLIC: (ALL)	Server leave notification (ID=0)
PUBLIC: (ALL)	Player delete (ID=0)
JOIN: (0)	192.168.178 (NAME=Aju, ID=0)
PRIVAT: (0)	Default name & id setup (ID=0, DEFAULT-NAME=Aju)
PUBLIC: (ALL)	Player data (ID=0, NAME=Aju, X=500, Y=500, ROT=0)
PUBLIC: (ALL)	Server join notification (ID=0)
PUBLIC: (ALL)	Server leave notification (ID=0)
PUBLIC: (ALL)	Player delete (ID=0)
JOIN: (0)	192.168.178 (NAME=Aju, ID=0)
PRIVAT: (0)	Default name & id setup (ID=0, DEFAULT-NAME=Aju)
PUBLIC: (ALL)	Player data (ID=0, NAME=Aju, X=500, Y=500, ROT=0)
PUBLIC: (ALL)	Server join notification (ID=0)
PUBLIC: (ALL)	Server leave notification (ID=0)
PUBLIC: (ALL)	Player delete (ID=0)
JOIN: (0)	192.168.178 (NAME=Aju, ID=0)
PRIVAT: (0)	Default name & id setup (ID=0, DEFAULT-NAME=Aju)
PUBLIC: (ALL)	Player data (ID=0, NAME=Aju, X=500, Y=500, ROT=0)
PUBLIC: (ALL)	Server join notification (ID=0)
PUBLIC: (ALL)	Server leave notification (ID=0)
PUBLIC: (ALL)	Player delete (ID=0)
JOIN: (0)	192.168.178 (NAME=Aju, ID=0)
PRIVAT: (0)	Default name & id setup (ID=0, DEFAULT-NAME=Aju)
PUBLIC: (ALL)	Player data (ID=0, NAME=Aju, X=500, Y=500, ROT=0)
PUBLIC: (ALL)	Server join notification (ID=0)
PUBLIC: (ALL)	Server leave notification (ID=0)
PUBLIC: (ALL)	Player delete (ID=0)
JOIN: (0)	192.168.178 (NAME=Aju, ID=0)
PRIVAT: (0)	Default name & id setup (ID=0, DEFAULT-NAME=Aju)
PUBLIC: (ALL)	Player data (ID=0, NAME=Aju, X=500, Y=500, ROT=0)
PUBLIC: (ALL)	Server join notification (ID=0)
PUBLIC: (ALL)	Server leave notification (ID=0)
PUBLIC: (ALL)	Player delete (ID=0)
JOIN: (0)	192.168.178 (NAME=Aju, ID=0)
PRIVAT: (0)	Default name & id setup (ID=0, DEFAULT-NAME=Aju)
PUBLIC: (ALL)	Player data (ID=0, NAME=Aju, X=500, Y=500, ROT=0)
PUBLIC: (ALL)	Server join notification (ID=0)
PUBLIC: (ALL)	Server leave notification (ID=0)
PUBLIC: (ALL)	Player delete (ID=0)
JOIN: (0)	192.168.178 (NAME=Aju, ID=0)
PRIVAT: (0)	Default name & id setup (ID=0, DEFAULT-NAME=Aju)
PUBLIC: (ALL)	Player data (ID=0, NAME=Aju, X=500, Y=500, ROT=0)
PUBLIC: (ALL)	Server join notification (ID=0)
RECIVE: (0)	Player disconnect request
PUBLIC: (ALL)	Server leave notification (ID=0)
PUBLIC: (ALL)	Player delete (ID=0)
JOIN: (0)	192.168.178 (NAME=Aju, ID=0)
PRIVAT: (0)	Default name & id setup (ID=0, DEFAULT-NAME=Aju)
PUBLIC: (ALL)	Player data (ID=0, NAME=Aju, X=500, Y=500, ROT=0)
PUBLIC: (ALL)	Server join notification (ID=0)
RECIVE: (0)	Player disconnect request
PUBLIC: (ALL)	Server leave notification (ID=0)
PUBLIC: (ALL)	Player delete (ID=0)
JOIN: (0)	192.168.178 (NAME=Aju, ID=0)
PRIVAT: (0)	Default name & id setup (ID=0, DEFAULT-NAME=Aju)
PUBLIC: (ALL)	Player data (ID=0, NAME=Aju, X=500, Y=500, ROT=0)
PUBLIC: (ALL)	Server join notification (ID=0)
PUBLIC: (ALL)	Server leave notification (ID=0)
PUBLIC: (ALL)	Player delete (ID=0)
JOIN: (0)	192.168.178 (NAME=Aju, ID=0)
PRIVAT: (0)	Default name & id setup (ID=0, DEFAULT-NAME=Aju)
PUBLIC: (ALL)	Player data (ID=0, NAME=Aju, X=500, Y=500, ROT=0)
PUBLIC: (ALL)	Server join notification (ID=0)
RECIVE: (0)	Player disconnect request
PUBLIC: (ALL)	Server leave notification (ID=0)
PUBLIC: (ALL)	Player delete (ID=0)
JOIN: (0)	192.168.178 (NAME=Aju, ID=0)
PRIVAT: (0)	Default name & id setup (ID=0, DEFAULT-NAME=Aju)
PUBLIC: (ALL)	Player data (ID=0, NAME=Aju, X=500, Y=500, ROT=0)
PUBLIC: (ALL)	Server join notification (ID=0)
PUBLIC: (ALL)	Server leave notification (ID=0)
PUBLIC: (ALL)	Player delete (ID=0)
JOIN: (0)	192.168.178 (NAME=Aju, ID=0)
PRIVAT: (0)	Default name & id setup (ID=0, DEFAULT-NAME=Aju)
PUBLIC: (ALL)	Player data (ID=0, NAME=Aju, X=500, Y=500, ROT=0)
PUBLIC: (ALL)	Server join notification (ID=0)
RECIVE: (0)	Player disconnect request
PUBLIC: (ALL)	Server leave notification (ID=0)
PUBLIC: (ALL)	Player delete (ID=0)
JOIN: (0)	192.168.178 (NAME=Aju, ID=0)
PRIVAT: (0)	Default name & id setup (ID=0, DEFAULT-NAME=Aju)
PUBLIC: (ALL)	Player data (ID=0, NAME=Aju, X=500, Y=500, ROT=0)
PUBLIC: (ALL)	Server join notification (ID=0)
PUBLIC: (ALL)	Server leave notification (ID=0)
PUBLIC: (ALL)	Player delete (ID=0)
JOIN: (0)	192.168.178 (NAME=Aju, ID=0)
PRIVAT: (0)	Default name & id setup (ID=0, DEFAULT-NAME=Aju)
PUBLIC: (ALL)	Player data (ID=0, NAME=Aju, X=500, Y=500, ROT=0)
PUBLIC: (ALL)	Server join notification (ID=0)
RECIVE: (0)	Player disconnect request
PUBLIC: (ALL)	Server leave notification (ID=0)
PUBLIC: (ALL)	Player delete (ID=0)
JOIN: (0)	192.168.178 (NAME=Aju, ID=0)
PRIVAT: (0)	Default name & id setup (ID=0, DEFAULT-NAME=Aju)
PUBLIC: (ALL)	Player data (ID=0, NAME=Aju, X=500, Y=500, ROT=0)
PUBLIC: (ALL)	Server join notification (ID=0)
PUBLIC: (ALL)	Server leave notification (ID=0)
PUBLIC: (ALL)	Player delete (ID=0)
JOIN: (0)	192.168.178 (NAME=Aju, ID=0)
PRIVAT: (0)	Default name & id setup (ID=0, DEFAULT-NAME=Aju)
PUBLIC: (ALL)	Player data (ID=0, NAME=Aju, X=500, Y=500, ROT=0)
PUBLIC: (ALL)	Server join notification (ID=0)
RECIVE: (0)	Player disconnect request
PUBLIC: (ALL)	Server leave notification (ID=0)
PUBLIC: (ALL)	Player delete (ID=0)
JOIN: (0)	192.168.178 (NAME=Aju, ID=0)
PRIVAT: (0)	Default name & id setup (ID=0, DEFAULT-NAME=Aju)
PUBLIC: (ALL)	Player data (ID=0, NAME=Aju, X=500, Y=500, ROT=0)
PUBLIC: (ALL)	Server join notification (ID=0)
PUBLIC: (ALL)	Server leave notification (ID=0)
PUBLIC: (ALL)	Player delete (ID=0)
JOIN: (0)	192.168.178 (NAME=Aju, ID=0)
PRIVAT: (0)	Default name & id setup (ID=0, DEFAULT-NAME=Aju)
PUBLIC: (ALL)	Player data (ID=0, NAME=Aju, X=500, Y=500, ROT=0)
PUBLIC: (ALL)	Server join notification (ID=0)
RECIVE: (0)	Player disconnect request
PUBLIC: (ALL)	Server leave notification (ID=0)
PUBLIC: (ALL)	Player delete (ID=0)
JOIN: (0)	192.168.178 (NAME=Aju, ID=0)
PRIVAT: (0)	Default name & id setup (ID=0, DEFAULT-NAME=Aju)
PUBLIC: (ALL)	Player data (ID=0, NAME=Aju, X=500, Y=500, ROT=0)
PUBLIC: (ALL)	Server join notification (ID=0)
PUBLIC: (ALL)	Server leave notification (ID=0)
PUBLIC: (ALL)	Player delete (ID=0)
JOIN: (0)	192.168.178 (NAME=Aju, ID=0)
PRIVAT: (0)	Default name & id setup (ID=0, DEFAULT-NAME=Aju)
PUBLIC: (ALL)	Player data (ID=0, NAME=Aju, X=500, Y=500, ROT=0)
PUBLIC: (ALL)	Server join notification (ID=0)
RECIVE: (0)	Player disconnect request
PUBLIC: (ALL)	Server leave notification (ID=0)
PUBLIC: (ALL)	Player delete (ID=0)
JOIN: (0)	192.168.178 (NAME=Aju, ID=0)
PRIVAT: (0)	Default name & id setup (ID=0, DEFAULT-NAME=Aju)
PUBLIC: (ALL)	Player data (ID=0, NAME=Aju, X=500, Y=500, ROT=0)
PUBLIC: (ALL)	Server join notification (ID=0)
PUBLIC: (ALL)	Server leave notification (ID=0)
PUBLIC: (ALL)	Player delete (ID=0)
JOIN: (0)	192.168.178 (NAME=Aju, ID=0)
PRIVAT: (0)	Default name & id setup (ID=0, DEFAULT-NAME=Aju)
PUBLIC: (ALL)	Player data (ID=0, NAME=Aju, X=500, Y=500, ROT=0)
PUBLIC: (ALL)	Server join notification (ID=0)
PUBLIC: (ALL)	Server leave notification (ID=0)
PUBLIC: (ALL)	Player delete (ID=0)
JOIN: (0)	192.168.178 (NAME=Aju, ID=0)
PRIVAT: (0)	Default name & id setup (ID=0, DEFAULT-NAME=Aju)
PUBLIC: (ALL)	Player data (ID=0, NAME=Aju, X=500, Y=500, ROT=0)
PUBLIC: (ALL)	Server join notification (ID=0)
RECIVE: (0)	Player disconnect request
PUBLIC: (ALL)	Server leave notification (ID=0)
PUBLIC: (ALL)	Player delete (ID=0)
JOIN: (0)	192.168.178 (NAME=Aju, ID=0)
PRIVAT: (0)	Default name & id setup (ID=0, DEFAULT-NAME=Aju)
PUBLIC: (ALL)	Player data (ID=0, NAME=Aju, X=500, Y=500, ROT=0)
PUBLIC: (ALL)	Server join notification (ID=0)
PUBLIC: (ALL)	Server leave notification (ID=0)
PUBLIC: (ALL)	Player delete (ID=0)
JOIN: (0)	192.168.178 (NAME=Aju, ID=0)
PRIVAT: (0)	Default name & id setup (ID=0, DEFAULT-NAME=Aju)
PUBLIC: (ALL)	Player data (ID=0, NAME=Aju, X=500, Y=500, ROT=0)
PUBLIC: (ALL)	Server join notification (ID=0)
RECIVE: (0)	Player disconnect request
PUBLIC: (ALL)	Server leave notification (ID=0)
PUBLIC: (ALL)	Player delete (ID=0)
JOIN: (0)	192.168.178 (NAME=Aju, ID=0)
PRIVAT: (0)	Default name & id setup (ID=0, DEFAULT-NAME=Aju)
PUBLIC: (ALL)	Player data (ID=0, NAME=Aju, X=500, Y=500, ROT=0)
PUBLIC: (ALL)	Server join notification (ID=0)
PUBLIC: (ALL)	Server leave notification (ID=0)
PUBLIC: (ALL)	Player delete (ID=0)
JOIN: (0)	192.168.178 (NAME=Aju, ID=0)
PRIVAT: (0)	Default name & id setup (ID=0, DEFAULT-NAME=Aju)
PUBLIC: (ALL)	Player data (ID=0, NAME=Aju, X=500, Y=500, ROT=0)
PUBLIC: (ALL)	Server join notification (ID=0)
PUBLIC: (ALL)	Server leave notification (ID=0)
PUBLIC: (ALL)	Player delete (ID=0)
JOIN: (0)	192.168.178 (NAME=Aju, ID=0)
PRIVAT: (0)	Default name & id setup (ID=0, DEFAULT-NAME=Aju)
PUBLIC: (ALL)	Player data (ID=0, NAME=Aju, X=500, Y=500, ROT=0)
PUBLIC: (ALL)	Server join notification (ID=0)
RECIVE: (0)	Player disconnect request
PUBLIC: (ALL)	Server leave notification (ID=0)
PUBLIC: (ALL)	Player delete (ID=0)
JOIN: (0)	192.168.178 (NAME=Aju, ID=0)
PRIVAT: (0)	Default name & id setup (ID=0, DEFAULT-NAME=Aju)
PUBLIC: (ALL)	Player data (ID=0, NAME=Aju, X=500, Y=500, ROT=0)
PUBLIC: (ALL)	Server join notification (ID=0)
PUBLIC: (ALL)	Server leave notification (ID=0)
PUBLIC: (ALL)	Player delete (ID=0)
JOIN: (0)	192.168.178 (NAME=Aju, ID=0)
PRIVAT: (0)	Default name & id setup (ID=0, DEFAULT-NAME=Aju)
PUBLIC: (ALL)	Player data (ID=0, NAME=Aju, X=500, Y=500, ROT=0)
PUBLIC: (ALL)	Server join notification (ID=0)
RECIVE: (0)	Player disconnect request
PUBLIC: (ALL)	Server leave notification (ID=0)
PUBLIC: (ALL)	Player delete (ID=0)
JOIN: (0)	192.168.178 (NAME=Aju, ID=0)
PRIVAT: (0)	Default name & id setup (ID=0, DEFAULT-NAME=Aju)
PUBLIC: (ALL)	Player data (ID=0, NAME=Aju, X=500, Y=500, ROT=0)
PUBLIC: (ALL)	Server join notification (ID=0)
PUBLIC: (ALL)	Server leave notification (ID=0)
PUBLIC: (ALL)	Player delete (ID=0)
JOIN: (0)	192.168.178 (NAME=Aju, ID=0)
PRIVAT: (0)	Default name & id setup (ID=0, DEFAULT-NAME=Aju)
PUBLIC: (ALL)	Player data (ID=0, NAME=Aju, X=500, Y=500, ROT=0)
PUBLIC: (ALL)	Server join notification (ID=0)
PUBLIC: (ALL)	Player got kicked from the server (ID=0)
PRIVAT: (0)	Player got kicked from the server (ID=Lol!)
RECIVE: (0)	Player disconnect request
PUBLIC: (ALL)	Server leave notification (ID=0)
PUBLIC: (ALL)	Player delete (ID=0)
JOIN: (0)	192.168.178 (NAME=Aju, ID=0)
PRIVAT: (0)	Default name & id setup (ID=0, DEFAULT-NAME=Aju)
PUBLIC: (ALL)	Player data (ID=0, NAME=Aju, X=500, Y=500, ROT=0)
PUBLIC: (ALL)	Server join notification (ID=0)
PUBLIC: (ALL)	Player got kicked from the server (ID=0)
PRIVAT: (0)	Player got kicked from the server (ID=Lol!)
RECIVE: (0)	Player disconnect request
PUBLIC: (ALL)	Server leave notification (ID=0)
PUBLIC: (ALL)	Player delete (ID=0)
JOIN: (0)	192.168.178 (NAME=Aju, ID=0)
PRIVAT: (0)	Default name & id setup (ID=0, DEFAULT-NAME=Aju)
PUBLIC: (ALL)	Player data (ID=0, NAME=Aju, X=500, Y=500, ROT=0)
PUBLIC: (ALL)	Server join notification (ID=0)
RECIVE: (0)	Player disconnect request
PUBLIC: (ALL)	Server leave notification (ID=0)
PUBLIC: (ALL)	Player delete (ID=0)
JOIN: (0)	192.168.178 (NAME=Aju, ID=0)
PRIVAT: (0)	Default name & id setup (ID=0, DEFAULT-NAME=Aju)
PUBLIC: (ALL)	Player data (ID=0, NAME=Aju, X=500, Y=500, ROT=0)
PUBLIC: (ALL)	Server join notification (ID=0)
PUBLIC: (ALL)	Server leave notification (ID=0)
PUBLIC: (ALL)	Player delete (ID=0)
JOIN: (0)	192.168.178 (NAME=Aju, ID=0)
PRIVAT: (0)	Default name & id setup (ID=0, DEFAULT-NAME=Aju)
PUBLIC: (ALL)	Player data (ID=0, NAME=Aju, X=500, Y=500, ROT=0)
PUBLIC: (ALL)	Server join notification (ID=0)
RECIVE: (0)	Player disconnect request
PUBLIC: (ALL)	Server leave notification (ID=0)
PUBLIC: (ALL)	Player delete (ID=0)
JOIN: (0)	192.168.178 (NAME=Aju, ID=0)
PRIVAT: (0)	Default name & id setup (ID=0, DEFAULT-NAME=Aju)
PUBLIC: (ALL)	Player data (ID=0, NAME=Aju, X=500, Y=500, ROT=0)
PUBLIC: (ALL)	Server join notification (ID=0)
PUBLIC: (ALL)	Server leave notification (ID=0)
PUBLIC: (ALL)	Player delete (ID=0)
JOIN: (0)	192.168.178 (NAME=Aju, ID=0)
PRIVAT: (0)	Default name & id setup (ID=0, DEFAULT-NAME=Aju)
PUBLIC: (ALL)	Player data (ID=0, NAME=Aju, X=500, Y=500, ROT=0)
PUBLIC: (ALL)	Server join notification (ID=0)
RECIVE: (0)	Player disconnect request
PUBLIC: (ALL)	Server leave notification (ID=0)
PUBLIC: (ALL)	Player delete (ID=0)
JOIN: (0)	192.168.178 (NAME=Aju, ID=0)
PRIVAT: (0)	Default name & id setup (ID=0, DEFAULT-NAME=Aju)
PUBLIC: (ALL)	Player data (ID=0, NAME=Aju, X=500, Y=500, ROT=0)
PUBLIC: (ALL)	Server join notification (ID=0)
RECIVE: (0)	Player disconnect request
PUBLIC: (ALL)	Server leave notification (ID=0)
PUBLIC: (ALL)	Player delete (ID=0)
JOIN: (0)	192.168.178 (NAME=Aju, ID=0)
PRIVAT: (0)	Default name & id setup (ID=0, DEFAULT-NAME=Aju)
PUBLIC: (ALL)	Player data (ID=0, NAME=Aju, X=500, Y=500, ROT=0)
PUBLIC: (ALL)	Server join notification (ID=0)
PUBLIC: (ALL)	Server leave notification (ID=0)
PUBLIC: (ALL)	Player delete (ID=0)
JOIN: (0)	192.168.178 (NAME=Aju, ID=0)
PRIVAT: (0)	Default name & id setup (ID=0, DEFAULT-NAME=Aju)
PUBLIC: (ALL)	Player data (ID=0, NAME=Aju, X=500, Y=500, ROT=0)
PUBLIC: (ALL)	Server join notification (ID=0)
RECIVE: (0)	Player disconnect request
PUBLIC: (ALL)	Server leave notification (ID=0)
PUBLIC: (ALL)	Player delete (ID=0)
JOIN: (0)	192.168.178 (NAME=Aju, ID=0)
PRIVAT: (0)	Default name & id setup (ID=0, DEFAULT-NAME=Aju)
PUBLIC: (ALL)	Player data (ID=0, NAME=Aju, X=500, Y=500, ROT=0)
PUBLIC: (ALL)	Server join notification (ID=0)
PUBLIC: (ALL)	Server leave notification (ID=0)
PUBLIC: (ALL)	Player delete (ID=0)
JOIN: (0)	192.168.178 (NAME=Aju, ID=0)
PRIVAT: (0)	Default name & id setup (ID=0, DEFAULT-NAME=Aju)
PUBLIC: (ALL)	Player data (ID=0, NAME=Aju, X=500, Y=500, ROT=0)
PUBLIC: (ALL)	Server join notification (ID=0)
RECIVE: (0)	Player disconnect request
PUBLIC: (ALL)	Server leave notification (ID=0)
PUBLIC: (ALL)	Player delete (ID=0)
JOIN: (0)	192.168.178 (NAME=Aju, ID=0)
PRIVAT: (0)	Default name & id setup (ID=0, DEFAULT-NAME=Aju)
PUBLIC: (ALL)	Player data (ID=0, NAME=Aju, X=500, Y=500, ROT=0)
PUBLIC: (ALL)	Server join notification (ID=0)
RECIVE: (0)	Player disconnect request
PUBLIC: (ALL)	Server leave notification (ID=0)
PUBLIC: (ALL)	Player delete (ID=0)
JOIN: (0)	192.168.178 (NAME=Aju, ID=0)
PRIVAT: (0)	Default name & id setup (ID=0, DEFAULT-NAME=Aju)
PUBLIC: (ALL)	Player data (ID=0, NAME=Aju, X=500, Y=500, ROT=0)
PUBLIC: (ALL)	Server join notification (ID=0)
RECIVE: (0)	Player disconnect request
PUBLIC: (ALL)	Server leave notification (ID=0)
PUBLIC: (ALL)	Player delete (ID=0)
JOIN: (0)	192.168.178 (NAME=Aju, ID=0)
PRIVAT: (0)	Default name & id setup (ID=0, DEFAULT-NAME=Aju)
PUBLIC: (ALL)	Player data (ID=0, NAME=Aju, X=500, Y=500, ROT=0)
PUBLIC: (ALL)	Server join notification (ID=0)
RECIVE: (0)	Player disconnect request
PUBLIC: (ALL)	Server leave notification (ID=0)
PUBLIC: (ALL)	Player delete (ID=0)
JOIN: (0)	192.168.178 (NAME=Aju, ID=0)
PRIVAT: (0)	Default name & id setup (ID=0, DEFAULT-NAME=Aju)
PUBLIC: (ALL)	Player data (ID=0, NAME=Aju, X=500, Y=500, ROT=0)
PUBLIC: (ALL)	Server join notification (ID=0)
RECIVE: (0)	Player disconnect request
PUBLIC: (ALL)	Server leave notification (ID=0)
PUBLIC: (ALL)	Player delete (ID=0)
JOIN: (0)	192.168.178 (NAME=Aju, ID=0)
PRIVAT: (0)	Default name & id setup (ID=0, DEFAULT-NAME=Aju)
PUBLIC: (ALL)	Player data (ID=0, NAME=Aju, X=500, Y=500, ROT=0)
PUBLIC: (ALL)	Server join notification (ID=0)
RECIVE: (0)	Player disconnect request
PUBLIC: (ALL)	Server leave notification (ID=0)
PUBLIC: (ALL)	Player delete (ID=0)
JOIN: (0)	192.168.178 (NAME=Aju, ID=0)
PRIVAT: (0)	Default name & id setup (ID=0, DEFAULT-NAME=Aju)
PUBLIC: (ALL)	Player data (ID=0, NAME=Aju, X=500, Y=500, ROT=0)
PUBLIC: (ALL)	Server join notification (ID=0)
RECIVE: (0)	Player disconnect request
PUBLIC: (ALL)	Server leave notification (ID=0)
PUBLIC: (ALL)	Player delete (ID=0)
JOIN: (0)	192.168.178 (NAME=Aju, ID=0)
PRIVAT: (0)	Default name & id setup (ID=0, DEFAULT-NAME=Aju)
PUBLIC: (ALL)	Player data (ID=0, NAME=Aju, X=500, Y=500, ROT=0)
PUBLIC: (ALL)	Server join notification (ID=0)
RECIVE: (0)	Player disconnect request
PUBLIC: (ALL)	Server leave notification (ID=0)
PUBLIC: (ALL)	Player delete (ID=0)
JOIN: (0)	192.168.178 (NAME=Aju, ID=0)
PRIVAT: (0)	Default name & id setup (ID=0, DEFAULT-NAME=Aju)
PUBLIC: (ALL)	Player data (ID=0, NAME=Aju, X=500, Y=500, ROT=0)
PUBLIC: (ALL)	Server join notification (ID=0)
RECIVE: (0)	Player disconnect request
PUBLIC: (ALL)	Server leave notification (ID=0)
PUBLIC: (ALL)	Player delete (ID=0)
JOIN: (0)	192.168.178 (NAME=Aju, ID=0)
PRIVAT: (0)	Default name & id setup (ID=0, DEFAULT-NAME=Aju)
PUBLIC: (ALL)	Player data (ID=0, NAME=Aju, X=500, Y=500, ROT=0)
PUBLIC: (ALL)	Server join notification (ID=0)
RECIVE: (0)	Player disconnect request
PUBLIC: (ALL)	Server leave notification (ID=0)
PUBLIC: (ALL)	Player delete (ID=0)
JOIN: (0)	192.168.178 (NAME=Aju, ID=0)
PRIVAT: (0)	Default name & id setup (ID=0, DEFAULT-NAME=Aju)
PUBLIC: (ALL)	Player data (ID=0, NAME=Aju, X=500, Y=500, ROT=0)
PUBLIC: (ALL)	Server join notification (ID=0)
RECIVE: (0)	Player disconnect request
PUBLIC: (ALL)	Server leave notification (ID=0)
PUBLIC: (ALL)	Player delete (ID=0)
JOIN: (0)	192.168.178 (NAME=Aju, ID=0)
PRIVAT: (0)	Default name & id setup (ID=0, DEFAULT-NAME=Aju)
PUBLIC: (ALL)	Player data (ID=0, NAME=Aju, X=500, Y=500, ROT=0)
PUBLIC: (ALL)	Server join notification (ID=0)
RECIVE: (0)	Player disconnect request
PUBLIC: (ALL)	Server leave notification (ID=0)
PUBLIC: (ALL)	Player delete (ID=0)
JOIN: (0)	192.168.178 (NAME=Aju, ID=0)
PRIVAT: (0)	Default name & id setup (ID=0, DEFAULT-NAME=Aju)
PUBLIC: (ALL)	Player data (ID=0, NAME=Aju, X=500, Y=500, ROT=0)
PUBLIC: (ALL)	Server join notification (ID=0)
RECIVE: (0)	Player disconnect request
PUBLIC: (ALL)	Server leave notification (ID=0)
PUBLIC: (ALL)	Player delete (ID=0)
JOIN: (0)	192.168.178 (NAME=Aju, ID=0)
PRIVAT: (0)	Default name & id setup (ID=0, DEFAULT-NAME=Aju)
PUBLIC: (ALL)	Player data (ID=0, NAME=Aju, X=500, Y=500, ROT=0)
PUBLIC: (ALL)	Server join notification (ID=0)
RECIVE: (0)	Player disconnect request
PUBLIC: (ALL)	Server leave notification (ID=0)
PUBLIC: (ALL)	Player delete (ID=0)
JOIN: (0)	192.168.178 (NAME=Aju, ID=0)
PRIVAT: (0)	Default name & id setup (ID=0, DEFAULT-NAME=Aju)
PUBLIC: (ALL)	Player data (ID=0, NAME=Aju, X=500, Y=500, ROT=0)
PUBLIC: (ALL)	Server join notification (ID=0)
RECIVE: (0)	Player disconnect request
PUBLIC: (ALL)	Server leave notification (ID=0)
PUBLIC: (ALL)	Player delete (ID=0)
JOIN: (0)	192.168.178 (NAME=Aju, ID=0)
PRIVAT: (0)	Default name & id setup (ID=0, DEFAULT-NAME=Aju)
PUBLIC: (ALL)	Player data (ID=0, NAME=Aju, X=500, Y=500, ROT=0)
PUBLIC: (ALL)	Server join notification (ID=0)
RECIVE: (0)	Player disconnect request
PUBLIC: (ALL)	Server leave notification (ID=0)
PUBLIC: (ALL)	Player delete (ID=0)
JOIN: (0)	192.168.178 (NAME=Aju, ID=0)
PRIVAT: (0)	Default name & id setup (ID=0, DEFAULT-NAME=Aju)
PUBLIC: (ALL)	Player data (ID=0, NAME=Aju, X=500, Y=500, ROT=0)
PUBLIC: (ALL)	Server join notification (ID=0)
RECIVE: (0)	Player disconnect request
PUBLIC: (ALL)	Server leave notification (ID=0)
PUBLIC: (ALL)	Player delete (ID=0)
JOIN: (0)	192.168.178 (NAME=Aju, ID=0)
PRIVAT: (0)	Default name & id setup (ID=0, DEFAULT-NAME=Aju)
PUBLIC: (ALL)	Player data (ID=0, NAME=Aju, X=500, Y=500, ROT=0)
PUBLIC: (ALL)	Server join notification (ID=0)
RECIVE: (0)	Player disconnect request
PUBLIC: (ALL)	Server leave notification (ID=0)
PUBLIC: (ALL)	Player delete (ID=0)
JOIN: (0)	192.168.178 (NAME=Aju, ID=0)
PRIVAT: (0)	Default name & id setup (ID=0, DEFAULT-NAME=Aju)
PUBLIC: (ALL)	Player data (ID=0, NAME=Aju, X=500, Y=500, ROT=0)
PUBLIC: (ALL)	Server join notification (ID=0)
RECIVE: (0)	Player disconnect request
PUBLIC: (ALL)	Server leave notification (ID=0)
PUBLIC: (ALL)	Player delete (ID=0)
JOIN: (0)	192.168.178 (NAME=Aju, ID=0)
PRIVAT: (0)	Default name & id setup (ID=0, DEFAULT-NAME=Aju)
PUBLIC: (ALL)	Player data (ID=0, NAME=Aju, X=500, Y=500, ROT=0)
PUBLIC: (ALL)	Server join notification (ID=0)
RECIVE: (0)	Player disconnect request
PUBLIC: (ALL)	Server leave notification (ID=0)
PUBLIC: (ALL)	Player delete (ID=0)
JOIN: (0)	192.168.178 (NAME=Aju, ID=0)
PRIVAT: (0)	Default name & id setup (ID=0, DEFAULT-NAME=Aju)
PUBLIC: (ALL)	Player data (ID=0, NAME=Aju, X=500, Y=500, ROT=0)
PUBLIC: (ALL)	Server join notification (ID=0)
RECIVE: (0)	Player disconnect request
PUBLIC: (ALL)	Server leave notification (ID=0)
PUBLIC: (ALL)	Player delete (ID=0)
JOIN: (0)	192.168.178 (NAME=Aju, ID=0)
PRIVAT: (0)	Default name & id setup (ID=0, DEFAULT-NAME=Aju)
PUBLIC: (ALL)	Player data (ID=0, NAME=Aju, X=500, Y=500, ROT=0)
PUBLIC: (ALL)	Server join notification (ID=0)
RECIVE: (0)	Player disconnect request
PUBLIC: (ALL)	Server leave notification (ID=0)
PUBLIC: (ALL)	Player delete (ID=0)
JOIN: (0)	192.168.178 (NAME=Aju, ID=0)
PRIVAT: (0)	Default name & id setup (ID=0, DEFAULT-NAME=Aju)
PUBLIC: (ALL)	Player data (ID=0, NAME=Aju, X=500, Y=500, ROT=0)
PUBLIC: (ALL)	Server join notification (ID=0)
RECIVE: (0)	Player disconnect request
PUBLIC: (ALL)	Server leave notification (ID=0)
PUBLIC: (ALL)	Player delete (ID=0)
JOIN: (0)	192.168.178 (NAME=Aju, ID=0)
PRIVAT: (0)	Default name & id setup (ID=0, DEFAULT-NAME=Aju)
PUBLIC: (ALL)	Player data (ID=0, NAME=Aju, X=500, Y=500, ROT=0)
PUBLIC: (ALL)	Server join notification (ID=0)
RECIVE: (0)	Player disconnect request
PUBLIC: (ALL)	Server leave notification (ID=0)
PUBLIC: (ALL)	Player delete (ID=0)
JOIN: (0)	192.168.178 (NAME=Aju, ID=0)
PRIVAT: (0)	Default name & id setup (ID=0, DEFAULT-NAME=Aju)
PUBLIC: (ALL)	Player data (ID=0, NAME=Aju, X=500, Y=500, ROT=0)
PUBLIC: (ALL)	Server join notification (ID=0)
RECIVE: (0)	Player disconnect request
PUBLIC: (ALL)	Server leave notification (ID=0)
PUBLIC: (ALL)	Player delete (ID=0)
JOIN: (0)	192.168.178 (NAME=Aju, ID=0)
PRIVAT: (0)	Default name & id setup (ID=0, DEFAULT-NAME=Aju)
PUBLIC: (ALL)	Player data (ID=0, NAME=Aju, X=500, Y=500, ROT=0)
PUBLIC: (ALL)	Server join notification (ID=0)
RECIVE: (0)	Player disconnect request
PUBLIC: (ALL)	Server leave notification (ID=0)
PUBLIC: (ALL)	Player delete (ID=0)
JOIN: (0)	192.168.178 (NAME=Aju, ID=0)
PRIVAT: (0)	Default name & id setup (ID=0, DEFAULT-NAME=Aju)
PUBLIC: (ALL)	Player data (ID=0, NAME=Aju, X=500, Y=500, ROT=0)
PUBLIC: (ALL)	Server join notification (ID=0)
RECIVE: (0)	Player disconnect request
PUBLIC: (ALL)	Server leave notification (ID=0)
PUBLIC: (ALL)	Player delete (ID=0)
JOIN: (0)	192.168.178 (NAME=Aju, ID=0)
PRIVAT: (0)	Default name & id setup (ID=0, DEFAULT-NAME=Aju)
PUBLIC: (ALL)	Player data (ID=0, NAME=Aju, X=500, Y=500, ROT=0)
PUBLIC: (ALL)	Server join notification (ID=0)
RECIVE: (0)	Player disconnect request
PUBLIC: (ALL)	Server leave notification (ID=0)
PUBLIC: (ALL)	Player delete (ID=0)
JOIN: (0)	192.168.178 (NAME=Aju, ID=0)
PRIVAT: (0)	Default name & id setup (ID=0, DEFAULT-NAME=Aju)
PUBLIC: (ALL)	Player data (ID=0, NAME=Aju, X=500, Y=500, ROT=0)
PUBLIC: (ALL)	Server join notification (ID=0)
PUBLIC: (ALL)	Server leave notification (ID=0)
PUBLIC: (ALL)	Player delete (ID=0)
JOIN: (0)	192.168.178 (NAME=Aju, ID=0)
PRIVAT: (0)	Default name & id setup (ID=0, DEFAULT-NAME=Aju)
PUBLIC: (ALL)	Player data (ID=0, NAME=Aju, X=500, Y=500, ROT=0)
PUBLIC: (ALL)	Server join notification (ID=0)
RECIVE: (0)	Player disconnect request
PUBLIC: (ALL)	Server leave notification (ID=0)
PUBLIC: (ALL)	Player delete (ID=0)
JOIN: (0)	192.168.178 (NAME=Aju, ID=0)
PRIVAT: (0)	Default name & id setup (ID=0, DEFAULT-NAME=Aju)
PUBLIC: (ALL)	Player data (ID=0, NAME=Aju, X=500, Y=500, ROT=0)
PUBLIC: (ALL)	Server join notification (ID=0)
PUBLIC: (ALL)	Server leave notification (ID=0)
PUBLIC: (ALL)	Player delete (ID=0)
JOIN: (0)	192.168.178 (NAME=Aju, ID=0)
PRIVAT: (0)	Default name & id setup (ID=0, DEFAULT-NAME=Aju)
PUBLIC: (ALL)	Player data (ID=0, NAME=Aju, X=500, Y=500, ROT=0)
PUBLIC: (ALL)	Server join notification (ID=0)
PRIVATE: (192.168.178)	IPv4 already connected (IPv4=192.168.178)
RECIVE: (192.168.178)	Player disconnect request
PRIVATE: (192.168.178)	IPv4 already connected (IPv4=192.168.178)
RECIVE: (192.168.178)	Player disconnect request
PRIVATE: (192.168.178)	IPv4 already connected (IPv4=192.168.178)
RECIVE: (192.168.178)	Player disconnect request
PRIVATE: (192.168.178)	IPv4 already connected (IPv4=192.168.178)
RECIVE: (192.168.178)	Player disconnect request
PRIVATE: (192.168.178)	IPv4 already connected (IPv4=192.168.178)
RECIVE: (192.168.178)	Player disconnect request
PRIVATE: (192.168.178)	IPv4 already connected (IPv4=192.168.178)
RECIVE: (192.168.178)	Player disconnect request
PRIVATE: (192.168.178)	IPv4 already connected (IPv4=192.168.178)
RECIVE: (192.168.178)	Player disconnect request
