LOG - Wed, 20 Mar 2019 16:54:12


LOG - Wed, 20 Mar 2019 16:54:13

PRIVATE: (192.168.178)	IPv4 already connected (IPv4=192.168.178)
RECIVE: (192.168.178)	Player disconnect request
PRIVATE: (192.168.178)	IPv4 already connected (IPv4=192.168.178)
RECIVE: (192.168.178)	Player disconnect request

LOG - Wed, 20 Mar 2019 16:56:19

JOIN: (0)	192.168.178 (NAME=Aju, ID=0)
PRIVAT: (0)	Default name & id setup (ID=0, DEFAULT-NAME=Aju)
PUBLIC: (ALL)	Player data (ID=0, NAME=Aju, X=500, Y=500, ROT=0)
PUBLIC: (ALL)	Server join notification (ID=0)
PRIVATE: (192.168.178)	IPv4 already connected (IPv4=192.168.178)
RECIVE: (192.168.178)	Player disconnect request
PRIVATE: (192.168.178)	IPv4 already connected (IPv4=192.168.178)
RECIVE: (192.168.178)	Player disconnect request
PRIVATE: (192.168.178)	IPv4 already connected (IPv4=192.168.178)
RECIVE: (192.168.178)	Player disconnect request
PRIVATE: (192.168.178)	IPv4 already connected (IPv4=192.168.178)
RECIVE: (192.168.178)	Player disconnect request
PUBLIC: (ALL)	Server leave notification (ID=0)
PUBLIC: (ALL)	Player delete (ID=0)
JOIN: (0)	192.168.178 (NAME=Aju, ID=0)
PRIVAT: (0)	Default name & id setup (ID=0, DEFAULT-NAME=Aju)
PUBLIC: (ALL)	Player data (ID=0, NAME=Aju, X=500, Y=500, ROT=0)
PUBLIC: (ALL)	Server join notification (ID=0)
PUBLIC: (ALL)	Server leave notification (ID=0)
PUBLIC: (ALL)	Player delete (ID=0)
JOIN: (0)	192.168.178 (NAME=Aju, ID=0)
PRIVAT: (0)	Default name & id setup (ID=0, DEFAULT-NAME=Aju)
PUBLIC: (ALL)	Player data (ID=0, NAME=Aju, X=500, Y=500, ROT=0)
PUBLIC: (ALL)	Server join notification (ID=0)
PUBLIC: (ALL)	Server leave notification (ID=0)
PUBLIC: (ALL)	Player delete (ID=0)
JOIN: (0)	192.168.178 (NAME=Aju, ID=0)
PRIVAT: (0)	Default name & id setup (ID=0, DEFAULT-NAME=Aju)
PUBLIC: (ALL)	Player data (ID=0, NAME=Aju, X=500, Y=500, ROT=0)
PUBLIC: (ALL)	Server join notification (ID=0)
PUBLIC: (ALL)	Server leave notification (ID=0)
PUBLIC: (ALL)	Player delete (ID=0)
JOIN: (0)	192.168.178 (NAME=Aju, ID=0)
PRIVAT: (0)	Default name & id setup (ID=0, DEFAULT-NAME=Aju)
PUBLIC: (ALL)	Player data (ID=0, NAME=Aju, X=500, Y=500, ROT=0)
PUBLIC: (ALL)	Server join notification (ID=0)
PUBLIC: (ALL)	Server leave notification (ID=0)
PUBLIC: (ALL)	Player delete (ID=0)
JOIN: (0)	192.168.178 (NAME=Aju, ID=0)
PRIVAT: (0)	Default name & id setup (ID=0, DEFAULT-NAME=Aju)
PUBLIC: (ALL)	Player data (ID=0, NAME=Aju, X=500, Y=500, ROT=0)
PUBLIC: (ALL)	Server join notification (ID=0)
PUBLIC: (ALL)	Server leave notification (ID=0)
PUBLIC: (ALL)	Player delete (ID=0)
JOIN: (0)	192.168.178 (NAME=Aju, ID=0)
PRIVAT: (0)	Default name & id setup (ID=0, DEFAULT-NAME=Aju)
PUBLIC: (ALL)	Player data (ID=0, NAME=Aju, X=500, Y=500, ROT=0)
PUBLIC: (ALL)	Server join notification (ID=0)
PRIVATE: (192.168.178)	IPv4 already connected (IPv4=192.168.178)
RECIVE: (192.168.178)	Player disconnect request
PRIVATE: (192.168.178)	IPv4 already connected (IPv4=192.168.178)
RECIVE: (192.168.178)	Player disconnect request
PRIVATE: (192.168.178)	IPv4 already connected (IPv4=192.168.178)
RECIVE: (192.168.178)	Player disconnect request
PRIVATE: (192.168.178)	IPv4 already connected (IPv4=192.168.178)
RECIVE: (192.168.178)	Player disconnect request
PUBLIC: (ALL)	Server leave notification (ID=0)
PUBLIC: (ALL)	Player delete (ID=0)
JOIN: (0)	192.168.178 (NAME=Aju, ID=0)
PRIVAT: (0)	Default name & id setup (ID=0, DEFAULT-NAME=Aju)
PUBLIC: (ALL)	Player data (ID=0, NAME=Aju, X=500, Y=500, ROT=0)
PUBLIC: (ALL)	Server join notification (ID=0)
PRIVATE: (192.168.178)	IPv4 already connected (IPv4=192.168.178)
RECIVE: (192.168.178)	Player disconnect request
PRIVATE: (192.168.178)	IPv4 already connected (IPv4=192.168.178)
RECIVE: (192.168.178)	Player disconnect request
PRIVATE: (192.168.178)	IPv4 already connected (IPv4=192.168.178)
RECIVE: (192.168.178)	Player disconnect request
PRIVATE: (192.168.178)	IPv4 already connected (IPv4=192.168.178)
RECIVE: (192.168.178)	Player disconnect request
PRIVATE: (192.168.178)	IPv4 already connected (IPv4=192.168.178)
RECIVE: (192.168.178)	Player disconnect request
PRIVATE: (192.168.178)	IPv4 already connected (IPv4=192.168.178)
RECIVE: (192.168.178)	Player disconnect request
PRIVATE: (192.168.178)	IPv4 already connected (IPv4=192.168.178)
RECIVE: (192.168.178)	Player disconnect request
PRIVATE: (192.168.178)	IPv4 already connected (IPv4=192.168.178)
RECIVE: (192.168.178)	Player disconnect request
PUBLIC: (ALL)	Server leave notification (ID=0)
PUBLIC: (ALL)	Player delete (ID=0)
JOIN: (0)	192.168.178 (NAME=Aju, ID=0)
PRIVAT: (0)	Default name & id setup (ID=0, DEFAULT-NAME=Aju)
PUBLIC: (ALL)	Player data (ID=0, NAME=Aju, X=500, Y=500, ROT=0)
PUBLIC: (ALL)	Server join notification (ID=0)
PUBLIC: (ALL)	Server leave notification (ID=0)
PUBLIC: (ALL)	Player delete (ID=0)
JOIN: (0)	192.168.178 (NAME=Aju, ID=0)
PRIVAT: (0)	Default name & id setup (ID=0, DEFAULT-NAME=Aju)
PUBLIC: (ALL)	Player data (ID=0, NAME=Aju, X=500, Y=500, ROT=0)
PUBLIC: (ALL)	Server join notification (ID=0)
PUBLIC: (ALL)	Server leave notification (ID=0)
PUBLIC: (ALL)	Player delete (ID=0)
JOIN: (0)	192.168.178 (NAME=Aju, ID=0)
PRIVAT: (0)	Default name & id setup (ID=0, DEFAULT-NAME=Aju)
PUBLIC: (ALL)	Player data (ID=0, NAME=Aju, X=500, Y=500, ROT=0)
PUBLIC: (ALL)	Server join notification (ID=0)
PRIVATE: (192.168.178)	IPv4 already connected (IPv4=192.168.178)
RECIVE: (192.168.178)	Player disconnect request
PRIVATE: (192.168.178)	IPv4 already connected (IPv4=192.168.178)
RECIVE: (192.168.178)	Player disconnect request
PRIVATE: (192.168.178)	IPv4 already connected (IPv4=192.168.178)
RECIVE: (192.168.178)	Player disconnect request
PRIVATE: (192.168.178)	IPv4 already connected (IPv4=192.168.178)
RECIVE: (192.168.178)	Player disconnect request
PRIVATE: (192.168.178)	IPv4 already connected (IPv4=192.168.178)
RECIVE: (192.168.178)	Player disconnect request
PRIVATE: (192.168.178)	IPv4 already connected (IPv4=192.168.178)
RECIVE: (192.168.178)	Player disconnect request
PRIVATE: (192.168.178)	IPv4 already connected (IPv4=192.168.178)
RECIVE: (192.168.178)	Player disconnect request
PUBLIC: (ALL)	Player got kicked from the server (ID=0)
PRIVAT: (0)	Player got kicked from the server (ID=)
RECIVE: (0)	Player disconnect request
PUBLIC: (ALL)	Server leave notification (ID=0)
PUBLIC: (ALL)	Player delete (ID=0)
JOIN: (0)	192.168.178 (NAME=Aju, ID=0)
PRIVAT: (0)	Default name & id setup (ID=0, DEFAULT-NAME=Aju)
PUBLIC: (ALL)	Player data (ID=0, NAME=Aju, X=500, Y=500, ROT=0)
PUBLIC: (ALL)	Server join notification (ID=0)
PUBLIC: (ALL)	Server leave notification (ID=0)
PUBLIC: (ALL)	Player delete (ID=0)
JOIN: (0)	192.168.178 (NAME=Aju, ID=0)
PRIVAT: (0)	Default name & id setup (ID=0, DEFAULT-NAME=Aju)
PUBLIC: (ALL)	Player data (ID=0, NAME=Aju, X=500, Y=500, ROT=0)
PUBLIC: (ALL)	Server join notification (ID=0)
PUBLIC: (ALL)	Server leave notification (ID=0)
PUBLIC: (ALL)	Player delete (ID=0)
JOIN: (0)	192.168.178 (NAME=Aju, ID=0)
PRIVAT: (0)	Default name & id setup (ID=0, DEFAULT-NAME=Aju)
PUBLIC: (ALL)	Player data (ID=0, NAME=Aju, X=500, Y=500, ROT=0)
PUBLIC: (ALL)	Server join notification (ID=0)
PUBLIC: (ALL)	Server leave notification (ID=0)
PUBLIC: (ALL)	Player delete (ID=0)
JOIN: (0)	192.168.178 (NAME=Aju, ID=0)
PRIVAT: (0)	Default name & id setup (ID=0, DEFAULT-NAME=Aju)
PUBLIC: (ALL)	Player data (ID=0, NAME=Aju, X=500, Y=500, ROT=0)
PUBLIC: (ALL)	Server join notification (ID=0)
PUBLIC: (ALL)	Server leave notification (ID=0)
PUBLIC: (ALL)	Player delete (ID=0)
JOIN: (0)	192.168.178 (NAME=Aju, ID=0)
PRIVAT: (0)	Default name & id setup (ID=0, DEFAULT-NAME=Aju)
PUBLIC: (ALL)	Player data (ID=0, NAME=Aju, X=500, Y=500, ROT=0)
PUBLIC: (ALL)	Server join notification (ID=0)
PUBLIC: (ALL)	Server leave notification (ID=0)
PUBLIC: (ALL)	Player delete (ID=0)
JOIN: (0)	192.168.178 (NAME=Aju, ID=0)
PRIVAT: (0)	Default name & id setup (ID=0, DEFAULT-NAME=Aju)
PUBLIC: (ALL)	Player data (ID=0, NAME=Aju, X=500, Y=500, ROT=0)
PUBLIC: (ALL)	Server join notification (ID=0)
PUBLIC: (ALL)	Server leave notification (ID=0)
PUBLIC: (ALL)	Player delete (ID=0)
JOIN: (0)	192.168.178 (NAME=Aju, ID=0)
PRIVAT: (0)	Default name & id setup (ID=0, DEFAULT-NAME=Aju)
PUBLIC: (ALL)	Player data (ID=0, NAME=Aju, X=500, Y=500, ROT=0)
PUBLIC: (ALL)	Server join notification (ID=0)
PRIVATE: (192.168.178)	IPv4 already connected (IPv4=192.168.178)
RECIVE: (192.168.178)	Player disconnect request
PUBLIC: (ALL)	Server leave notification (ID=0)
PUBLIC: (ALL)	Player delete (ID=0)
JOIN: (0)	192.168.178 (NAME=Aju, ID=0)
PRIVAT: (0)	Default name & id setup (ID=0, DEFAULT-NAME=Aju)
PUBLIC: (ALL)	Player data (ID=0, NAME=Aju, X=500, Y=500, ROT=0)
PUBLIC: (ALL)	Server join notification (ID=0)
PUBLIC: (ALL)	Server leave notification (ID=0)
PUBLIC: (ALL)	Player delete (ID=0)
JOIN: (0)	192.168.178 (NAME=Aju, ID=0)
PRIVAT: (0)	Default name & id setup (ID=0, DEFAULT-NAME=Aju)
PUBLIC: (ALL)	Player data (ID=0, NAME=Aju, X=500, Y=500, ROT=0)
PUBLIC: (ALL)	Server join notification (ID=0)
PUBLIC: (ALL)	Server leave notification (ID=0)
PUBLIC: (ALL)	Player delete (ID=0)
JOIN: (0)	192.168.178 (NAME=Aju, ID=0)
PRIVAT: (0)	Default name & id setup (ID=0, DEFAULT-NAME=Aju)
PUBLIC: (ALL)	Player data (ID=0, NAME=Aju, X=500, Y=500, ROT=0)
PUBLIC: (ALL)	Server join notification (ID=0)
PUBLIC: (ALL)	Server leave notification (ID=0)
PUBLIC: (ALL)	Player delete (ID=0)
JOIN: (0)	192.168.178 (NAME=Aju, ID=0)
PRIVAT: (0)	Default name & id setup (ID=0, DEFAULT-NAME=Aju)
PUBLIC: (ALL)	Player data (ID=0, NAME=Aju, X=500, Y=500, ROT=0)
PUBLIC: (ALL)	Server join notification (ID=0)
PUBLIC: (ALL)	Server leave notification (ID=0)
PUBLIC: (ALL)	Player delete (ID=0)
JOIN: (0)	192.168.178 (NAME=Aju, ID=0)
PRIVAT: (0)	Default name & id setup (ID=0, DEFAULT-NAME=Aju)
PUBLIC: (ALL)	Player data (ID=0, NAME=Aju, X=500, Y=500, ROT=0)
PUBLIC: (ALL)	Server join notification (ID=0)
PUBLIC: (ALL)	Server leave notification (ID=0)
PUBLIC: (ALL)	Player delete (ID=0)
JOIN: (0)	192.168.178 (NAME=Aju, ID=0)
PRIVAT: (0)	Default name & id setup (ID=0, DEFAULT-NAME=Aju)
PUBLIC: (ALL)	Player data (ID=0, NAME=Aju, X=500, Y=500, ROT=0)
PUBLIC: (ALL)	Server join notification (ID=0)
PUBLIC: (ALL)	Server leave notification (ID=0)
PUBLIC: (ALL)	Player delete (ID=0)
JOIN: (0)	192.168.178 (NAME=Aju, ID=0)
PRIVAT: (0)	Default name & id setup (ID=0, DEFAULT-NAME=Aju)
PUBLIC: (ALL)	Player data (ID=0, NAME=Aju, X=500, Y=500, ROT=0)
PUBLIC: (ALL)	Server join notification (ID=0)
PUBLIC: (ALL)	Server leave notification (ID=0)
PUBLIC: (ALL)	Player delete (ID=0)
JOIN: (0)	192.168.178 (NAME=Aju, ID=0)
PRIVAT: (0)	Default name & id setup (ID=0, DEFAULT-NAME=Aju)
PUBLIC: (ALL)	Player data (ID=0, NAME=Aju, X=500, Y=500, ROT=0)
PUBLIC: (ALL)	Server join notification (ID=0)
PUBLIC: (ALL)	Server leave notification (ID=0)
PUBLIC: (ALL)	Player delete (ID=0)
JOIN: (0)	192.168.178 (NAME=Aju, ID=0)
PRIVAT: (0)	Default name & id setup (ID=0, DEFAULT-NAME=Aju)
PUBLIC: (ALL)	Player data (ID=0, NAME=Aju, X=500, Y=500, ROT=0)
PUBLIC: (ALL)	Server join notification (ID=0)
PUBLIC: (ALL)	Server leave notification (ID=0)
PUBLIC: (ALL)	Player delete (ID=0)
JOIN: (0)	192.168.178 (NAME=Aju, ID=0)
PRIVAT: (0)	Default name & id setup (ID=0, DEFAULT-NAME=Aju)
PUBLIC: (ALL)	Player data (ID=0, NAME=Aju, X=500, Y=500, ROT=0)
PUBLIC: (ALL)	Server join notification (ID=0)
PUBLIC: (ALL)	Server leave notification (ID=0)
PUBLIC: (ALL)	Player delete (ID=0)
JOIN: (0)	192.168.178 (NAME=Aju, ID=0)
PRIVAT: (0)	Default name & id setup (ID=0, DEFAULT-NAME=Aju)
PUBLIC: (ALL)	Player data (ID=0, NAME=Aju, X=500, Y=500, ROT=0)
PUBLIC: (ALL)	Server join notification (ID=0)
PUBLIC: (ALL)	Server leave notification (ID=0)
PUBLIC: (ALL)	Player delete (ID=0)
JOIN: (0)	192.168.178 (NAME=Aju, ID=0)
PRIVAT: (0)	Default name & id setup (ID=0, DEFAULT-NAME=Aju)
PUBLIC: (ALL)	Player data (ID=0, NAME=Aju, X=500, Y=500, ROT=0)
PUBLIC: (ALL)	Server join notification (ID=0)
PUBLIC: (ALL)	Server leave notification (ID=0)
PUBLIC: (ALL)	Player delete (ID=0)
JOIN: (0)	192.168.178 (NAME=Aju, ID=0)
PRIVAT: (0)	Default name & id setup (ID=0, DEFAULT-NAME=Aju)
PUBLIC: (ALL)	Player data (ID=0, NAME=Aju, X=500, Y=500, ROT=0)
PUBLIC: (ALL)	Server join notification (ID=0)
PUBLIC: (ALL)	Server leave notification (ID=0)
PUBLIC: (ALL)	Player delete (ID=0)
JOIN: (0)	192.168.178 (NAME=Aju, ID=0)
PRIVAT: (0)	Default name & id setup (ID=0, DEFAULT-NAME=Aju)
PUBLIC: (ALL)	Player data (ID=0, NAME=Aju, X=500, Y=500, ROT=0)
PUBLIC: (ALL)	Server join notification (ID=0)
PUBLIC: (ALL)	Server leave notification (ID=0)
PUBLIC: (ALL)	Player delete (ID=0)
JOIN: (0)	192.168.178 (NAME=Aju, ID=0)
PRIVAT: (0)	Default name & id setup (ID=0, DEFAULT-NAME=Aju)
PUBLIC: (ALL)	Player data (ID=0, NAME=Aju, X=500, Y=500, ROT=0)
PUBLIC: (ALL)	Server join notification (ID=0)
PUBLIC: (ALL)	Server leave notification (ID=0)
PUBLIC: (ALL)	Player delete (ID=0)
JOIN: (0)	192.168.178 (NAME=Aju, ID=0)
PRIVAT: (0)	Default name & id setup (ID=0, DEFAULT-NAME=Aju)
PUBLIC: (ALL)	Player data (ID=0, NAME=Aju, X=500, Y=500, ROT=0)
PUBLIC: (ALL)	Server join notification (ID=0)
PUBLIC: (ALL)	Server leave notification (ID=0)
PUBLIC: (ALL)	Player delete (ID=0)
JOIN: (0)	192.168.178 (NAME=Aju, ID=0)
PRIVAT: (0)	Default name & id setup (ID=0, DEFAULT-NAME=Aju)
PUBLIC: (ALL)	Player data (ID=0, NAME=Aju, X=500, Y=500, ROT=0)
PUBLIC: (ALL)	Server join notification (ID=0)
PUBLIC: (ALL)	Server leave notification (ID=0)
PUBLIC: (ALL)	Player delete (ID=0)
JOIN: (0)	192.168.178 (NAME=Aju, ID=0)
PRIVAT: (0)	Default name & id setup (ID=0, DEFAULT-NAME=Aju)
PUBLIC: (ALL)	Player data (ID=0, NAME=Aju, X=500, Y=500, ROT=0)
PUBLIC: (ALL)	Server join notification (ID=0)
PUBLIC: (ALL)	Server leave notification (ID=0)
PUBLIC: (ALL)	Player delete (ID=0)
JOIN: (0)	192.168.178 (NAME=Aju, ID=0)
PRIVAT: (0)	Default name & id setup (ID=0, DEFAULT-NAME=Aju)
PUBLIC: (ALL)	Player data (ID=0, NAME=Aju, X=500, Y=500, ROT=0)
PUBLIC: (ALL)	Server join notification (ID=0)
PUBLIC: (ALL)	Server leave notification (ID=0)
PUBLIC: (ALL)	Player delete (ID=0)
JOIN: (0)	192.168.178 (NAME=Aju, ID=0)
PRIVAT: (0)	Default name & id setup (ID=0, DEFAULT-NAME=Aju)
PUBLIC: (ALL)	Player data (ID=0, NAME=Aju, X=500, Y=500, ROT=0)
PUBLIC: (ALL)	Server join notification (ID=0)
PUBLIC: (ALL)	Server leave notification (ID=0)
PUBLIC: (ALL)	Player delete (ID=0)
JOIN: (0)	192.168.178 (NAME=Aju, ID=0)
PRIVAT: (0)	Default name & id setup (ID=0, DEFAULT-NAME=Aju)
PUBLIC: (ALL)	Player data (ID=0, NAME=Aju, X=500, Y=500, ROT=0)
PUBLIC: (ALL)	Server join notification (ID=0)
PUBLIC: (ALL)	Server leave notification (ID=0)
PUBLIC: (ALL)	Player delete (ID=0)
JOIN: (0)	192.168.178 (NAME=Aju, ID=0)
PRIVAT: (0)	Default name & id setup (ID=0, DEFAULT-NAME=Aju)
PUBLIC: (ALL)	Player data (ID=0, NAME=Aju, X=500, Y=500, ROT=0)
PUBLIC: (ALL)	Server join notification (ID=0)
PUBLIC: (ALL)	Server leave notification (ID=0)
PUBLIC: (ALL)	Player delete (ID=0)
JOIN: (0)	192.168.178 (NAME=Aju, ID=0)
PRIVAT: (0)	Default name & id setup (ID=0, DEFAULT-NAME=Aju)
PUBLIC: (ALL)	Player data (ID=0, NAME=Aju, X=500, Y=500, ROT=0)
PUBLIC: (ALL)	Server join notification (ID=0)
PUBLIC: (ALL)	Server leave notification (ID=0)
PUBLIC: (ALL)	Player delete (ID=0)
JOIN: (0)	192.168.178 (NAME=Aju, ID=0)
PRIVAT: (0)	Default name & id setup (ID=0, DEFAULT-NAME=Aju)
PUBLIC: (ALL)	Player data (ID=0, NAME=Aju, X=500, Y=500, ROT=0)
PUBLIC: (ALL)	Server join notification (ID=0)
PUBLIC: (ALL)	Server leave notification (ID=0)
PUBLIC: (ALL)	Player delete (ID=0)
JOIN: (0)	192.168.178 (NAME=Aju, ID=0)
PRIVAT: (0)	Default name & id setup (ID=0, DEFAULT-NAME=Aju)
PUBLIC: (ALL)	Player data (ID=0, NAME=Aju, X=500, Y=500, ROT=0)
PUBLIC: (ALL)	Server join notification (ID=0)
PUBLIC: (ALL)	Server leave notification (ID=0)
PUBLIC: (ALL)	Player delete (ID=0)
JOIN: (0)	192.168.178 (NAME=Aju, ID=0)
PRIVAT: (0)	Default name & id setup (ID=0, DEFAULT-NAME=Aju)
PUBLIC: (ALL)	Player data (ID=0, NAME=Aju, X=500, Y=500, ROT=0)
PUBLIC: (ALL)	Server join notification (ID=0)
PUBLIC: (ALL)	Server leave notification (ID=0)
PUBLIC: (ALL)	Player delete (ID=0)
JOIN: (0)	192.168.178 (NAME=Aju, ID=0)
PRIVAT: (0)	Default name & id setup (ID=0, DEFAULT-NAME=Aju)
PUBLIC: (ALL)	Player data (ID=0, NAME=Aju, X=500, Y=500, ROT=0)
PUBLIC: (ALL)	Server join notification (ID=0)
PUBLIC: (ALL)	Server leave notification (ID=0)
PUBLIC: (ALL)	Player delete (ID=0)
