LOG - Wed, 27 Mar 2019 16:06:46

JOIN: (0)	192.168.178.65 (NAME=Krzem, ID=0)
PRIVAT: (0)	Default name & id setup (ID=0, DEFAULT-NAME=Krzem)
PUBLIC: (ALL)	Player data (ID=0, NAME=Krzem, X=5000, Y=5000, ROT=0)
PUBLIC: (ALL)	Server join notification (ID=0)
PUBLIC: (ALL)	Server leave notification (ID=0)
PUBLIC: (ALL)	Player delete (ID=0)
JOIN: (0)	192.168.178.65 (NAME=Krzem, ID=0)
PRIVAT: (0)	Default name & id setup (ID=0, DEFAULT-NAME=Krzem)
PUBLIC: (ALL)	Player data (ID=0, NAME=Krzem, X=5000, Y=5000, ROT=0)
PUBLIC: (ALL)	Server join notification (ID=0)
PUBLIC: (ALL)	Server leave notification (ID=0)
PUBLIC: (ALL)	Player delete (ID=0)
JOIN: (0)	192.168.178.65 (NAME=Krzem, ID=0)
PRIVAT: (0)	Default name & id setup (ID=0, DEFAULT-NAME=Krzem)
PUBLIC: (ALL)	Player data (ID=0, NAME=Krzem, X=5000, Y=5000, ROT=0)
PUBLIC: (ALL)	Server join notification (ID=0)
PUBLIC: (ALL)	Server leave notification (ID=0)
PUBLIC: (ALL)	Player delete (ID=0)
JOIN: (0)	192.168.178.65 (NAME=Krzem, ID=0)
PRIVAT: (0)	Default name & id setup (ID=0, DEFAULT-NAME=Krzem)
PUBLIC: (ALL)	Player data (ID=0, NAME=Krzem, X=5000, Y=5000, ROT=0)
PUBLIC: (ALL)	Server join notification (ID=0)
PUBLIC: (ALL)	Server leave notification (ID=0)
PUBLIC: (ALL)	Player delete (ID=0)
JOIN: (0)	192.168.178.65 (NAME=Krzem, ID=0)
PRIVAT: (0)	Default name & id setup (ID=0, DEFAULT-NAME=Krzem)
PUBLIC: (ALL)	Player data (ID=0, NAME=Krzem, X=5000, Y=5000, ROT=0)
PUBLIC: (ALL)	Server join notification (ID=0)
PUBLIC: (ALL)	Server leave notification (ID=0)
PUBLIC: (ALL)	Player delete (ID=0)
JOIN: (0)	192.168.178.65 (NAME=Krzem, ID=0)
PRIVAT: (0)	Default name & id setup (ID=0, DEFAULT-NAME=Krzem)
PUBLIC: (ALL)	Player data (ID=0, NAME=Krzem, X=5000, Y=5000, ROT=0)
PUBLIC: (ALL)	Server join notification (ID=0)
PUBLIC: (ALL)	Server leave notification (ID=0)
PUBLIC: (ALL)	Player delete (ID=0)
JOIN: (0)	192.168.178.65 (NAME=Krzem, ID=0)
PRIVAT: (0)	Default name & id setup (ID=0, DEFAULT-NAME=Krzem)
PUBLIC: (ALL)	Player data (ID=0, NAME=Krzem, X=5000, Y=5000, ROT=0)
PUBLIC: (ALL)	Server join notification (ID=0)
PUBLIC: (ALL)	Server leave notification (ID=0)
PUBLIC: (ALL)	Player delete (ID=0)
JOIN: (0)	192.168.178.65 (NAME=Krzem, ID=0)
PRIVAT: (0)	Default name & id setup (ID=0, DEFAULT-NAME=Krzem)
PUBLIC: (ALL)	Player data (ID=0, NAME=Krzem, X=5000, Y=5000, ROT=0)
PUBLIC: (ALL)	Server join notification (ID=0)
PUBLIC: (ALL)	Server leave notification (ID=0)
PUBLIC: (ALL)	Player delete (ID=0)
JOIN: (0)	192.168.178.65 (NAME=Krzem, ID=0)
PRIVAT: (0)	Default name & id setup (ID=0, DEFAULT-NAME=Krzem)
PUBLIC: (ALL)	Player data (ID=0, NAME=Krzem, X=5000, Y=5000, ROT=0)
PUBLIC: (ALL)	Server join notification (ID=0)
PUBLIC: (ALL)	Server leave notification (ID=0)
PUBLIC: (ALL)	Player delete (ID=0)
JOIN: (0)	192.168.178.65 (NAME=Krzem, ID=0)
PRIVAT: (0)	Default name & id setup (ID=0, DEFAULT-NAME=Krzem)
PUBLIC: (ALL)	Player data (ID=0, NAME=Krzem, X=5000, Y=5000, ROT=0)
PUBLIC: (ALL)	Server join notification (ID=0)
PUBLIC: (ALL)	Server leave notification (ID=0)
PUBLIC: (ALL)	Player delete (ID=0)
JOIN: (0)	192.168.178.65 (NAME=Krzem, ID=0)
PRIVAT: (0)	Default name & id setup (ID=0, DEFAULT-NAME=Krzem)
PUBLIC: (ALL)	Player data (ID=0, NAME=Krzem, X=5000, Y=5000, ROT=0)
PUBLIC: (ALL)	Server join notification (ID=0)
PUBLIC: (ALL)	Server leave notification (ID=0)
PUBLIC: (ALL)	Player delete (ID=0)
JOIN: (0)	192.168.178.65 (NAME=Krzem, ID=0)
PRIVAT: (0)	Default name & id setup (ID=0, DEFAULT-NAME=Krzem)
PUBLIC: (ALL)	Player data (ID=0, NAME=Krzem, X=5000, Y=5000, ROT=0)
PUBLIC: (ALL)	Server join notification (ID=0)
PUBLIC: (ALL)	Server leave notification (ID=0)
PUBLIC: (ALL)	Player delete (ID=0)
JOIN: (0)	192.168.178.65 (NAME=Krzem, ID=0)
PRIVAT: (0)	Default name & id setup (ID=0, DEFAULT-NAME=Krzem)
PUBLIC: (ALL)	Player data (ID=0, NAME=Krzem, X=5000, Y=5000, ROT=0)
PUBLIC: (ALL)	Server join notification (ID=0)
JOIN: (1)	192.168.178.64 (NAME=iPad, ID=1)
PRIVAT: (1)	Default name & id setup (ID=1, DEFAULT-NAME=iPad)
PRIVAT: (1)	Player data (ID=0, NAME=Krzem, X=7355, Y=4746, ROT=526)
PUBLIC: (ALL)	Player data (ID=1, NAME=iPad, X=5000, Y=5000, ROT=0)
PUBLIC: (ALL)	Server join notification (ID=1)
PUBLIC: (ALL)	Player got kicked from the server (ID=1)
PRIVAT: (1)	Player got kicked from the server (ID=)
PUBLIC: (ALL)	Player got kicked from the server (ID=1)
PRIVAT: (1)	Player got kicked from the server (ID=)
RECIVE: (1)	Player disconnect request
RECIVE: (1)	Player disconnect request
PUBLIC: (ALL)	Server leave notification (ID=1)
PUBLIC: (ALL)	Player delete (ID=1)
PUBLIC: (ALL)	Server leave notification (ID=0)
PUBLIC: (ALL)	Player delete (ID=0)
JOIN: (0)	192.168.178.65 (NAME=Krzem, ID=0)
PRIVAT: (0)	Default name & id setup (ID=0, DEFAULT-NAME=Krzem)
PUBLIC: (ALL)	Player data (ID=0, NAME=Krzem, X=5000, Y=5000, ROT=0)
PUBLIC: (ALL)	Server join notification (ID=0)
PUBLIC: (ALL)	Server leave notification (ID=0)
PUBLIC: (ALL)	Player delete (ID=0)
JOIN: (0)	192.168.178.65 (NAME=Krzem, ID=0)
PRIVAT: (0)	Default name & id setup (ID=0, DEFAULT-NAME=Krzem)
PUBLIC: (ALL)	Player data (ID=0, NAME=Krzem, X=5000, Y=5000, ROT=0)
PUBLIC: (ALL)	Server join notification (ID=0)
PUBLIC: (ALL)	Server leave notification (ID=0)
PUBLIC: (ALL)	Player delete (ID=0)
JOIN: (0)	192.168.178.65 (NAME=Krzem, ID=0)
PRIVAT: (0)	Default name & id setup (ID=0, DEFAULT-NAME=Krzem)
PUBLIC: (ALL)	Player data (ID=0, NAME=Krzem, X=5000, Y=5000, ROT=0)
PUBLIC: (ALL)	Server join notification (ID=0)
PUBLIC: (ALL)	Server leave notification (ID=0)
PUBLIC: (ALL)	Player delete (ID=0)
JOIN: (0)	192.168.178.65 (NAME=Krzem, ID=0)
PRIVAT: (0)	Default name & id setup (ID=0, DEFAULT-NAME=Krzem)
PUBLIC: (ALL)	Player data (ID=0, NAME=Krzem, X=5000, Y=5000, ROT=0)
PUBLIC: (ALL)	Server join notification (ID=0)
PUBLIC: (ALL)	Server leave notification (ID=0)
PUBLIC: (ALL)	Player delete (ID=0)
JOIN: (0)	192.168.178.65 (NAME=Krzem, ID=0)
PRIVAT: (0)	Default name & id setup (ID=0, DEFAULT-NAME=Krzem)
PUBLIC: (ALL)	Player data (ID=0, NAME=Krzem, X=5000, Y=5000, ROT=0)
PUBLIC: (ALL)	Server join notification (ID=0)
PUBLIC: (ALL)	Server leave notification (ID=0)
PUBLIC: (ALL)	Player delete (ID=0)
JOIN: (0)	192.168.178.65 (NAME=Krzem, ID=0)
PRIVAT: (0)	Default name & id setup (ID=0, DEFAULT-NAME=Krzem)
PUBLIC: (ALL)	Player data (ID=0, NAME=Krzem, X=5000, Y=5000, ROT=0)
PUBLIC: (ALL)	Server join notification (ID=0)
PUBLIC: (ALL)	Server leave notification (ID=0)
PUBLIC: (ALL)	Player delete (ID=0)
JOIN: (0)	192.168.178.65 (NAME=Krzem, ID=0)
PRIVAT: (0)	Default name & id setup (ID=0, DEFAULT-NAME=Krzem)
PUBLIC: (ALL)	Player data (ID=0, NAME=Krzem, X=5000, Y=5000, ROT=0)
PUBLIC: (ALL)	Server join notification (ID=0)
PUBLIC: (ALL)	Server leave notification (ID=0)
PUBLIC: (ALL)	Player delete (ID=0)
JOIN: (0)	192.168.178.65 (NAME=Krzem, ID=0)
PRIVAT: (0)	Default name & id setup (ID=0, DEFAULT-NAME=Krzem)
PUBLIC: (ALL)	Player data (ID=0, NAME=Krzem, X=5000, Y=5000, ROT=0)
PUBLIC: (ALL)	Server join notification (ID=0)
PUBLIC: (ALL)	Server leave notification (ID=0)
PUBLIC: (ALL)	Player delete (ID=0)
JOIN: (0)	192.168.178.65 (NAME=Krzem, ID=0)
PRIVAT: (0)	Default name & id setup (ID=0, DEFAULT-NAME=Krzem)
PUBLIC: (ALL)	Player data (ID=0, NAME=Krzem, X=5000, Y=5000, ROT=0)
PUBLIC: (ALL)	Server join notification (ID=0)
PUBLIC: (ALL)	Server leave notification (ID=0)
PUBLIC: (ALL)	Player delete (ID=0)
JOIN: (0)	192.168.178.65 (NAME=Krzem, ID=0)
PRIVAT: (0)	Default name & id setup (ID=0, DEFAULT-NAME=Krzem)
PUBLIC: (ALL)	Player data (ID=0, NAME=Krzem, X=5000, Y=5000, ROT=0)
PUBLIC: (ALL)	Server join notification (ID=0)
RECIVE: (0)	Player disconnect request
PUBLIC: (ALL)	Server leave notification (ID=0)
PUBLIC: (ALL)	Player delete (ID=0)
JOIN: (0)	192.168.178.65 (NAME=Krzem, ID=0)
PRIVAT: (0)	Default name & id setup (ID=0, DEFAULT-NAME=Krzem)
PUBLIC: (ALL)	Player data (ID=0, NAME=Krzem, X=5000, Y=5000, ROT=0)
PUBLIC: (ALL)	Server join notification (ID=0)
PUBLIC: (ALL)	Player got kicked from the server (ID=0)
PRIVAT: (0)	Player got kicked from the server (ID=)
RECIVE: (0)	Player disconnect request
PUBLIC: (ALL)	Server leave notification (ID=0)
PUBLIC: (ALL)	Player delete (ID=0)
JOIN: (0)	192.168.178.65 (NAME=Krzem, ID=0)
======================================
!!!CANNOT SEND PACKETS BEFORE SETUP!!!
======================================
======================================
!!!CANNOT SEND PACKETS BEFORE SETUP!!!
======================================
======================================
!!!CANNOT SEND PACKETS BEFORE SETUP!!!
======================================
======================================
!!!CANNOT SEND PACKETS BEFORE SETUP!!!
======================================
PRIVATE: (192.168.178.65)	IPv4 already connected (IPv4=192.168.178.65)
RECIVE: (192.168.178.65)	Player disconnect request
PRIVAT: (0)	Default name & id setup (ID=0, DEFAULT-NAME=Krzem)
PUBLIC: (ALL)	Player data (ID=0, NAME=Krzem, X=5000, Y=5000, ROT=0)
PUBLIC: (ALL)	Server join notification (ID=0)

LOG - Wed, 27 Mar 2019 17:16:20

PRIVATE: (192.168.178.65)	IPv4 already connected (IPv4=192.168.178.65)
RECIVE: (192.168.178.65)	Player disconnect request

LOG - Wed, 27 Mar 2019 17:16:43

JOIN: (0)	192.168.178.65 (NAME=Krzem, ID=0)
PRIVAT: (0)	Default name & id setup (ID=0, DEFAULT-NAME=Krzem)
PUBLIC: (ALL)	Player data (ID=0, NAME=Krzem, X=5000, Y=5000, ROT=0)
PUBLIC: (ALL)	Server join notification (ID=0)
PUBLIC: (ALL)	Server leave notification (ID=0)
PUBLIC: (ALL)	Player delete (ID=0)
JOIN: (0)	192.168.178.65 (NAME=Krzem, ID=0)
PRIVAT: (0)	Default name & id setup (ID=0, DEFAULT-NAME=Krzem)
PUBLIC: (ALL)	Player data (ID=0, NAME=Krzem, X=5000, Y=5000, ROT=0)
PUBLIC: (ALL)	Server join notification (ID=0)
PUBLIC: (ALL)	Server leave notification (ID=0)
PUBLIC: (ALL)	Player delete (ID=0)
JOIN: (0)	192.168.178.65 (NAME=Krzem, ID=0)
PRIVAT: (0)	Default name & id setup (ID=0, DEFAULT-NAME=Krzem)
PUBLIC: (ALL)	Player data (ID=0, NAME=Krzem, X=5000, Y=5000, ROT=0)
PUBLIC: (ALL)	Server join notification (ID=0)
PUBLIC: (ALL)	Server leave notification (ID=0)
PUBLIC: (ALL)	Player delete (ID=0)
JOIN: (0)	192.168.178.65 (NAME=Krzem, ID=0)
PRIVAT: (0)	Default name & id setup (ID=0, DEFAULT-NAME=Krzem)
PUBLIC: (ALL)	Player data (ID=0, NAME=Krzem, X=5000, Y=5000, ROT=0)
PUBLIC: (ALL)	Server join notification (ID=0)
PUBLIC: (ALL)	Server leave notification (ID=0)
PUBLIC: (ALL)	Player delete (ID=0)
JOIN: (0)	192.168.178.65 (NAME=Krzem, ID=0)
PRIVAT: (0)	Default name & id setup (ID=0, DEFAULT-NAME=Krzem)
PUBLIC: (ALL)	Player data (ID=0, NAME=Krzem, X=5000, Y=5000, ROT=0)
PUBLIC: (ALL)	Server join notification (ID=0)
PUBLIC: (ALL)	Server leave notification (ID=0)
PUBLIC: (ALL)	Player delete (ID=0)
JOIN: (0)	192.168.178.65 (NAME=Krzem, ID=0)
PRIVAT: (0)	Default name & id setup (ID=0, DEFAULT-NAME=Krzem)
PUBLIC: (ALL)	Player data (ID=0, NAME=Krzem, X=5000, Y=5000, ROT=0)
PUBLIC: (ALL)	Server join notification (ID=0)
PUBLIC: (ALL)	Server leave notification (ID=0)
PUBLIC: (ALL)	Player delete (ID=0)
JOIN: (0)	192.168.178.65 (NAME=Krzem, ID=0)
PRIVAT: (0)	Default name & id setup (ID=0, DEFAULT-NAME=Krzem)
PUBLIC: (ALL)	Player data (ID=0, NAME=Krzem, X=5000, Y=5000, ROT=0)
PUBLIC: (ALL)	Server join notification (ID=0)
PUBLIC: (ALL)	Server leave notification (ID=0)
PUBLIC: (ALL)	Player delete (ID=0)
JOIN: (0)	192.168.178.65 (NAME=Krzem, ID=0)
PRIVAT: (0)	Default name & id setup (ID=0, DEFAULT-NAME=Krzem)
PUBLIC: (ALL)	Player data (ID=0, NAME=Krzem, X=5000, Y=5000, ROT=0)
PUBLIC: (ALL)	Server join notification (ID=0)
PUBLIC: (ALL)	Server leave notification (ID=0)
PUBLIC: (ALL)	Player delete (ID=0)
JOIN: (0)	192.168.178.65 (NAME=Krzem, ID=0)
PRIVAT: (0)	Default name & id setup (ID=0, DEFAULT-NAME=Krzem)
PUBLIC: (ALL)	Player data (ID=0, NAME=Krzem, X=5000, Y=5000, ROT=0)
PUBLIC: (ALL)	Server join notification (ID=0)
PUBLIC: (ALL)	Server leave notification (ID=0)
PUBLIC: (ALL)	Player delete (ID=0)
JOIN: (0)	192.168.178.65 (NAME=Krzem, ID=0)
PRIVAT: (0)	Default name & id setup (ID=0, DEFAULT-NAME=Krzem)
PUBLIC: (ALL)	Player data (ID=0, NAME=Krzem, X=5000, Y=5000, ROT=0)
PUBLIC: (ALL)	Server join notification (ID=0)
PUBLIC: (ALL)	Server leave notification (ID=0)
PUBLIC: (ALL)	Player delete (ID=0)
JOIN: (0)	192.168.178.65 (NAME=Krzem, ID=0)
PRIVAT: (0)	Default name & id setup (ID=0, DEFAULT-NAME=Krzem)
PUBLIC: (ALL)	Player data (ID=0, NAME=Krzem, X=5000, Y=5000, ROT=0)
PUBLIC: (ALL)	Server join notification (ID=0)
PUBLIC: (ALL)	Server leave notification (ID=0)
PUBLIC: (ALL)	Player delete (ID=0)
JOIN: (0)	192.168.178.65 (NAME=Krzem, ID=0)
PRIVAT: (0)	Default name & id setup (ID=0, DEFAULT-NAME=Krzem)
PUBLIC: (ALL)	Player data (ID=0, NAME=Krzem, X=5000, Y=5000, ROT=0)
PUBLIC: (ALL)	Server join notification (ID=0)
PUBLIC: (ALL)	Server leave notification (ID=0)
PUBLIC: (ALL)	Player delete (ID=0)
JOIN: (0)	192.168.178.65 (NAME=Krzem, ID=0)
PRIVAT: (0)	Default name & id setup (ID=0, DEFAULT-NAME=Krzem)
PUBLIC: (ALL)	Player data (ID=0, NAME=Krzem, X=5000, Y=5000, ROT=0)
PUBLIC: (ALL)	Server join notification (ID=0)
PUBLIC: (ALL)	Server leave notification (ID=0)
PUBLIC: (ALL)	Player delete (ID=0)
JOIN: (0)	192.168.178.65 (NAME=Krzem, ID=0)
PRIVAT: (0)	Default name & id setup (ID=0, DEFAULT-NAME=Krzem)
PUBLIC: (ALL)	Player data (ID=0, NAME=Krzem, X=5000, Y=5000, ROT=0)
PUBLIC: (ALL)	Server join notification (ID=0)
PUBLIC: (ALL)	Server leave notification (ID=0)
PUBLIC: (ALL)	Player delete (ID=0)
JOIN: (0)	192.168.178.65 (NAME=Krzem, ID=0)
PRIVAT: (0)	Default name & id setup (ID=0, DEFAULT-NAME=Krzem)
PUBLIC: (ALL)	Player data (ID=0, NAME=Krzem, X=5000, Y=5000, ROT=0)
PUBLIC: (ALL)	Server join notification (ID=0)
PUBLIC: (ALL)	Server leave notification (ID=0)
PUBLIC: (ALL)	Player delete (ID=0)
JOIN: (0)	192.168.178.65 (NAME=Krzem, ID=0)
PRIVAT: (0)	Default name & id setup (ID=0, DEFAULT-NAME=Krzem)
PUBLIC: (ALL)	Player data (ID=0, NAME=Krzem, X=5000, Y=5000, ROT=0)
PUBLIC: (ALL)	Server join notification (ID=0)
PUBLIC: (ALL)	Server leave notification (ID=0)
PUBLIC: (ALL)	Player delete (ID=0)
JOIN: (0)	192.168.178.65 (NAME=Krzem, ID=0)
PRIVAT: (0)	Default name & id setup (ID=0, DEFAULT-NAME=Krzem)
PUBLIC: (ALL)	Player data (ID=0, NAME=Krzem, X=5000, Y=5000, ROT=0)
PUBLIC: (ALL)	Server join notification (ID=0)
PUBLIC: (ALL)	Server leave notification (ID=0)
PUBLIC: (ALL)	Player delete (ID=0)
JOIN: (0)	192.168.178.65 (NAME=Krzem, ID=0)
PRIVAT: (0)	Default name & id setup (ID=0, DEFAULT-NAME=Krzem)
PUBLIC: (ALL)	Player data (ID=0, NAME=Krzem, X=5000, Y=5000, ROT=0)
PUBLIC: (ALL)	Server join notification (ID=0)
PUBLIC: (ALL)	Server leave notification (ID=0)
PUBLIC: (ALL)	Player delete (ID=0)
JOIN: (0)	192.168.178.65 (NAME=Krzem, ID=0)
PRIVAT: (0)	Default name & id setup (ID=0, DEFAULT-NAME=Krzem)
PUBLIC: (ALL)	Player data (ID=0, NAME=Krzem, X=5000, Y=5000, ROT=0)
PUBLIC: (ALL)	Server join notification (ID=0)
PUBLIC: (ALL)	Server leave notification (ID=0)
PUBLIC: (ALL)	Player delete (ID=0)
JOIN: (0)	192.168.178.65 (NAME=Krzem, ID=0)
PRIVAT: (0)	Default name & id setup (ID=0, DEFAULT-NAME=Krzem)
PUBLIC: (ALL)	Player data (ID=0, NAME=Krzem, X=5000, Y=5000, ROT=0)
PUBLIC: (ALL)	Server join notification (ID=0)
PUBLIC: (ALL)	Server leave notification (ID=0)
PUBLIC: (ALL)	Player delete (ID=0)
JOIN: (0)	192.168.178.65 (NAME=Krzem, ID=0)
PRIVAT: (0)	Default name & id setup (ID=0, DEFAULT-NAME=Krzem)
PUBLIC: (ALL)	Player data (ID=0, NAME=Krzem, X=5000, Y=5000, ROT=0)
PUBLIC: (ALL)	Server join notification (ID=0)
PUBLIC: (ALL)	Server leave notification (ID=0)
PUBLIC: (ALL)	Player delete (ID=0)
JOIN: (0)	192.168.178.65 (NAME=Krzem, ID=0)
PRIVAT: (0)	Default name & id setup (ID=0, DEFAULT-NAME=Krzem)
PUBLIC: (ALL)	Player data (ID=0, NAME=Krzem, X=5000, Y=5000, ROT=0)
PUBLIC: (ALL)	Server join notification (ID=0)
RECIVE: (0)	Player disconnect request
PUBLIC: (ALL)	Server leave notification (ID=0)
PUBLIC: (ALL)	Player delete (ID=0)
JOIN: (0)	192.168.178.65 (NAME=Krzem, ID=0)
PRIVAT: (0)	Default name & id setup (ID=0, DEFAULT-NAME=Krzem)
PUBLIC: (ALL)	Player data (ID=0, NAME=Krzem, X=5000, Y=5000, ROT=0)
PUBLIC: (ALL)	Server join notification (ID=0)
PUBLIC: (ALL)	Server leave notification (ID=0)
PUBLIC: (ALL)	Player delete (ID=0)
JOIN: (0)	192.168.178.65 (NAME=Krzem, ID=0)
PRIVAT: (0)	Default name & id setup (ID=0, DEFAULT-NAME=Krzem)
PUBLIC: (ALL)	Player data (ID=0, NAME=Krzem, X=5000, Y=5000, ROT=0)
PUBLIC: (ALL)	Server join notification (ID=0)
PUBLIC: (ALL)	Server leave notification (ID=0)
PUBLIC: (ALL)	Player delete (ID=0)
JOIN: (0)	192.168.178.65 (NAME=Krzem, ID=0)
PRIVAT: (0)	Default name & id setup (ID=0, DEFAULT-NAME=Krzem)
PUBLIC: (ALL)	Player data (ID=0, NAME=Krzem, X=5000, Y=5000, ROT=0)
PUBLIC: (ALL)	Server join notification (ID=0)
PUBLIC: (ALL)	Server leave notification (ID=0)
PUBLIC: (ALL)	Player delete (ID=0)
JOIN: (0)	192.168.178.65 (NAME=Krzem, ID=0)
PRIVAT: (0)	Default name & id setup (ID=0, DEFAULT-NAME=Krzem)
PUBLIC: (ALL)	Player data (ID=0, NAME=Krzem, X=5000, Y=5000, ROT=0)
PUBLIC: (ALL)	Server join notification (ID=0)
PUBLIC: (ALL)	Server leave notification (ID=0)
PUBLIC: (ALL)	Player delete (ID=0)
JOIN: (0)	192.168.178.65 (NAME=Krzem, ID=0)
PRIVAT: (0)	Default name & id setup (ID=0, DEFAULT-NAME=Krzem)
PUBLIC: (ALL)	Player data (ID=0, NAME=Krzem, X=5000, Y=5000, ROT=0)
PUBLIC: (ALL)	Server join notification (ID=0)
PUBLIC: (ALL)	Server leave notification (ID=0)
PUBLIC: (ALL)	Player delete (ID=0)
JOIN: (0)	192.168.178.65 (NAME=Krzem, ID=0)
PRIVAT: (0)	Default name & id setup (ID=0, DEFAULT-NAME=Krzem)
PUBLIC: (ALL)	Player data (ID=0, NAME=Krzem, X=5000, Y=5000, ROT=0)
PUBLIC: (ALL)	Server join notification (ID=0)
PUBLIC: (ALL)	Server leave notification (ID=0)
PUBLIC: (ALL)	Player delete (ID=0)
JOIN: (0)	192.168.178.65 (NAME=Krzem, ID=0)
PRIVAT: (0)	Default name & id setup (ID=0, DEFAULT-NAME=Krzem)
PUBLIC: (ALL)	Player data (ID=0, NAME=Krzem, X=5000, Y=5000, ROT=0)
PUBLIC: (ALL)	Server join notification (ID=0)
PUBLIC: (ALL)	Server leave notification (ID=0)
PUBLIC: (ALL)	Player delete (ID=0)
JOIN: (0)	192.168.178.65 (NAME=Krzem, ID=0)
PRIVAT: (0)	Default name & id setup (ID=0, DEFAULT-NAME=Krzem)
PUBLIC: (ALL)	Player data (ID=0, NAME=Krzem, X=5000, Y=5000, ROT=0)
PUBLIC: (ALL)	Server join notification (ID=0)
PUBLIC: (ALL)	Server leave notification (ID=0)
PUBLIC: (ALL)	Player delete (ID=0)
JOIN: (0)	192.168.178.65 (NAME=Krzem, ID=0)
PRIVAT: (0)	Default name & id setup (ID=0, DEFAULT-NAME=Krzem)
PUBLIC: (ALL)	Player data (ID=0, NAME=Krzem, X=5000, Y=5000, ROT=0)
PUBLIC: (ALL)	Server join notification (ID=0)
PUBLIC: (ALL)	Server leave notification (ID=0)
PUBLIC: (ALL)	Player delete (ID=0)
JOIN: (0)	192.168.178.65 (NAME=Krzem, ID=0)
PRIVAT: (0)	Default name & id setup (ID=0, DEFAULT-NAME=Krzem)
PUBLIC: (ALL)	Player data (ID=0, NAME=Krzem, X=5000, Y=5000, ROT=0)
PUBLIC: (ALL)	Server join notification (ID=0)
PUBLIC: (ALL)	Server leave notification (ID=0)
PUBLIC: (ALL)	Player delete (ID=0)
JOIN: (0)	192.168.178.65 (NAME=Krzem, ID=0)
PRIVAT: (0)	Default name & id setup (ID=0, DEFAULT-NAME=Krzem)
PUBLIC: (ALL)	Player data (ID=0, NAME=Krzem, X=5000, Y=5000, ROT=0)
PUBLIC: (ALL)	Server join notification (ID=0)
PUBLIC: (ALL)	Server leave notification (ID=0)
PUBLIC: (ALL)	Player delete (ID=0)
JOIN: (0)	192.168.178.65 (NAME=Krzem, ID=0)
PRIVAT: (0)	Default name & id setup (ID=0, DEFAULT-NAME=Krzem)
PUBLIC: (ALL)	Player data (ID=0, NAME=Krzem, X=5000, Y=5000, ROT=0)
PUBLIC: (ALL)	Server join notification (ID=0)
PUBLIC: (ALL)	Server leave notification (ID=0)
PUBLIC: (ALL)	Player delete (ID=0)
JOIN: (0)	192.168.178.65 (NAME=Krzem, ID=0)
PRIVAT: (0)	Default name & id setup (ID=0, DEFAULT-NAME=Krzem)
PUBLIC: (ALL)	Player data (ID=0, NAME=Krzem, X=5000, Y=5000, ROT=0)
PUBLIC: (ALL)	Server join notification (ID=0)
PUBLIC: (ALL)	Server leave notification (ID=0)
PUBLIC: (ALL)	Player delete (ID=0)
JOIN: (0)	192.168.178.65 (NAME=Krzem, ID=0)
PRIVAT: (0)	Default name & id setup (ID=0, DEFAULT-NAME=Krzem)
PUBLIC: (ALL)	Player data (ID=0, NAME=Krzem, X=5000, Y=5000, ROT=0)
PUBLIC: (ALL)	Server join notification (ID=0)
PUBLIC: (ALL)	Server leave notification (ID=0)
PUBLIC: (ALL)	Player delete (ID=0)
JOIN: (0)	192.168.178.65 (NAME=Krzem, ID=0)
PRIVAT: (0)	Default name & id setup (ID=0, DEFAULT-NAME=Krzem)
PUBLIC: (ALL)	Player data (ID=0, NAME=Krzem, X=5000, Y=5000, ROT=0)
PUBLIC: (ALL)	Server join notification (ID=0)
PUBLIC: (ALL)	Server leave notification (ID=0)
PUBLIC: (ALL)	Player delete (ID=0)
JOIN: (0)	192.168.178.65 (NAME=Krzem, ID=0)
PRIVAT: (0)	Default name & id setup (ID=0, DEFAULT-NAME=Krzem)
PUBLIC: (ALL)	Player data (ID=0, NAME=Krzem, X=5000, Y=5000, ROT=0)
PUBLIC: (ALL)	Server join notification (ID=0)
PUBLIC: (ALL)	Server leave notification (ID=0)
PUBLIC: (ALL)	Player delete (ID=0)
JOIN: (0)	192.168.178.65 (NAME=Krzem, ID=0)
PRIVAT: (0)	Default name & id setup (ID=0, DEFAULT-NAME=Krzem)
PUBLIC: (ALL)	Player data (ID=0, NAME=Krzem, X=5000, Y=5000, ROT=0)
PUBLIC: (ALL)	Server join notification (ID=0)
PUBLIC: (ALL)	Server leave notification (ID=0)
PUBLIC: (ALL)	Player delete (ID=0)
JOIN: (0)	192.168.178.65 (NAME=Krzem, ID=0)
PRIVAT: (0)	Default name & id setup (ID=0, DEFAULT-NAME=Krzem)
PUBLIC: (ALL)	Player data (ID=0, NAME=Krzem, X=5000, Y=5000, ROT=0)
PUBLIC: (ALL)	Server join notification (ID=0)
PUBLIC: (ALL)	Server leave notification (ID=0)
PUBLIC: (ALL)	Player delete (ID=0)
JOIN: (0)	192.168.178.65 (NAME=Krzem, ID=0)
PRIVAT: (0)	Default name & id setup (ID=0, DEFAULT-NAME=Krzem)
PUBLIC: (ALL)	Player data (ID=0, NAME=Krzem, X=5000, Y=5000, ROT=0)
PUBLIC: (ALL)	Server join notification (ID=0)
PUBLIC: (ALL)	Server leave notification (ID=0)
PUBLIC: (ALL)	Player delete (ID=0)
JOIN: (0)	192.168.178.65 (NAME=Krzem, ID=0)
PRIVAT: (0)	Default name & id setup (ID=0, DEFAULT-NAME=Krzem)
PUBLIC: (ALL)	Player data (ID=0, NAME=Krzem, X=5000, Y=5000, ROT=0)
PUBLIC: (ALL)	Server join notification (ID=0)
PUBLIC: (ALL)	Server leave notification (ID=0)
PUBLIC: (ALL)	Player delete (ID=0)
JOIN: (0)	192.168.178.65 (NAME=Krzem, ID=0)
PRIVAT: (0)	Default name & id setup (ID=0, DEFAULT-NAME=Krzem)
PUBLIC: (ALL)	Player data (ID=0, NAME=Krzem, X=5000, Y=5000, ROT=0)
PUBLIC: (ALL)	Server join notification (ID=0)
PUBLIC: (ALL)	Server leave notification (ID=0)
PUBLIC: (ALL)	Player delete (ID=0)
JOIN: (0)	192.168.178.65 (NAME=Krzem, ID=0)
PRIVAT: (0)	Default name & id setup (ID=0, DEFAULT-NAME=Krzem)
PUBLIC: (ALL)	Player data (ID=0, NAME=Krzem, X=5000, Y=5000, ROT=0)
PUBLIC: (ALL)	Server join notification (ID=0)
PUBLIC: (ALL)	Server leave notification (ID=0)
PUBLIC: (ALL)	Player delete (ID=0)
JOIN: (0)	192.168.178.65 (NAME=Krzem, ID=0)
PRIVAT: (0)	Default name & id setup (ID=0, DEFAULT-NAME=Krzem)
PUBLIC: (ALL)	Player data (ID=0, NAME=Krzem, X=5000, Y=5000, ROT=0)
PUBLIC: (ALL)	Server join notification (ID=0)
PUBLIC: (ALL)	Server leave notification (ID=0)
PUBLIC: (ALL)	Player delete (ID=0)
JOIN: (0)	192.168.178.65 (NAME=Krzem, ID=0)
PRIVAT: (0)	Default name & id setup (ID=0, DEFAULT-NAME=Krzem)
PUBLIC: (ALL)	Player data (ID=0, NAME=Krzem, X=5000, Y=5000, ROT=0)
PUBLIC: (ALL)	Server join notification (ID=0)
PUBLIC: (ALL)	Server leave notification (ID=0)
PUBLIC: (ALL)	Player delete (ID=0)
JOIN: (0)	192.168.178.65 (NAME=Krzem, ID=0)
PRIVAT: (0)	Default name & id setup (ID=0, DEFAULT-NAME=Krzem)
PUBLIC: (ALL)	Player data (ID=0, NAME=Krzem, X=5000, Y=5000, ROT=0)
PUBLIC: (ALL)	Server join notification (ID=0)
PUBLIC: (ALL)	Server leave notification (ID=0)
PUBLIC: (ALL)	Player delete (ID=0)
JOIN: (0)	192.168.178.65 (NAME=Krzem, ID=0)
PRIVAT: (0)	Default name & id setup (ID=0, DEFAULT-NAME=Krzem)
PUBLIC: (ALL)	Player data (ID=0, NAME=Krzem, X=5000, Y=5000, ROT=0)
PUBLIC: (ALL)	Server join notification (ID=0)
PUBLIC: (ALL)	Server leave notification (ID=0)
PUBLIC: (ALL)	Player delete (ID=0)
JOIN: (0)	192.168.178.65 (NAME=Krzem, ID=0)
PRIVAT: (0)	Default name & id setup (ID=0, DEFAULT-NAME=Krzem)
PUBLIC: (ALL)	Player data (ID=0, NAME=Krzem, X=5000, Y=5000, ROT=0)
PUBLIC: (ALL)	Server join notification (ID=0)
PUBLIC: (ALL)	Server leave notification (ID=0)
PUBLIC: (ALL)	Player delete (ID=0)
JOIN: (0)	192.168.178.65 (NAME=Krzem, ID=0)
PRIVAT: (0)	Default name & id setup (ID=0, DEFAULT-NAME=Krzem)
PUBLIC: (ALL)	Player data (ID=0, NAME=Krzem, X=5000, Y=5000, ROT=0)
PUBLIC: (ALL)	Server join notification (ID=0)
PUBLIC: (ALL)	Server leave notification (ID=0)
PUBLIC: (ALL)	Player delete (ID=0)
JOIN: (0)	192.168.178.65 (NAME=Krzem, ID=0)
PRIVAT: (0)	Default name & id setup (ID=0, DEFAULT-NAME=Krzem)
PUBLIC: (ALL)	Player data (ID=0, NAME=Krzem, X=5000, Y=5000, ROT=0)
PUBLIC: (ALL)	Server join notification (ID=0)
PUBLIC: (ALL)	Server leave notification (ID=0)
PUBLIC: (ALL)	Player delete (ID=0)
JOIN: (0)	192.168.178.65 (NAME=Krzem, ID=0)
PRIVAT: (0)	Default name & id setup (ID=0, DEFAULT-NAME=Krzem)
PUBLIC: (ALL)	Player data (ID=0, NAME=Krzem, X=5000, Y=5000, ROT=0)
PUBLIC: (ALL)	Server join notification (ID=0)
PUBLIC: (ALL)	Server leave notification (ID=0)
PUBLIC: (ALL)	Player delete (ID=0)
JOIN: (0)	192.168.178.65 (NAME=Krzem, ID=0)
PRIVAT: (0)	Default name & id setup (ID=0, DEFAULT-NAME=Krzem)
PUBLIC: (ALL)	Player data (ID=0, NAME=Krzem, X=5000, Y=5000, ROT=0)
PUBLIC: (ALL)	Server join notification (ID=0)
PUBLIC: (ALL)	Server leave notification (ID=0)
PUBLIC: (ALL)	Player delete (ID=0)
JOIN: (0)	192.168.178.65 (NAME=Krzem, ID=0)
PRIVAT: (0)	Default name & id setup (ID=0, DEFAULT-NAME=Krzem)
PUBLIC: (ALL)	Player data (ID=0, NAME=Krzem, X=5000, Y=5000, ROT=0)
PUBLIC: (ALL)	Server join notification (ID=0)
PUBLIC: (ALL)	Server leave notification (ID=0)
PUBLIC: (ALL)	Player delete (ID=0)
JOIN: (0)	192.168.178.65 (NAME=Krzem, ID=0)
PRIVAT: (0)	Default name & id setup (ID=0, DEFAULT-NAME=Krzem)
PUBLIC: (ALL)	Player data (ID=0, NAME=Krzem, X=5000, Y=5000, ROT=0)
PUBLIC: (ALL)	Server join notification (ID=0)
PUBLIC: (ALL)	Server leave notification (ID=0)
PUBLIC: (ALL)	Player delete (ID=0)
JOIN: (0)	192.168.178.65 (NAME=Krzem, ID=0)
PRIVAT: (0)	Default name & id setup (ID=0, DEFAULT-NAME=Krzem)
PUBLIC: (ALL)	Player data (ID=0, NAME=Krzem, X=5000, Y=5000, ROT=0)
PUBLIC: (ALL)	Server join notification (ID=0)
PUBLIC: (ALL)	Server leave notification (ID=0)
PUBLIC: (ALL)	Player delete (ID=0)
JOIN: (0)	192.168.178.65 (NAME=Krzem, ID=0)
PRIVAT: (0)	Default name & id setup (ID=0, DEFAULT-NAME=Krzem)
PUBLIC: (ALL)	Player data (ID=0, NAME=Krzem, X=5000, Y=5000, ROT=0)
PUBLIC: (ALL)	Server join notification (ID=0)
PUBLIC: (ALL)	Server leave notification (ID=0)
PUBLIC: (ALL)	Player delete (ID=0)
JOIN: (0)	192.168.178.65 (NAME=Krzem, ID=0)
PRIVAT: (0)	Default name & id setup (ID=0, DEFAULT-NAME=Krzem)
PUBLIC: (ALL)	Player data (ID=0, NAME=Krzem, X=5000, Y=5000, ROT=0)
PUBLIC: (ALL)	Server join notification (ID=0)
PUBLIC: (ALL)	Server leave notification (ID=0)
PUBLIC: (ALL)	Player delete (ID=0)
JOIN: (0)	192.168.178.65 (NAME=Krzem, ID=0)
PRIVAT: (0)	Default name & id setup (ID=0, DEFAULT-NAME=Krzem)
PUBLIC: (ALL)	Player data (ID=0, NAME=Krzem, X=5000, Y=5000, ROT=0)
PUBLIC: (ALL)	Server join notification (ID=0)
PUBLIC: (ALL)	Server leave notification (ID=0)
PUBLIC: (ALL)	Player delete (ID=0)
JOIN: (0)	192.168.178.65 (NAME=Krzem, ID=0)
PRIVAT: (0)	Default name & id setup (ID=0, DEFAULT-NAME=Krzem)
PUBLIC: (ALL)	Player data (ID=0, NAME=Krzem, X=5000, Y=5000, ROT=0)
PUBLIC: (ALL)	Server join notification (ID=0)
PUBLIC: (ALL)	Server leave notification (ID=0)
PUBLIC: (ALL)	Player delete (ID=0)
JOIN: (0)	192.168.178.65 (NAME=Krzem, ID=0)
PRIVAT: (0)	Default name & id setup (ID=0, DEFAULT-NAME=Krzem)
PUBLIC: (ALL)	Player data (ID=0, NAME=Krzem, X=5000, Y=5000, ROT=0)
PUBLIC: (ALL)	Server join notification (ID=0)
PUBLIC: (ALL)	Server leave notification (ID=0)
PUBLIC: (ALL)	Player delete (ID=0)
JOIN: (0)	192.168.178.65 (NAME=Krzem, ID=0)
PRIVAT: (0)	Default name & id setup (ID=0, DEFAULT-NAME=Krzem)
PUBLIC: (ALL)	Player data (ID=0, NAME=Krzem, X=5000, Y=5000, ROT=0)
PUBLIC: (ALL)	Server join notification (ID=0)
PUBLIC: (ALL)	Server leave notification (ID=0)
PUBLIC: (ALL)	Player delete (ID=0)
JOIN: (0)	192.168.178.65 (NAME=Krzem, ID=0)
PRIVAT: (0)	Default name & id setup (ID=0, DEFAULT-NAME=Krzem)
PUBLIC: (ALL)	Player data (ID=0, NAME=Krzem, X=5000, Y=5000, ROT=0)
PUBLIC: (ALL)	Server join notification (ID=0)
JOIN: (1)	192.168.178.64 (NAME=iPad, ID=1)
PRIVAT: (1)	Default name & id setup (ID=1, DEFAULT-NAME=iPad)
PRIVAT: (1)	Player data (ID=0, NAME=Krzem, X=5000, Y=5000, ROT=0)
PUBLIC: (ALL)	Player data (ID=1, NAME=iPad, X=5000, Y=5000, ROT=0)
PUBLIC: (ALL)	Server join notification (ID=1)
PUBLIC: (ALL)	Server leave notification (ID=1)
PUBLIC: (ALL)	Player delete (ID=1)
JOIN: (1)	192.168.178.64 (NAME=iPad, ID=1)
PRIVAT: (1)	Default name & id setup (ID=1, DEFAULT-NAME=iPad)
PRIVAT: (1)	Player data (ID=0, NAME=Krzem, X=3900, Y=3240, ROT=84)
PUBLIC: (ALL)	Player data (ID=1, NAME=iPad, X=5000, Y=5000, ROT=0)
PUBLIC: (ALL)	Server join notification (ID=1)
PUBLIC: (ALL)	Server leave notification (ID=1)
PUBLIC: (ALL)	Player delete (ID=1)
JOIN: (1)	192.168.178.64 (NAME=iPad, ID=1)
PRIVAT: (1)	Default name & id setup (ID=1, DEFAULT-NAME=iPad)
PRIVAT: (1)	Player data (ID=0, NAME=Krzem, X=3900, Y=3240, ROT=84)
PUBLIC: (ALL)	Player data (ID=1, NAME=iPad, X=5000, Y=5000, ROT=0)
PUBLIC: (ALL)	Server join notification (ID=1)
PUBLIC: (ALL)	Server leave notification (ID=1)
PUBLIC: (ALL)	Player delete (ID=1)
JOIN: (1)	192.168.178.64 (NAME=iPad, ID=1)
PRIVAT: (1)	Default name & id setup (ID=1, DEFAULT-NAME=iPad)
PRIVAT: (1)	Player data (ID=0, NAME=Krzem, X=3900, Y=3240, ROT=84)
PUBLIC: (ALL)	Player data (ID=1, NAME=iPad, X=5000, Y=5000, ROT=0)
PUBLIC: (ALL)	Server join notification (ID=1)
PUBLIC: (ALL)	Server leave notification (ID=1)
PUBLIC: (ALL)	Player delete (ID=1)
JOIN: (1)	192.168.178.64 (NAME=iPad, ID=1)
PRIVAT: (1)	Default name & id setup (ID=1, DEFAULT-NAME=iPad)
PRIVAT: (1)	Player data (ID=0, NAME=Krzem, X=3900, Y=3240, ROT=84)
PUBLIC: (ALL)	Player data (ID=1, NAME=iPad, X=5000, Y=5000, ROT=0)
PUBLIC: (ALL)	Server join notification (ID=1)
PUBLIC: (ALL)	Server leave notification (ID=1)
PUBLIC: (ALL)	Player delete (ID=1)
JOIN: (1)	192.168.178.64 (NAME=iPad, ID=1)
PRIVAT: (1)	Default name & id setup (ID=1, DEFAULT-NAME=iPad)
PRIVAT: (1)	Player data (ID=0, NAME=Krzem, X=3900, Y=3240, ROT=84)
PUBLIC: (ALL)	Player data (ID=1, NAME=iPad, X=5000, Y=5000, ROT=0)
PUBLIC: (ALL)	Server join notification (ID=1)
PUBLIC: (ALL)	Server leave notification (ID=1)
PUBLIC: (ALL)	Player delete (ID=1)
PUBLIC: (ALL)	Server leave notification (ID=0)
PUBLIC: (ALL)	Player delete (ID=0)
JOIN: (0)	192.168.178.65 (NAME=Krzem, ID=0)
PRIVAT: (0)	Default name & id setup (ID=0, DEFAULT-NAME=Krzem)
PUBLIC: (ALL)	Player data (ID=0, NAME=Krzem, X=5000, Y=5000, ROT=0)
PUBLIC: (ALL)	Server join notification (ID=0)
PUBLIC: (ALL)	Server leave notification (ID=0)
PUBLIC: (ALL)	Player delete (ID=0)
JOIN: (0)	192.168.178.65 (NAME=Krzem, ID=0)
PRIVAT: (0)	Default name & id setup (ID=0, DEFAULT-NAME=Krzem)
PUBLIC: (ALL)	Player data (ID=0, NAME=Krzem, X=5000, Y=5000, ROT=0)
PUBLIC: (ALL)	Server join notification (ID=0)
PUBLIC: (ALL)	Server leave notification (ID=0)
PUBLIC: (ALL)	Player delete (ID=0)
JOIN: (0)	192.168.178.65 (NAME=Krzem, ID=0)
PRIVAT: (0)	Default name & id setup (ID=0, DEFAULT-NAME=Krzem)
PUBLIC: (ALL)	Player data (ID=0, NAME=Krzem, X=5000, Y=5000, ROT=0)
PUBLIC: (ALL)	Server join notification (ID=0)
PUBLIC: (ALL)	Server leave notification (ID=0)
PUBLIC: (ALL)	Player delete (ID=0)
JOIN: (0)	192.168.178.65 (NAME=Krzem, ID=0)
PRIVAT: (0)	Default name & id setup (ID=0, DEFAULT-NAME=Krzem)
PUBLIC: (ALL)	Player data (ID=0, NAME=Krzem, X=5000, Y=5000, ROT=0)
PUBLIC: (ALL)	Server join notification (ID=0)
PUBLIC: (ALL)	Server leave notification (ID=0)
PUBLIC: (ALL)	Player delete (ID=0)
JOIN: (0)	192.168.178.65 (NAME=Krzem, ID=0)
PRIVAT: (0)	Default name & id setup (ID=0, DEFAULT-NAME=Krzem)
PUBLIC: (ALL)	Player data (ID=0, NAME=Krzem, X=5000, Y=5000, ROT=0)
PUBLIC: (ALL)	Server join notification (ID=0)
PUBLIC: (ALL)	Server leave notification (ID=0)
PUBLIC: (ALL)	Player delete (ID=0)
JOIN: (0)	192.168.178.65 (NAME=Krzem, ID=0)
PRIVAT: (0)	Default name & id setup (ID=0, DEFAULT-NAME=Krzem)
PUBLIC: (ALL)	Player data (ID=0, NAME=Krzem, X=5000, Y=5000, ROT=0)
PUBLIC: (ALL)	Server join notification (ID=0)
PUBLIC: (ALL)	Server leave notification (ID=0)
PUBLIC: (ALL)	Player delete (ID=0)
JOIN: (0)	192.168.178.65 (NAME=Krzem, ID=0)
PRIVAT: (0)	Default name & id setup (ID=0, DEFAULT-NAME=Krzem)
PUBLIC: (ALL)	Player data (ID=0, NAME=Krzem, X=5000, Y=5000, ROT=0)
PUBLIC: (ALL)	Server join notification (ID=0)
PUBLIC: (ALL)	Server leave notification (ID=0)
PUBLIC: (ALL)	Player delete (ID=0)
JOIN: (0)	192.168.178.65 (NAME=Krzem, ID=0)
PRIVAT: (0)	Default name & id setup (ID=0, DEFAULT-NAME=Krzem)
PUBLIC: (ALL)	Player data (ID=0, NAME=Krzem, X=5000, Y=5000, ROT=0)
PUBLIC: (ALL)	Server join notification (ID=0)
PUBLIC: (ALL)	Server leave notification (ID=0)
PUBLIC: (ALL)	Player delete (ID=0)
JOIN: (0)	192.168.178.65 (NAME=Krzem, ID=0)
PRIVAT: (0)	Default name & id setup (ID=0, DEFAULT-NAME=Krzem)
PUBLIC: (ALL)	Player data (ID=0, NAME=Krzem, X=5000, Y=5000, ROT=0)
PUBLIC: (ALL)	Server join notification (ID=0)
JOIN: (1)	192.168.178.64 (NAME=iPad, ID=1)
PRIVAT: (1)	Default name & id setup (ID=1, DEFAULT-NAME=iPad)
PRIVAT: (1)	Player data (ID=0, NAME=Krzem, X=5000, Y=5000, ROT=0)
PUBLIC: (ALL)	Player data (ID=1, NAME=iPad, X=5000, Y=5000, ROT=0)
PUBLIC: (ALL)	Server join notification (ID=1)
PUBLIC: (ALL)	Server leave notification (ID=1)
PUBLIC: (ALL)	Player delete (ID=1)
JOIN: (1)	192.168.178.64 (NAME=iPad, ID=1)
PRIVAT: (1)	Default name & id setup (ID=1, DEFAULT-NAME=iPad)
PRIVAT: (1)	Player data (ID=0, NAME=Krzem, X=4528, Y=4379, ROT=206)
PUBLIC: (ALL)	Player data (ID=1, NAME=iPad, X=5000, Y=5000, ROT=0)
PUBLIC: (ALL)	Server join notification (ID=1)
PUBLIC: (ALL)	Server leave notification (ID=1)
PUBLIC: (ALL)	Player delete (ID=1)
JOIN: (1)	192.168.178.64 (NAME=iPad, ID=1)
PRIVAT: (1)	Default name & id setup (ID=1, DEFAULT-NAME=iPad)
PRIVAT: (1)	Player data (ID=0, NAME=Krzem, X=4528, Y=4379, ROT=206)
PUBLIC: (ALL)	Player data (ID=1, NAME=iPad, X=5000, Y=5000, ROT=0)
PUBLIC: (ALL)	Server join notification (ID=1)
PUBLIC: (ALL)	Server leave notification (ID=1)
PUBLIC: (ALL)	Player delete (ID=1)
JOIN: (1)	192.168.178.64 (NAME=iPad, ID=1)
PRIVAT: (1)	Default name & id setup (ID=1, DEFAULT-NAME=iPad)
PRIVAT: (1)	Player data (ID=0, NAME=Krzem, X=4734, Y=4223, ROT=281)
PUBLIC: (ALL)	Player data (ID=1, NAME=iPad, X=5000, Y=5000, ROT=0)
PUBLIC: (ALL)	Server join notification (ID=1)
PUBLIC: (ALL)	Server leave notification (ID=1)
PUBLIC: (ALL)	Player delete (ID=1)
JOIN: (1)	192.168.178.64 (NAME=iPad, ID=1)
PRIVAT: (1)	Default name & id setup (ID=1, DEFAULT-NAME=iPad)
PRIVAT: (1)	Player data (ID=0, NAME=Krzem, X=4734, Y=4223, ROT=281)
PUBLIC: (ALL)	Player data (ID=1, NAME=iPad, X=5000, Y=5000, ROT=0)
PUBLIC: (ALL)	Server join notification (ID=1)
PUBLIC: (ALL)	Server leave notification (ID=0)
PUBLIC: (ALL)	Player delete (ID=0)
PUBLIC: (ALL)	Server leave notification (ID=1)
PUBLIC: (ALL)	Player delete (ID=1)
