LOG - Sun,28 Apr 2019 14:17:16

GLOBAL => RECIVE: (3)	Player game exit request
GLOBAL => RECIVE: (0)	Player game join request
0 => SMALL-WORLD:	Generating board...
0 => SMALL-WORLD:	Generating island...
0 => SMALL-WORLD:	Generating ground...
0 => SMALL-WORLD:	Generating bridges...
0 => SMALL-WORLD:	Generating paths...
0 => SMALL-WORLD:	Generating trees...
0 => SMALL-WORLD:	Generating loot chests...
0 => SMALL-WORLD:	Generating vector graphics...
0 => SMALL-WORLD:	World generated!
0 => WORLD:	Generating board...
0 => WORLD:	Generating island...
0 => JOIN: (0)	192.168.178.65 (NAME=Krzem,ID=0)
0 => PRIVAT: (0)	Default name & id setup (ID=0,DEFAULT-NAME=Krzem)
0 => PRIVAT: (0)	Player health points change (NEW-HP=20)
0 => PUBLIC: (ALL)	Player data (ID=0,NAME=Krzem,X=500,Y=500,ROT=235,MAIN_HAND=-1)
0 => PUBLIC: (ALL)	Server join notification (ID=0)
0 => WORLD:	Generating ground...
0 => WORLD:	Generating bridges...
0 => WORLD:	Generating paths...
0 => WORLD:	Generating trees...
0 => WORLD:	Generating loot chests...
0 => WORLD:	Generating vector graphics...
0 => WORLD:	World generated!
0 => RECIVE: (0)	Player game exit request
GLOBAL => RECIVE: (0)	Player logout request
GLOBAL => RECIVE: (3)	Player logout request

LOG - Sun,28 Apr 2019 17:19:52

GLOBAL => RECIVE: (0)	Player game exit request
GLOBAL => RECIVE: (1)	Player game exit request
GLOBAL => RECIVE: (1)	Player game join request
0 => SMALL-WORLD:	Generating board...
0 => SMALL-WORLD:	Generating island...
0 => SMALL-WORLD:	Generating ground...
0 => SMALL-WORLD:	Generating bridges...
0 => SMALL-WORLD:	Generating paths...
0 => SMALL-WORLD:	Generating trees...
0 => SMALL-WORLD:	Generating loot chests...
0 => SMALL-WORLD:	Generating vector graphics...
0 => SMALL-WORLD:	World generated!
0 => WORLD:	Generating board...
0 => WORLD:	Generating island...
0 => JOIN: (1)	192.168.178.64 (NAME=iPad,ID=1)
0 => PRIVAT: (1)	Default name & id setup (ID=1,DEFAULT-NAME=iPad)
0 => PRIVAT: (1)	Player health points change (NEW-HP=20)
0 => PUBLIC: (ALL)	Player data (ID=1,NAME=iPad,X=500,Y=500,ROT=167,MAIN_HAND=-1)
0 => PUBLIC: (ALL)	Server join notification (ID=1)
0 => WORLD:	Generating ground...
0 => WORLD:	Generating bridges...
0 => WORLD:	Generating paths...
0 => WORLD:	Generating trees...
GLOBAL => RECIVE: (0)	Player game join request
0 => JOIN: (0)	192.168.178.65 (NAME=Krzem,ID=0)
0 => PRIVAT: (0)	Default name & id setup (ID=0,DEFAULT-NAME=Krzem)
0 => PRIVAT: (0)	Player health points change (NEW-HP=20)
0 => PRIVAT: (0)	Player data (ID=1,NAME=iPad,X=500,Y=500,ROT=167,MAIN_HAND=-1)
0 => PUBLIC: (ALL)	Player data (ID=0,NAME=Krzem,X=500,Y=500,ROT=291,MAIN_HAND=-1)
0 => PUBLIC: (ALL)	Server join notification (ID=0)
0 => WORLD:	Generating loot chests...
0 => WORLD:	Generating vector graphics...
0 => WORLD:	World generated!
GLOBAL => PRIVATE: (192.168.178.65)	IPv4 already connected (IP=192.168.178.65)
GLOBAL => RECIVE: (192.168.178.65)	Player game exit request
GLOBAL => RECIVE: (192.168.178.65)	Player logout request
0 => RECIVE: (1)	Player logout request

LOG - Sun,28 Apr 2019 17:24:27


LOG - Sun,28 Apr 2019 17:25:49

GLOBAL => RECIVE: (0)	Player game join request
0 => SMALL-WORLD:	Generating board...
0 => SMALL-WORLD:	Generating island...
0 => SMALL-WORLD:	Generating ground...
0 => SMALL-WORLD:	Generating bridges...
0 => SMALL-WORLD:	Generating paths...
0 => SMALL-WORLD:	Generating trees...
0 => SMALL-WORLD:	Generating loot chests...
0 => SMALL-WORLD:	Generating vector graphics...
0 => SMALL-WORLD:	World generated!
0 => WORLD:	Generating board...
0 => JOIN: (0)	192.168.178.65 (NAME=Krzem,ID=0)
0 => WORLD:	Generating island...
0 => PRIVAT: (0)	Default name & id setup (ID=0,DEFAULT-NAME=Krzem)
0 => PRIVAT: (0)	Player health points change (NEW-HP=20)
0 => PUBLIC: (ALL)	Player data (ID=0,NAME=Krzem,X=500,Y=500,ROT=100,MAIN_HAND=-1)
0 => PUBLIC: (ALL)	Server join notification (ID=0)
0 => WORLD:	Generating ground...
0 => WORLD:	Generating bridges...
0 => WORLD:	Generating paths...
0 => WORLD:	Generating trees...
0 => WORLD:	Generating loot chests...
0 => WORLD:	Generating vector graphics...
0 => WORLD:	World generated!
GLOBAL => PRIVATE: (192.168.178.65)	IPv4 already connected (IP=192.168.178.65)
GLOBAL => RECIVE: (192.168.178.65)	Player game exit request
GLOBAL => RECIVE: (192.168.178.65)	Player logout request
GLOBAL => PRIVATE: (192.168.178.65)	IPv4 already connected (IP=192.168.178.65)
GLOBAL => RECIVE: (192.168.178.65)	Player game exit request
GLOBAL => RECIVE: (192.168.178.65)	Player logout request

LOG - Sun,28 Apr 2019 17:26:35

GLOBAL => RECIVE: (0)	Player game exit request
GLOBAL => RECIVE: (0)	Player game join request
0 => SMALL-WORLD:	Generating board...
0 => SMALL-WORLD:	Generating island...
0 => SMALL-WORLD:	Generating ground...
0 => SMALL-WORLD:	Generating bridges...
0 => SMALL-WORLD:	Generating paths...
0 => SMALL-WORLD:	Generating trees...
0 => SMALL-WORLD:	Generating loot chests...
0 => SMALL-WORLD:	Generating vector graphics...
0 => SMALL-WORLD:	World generated!
0 => WORLD:	Generating board...
0 => WORLD:	Generating island...
0 => JOIN: (0)	192.168.178.65 (NAME=Krzem,ID=0)
0 => PRIVAT: (0)	Default name & id setup (ID=0,DEFAULT-NAME=Krzem)
0 => PRIVAT: (0)	Player health points change (NEW-HP=20)
0 => PUBLIC: (ALL)	Player data (ID=0,NAME=Krzem,X=500,Y=500,ROT=256,MAIN_HAND=-1)
0 => PUBLIC: (ALL)	Server join notification (ID=0)
0 => WORLD:	Generating ground...
0 => WORLD:	Generating bridges...
0 => WORLD:	Generating paths...
0 => WORLD:	Generating trees...
0 => RECIVE: (0)	Player interact request
0 => WORLD:	Generating loot chests...
0 => WORLD:	Generating vector graphics...
0 => WORLD:	World generated!
0 => RECIVE: (0)	Player game exit request
GLOBAL => RECIVE: (3)	Player game exit request
